IQ-TREE multicore version 1.7-beta16 for Linux 64-bit built Sep 24 2019
Developed by Bui Quang Minh, Nguyen Lam Tung, Olga Chernomor,
Heiko Schmidt, Dominik Schrempf, Michael Woodhams.

Host:    n020.cluster.com (AVX, 125 GB RAM)
Command: iqtree -s /home/erenada/BirdTree/Alignments/AllSites/NoGap/m2/Jarvis_pi_m2_pseudogene_nogap.phylip-relaxed -m GTR+I+R -B 1000 -nt AUTO
Seed:    253258 (Using SPRNG - Scalable Parallel Random Number Generator)
Time:    Thu Jun  4 17:37:34 2020
Kernel:  AVX - auto-detect threads (20 CPU cores detected)

Reading alignment file /home/erenada/BirdTree/Alignments/AllSites/NoGap/m2/Jarvis_pi_m2_pseudogene_nogap.phylip-relaxed ... Phylip format detected
Alignment most likely contains DNA/RNA sequences
Alignment has 48 sequences with 4559 columns, 4461 distinct patterns
4559 parsimony-informative, 0 singleton sites, 0 constant sites
        Gap/Ambiguity  Composition  p-value
   1  AcaChl    4.08%    failed      0.18%
   2  AnaPla    3.58%    passed     97.32%
   3  AntCar    3.09%    passed     58.84%
   4  ApaVit    2.24%    passed     92.10%
   5  AptFor    1.82%    passed     67.50%
   6  BalReg    1.03%    passed     49.18%
   7  BucRhi    1.86%    failed      3.67%
   8  CalAnn    1.16%    passed     43.92%
   9  CarCri    0.79%    passed     87.49%
  10  CatAur    3.53%    passed     33.15%
  11  ChaPel    2.72%    passed     78.51%
  12  ChaVoc    1.34%    passed     78.40%
  13  ChlMac    1.16%    passed     62.68%
  14  ColLiv    2.19%    passed     32.44%
  15  ColStr    2.17%    passed     95.91%
  16  CorBra    1.10%    failed      0.07%
  17  CucCan    2.33%    passed     51.20%
  18  EgrGar    0.90%    passed     93.36%
  19  EurHel    1.56%    passed     15.12%
  20  FalPer    0.92%    passed     92.02%
  21  FulGla    0.83%    passed     30.85%
  22  GalGal    2.54%    passed     86.82%
  23  GavSte    0.79%    passed     36.39%
  24  GeoFor    2.15%    failed      0.00%
  25  HalAlb    2.11%    passed     61.28%
  26  HalLeu    0.57%    passed     55.17%
  27  LepDis    1.12%    passed     87.45%
  28  ManVit    2.72%    passed     26.81%
  29  MelGal    3.27%    passed     89.16%
  30  MelUnd    2.79%    passed     24.00%
  31  MerNub    2.43%    failed      0.50%
  32  MesUni    1.49%    passed     91.51%
  33  NesNot    1.05%    passed     63.82%
  34  NipNip    1.75%    passed     28.32%
  35  OpiHoa    4.06%    passed     40.07%
  36  PelCri    1.03%    passed     20.24%
  37  PhaCar    0.92%    passed     70.70%
  38  PhaLep    0.79%    passed     64.18%
  39  PhoRub    0.99%    passed     82.79%
  40  PicPub    4.08%    failed      0.50%
  41  PodCri    1.21%    passed     78.91%
  42  PteGut    1.56%    passed     98.79%
  43  PygAde    1.91%    passed     38.34%
  44  StrCam    2.52%    passed     20.78%
  45  TaeGut    2.41%    failed      1.21%
  46  TauEry    0.75%    passed     83.91%
  47  TinGut   13.84%    passed     15.86%
  48  TytAlb    0.99%    passed     36.83%
****  TOTAL     2.13%  7 sequences failed composition chi2 test (p-value<5%; df=3)

Create initial parsimony tree by phylogenetic likelihood library (PLL)... 0.018 seconds
Generating 1000 samples for ultrafast bootstrap (seed: 253258)...

NOTE: 44 MB RAM (0 GB) is required!
Measuring multi-threading efficiency up to 20 CPU cores
Increase to 10 rounds for branch lengths
43 trees examined
Threads: 1 / Time: 20.114 sec / Speedup: 1.000 / Efficiency: 100% / LogL: -91613
Threads: 2 / Time: 15.497 sec / Speedup: 1.298 / Efficiency: 65% / LogL: -91613
Threads: 3 / Time: 10.790 sec / Speedup: 1.864 / Efficiency: 62% / LogL: -91613
Threads: 4 / Time: 9.126 sec / Speedup: 2.204 / Efficiency: 55% / LogL: -91613
Threads: 5 / Time: 8.811 sec / Speedup: 2.283 / Efficiency: 46% / LogL: -91613
BEST NUMBER OF THREADS: 4

Estimate model parameters (epsilon = 0.100)
1. Initial log-likelihood: -82289.467
2. Current log-likelihood: -74851.636
3. Current log-likelihood: -74762.158
4. Current log-likelihood: -74750.196
5. Current log-likelihood: -74748.879
6. Current log-likelihood: -74748.745
Optimal log-likelihood: -74748.736
Rate parameters:  A-C: 1.00034  A-G: 6.08836  A-T: 0.63754  C-G: 1.37246  C-T: 6.26528  G-T: 1.00000
Base frequencies:  A: 0.285  C: 0.212  G: 0.227  T: 0.277
Proportion of invariable sites: 0.000
Site proportion and rates:  (0.095,0.847) (0.382,0.847) (0.466,0.852) (0.057,3.496)
Parameters optimization took 6 rounds (2.775 sec)
Computing ML distances based on estimated model parameters... 0.106 sec
Computing BIONJ tree...
0.031 seconds
Log-likelihood of BIONJ tree: -74697.244
--------------------------------------------------------------------
|             INITIALIZING CANDIDATE TREE SET                      |
--------------------------------------------------------------------
Generating 98 parsimony trees... 1.799 second
Computing log-likelihood of 98 initial trees ... 2.910 seconds
Current best score: -74681.072

Do NNI search on 20 best initial trees
Estimate model parameters (epsilon = 0.100)
BETTER TREE FOUND at iteration 1: -74629.480
Estimate model parameters (epsilon = 0.100)
BETTER TREE FOUND at iteration 2: -74627.227
Estimate model parameters (epsilon = 0.100)
BETTER TREE FOUND at iteration 4: -74616.752
Iteration 10 / LogL: -74638.696 / Time: 0h:1m:18s
Iteration 20 / LogL: -74620.061 / Time: 0h:1m:25s
Finish initializing candidate tree set (20)
Current best tree score: -74616.752 / CPU time: 17.666
Number of iterations: 20
--------------------------------------------------------------------
|               OPTIMIZING CANDIDATE TREE SET                      |
--------------------------------------------------------------------
Estimate model parameters (epsilon = 0.100)
BETTER TREE FOUND at iteration 28: -74616.559
Iteration 30 / LogL: -74738.005 / Time: 0h:1m:30s (0h:5m:5s left)
Estimate model parameters (epsilon = 0.100)
BETTER TREE FOUND at iteration 39: -74615.991
Iteration 40 / LogL: -74616.612 / Time: 0h:1m:35s (0h:4m:2s left)
Iteration 50 / LogL: -74616.928 / Time: 0h:1m:40s (0h:3m:1s left)
Log-likelihood cutoff on original alignment: -74693.524
Iteration 60 / LogL: -74616.756 / Time: 0h:1m:45s (0h:2m:21s left)
Iteration 70 / LogL: -74615.991 / Time: 0h:1m:51s (0h:1m:50s left)
Iteration 80 / LogL: -74616.000 / Time: 0h:1m:55s (0h:1m:26s left)
Iteration 90 / LogL: -74616.594 / Time: 0h:2m:0s (0h:1m:6s left)
Iteration 100 / LogL: -74615.999 / Time: 0h:2m:5s (0h:0m:49s left)
Log-likelihood cutoff on original alignment: -74693.524
NOTE: Bootstrap correlation coefficient of split occurrence frequencies: 0.997
Iteration 110 / LogL: -74616.000 / Time: 0h:2m:11s (0h:1m:48s left)
UPDATE BEST LOG-LIKELIHOOD: -74615.990
Iteration 120 / LogL: -74616.757 / Time: 0h:2m:16s (0h:1m:31s left)
Iteration 130 / LogL: -74616.507 / Time: 0h:2m:20s (0h:1m:16s left)
Iteration 140 / LogL: -74616.533 / Time: 0h:2m:26s (0h:1m:3s left)
TREE SEARCH COMPLETED AFTER 140 ITERATIONS / Time: 0h:2m:26s

--------------------------------------------------------------------
|                    FINALIZING TREE SEARCH                        |
--------------------------------------------------------------------
Performs final model parameters optimization
Estimate model parameters (epsilon = 0.010)
1. Initial log-likelihood: -74615.990
Optimal log-likelihood: -74615.988
Rate parameters:  A-C: 1.00628  A-G: 6.09218  A-T: 0.63371  C-G: 1.36910  C-T: 6.26626  G-T: 1.00000
Base frequencies:  A: 0.285  C: 0.212  G: 0.227  T: 0.277
Proportion of invariable sites: 0.000
Site proportion and rates:  (0.384,0.854) (0.095,0.854) (0.469,0.855) (0.052,3.663)
Parameters optimization took 1 rounds (0.168 sec)
BEST SCORE FOUND : -74615.988
Creating bootstrap support values...
Split supports printed to NEXUS file /home/erenada/BirdTree/Alignments/AllSites/NoGap/m2/Jarvis_pi_m2_pseudogene_nogap.phylip-relaxed.splits.nex
Total tree length: 3.900

Total number of iterations: 140
CPU time used for tree search: 307.163 sec (0h:5m:7s)
Wall-clock time used for tree search: 79.256 sec (0h:1m:19s)
Total CPU time used: 483.189 sec (0h:8m:3s)
Total wall-clock time used: 147.091 sec (0h:2m:27s)

Computing bootstrap consensus tree...
Reading input file /home/erenada/BirdTree/Alignments/AllSites/NoGap/m2/Jarvis_pi_m2_pseudogene_nogap.phylip-relaxed.splits.nex...
48 taxa and 497 splits.
Consensus tree written to /home/erenada/BirdTree/Alignments/AllSites/NoGap/m2/Jarvis_pi_m2_pseudogene_nogap.phylip-relaxed.contree
Reading input trees file /home/erenada/BirdTree/Alignments/AllSites/NoGap/m2/Jarvis_pi_m2_pseudogene_nogap.phylip-relaxed.contree
Log-likelihood of consensus tree: -74617.629

Analysis results written to: 
  IQ-TREE report:                /home/erenada/BirdTree/Alignments/AllSites/NoGap/m2/Jarvis_pi_m2_pseudogene_nogap.phylip-relaxed.iqtree
  Maximum-likelihood tree:       /home/erenada/BirdTree/Alignments/AllSites/NoGap/m2/Jarvis_pi_m2_pseudogene_nogap.phylip-relaxed.treefile
  Likelihood distances:          /home/erenada/BirdTree/Alignments/AllSites/NoGap/m2/Jarvis_pi_m2_pseudogene_nogap.phylip-relaxed.mldist

Ultrafast bootstrap approximation results written to:
  Split support values:          /home/erenada/BirdTree/Alignments/AllSites/NoGap/m2/Jarvis_pi_m2_pseudogene_nogap.phylip-relaxed.splits.nex
  Consensus tree:                /home/erenada/BirdTree/Alignments/AllSites/NoGap/m2/Jarvis_pi_m2_pseudogene_nogap.phylip-relaxed.contree
  Screen log file:               /home/erenada/BirdTree/Alignments/AllSites/NoGap/m2/Jarvis_pi_m2_pseudogene_nogap.phylip-relaxed.log

Date and Time: Thu Jun  4 17:40:01 2020
