IQ-TREE multicore version 1.7-beta16 for Linux 64-bit built Sep 24 2019
Developed by Bui Quang Minh, Nguyen Lam Tung, Olga Chernomor,
Heiko Schmidt, Dominik Schrempf, Michael Woodhams.

Host:    n023.cluster.com (AVX, 125 GB RAM)
Command: iqtree -s /home/erenada/BirdTree/Alignments/AllSites/NoGap/m4/Jarvis_pi_m4_intergenic_nogap.phylip-relaxed -m GTR+I+R -B 1000 -nt AUTO
Seed:    695911 (Using SPRNG - Scalable Parallel Random Number Generator)
Time:    Thu Jun  4 02:22:27 2020
Kernel:  AVX - auto-detect threads (20 CPU cores detected)

Reading alignment file /home/erenada/BirdTree/Alignments/AllSites/NoGap/m4/Jarvis_pi_m4_intergenic_nogap.phylip-relaxed ... Phylip format detected
Alignment most likely contains DNA/RNA sequences
Alignment has 48 sequences with 944291 columns, 798153 distinct patterns
944291 parsimony-informative, 0 singleton sites, 0 constant sites
        Gap/Ambiguity  Composition  p-value
   1  AcaChl    3.52%    failed      0.00%
   2  AnaPla    4.92%    failed      0.01%
   3  AntCar    4.18%    failed      0.00%
   4  ApaVit    3.09%    passed     82.48%
   5  AptFor    2.29%    failed      0.00%
   6  BalReg    1.76%    failed      0.00%
   7  BucRhi    3.53%    failed      0.00%
   8  CalAnn    4.98%    failed      0.00%
   9  CarCri    2.13%    failed      0.00%
  10  CatAur    5.85%    failed      0.00%
  11  ChaPel    3.74%    failed      0.00%
  12  ChaVoc    1.67%    failed      3.93%
  13  ChlMac    2.12%    failed      0.00%
  14  ColLiv    3.07%    passed     53.81%
  15  ColStr    4.38%    failed      0.00%
  16  CorBra    2.97%    failed      0.00%
  17  CucCan    3.52%    failed      0.00%
  18  EgrGar    1.63%    failed      0.00%
  19  EurHel    2.67%    failed      0.00%
  20  FalPer    2.53%    failed      0.00%
  21  FulGla    1.49%    failed      0.00%
  22  GalGal    4.06%    failed      0.00%
  23  GavSte    1.88%    failed      0.01%
  24  GeoFor    4.57%    failed      0.00%
  25  HalAlb    2.31%    failed      1.83%
  26  HalLeu    0.84%    failed      0.02%
  27  LepDis    1.85%    failed      0.00%
  28  ManVit    3.14%    failed      0.06%
  29  MelGal    5.16%    failed      0.00%
  30  MelUnd    3.85%    failed      1.16%
  31  MerNub    3.62%    failed      0.00%
  32  MesUni    2.80%    failed      0.38%
  33  NesNot    2.70%    passed     41.20%
  34  NipNip    1.93%    failed      0.00%
  35  OpiHoa    1.83%    failed      0.00%
  36  PelCri    1.48%    failed      0.00%
  37  PhaCar    2.48%    failed      0.00%
  38  PhaLep    1.68%    passed     90.55%
  39  PhoRub    1.62%    failed      0.00%
  40  PicPub   10.49%    failed      0.00%
  41  PodCri    2.09%    failed      0.00%
  42  PteGut    2.45%    passed     77.56%
  43  PygAde    2.50%    failed      0.00%
  44  StrCam    5.49%    failed      0.00%
  45  TaeGut    5.57%    failed      0.00%
  46  TauEry    1.58%    failed      0.00%
  47  TinGut   18.90%    passed     23.46%
  48  TytAlb    2.65%    failed      0.00%
****  TOTAL     3.45%  42 sequences failed composition chi2 test (p-value<5%; df=3)
NOTE: minimal branch length is reduced to 0.000000105900 for long alignment

Create initial parsimony tree by phylogenetic likelihood library (PLL)... 4.979 seconds
Generating 1000 samples for ultrafast bootstrap (seed: 695911)...

NOTE: 8013 MB RAM (7 GB) is required!
Measuring multi-threading efficiency up to 20 CPU cores
2 trees examined
Threads: 1 / Time: 44.652 sec / Speedup: 1.000 / Efficiency: 100% / LogL: -18031197
Threads: 2 / Time: 24.878 sec / Speedup: 1.795 / Efficiency: 90% / LogL: -18031197
Threads: 3 / Time: 18.717 sec / Speedup: 2.386 / Efficiency: 80% / LogL: -18031197
Threads: 4 / Time: 14.915 sec / Speedup: 2.994 / Efficiency: 75% / LogL: -18031197
Threads: 5 / Time: 12.953 sec / Speedup: 3.447 / Efficiency: 69% / LogL: -18031197
Threads: 6 / Time: 10.439 sec / Speedup: 4.277 / Efficiency: 71% / LogL: -18031197
Threads: 7 / Time: 10.168 sec / Speedup: 4.391 / Efficiency: 63% / LogL: -18031197
Threads: 8 / Time: 8.303 sec / Speedup: 5.378 / Efficiency: 67% / LogL: -18031197
Threads: 9 / Time: 8.895 sec / Speedup: 5.020 / Efficiency: 56% / LogL: -18031197
Threads: 10 / Time: 7.768 sec / Speedup: 5.748 / Efficiency: 57% / LogL: -18031197
Threads: 11 / Time: 7.142 sec / Speedup: 6.252 / Efficiency: 57% / LogL: -18031197
Threads: 12 / Time: 7.418 sec / Speedup: 6.019 / Efficiency: 50% / LogL: -18031197
Threads: 13 / Time: 6.484 sec / Speedup: 6.887 / Efficiency: 53% / LogL: -18031197
Threads: 14 / Time: 6.401 sec / Speedup: 6.976 / Efficiency: 50% / LogL: -18031197
BEST NUMBER OF THREADS: 13

Estimate model parameters (epsilon = 0.100)
1. Initial log-likelihood: -16171734.201
2. Current log-likelihood: -14804167.728
3. Current log-likelihood: -14781019.370
4. Current log-likelihood: -14772814.692
5. Current log-likelihood: -14771988.172
6. Current log-likelihood: -14771949.835
7. Current log-likelihood: -14771948.273
8. Current log-likelihood: -14771948.158
9. Current log-likelihood: -14771947.986
10. Current log-likelihood: -14771947.838
11. Current log-likelihood: -14771947.732
12. Current log-likelihood: -14771947.610
Optimal log-likelihood: -14771947.515
Rate parameters:  A-C: 0.99421  A-G: 5.18425  A-T: 0.64080  C-G: 1.15508  C-T: 5.13790  G-T: 1.00000
Base frequencies:  A: 0.272  C: 0.225  G: 0.226  T: 0.277
Proportion of invariable sites: 0.000
Site proportion and rates:  (0.089,0.907) (0.378,0.907) (0.503,0.908) (0.031,3.934)
Parameters optimization took 12 rounds (540.751 sec)
Computing ML distances based on estimated model parameters... 45.427 sec
Computing BIONJ tree...
0.030 seconds
Log-likelihood of BIONJ tree: -14773800.025
--------------------------------------------------------------------
|             INITIALIZING CANDIDATE TREE SET                      |
--------------------------------------------------------------------
Generating 98 parsimony trees... 574.888 second
Computing log-likelihood of 98 initial trees ... 350.285 seconds
Current best score: -14767579.748

Do NNI search on 20 best initial trees
Estimate model parameters (epsilon = 0.100)
BETTER TREE FOUND at iteration 1: -14762254.863
Estimate model parameters (epsilon = 0.100)
BETTER TREE FOUND at iteration 2: -14762198.405
Estimate model parameters (epsilon = 0.100)
BETTER TREE FOUND at iteration 4: -14761924.505
Iteration 10 / LogL: -14762282.493 / Time: 0h:43m:26s
Estimate model parameters (epsilon = 0.100)
BETTER TREE FOUND at iteration 14: -14761910.180
Iteration 20 / LogL: -14762998.305 / Time: 0h:57m:25s
Finish initializing candidate tree set (16)
Current best tree score: -14761910.180 / CPU time: 2674.600
Number of iterations: 20
--------------------------------------------------------------------
|               OPTIMIZING CANDIDATE TREE SET                      |
--------------------------------------------------------------------
Estimate model parameters (epsilon = 0.100)
BETTER TREE FOUND at iteration 21: -14761868.008
Iteration 30 / LogL: -14761868.014 / Time: 1h:8m:23s (3h:34m:16s left)
Iteration 40 / LogL: -14761926.412 / Time: 1h:17m:39s (2h:41m:4s left)
Iteration 50 / LogL: -14761868.447 / Time: 1h:27m:30s (2h:6m:38s left)
Log-likelihood cutoff on original alignment: -14762216.816
Iteration 60 / LogL: -14761868.011 / Time: 1h:37m:58s (1h:41m:10s left)
Iteration 70 / LogL: -14761868.209 / Time: 1h:47m:38s (1h:19m:29s left)
Iteration 80 / LogL: -14762132.907 / Time: 1h:57m:4s (1h:0m:42s left)
Iteration 90 / LogL: -14761868.251 / Time: 2h:7m:31s (0h:44m:23s left)
Iteration 100 / LogL: -14761871.499 / Time: 2h:18m:9s (0h:29m:17s left)
Log-likelihood cutoff on original alignment: -14762216.816
NOTE: Bootstrap correlation coefficient of split occurrence frequencies: 0.995
Iteration 110 / LogL: -14761879.114 / Time: 2h:28m:46s (2h:2m:44s left)
Iteration 120 / LogL: -14761925.462 / Time: 2h:38m:35s (1h:46m:32s left)
TREE SEARCH COMPLETED AFTER 122 ITERATIONS / Time: 2h:40m:28s

--------------------------------------------------------------------
|                    FINALIZING TREE SEARCH                        |
--------------------------------------------------------------------
Performs final model parameters optimization
Estimate model parameters (epsilon = 0.010)
1. Initial log-likelihood: -14761868.008
2. Current log-likelihood: -14761867.994
3. Current log-likelihood: -14761867.980
Optimal log-likelihood: -14761867.974
Rate parameters:  A-C: 0.99721  A-G: 5.20156  A-T: 0.64282  C-G: 1.15841  C-T: 5.15628  G-T: 1.00000
Base frequencies:  A: 0.272  C: 0.225  G: 0.226  T: 0.277
Proportion of invariable sites: 0.000
Site proportion and rates:  (0.089,0.907) (0.378,0.907) (0.503,0.908) (0.030,3.940)
Parameters optimization took 3 rounds (55.952 sec)
BEST SCORE FOUND : -14761867.974
Creating bootstrap support values...
Split supports printed to NEXUS file /home/erenada/BirdTree/Alignments/AllSites/NoGap/m4/Jarvis_pi_m4_intergenic_nogap.phylip-relaxed.splits.nex
Total tree length: 3.573

Total number of iterations: 122
CPU time used for tree search: 99498.605 sec (27h:38m:18s)
Wall-clock time used for tree search: 8858.220 sec (2h:27m:38s)
Total CPU time used: 106433.687 sec (29h:33m:53s)
Total wall-clock time used: 9685.546 sec (2h:41m:25s)

Computing bootstrap consensus tree...
Reading input file /home/erenada/BirdTree/Alignments/AllSites/NoGap/m4/Jarvis_pi_m4_intergenic_nogap.phylip-relaxed.splits.nex...
48 taxa and 136 splits.
Consensus tree written to /home/erenada/BirdTree/Alignments/AllSites/NoGap/m4/Jarvis_pi_m4_intergenic_nogap.phylip-relaxed.contree
Reading input trees file /home/erenada/BirdTree/Alignments/AllSites/NoGap/m4/Jarvis_pi_m4_intergenic_nogap.phylip-relaxed.contree
Log-likelihood of consensus tree: -14761867.974

Analysis results written to: 
  IQ-TREE report:                /home/erenada/BirdTree/Alignments/AllSites/NoGap/m4/Jarvis_pi_m4_intergenic_nogap.phylip-relaxed.iqtree
  Maximum-likelihood tree:       /home/erenada/BirdTree/Alignments/AllSites/NoGap/m4/Jarvis_pi_m4_intergenic_nogap.phylip-relaxed.treefile
  Likelihood distances:          /home/erenada/BirdTree/Alignments/AllSites/NoGap/m4/Jarvis_pi_m4_intergenic_nogap.phylip-relaxed.mldist

Ultrafast bootstrap approximation results written to:
  Split support values:          /home/erenada/BirdTree/Alignments/AllSites/NoGap/m4/Jarvis_pi_m4_intergenic_nogap.phylip-relaxed.splits.nex
  Consensus tree:                /home/erenada/BirdTree/Alignments/AllSites/NoGap/m4/Jarvis_pi_m4_intergenic_nogap.phylip-relaxed.contree
  Screen log file:               /home/erenada/BirdTree/Alignments/AllSites/NoGap/m4/Jarvis_pi_m4_intergenic_nogap.phylip-relaxed.log

Date and Time: Thu Jun  4 05:04:19 2020
