IQ-TREE multicore version 1.7-beta16 for Linux 64-bit built Sep 24 2019
Developed by Bui Quang Minh, Nguyen Lam Tung, Olga Chernomor,
Heiko Schmidt, Dominik Schrempf, Michael Woodhams.

Host:    n018.cluster.com (AVX, 125 GB RAM)
Command: iqtree -s /home/erenada/BirdTree/Alignments/AllSites/NoGap/m2/Jarvis_pi_m2_AllSISRS_nogap.phylip-relaxed -m GTR+I+R -B 1000 -nt AUTO
Seed:    532097 (Using SPRNG - Scalable Parallel Random Number Generator)
Time:    Thu Jun  4 01:33:54 2020
Kernel:  AVX - auto-detect threads (20 CPU cores detected)

Reading alignment file /home/erenada/BirdTree/Alignments/AllSites/NoGap/m2/Jarvis_pi_m2_AllSISRS_nogap.phylip-relaxed ... Phylip format detected
Alignment most likely contains DNA/RNA sequences
Alignment has 48 sequences with 1884432 columns, 1423640 distinct patterns
1883610 parsimony-informative, 822 singleton sites, 0 constant sites
        Gap/Ambiguity  Composition  p-value
   1  AcaChl    2.02%    failed      0.00%
   2  AnaPla    3.03%    failed      0.81%
   3  AntCar    2.90%    failed      0.00%
   4  ApaVit    1.85%    failed      0.00%
   5  AptFor    1.33%    failed      0.00%
   6  BalReg    1.15%    failed      0.00%
   7  BucRhi    2.09%    failed      0.00%
   8  CalAnn    2.57%    failed      0.00%
   9  CarCri    1.28%    failed      0.00%
  10  CatAur    3.81%    failed      0.00%
  11  ChaPel    2.06%    failed      0.00%
  12  ChaVoc    1.20%    failed      0.00%
  13  ChlMac    1.24%    passed      5.63%
  14  ColLiv    1.95%    failed      0.00%
  15  ColStr    2.36%    failed      0.00%
  16  CorBra    1.30%    failed      0.00%
  17  CucCan    2.13%    failed      0.00%
  18  EgrGar    1.08%    passed      7.66%
  19  EurHel    1.75%    failed      0.00%
  20  FalPer    1.52%    failed      0.00%
  21  FulGla    0.97%    failed      0.00%
  22  GalGal    4.44%    failed      0.00%
  23  GavSte    1.21%    failed      0.00%
  24  GeoFor    2.05%    failed      0.00%
  25  HalAlb    1.40%    failed      0.00%
  26  HalLeu    0.53%    failed      0.00%
  27  LepDis    1.23%    failed      0.00%
  28  ManVit    1.81%    failed      0.00%
  29  MelGal    3.87%    failed      0.00%
  30  MelUnd    2.30%    failed      1.09%
  31  MerNub    2.22%    failed      0.00%
  32  MesUni    1.74%    failed      0.00%
  33  NesNot    1.64%    passed     91.48%
  34  NipNip    1.36%    failed      0.00%
  35  OpiHoa    1.36%    failed      0.00%
  36  PelCri    0.95%    failed      0.00%
  37  PhaCar    1.44%    failed      0.00%
  38  PhaLep    1.01%    failed      0.00%
  39  PhoRub    1.01%    passed     49.67%
  40  PicPub    5.87%    failed      0.00%
  41  PodCri    1.29%    failed      0.00%
  42  PteGut    1.40%    passed      6.82%
  43  PygAde    1.68%    failed      0.00%
  44  StrCam    2.77%    failed      0.00%
  45  TaeGut    2.78%    failed      0.00%
  46  TauEry    0.98%    failed      0.00%
  47  TinGut   13.59%    failed      0.00%
  48  TytAlb    1.47%    failed      0.00%
****  TOTAL     2.14%  43 sequences failed composition chi2 test (p-value<5%; df=3)
NOTE: minimal branch length is reduced to 0.000000053066 for long alignment

Create initial parsimony tree by phylogenetic likelihood library (PLL)... 11.626 seconds
Generating 1000 samples for ultrafast bootstrap (seed: 532097)...

NOTE: 14293 MB RAM (13 GB) is required!
Measuring multi-threading efficiency up to 20 CPU cores
2 trees examined
Threads: 1 / Time: 70.959 sec / Speedup: 1.000 / Efficiency: 100% / LogL: -35968169
Threads: 2 / Time: 49.280 sec / Speedup: 1.440 / Efficiency: 72% / LogL: -35968169
Threads: 3 / Time: 34.811 sec / Speedup: 2.038 / Efficiency: 68% / LogL: -35968169
Threads: 4 / Time: 27.365 sec / Speedup: 2.593 / Efficiency: 65% / LogL: -35968169
Threads: 5 / Time: 23.758 sec / Speedup: 2.987 / Efficiency: 60% / LogL: -35968169
Threads: 6 / Time: 21.896 sec / Speedup: 3.241 / Efficiency: 54% / LogL: -35968169
Threads: 7 / Time: 19.477 sec / Speedup: 3.643 / Efficiency: 52% / LogL: -35968169
Threads: 8 / Time: 18.453 sec / Speedup: 3.845 / Efficiency: 48% / LogL: -35968169
BEST NUMBER OF THREADS: 7

Estimate model parameters (epsilon = 0.100)
1. Initial log-likelihood: -32310494.864
2. Current log-likelihood: -29527781.111
3. Current log-likelihood: -29483189.675
4. Current log-likelihood: -29469387.304
5. Current log-likelihood: -29467818.191
6. Current log-likelihood: -29467724.291
7. Current log-likelihood: -29467719.256
8. Current log-likelihood: -29467718.710
Optimal log-likelihood: -29467718.677
Rate parameters:  A-C: 0.99225  A-G: 5.32603  A-T: 0.59091  C-G: 1.24845  C-T: 5.31303  G-T: 1.00000
Base frequencies:  A: 0.280  C: 0.220  G: 0.219  T: 0.281
Proportion of invariable sites: 0.000
Site proportion and rates:  (0.091,0.899) (0.379,0.899) (0.496,0.900) (0.034,3.827)
Parameters optimization took 8 rounds (1244.211 sec)
Computing ML distances based on estimated model parameters... 82.378 sec
Computing BIONJ tree...
0.030 seconds
Log-likelihood of BIONJ tree: -29454034.294
--------------------------------------------------------------------
|             INITIALIZING CANDIDATE TREE SET                      |
--------------------------------------------------------------------
Generating 98 parsimony trees... 1140.925 second
Computing log-likelihood of 98 initial trees ... 873.761 seconds
Current best score: -29454034.294

Do NNI search on 20 best initial trees
Estimate model parameters (epsilon = 0.100)
BETTER TREE FOUND at iteration 1: -29449814.596
Estimate model parameters (epsilon = 0.100)
BETTER TREE FOUND at iteration 7: -29449812.513
Iteration 10 / LogL: -29450104.668 / Time: 1h:40m:13s
Iteration 20 / LogL: -29451133.868 / Time: 2h:14m:11s
Finish initializing candidate tree set (16)
Current best tree score: -29449812.513 / CPU time: 6446.283
Number of iterations: 20
--------------------------------------------------------------------
|               OPTIMIZING CANDIDATE TREE SET                      |
--------------------------------------------------------------------
Iteration 30 / LogL: -29449826.871 / Time: 2h:39m:48s (7h:3m:41s left)
Iteration 40 / LogL: -29449815.979 / Time: 3h:3m:16s (5h:14m:27s left)
Iteration 50 / LogL: -29450599.551 / Time: 3h:28m:0s (4h:1m:41s left)
Log-likelihood cutoff on original alignment: -29450004.656
Iteration 60 / LogL: -29449812.533 / Time: 3h:55m:10s (3h:7m:9s left)
Iteration 70 / LogL: -29449815.229 / Time: 4h:21m:33s (2h:20m:7s left)
Iteration 80 / LogL: -29450031.192 / Time: 4h:48m:14s (1h:38m:25s left)
Iteration 90 / LogL: -29449833.093 / Time: 5h:15m:11s (1h:0m:9s left)
Iteration 100 / LogL: -29449815.506 / Time: 5h:39m:4s (0h:23m:57s left)
Log-likelihood cutoff on original alignment: -29449981.758
NOTE: Bootstrap correlation coefficient of split occurrence frequencies: 0.998
TREE SEARCH COMPLETED AFTER 108 ITERATIONS / Time: 6h:0m:24s

--------------------------------------------------------------------
|                    FINALIZING TREE SEARCH                        |
--------------------------------------------------------------------
Performs final model parameters optimization
Estimate model parameters (epsilon = 0.010)
1. Initial log-likelihood: -29449812.513
2. Current log-likelihood: -29449812.497
Optimal log-likelihood: -29449812.489
Rate parameters:  A-C: 0.99177  A-G: 5.32681  A-T: 0.59038  C-G: 1.24780  C-T: 5.31336  G-T: 1.00000
Base frequencies:  A: 0.280  C: 0.220  G: 0.219  T: 0.281
Proportion of invariable sites: 0.000
Site proportion and rates:  (0.091,0.899) (0.379,0.899) (0.496,0.900) (0.034,3.827)
Parameters optimization took 2 rounds (115.244 sec)
BEST SCORE FOUND : -29449812.489
Creating bootstrap support values...
Split supports printed to NEXUS file /home/erenada/BirdTree/Alignments/AllSites/NoGap/m2/Jarvis_pi_m2_AllSISRS_nogap.phylip-relaxed.splits.nex
Total tree length: 3.530

Total number of iterations: 108
CPU time used for tree search: 116036.832 sec (32h:13m:56s)
Wall-clock time used for tree search: 20018.555 sec (5h:33m:38s)
Total CPU time used: 124608.610 sec (34h:36m:48s)
Total wall-clock time used: 21740.854 sec (6h:2m:20s)

Computing bootstrap consensus tree...
Reading input file /home/erenada/BirdTree/Alignments/AllSites/NoGap/m2/Jarvis_pi_m2_AllSISRS_nogap.phylip-relaxed.splits.nex...
48 taxa and 118 splits.
Consensus tree written to /home/erenada/BirdTree/Alignments/AllSites/NoGap/m2/Jarvis_pi_m2_AllSISRS_nogap.phylip-relaxed.contree
Reading input trees file /home/erenada/BirdTree/Alignments/AllSites/NoGap/m2/Jarvis_pi_m2_AllSISRS_nogap.phylip-relaxed.contree
Log-likelihood of consensus tree: -29449923.307

Analysis results written to: 
  IQ-TREE report:                /home/erenada/BirdTree/Alignments/AllSites/NoGap/m2/Jarvis_pi_m2_AllSISRS_nogap.phylip-relaxed.iqtree
  Maximum-likelihood tree:       /home/erenada/BirdTree/Alignments/AllSites/NoGap/m2/Jarvis_pi_m2_AllSISRS_nogap.phylip-relaxed.treefile
  Likelihood distances:          /home/erenada/BirdTree/Alignments/AllSites/NoGap/m2/Jarvis_pi_m2_AllSISRS_nogap.phylip-relaxed.mldist

Ultrafast bootstrap approximation results written to:
  Split support values:          /home/erenada/BirdTree/Alignments/AllSites/NoGap/m2/Jarvis_pi_m2_AllSISRS_nogap.phylip-relaxed.splits.nex
  Consensus tree:                /home/erenada/BirdTree/Alignments/AllSites/NoGap/m2/Jarvis_pi_m2_AllSISRS_nogap.phylip-relaxed.contree
  Screen log file:               /home/erenada/BirdTree/Alignments/AllSites/NoGap/m2/Jarvis_pi_m2_AllSISRS_nogap.phylip-relaxed.log

Date and Time: Thu Jun  4 07:37:19 2020
