IQ-TREE multicore version 1.7-beta16 for Linux 64-bit built Sep 24 2019
Developed by Bui Quang Minh, Nguyen Lam Tung, Olga Chernomor,
Heiko Schmidt, Dominik Schrempf, Michael Woodhams.

Host:    n025.cluster.com (AVX, 125 GB RAM)
Command: iqtree -s /home/erenada/BirdTree/Alignments/AllSites/NoGap/m4/Jarvis_pi_m4_intron_nogap.phylip-relaxed -m GTR+I+R -B 1000 -nt AUTO
Seed:    910716 (Using SPRNG - Scalable Parallel Random Number Generator)
Time:    Thu Jun  4 02:17:04 2020
Kernel:  AVX - auto-detect threads (20 CPU cores detected)

Reading alignment file /home/erenada/BirdTree/Alignments/AllSites/NoGap/m4/Jarvis_pi_m4_intron_nogap.phylip-relaxed ... Phylip format detected
Alignment most likely contains DNA/RNA sequences
Alignment has 48 sequences with 737759 columns, 634595 distinct patterns
737759 parsimony-informative, 0 singleton sites, 0 constant sites
        Gap/Ambiguity  Composition  p-value
   1  AcaChl    3.87%    failed      0.00%
   2  AnaPla    4.95%    passed     73.36%
   3  AntCar    4.08%    failed      0.00%
   4  ApaVit    3.32%    failed      0.00%
   5  AptFor    2.31%    failed      0.00%
   6  BalReg    1.78%    failed      0.00%
   7  BucRhi    3.86%    failed      0.00%
   8  CalAnn    4.70%    failed      0.00%
   9  CarCri    2.25%    failed      0.00%
  10  CatAur    5.34%    failed      0.00%
  11  ChaPel    3.46%    failed      0.00%
  12  ChaVoc    1.73%    passed      9.64%
  13  ChlMac    2.23%    failed      1.93%
  14  ColLiv    3.25%    failed      0.00%
  15  ColStr    4.21%    failed      0.00%
  16  CorBra    3.06%    failed      0.00%
  17  CucCan    3.45%    failed      0.00%
  18  EgrGar    1.66%    passed     45.28%
  19  EurHel    2.86%    failed      0.00%
  20  FalPer    2.73%    failed      0.00%
  21  FulGla    1.50%    failed      0.00%
  22  GalGal    4.23%    failed      0.00%
  23  GavSte    1.91%    failed      0.00%
  24  GeoFor    4.70%    failed      0.00%
  25  HalAlb    2.33%    failed      0.00%
  26  HalLeu    0.90%    failed      0.00%
  27  LepDis    1.93%    failed      0.00%
  28  ManVit    3.26%    failed      0.00%
  29  MelGal    5.44%    failed      0.00%
  30  MelUnd    3.78%    passed     15.12%
  31  MerNub    3.75%    failed      0.00%
  32  MesUni    3.06%    failed      0.00%
  33  NesNot    2.71%    passed     45.33%
  34  NipNip    1.84%    failed      0.00%
  35  OpiHoa    1.93%    failed      0.00%
  36  PelCri    1.49%    failed      0.00%
  37  PhaCar    2.57%    failed      0.00%
  38  PhaLep    1.64%    failed      0.00%
  39  PhoRub    1.52%    passed     46.38%
  40  PicPub    9.37%    failed      0.00%
  41  PodCri    2.18%    failed      0.00%
  42  PteGut    2.39%    passed     51.38%
  43  PygAde    2.38%    failed      0.00%
  44  StrCam    6.59%    failed      0.00%
  45  TaeGut    5.47%    failed      0.00%
  46  TauEry    1.70%    failed      0.00%
  47  TinGut   22.30%    failed      0.00%
  48  TytAlb    2.59%    failed      0.00%
****  TOTAL     3.55%  41 sequences failed composition chi2 test (p-value<5%; df=3)
NOTE: minimal branch length is reduced to 0.000000135546 for long alignment

Create initial parsimony tree by phylogenetic likelihood library (PLL)... 3.278 seconds
Generating 1000 samples for ultrafast bootstrap (seed: 910716)...

NOTE: 6371 MB RAM (6 GB) is required!
Measuring multi-threading efficiency up to 20 CPU cores
2 trees examined
Threads: 1 / Time: 29.036 sec / Speedup: 1.000 / Efficiency: 100% / LogL: -14215296
Threads: 2 / Time: 18.411 sec / Speedup: 1.577 / Efficiency: 79% / LogL: -14215296
Threads: 3 / Time: 13.522 sec / Speedup: 2.147 / Efficiency: 72% / LogL: -14215296
Threads: 4 / Time: 11.035 sec / Speedup: 2.631 / Efficiency: 66% / LogL: -14215296
Threads: 5 / Time: 9.828 sec / Speedup: 2.954 / Efficiency: 59% / LogL: -14215296
Threads: 6 / Time: 8.446 sec / Speedup: 3.438 / Efficiency: 57% / LogL: -14215296
Threads: 7 / Time: 7.533 sec / Speedup: 3.855 / Efficiency: 55% / LogL: -14215296
Threads: 8 / Time: 6.724 sec / Speedup: 4.318 / Efficiency: 54% / LogL: -14215296
Threads: 9 / Time: 6.263 sec / Speedup: 4.636 / Efficiency: 52% / LogL: -14215296
Threads: 10 / Time: 5.849 sec / Speedup: 4.964 / Efficiency: 50% / LogL: -14215296
BEST NUMBER OF THREADS: 9

Estimate model parameters (epsilon = 0.100)
1. Initial log-likelihood: -12760519.620
2. Current log-likelihood: -11681978.877
3. Current log-likelihood: -11665699.322
4. Current log-likelihood: -11661032.712
5. Current log-likelihood: -11660435.579
6. Current log-likelihood: -11660392.647
7. Current log-likelihood: -11660389.739
8. Current log-likelihood: -11660389.450
Optimal log-likelihood: -11660389.429
Rate parameters:  A-C: 1.00120  A-G: 5.07394  A-T: 0.56079  C-G: 1.28122  C-T: 5.04241  G-T: 1.00000
Base frequencies:  A: 0.282  C: 0.217  G: 0.217  T: 0.284
Proportion of invariable sites: 0.000
Site proportion and rates:  (0.378,0.893) (0.090,0.893) (0.493,0.894) (0.039,3.649)
Parameters optimization took 8 rounds (450.777 sec)
Computing ML distances based on estimated model parameters... 33.434 sec
Computing BIONJ tree...
0.030 seconds
Log-likelihood of BIONJ tree: -11654691.173
--------------------------------------------------------------------
|             INITIALIZING CANDIDATE TREE SET                      |
--------------------------------------------------------------------
Generating 98 parsimony trees... 408.102 second
Computing log-likelihood of 98 initial trees ... 285.865 seconds
Current best score: -11654691.173

Do NNI search on 20 best initial trees
Estimate model parameters (epsilon = 0.100)
BETTER TREE FOUND at iteration 1: -11652794.274
Estimate model parameters (epsilon = 0.100)
BETTER TREE FOUND at iteration 7: -11652774.784
Iteration 10 / LogL: -11652774.801 / Time: 0h:32m:18s
Iteration 20 / LogL: -11654392.343 / Time: 0h:42m:27s
Finish initializing candidate tree set (16)
Current best tree score: -11652774.784 / CPU time: 1946.439
Number of iterations: 20
--------------------------------------------------------------------
|               OPTIMIZING CANDIDATE TREE SET                      |
--------------------------------------------------------------------
Iteration 30 / LogL: -11660859.596 / Time: 0h:50m:1s (2h:12m:37s left)
Estimate model parameters (epsilon = 0.100)
BETTER TREE FOUND at iteration 35: -11652763.852
Iteration 40 / LogL: -11652811.375 / Time: 0h:58m:28s (2h:22m:14s left)
Iteration 50 / LogL: -11652775.011 / Time: 1h:6m:30s (1h:55m:14s left)
Log-likelihood cutoff on original alignment: -11652938.584
Iteration 60 / LogL: -11652769.296 / Time: 1h:14m:11s (1h:34m:12s left)
Iteration 70 / LogL: -11653038.978 / Time: 1h:22m:17s (1h:17m:27s left)
Iteration 80 / LogL: -11652830.605 / Time: 1h:30m:42s (1h:3m:6s left)
Iteration 90 / LogL: -11652763.866 / Time: 1h:39m:12s (0h:50m:7s left)
Iteration 100 / LogL: -11652776.965 / Time: 1h:47m:5s (0h:37m:50s left)
Log-likelihood cutoff on original alignment: -11652936.330
NOTE: Bootstrap correlation coefficient of split occurrence frequencies: 1.000
Iteration 110 / LogL: -11652786.365 / Time: 1h:54m:50s (1h:34m:45s left)
Iteration 120 / LogL: -11652786.564 / Time: 2h:3m:30s (1h:22m:59s left)
Iteration 130 / LogL: -11652786.365 / Time: 2h:11m:56s (1h:11m:33s left)
TREE SEARCH COMPLETED AFTER 136 ITERATIONS / Time: 2h:16m:28s

--------------------------------------------------------------------
|                    FINALIZING TREE SEARCH                        |
--------------------------------------------------------------------
Performs final model parameters optimization
Estimate model parameters (epsilon = 0.010)
1. Initial log-likelihood: -11652763.852
Optimal log-likelihood: -11652763.849
Rate parameters:  A-C: 1.00053  A-G: 5.07541  A-T: 0.55991  C-G: 1.28025  C-T: 5.04328  G-T: 1.00000
Base frequencies:  A: 0.282  C: 0.217  G: 0.217  T: 0.284
Proportion of invariable sites: 0.000
Site proportion and rates:  (0.378,0.893) (0.090,0.893) (0.493,0.894) (0.039,3.651)
Parameters optimization took 1 rounds (19.078 sec)
BEST SCORE FOUND : -11652763.849
Creating bootstrap support values...
Split supports printed to NEXUS file /home/erenada/BirdTree/Alignments/AllSites/NoGap/m4/Jarvis_pi_m4_intron_nogap.phylip-relaxed.splits.nex
Total tree length: 3.648

Total number of iterations: 136
CPU time used for tree search: 58432.474 sec (16h:13m:52s)
Wall-clock time used for tree search: 7587.983 sec (2h:6m:27s)
Total CPU time used: 62374.340 sec (17h:19m:34s)
Total wall-clock time used: 8208.460 sec (2h:16m:48s)

Computing bootstrap consensus tree...
Reading input file /home/erenada/BirdTree/Alignments/AllSites/NoGap/m4/Jarvis_pi_m4_intron_nogap.phylip-relaxed.splits.nex...
48 taxa and 134 splits.
Consensus tree written to /home/erenada/BirdTree/Alignments/AllSites/NoGap/m4/Jarvis_pi_m4_intron_nogap.phylip-relaxed.contree
Reading input trees file /home/erenada/BirdTree/Alignments/AllSites/NoGap/m4/Jarvis_pi_m4_intron_nogap.phylip-relaxed.contree
Log-likelihood of consensus tree: -11652776.952

Analysis results written to: 
  IQ-TREE report:                /home/erenada/BirdTree/Alignments/AllSites/NoGap/m4/Jarvis_pi_m4_intron_nogap.phylip-relaxed.iqtree
  Maximum-likelihood tree:       /home/erenada/BirdTree/Alignments/AllSites/NoGap/m4/Jarvis_pi_m4_intron_nogap.phylip-relaxed.treefile
  Likelihood distances:          /home/erenada/BirdTree/Alignments/AllSites/NoGap/m4/Jarvis_pi_m4_intron_nogap.phylip-relaxed.mldist

Ultrafast bootstrap approximation results written to:
  Split support values:          /home/erenada/BirdTree/Alignments/AllSites/NoGap/m4/Jarvis_pi_m4_intron_nogap.phylip-relaxed.splits.nex
  Consensus tree:                /home/erenada/BirdTree/Alignments/AllSites/NoGap/m4/Jarvis_pi_m4_intron_nogap.phylip-relaxed.contree
  Screen log file:               /home/erenada/BirdTree/Alignments/AllSites/NoGap/m4/Jarvis_pi_m4_intron_nogap.phylip-relaxed.log

Date and Time: Thu Jun  4 04:34:16 2020
