IQ-TREE multicore version 1.7-beta16 for Linux 64-bit built Sep 24 2019
Developed by Bui Quang Minh, Nguyen Lam Tung, Olga Chernomor,
Heiko Schmidt, Dominik Schrempf, Michael Woodhams.

Host:    n025.cluster.com (AVX, 125 GB RAM)
Command: iqtree -s /home/erenada/BirdTree/Alignments/AllSites/NoGap/m3/Jarvis_pi_m3_intron_nogap.phylip-relaxed -m GTR+I+R -B 1000 -nt AUTO
Seed:    194436 (Using SPRNG - Scalable Parallel Random Number Generator)
Time:    Thu Jun  4 00:37:43 2020
Kernel:  AVX - auto-detect threads (20 CPU cores detected)

Reading alignment file /home/erenada/BirdTree/Alignments/AllSites/NoGap/m3/Jarvis_pi_m3_intron_nogap.phylip-relaxed ... Phylip format detected
Alignment most likely contains DNA/RNA sequences
Alignment has 48 sequences with 644302 columns, 541218 distinct patterns
644302 parsimony-informative, 0 singleton sites, 0 constant sites
        Gap/Ambiguity  Composition  p-value
   1  AcaChl    2.96%    failed      0.00%
   2  AnaPla    3.87%    passed     75.54%
   3  AntCar    3.59%    failed      0.00%
   4  ApaVit    2.57%    failed      0.00%
   5  AptFor    1.88%    failed      0.00%
   6  BalReg    1.50%    failed      0.00%
   7  BucRhi    3.04%    failed      0.00%
   8  CalAnn    3.57%    failed      0.00%
   9  CarCri    1.83%    failed      0.00%
  10  CatAur    4.62%    failed      0.00%
  11  ChaPel    2.74%    failed      0.00%
  12  ChaVoc    1.51%    failed      4.82%
  13  ChlMac    1.79%    failed      3.63%
  14  ColLiv    2.70%    failed      0.00%
  15  ColStr    3.23%    failed      0.00%
  16  CorBra    2.10%    failed      0.00%
  17  CucCan    2.80%    failed      0.00%
  18  EgrGar    1.40%    passed     69.61%
  19  EurHel    2.30%    failed      0.00%
  20  FalPer    2.19%    failed      0.00%
  21  FulGla    1.27%    failed      0.00%
  22  GalGal    3.76%    failed      0.00%
  23  GavSte    1.61%    failed      0.00%
  24  GeoFor    3.22%    failed      0.00%
  25  HalAlb    1.91%    failed      0.00%
  26  HalLeu    0.75%    failed      0.00%
  27  LepDis    1.63%    failed      0.00%
  28  ManVit    2.53%    failed      0.00%
  29  MelGal    4.11%    failed      0.00%
  30  MelUnd    3.09%    passed     18.78%
  31  MerNub    2.99%    failed      0.00%
  32  MesUni    2.46%    failed      0.00%
  33  NesNot    2.16%    passed     45.61%
  34  NipNip    1.64%    failed      0.00%
  35  OpiHoa    1.62%    failed      0.00%
  36  PelCri    1.24%    failed      0.00%
  37  PhaCar    2.06%    failed      0.00%
  38  PhaLep    1.37%    failed      0.00%
  39  PhoRub    1.31%    passed     27.26%
  40  PicPub    7.55%    failed      0.00%
  41  PodCri    1.78%    failed      0.00%
  42  PteGut    1.91%    passed     66.21%
  43  PygAde    2.09%    failed      0.00%
  44  StrCam    4.78%    failed      0.00%
  45  TaeGut    4.03%    failed      0.00%
  46  TauEry    1.37%    failed      0.02%
  47  TinGut   18.86%    failed      0.00%
  48  TytAlb    2.05%    failed      0.00%
****  TOTAL     2.86%  42 sequences failed composition chi2 test (p-value<5%; df=3)
NOTE: minimal branch length is reduced to 0.000000155207 for long alignment

Create initial parsimony tree by phylogenetic likelihood library (PLL)... 3.459 seconds
Generating 1000 samples for ultrafast bootstrap (seed: 194436)...

NOTE: 5434 MB RAM (5 GB) is required!
Measuring multi-threading efficiency up to 20 CPU cores
2 trees examined
Threads: 1 / Time: 23.732 sec / Speedup: 1.000 / Efficiency: 100% / LogL: -12293618
Threads: 2 / Time: 13.978 sec / Speedup: 1.698 / Efficiency: 85% / LogL: -12293618
Threads: 3 / Time: 9.989 sec / Speedup: 2.376 / Efficiency: 79% / LogL: -12293618
Threads: 4 / Time: 7.845 sec / Speedup: 3.025 / Efficiency: 76% / LogL: -12293618
Threads: 5 / Time: 6.725 sec / Speedup: 3.529 / Efficiency: 71% / LogL: -12293618
Threads: 6 / Time: 5.669 sec / Speedup: 4.187 / Efficiency: 70% / LogL: -12293618
Threads: 7 / Time: 5.403 sec / Speedup: 4.392 / Efficiency: 63% / LogL: -12293618
Threads: 8 / Time: 4.737 sec / Speedup: 5.010 / Efficiency: 63% / LogL: -12293618
Threads: 9 / Time: 4.678 sec / Speedup: 5.073 / Efficiency: 56% / LogL: -12293618
Threads: 10 / Time: 4.229 sec / Speedup: 5.611 / Efficiency: 56% / LogL: -12293618
Threads: 11 / Time: 4.025 sec / Speedup: 5.897 / Efficiency: 54% / LogL: -12293618
Threads: 12 / Time: 3.976 sec / Speedup: 5.969 / Efficiency: 50% / LogL: -12293618
BEST NUMBER OF THREADS: 10

Estimate model parameters (epsilon = 0.100)
1. Initial log-likelihood: -11022216.458
2. Current log-likelihood: -10091423.214
3. Current log-likelihood: -10077345.318
4. Current log-likelihood: -10072607.666
5. Current log-likelihood: -10071927.123
6. Current log-likelihood: -10071874.770
7. Current log-likelihood: -10071870.875
8. Current log-likelihood: -10071870.690
Optimal log-likelihood: -10071870.600
Rate parameters:  A-C: 1.00087  A-G: 5.11862  A-T: 0.55942  C-G: 1.29362  C-T: 5.10009  G-T: 1.00000
Base frequencies:  A: 0.283  C: 0.217  G: 0.217  T: 0.283
Proportion of invariable sites: 0.000
Site proportion and rates:  (0.378,0.898) (0.091,0.899) (0.495,0.899) (0.036,3.692)
Parameters optimization took 8 rounds (332.406 sec)
Computing ML distances based on estimated model parameters... 28.518 sec
Computing BIONJ tree...
0.060 seconds
Log-likelihood of BIONJ tree: -10075020.371
--------------------------------------------------------------------
|             INITIALIZING CANDIDATE TREE SET                      |
--------------------------------------------------------------------
Generating 98 parsimony trees... 375.938 second
Computing log-likelihood of 98 initial trees ... 199.072 seconds
Current best score: -10070414.034

Do NNI search on 20 best initial trees
Estimate model parameters (epsilon = 0.100)
BETTER TREE FOUND at iteration 1: -10067183.832
Estimate model parameters (epsilon = 0.100)
BETTER TREE FOUND at iteration 2: -10067182.759
Estimate model parameters (epsilon = 0.100)
BETTER TREE FOUND at iteration 3: -10066858.645
Iteration 10 / LogL: -10067492.859 / Time: 0h:25m:25s
Estimate model parameters (epsilon = 0.100)
BETTER TREE FOUND at iteration 11: -10066851.234
Iteration 20 / LogL: -10066947.976 / Time: 0h:33m:53s
Finish initializing candidate tree set (15)
Current best tree score: -10066851.234 / CPU time: 1578.510
Number of iterations: 20
--------------------------------------------------------------------
|               OPTIMIZING CANDIDATE TREE SET                      |
--------------------------------------------------------------------
Estimate model parameters (epsilon = 0.100)
BETTER TREE FOUND at iteration 28: -10066842.875
Iteration 30 / LogL: -10066856.439 / Time: 0h:39m:59s (2h:14m:52s left)
Iteration 40 / LogL: -10066846.107 / Time: 0h:45m:55s (1h:43m:28s left)
Iteration 50 / LogL: -10066873.460 / Time: 0h:51m:14s (1h:21m:26s left)
Log-likelihood cutoff on original alignment: -10067023.485
Iteration 60 / LogL: -10066977.058 / Time: 0h:57m:28s (1h:6m:9s left)
Iteration 70 / LogL: -10066880.197 / Time: 1h:3m:31s (0h:53m:20s left)
Iteration 80 / LogL: -10066863.403 / Time: 1h:9m:26s (0h:42m:9s left)
Iteration 90 / LogL: -10066856.445 / Time: 1h:15m:44s (0h:32m:18s left)
Iteration 100 / LogL: -10066851.250 / Time: 1h:21m:25s (0h:23m:0s left)
Log-likelihood cutoff on original alignment: -10067023.485
NOTE: Bootstrap correlation coefficient of split occurrence frequencies: 1.000
Iteration 110 / LogL: -10066853.982 / Time: 1h:27m:34s (1h:12m:14s left)
Iteration 120 / LogL: -10066873.421 / Time: 1h:33m:40s (1h:2m:55s left)
TREE SEARCH COMPLETED AFTER 129 ITERATIONS / Time: 1h:38m:50s

--------------------------------------------------------------------
|                    FINALIZING TREE SEARCH                        |
--------------------------------------------------------------------
Performs final model parameters optimization
Estimate model parameters (epsilon = 0.010)
1. Initial log-likelihood: -10066842.875
Optimal log-likelihood: -10066842.866
Rate parameters:  A-C: 1.00077  A-G: 5.11919  A-T: 0.55917  C-G: 1.29311  C-T: 5.10121  G-T: 1.00000
Base frequencies:  A: 0.283  C: 0.217  G: 0.217  T: 0.283
Proportion of invariable sites: 0.000
Site proportion and rates:  (0.378,0.899) (0.091,0.899) (0.495,0.899) (0.036,3.695)
Parameters optimization took 1 rounds (14.309 sec)
BEST SCORE FOUND : -10066842.866
Creating bootstrap support values...
Split supports printed to NEXUS file /home/erenada/BirdTree/Alignments/AllSites/NoGap/m3/Jarvis_pi_m3_intron_nogap.phylip-relaxed.splits.nex
Total tree length: 3.549

Total number of iterations: 129
CPU time used for tree search: 49156.458 sec (13h:39m:16s)
Wall-clock time used for tree search: 5474.691 sec (1h:31m:14s)
Total CPU time used: 52625.004 sec (14h:37m:5s)
Total wall-clock time used: 5944.941 sec (1h:39m:4s)

Computing bootstrap consensus tree...
Reading input file /home/erenada/BirdTree/Alignments/AllSites/NoGap/m3/Jarvis_pi_m3_intron_nogap.phylip-relaxed.splits.nex...
48 taxa and 140 splits.
Consensus tree written to /home/erenada/BirdTree/Alignments/AllSites/NoGap/m3/Jarvis_pi_m3_intron_nogap.phylip-relaxed.contree
Reading input trees file /home/erenada/BirdTree/Alignments/AllSites/NoGap/m3/Jarvis_pi_m3_intron_nogap.phylip-relaxed.contree
Log-likelihood of consensus tree: -10066870.858

Analysis results written to: 
  IQ-TREE report:                /home/erenada/BirdTree/Alignments/AllSites/NoGap/m3/Jarvis_pi_m3_intron_nogap.phylip-relaxed.iqtree
  Maximum-likelihood tree:       /home/erenada/BirdTree/Alignments/AllSites/NoGap/m3/Jarvis_pi_m3_intron_nogap.phylip-relaxed.treefile
  Likelihood distances:          /home/erenada/BirdTree/Alignments/AllSites/NoGap/m3/Jarvis_pi_m3_intron_nogap.phylip-relaxed.mldist

Ultrafast bootstrap approximation results written to:
  Split support values:          /home/erenada/BirdTree/Alignments/AllSites/NoGap/m3/Jarvis_pi_m3_intron_nogap.phylip-relaxed.splits.nex
  Consensus tree:                /home/erenada/BirdTree/Alignments/AllSites/NoGap/m3/Jarvis_pi_m3_intron_nogap.phylip-relaxed.contree
  Screen log file:               /home/erenada/BirdTree/Alignments/AllSites/NoGap/m3/Jarvis_pi_m3_intron_nogap.phylip-relaxed.log

Date and Time: Thu Jun  4 02:17:04 2020
