IQ-TREE multicore version 1.7-beta16 for Linux 64-bit built Sep 24 2019
Developed by Bui Quang Minh, Nguyen Lam Tung, Olga Chernomor,
Heiko Schmidt, Dominik Schrempf, Michael Woodhams.

Host:    n041.cluster.com (AVX, 125 GB RAM)
Command: iqtree -s /home/erenada/BirdTree/Alignments/AllSites/NoGap/m4/Jarvis_pi_m4_lncRNA_nogap.phylip-relaxed -m GTR+I+R -B 1000 -nt AUTO
Seed:    201856 (Using SPRNG - Scalable Parallel Random Number Generator)
Time:    Thu Jun  4 00:00:07 2020
Kernel:  AVX - auto-detect threads (20 CPU cores detected)

Reading alignment file /home/erenada/BirdTree/Alignments/AllSites/NoGap/m4/Jarvis_pi_m4_lncRNA_nogap.phylip-relaxed ... Phylip format detected
Alignment most likely contains DNA/RNA sequences
Alignment has 48 sequences with 271065 columns, 240341 distinct patterns
271065 parsimony-informative, 0 singleton sites, 0 constant sites
        Gap/Ambiguity  Composition  p-value
   1  AcaChl    3.68%    failed      0.00%
   2  AnaPla    5.07%    failed      1.69%
   3  AntCar    4.11%    failed      0.00%
   4  ApaVit    3.06%    passed     86.32%
   5  AptFor    2.22%    passed      5.98%
   6  BalReg    1.76%    failed      2.41%
   7  BucRhi    3.44%    failed      0.00%
   8  CalAnn    5.06%    passed     49.81%
   9  CarCri    2.19%    failed      1.95%
  10  CatAur    5.89%    failed      0.00%
  11  ChaPel    3.55%    failed      0.00%
  12  ChaVoc    1.63%    passed     35.41%
  13  ChlMac    2.20%    failed      0.62%
  14  ColLiv    3.00%    passed     25.25%
  15  ColStr    3.98%    failed      0.00%
  16  CorBra    2.78%    failed      0.00%
  17  CucCan    3.82%    failed      0.00%
  18  EgrGar    1.62%    failed      0.31%
  19  EurHel    2.95%    passed     20.31%
  20  FalPer    2.57%    failed      0.00%
  21  FulGla    1.54%    failed      0.75%
  22  GalGal    4.03%    passed      5.93%
  23  GavSte    1.81%    failed      4.04%
  24  GeoFor    4.92%    failed      0.00%
  25  HalAlb    2.27%    passed     23.29%
  26  HalLeu    0.89%    passed     11.52%
  27  LepDis    1.70%    failed      0.00%
  28  ManVit    3.08%    failed      0.01%
  29  MelGal    5.16%    passed     87.32%
  30  MelUnd    4.10%    passed     11.78%
  31  MerNub    3.47%    failed      0.00%
  32  MesUni    2.91%    passed     79.82%
  33  NesNot    2.85%    passed     76.85%
  34  NipNip    1.81%    failed      0.00%
  35  OpiHoa    1.78%    failed      4.28%
  36  PelCri    1.46%    failed      0.01%
  37  PhaCar    2.44%    failed      0.05%
  38  PhaLep    1.54%    passed     97.87%
  39  PhoRub    1.55%    failed      0.00%
  40  PicPub    9.26%    failed      0.00%
  41  PodCri    2.03%    passed      7.35%
  42  PteGut    2.45%    passed     44.11%
  43  PygAde    2.51%    failed      0.00%
  44  StrCam    5.84%    failed      1.72%
  45  TaeGut    5.73%    failed      0.00%
  46  TauEry    1.62%    failed      0.60%
  47  TinGut   19.25%    failed      0.00%
  48  TytAlb    2.41%    failed      0.00%
****  TOTAL     3.44%  32 sequences failed composition chi2 test (p-value<5%; df=3)
NOTE: minimal branch length is reduced to 0.000000368915 for long alignment

Create initial parsimony tree by phylogenetic likelihood library (PLL)... 1.132 seconds
Generating 1000 samples for ultrafast bootstrap (seed: 201856)...

NOTE: 2413 MB RAM (2 GB) is required!
Measuring multi-threading efficiency up to 20 CPU cores
4 trees examined
Threads: 1 / Time: 22.940 sec / Speedup: 1.000 / Efficiency: 100% / LogL: -5120889
Threads: 2 / Time: 15.648 sec / Speedup: 1.466 / Efficiency: 73% / LogL: -5120889
Threads: 3 / Time: 10.806 sec / Speedup: 2.123 / Efficiency: 71% / LogL: -5120889
Threads: 4 / Time: 8.820 sec / Speedup: 2.601 / Efficiency: 65% / LogL: -5120889
Threads: 5 / Time: 7.075 sec / Speedup: 3.242 / Efficiency: 65% / LogL: -5120889
Threads: 6 / Time: 6.857 sec / Speedup: 3.346 / Efficiency: 56% / LogL: -5120889
Threads: 7 / Time: 5.714 sec / Speedup: 4.014 / Efficiency: 57% / LogL: -5120889
Threads: 8 / Time: 5.075 sec / Speedup: 4.520 / Efficiency: 57% / LogL: -5120889
Threads: 9 / Time: 5.121 sec / Speedup: 4.480 / Efficiency: 50% / LogL: -5120889
BEST NUMBER OF THREADS: 8

Estimate model parameters (epsilon = 0.100)
1. Initial log-likelihood: -4631543.873
2. Current log-likelihood: -4240601.231
3. Current log-likelihood: -4234169.142
4. Current log-likelihood: -4231517.794
5. Current log-likelihood: -4231204.314
6. Current log-likelihood: -4231188.158
7. Current log-likelihood: -4231187.389
8. Current log-likelihood: -4231187.273
Optimal log-likelihood: -4231187.241
Rate parameters:  A-C: 1.00101  A-G: 5.23484  A-T: 0.65229  C-G: 1.18499  C-T: 5.22686  G-T: 1.00000
Base frequencies:  A: 0.273  C: 0.225  G: 0.227  T: 0.275
Proportion of invariable sites: 0.000
Site proportion and rates:  (0.505,0.910) (0.377,0.910) (0.088,0.911) (0.030,3.939)
Parameters optimization took 8 rounds (168.104 sec)
Computing ML distances based on estimated model parameters... 13.176 sec
Computing BIONJ tree...
0.030 seconds
Log-likelihood of BIONJ tree: -4229691.901
--------------------------------------------------------------------
|             INITIALIZING CANDIDATE TREE SET                      |
--------------------------------------------------------------------
Generating 98 parsimony trees... 156.761 second
Computing log-likelihood of 98 initial trees ... 121.669 seconds
Current best score: -4229691.901

Do NNI search on 20 best initial trees
Estimate model parameters (epsilon = 0.100)
BETTER TREE FOUND at iteration 1: -4228990.467
Iteration 10 / LogL: -4229047.768 / Time: 0h:12m:53s
Iteration 20 / LogL: -4229210.948 / Time: 0h:17m:23s
Finish initializing candidate tree set (13)
Current best tree score: -4228990.467 / CPU time: 774.446
Number of iterations: 20
--------------------------------------------------------------------
|               OPTIMIZING CANDIDATE TREE SET                      |
--------------------------------------------------------------------
Iteration 30 / LogL: -4228990.478 / Time: 0h:20m:55s (0h:51m:10s left)
Iteration 40 / LogL: -4228998.832 / Time: 0h:24m:2s (0h:37m:33s left)
Iteration 50 / LogL: -4228998.851 / Time: 0h:27m:13s (0h:28m:18s left)
Log-likelihood cutoff on original alignment: -4229151.224
Iteration 60 / LogL: -4229037.210 / Time: 0h:30m:21s (0h:21m:4s left)
Iteration 70 / LogL: -4228990.813 / Time: 0h:33m:35s (0h:15m:4s left)
Iteration 80 / LogL: -4229024.300 / Time: 0h:36m:45s (0h:9m:45s left)
Iteration 90 / LogL: -4228999.748 / Time: 0h:39m:45s (0h:4m:54s left)
Iteration 100 / LogL: -4229037.222 / Time: 0h:43m:1s (0h:0m:26s left)
Log-likelihood cutoff on original alignment: -4229151.224
NOTE: Bootstrap correlation coefficient of split occurrence frequencies: 1.000
TREE SEARCH COMPLETED AFTER 102 ITERATIONS / Time: 0h:43m:39s

--------------------------------------------------------------------
|                    FINALIZING TREE SEARCH                        |
--------------------------------------------------------------------
Performs final model parameters optimization
Estimate model parameters (epsilon = 0.010)
1. Initial log-likelihood: -4228990.467
2. Current log-likelihood: -4228990.437
3. Current log-likelihood: -4228990.402
4. Current log-likelihood: -4228990.373
5. Current log-likelihood: -4228990.357
6. Current log-likelihood: -4228990.263
7. Current log-likelihood: -4228990.153
8. Current log-likelihood: -4228990.078
9. Current log-likelihood: -4228990.025
10. Current log-likelihood: -4228989.990
11. Current log-likelihood: -4228989.977
Optimal log-likelihood: -4228989.969
Rate parameters:  A-C: 1.00287  A-G: 5.24803  A-T: 0.65300  C-G: 1.18795  C-T: 5.23996  G-T: 1.00000
Base frequencies:  A: 0.273  C: 0.225  G: 0.227  T: 0.275
Proportion of invariable sites: 0.000
Site proportion and rates:  (0.505,0.911) (0.377,0.911) (0.088,0.911) (0.029,3.933)
Parameters optimization took 11 rounds (77.623 sec)
BEST SCORE FOUND : -4228989.969
Creating bootstrap support values...
Split supports printed to NEXUS file /home/erenada/BirdTree/Alignments/AllSites/NoGap/m4/Jarvis_pi_m4_lncRNA_nogap.phylip-relaxed.splits.nex
Total tree length: 3.551

Total number of iterations: 102
CPU time used for tree search: 17074.458 sec (4h:44m:34s)
Wall-clock time used for tree search: 2349.627 sec (0h:39m:9s)
Total CPU time used: 19142.201 sec (5h:19m:2s)
Total wall-clock time used: 2697.220 sec (0h:44m:57s)

Computing bootstrap consensus tree...
Reading input file /home/erenada/BirdTree/Alignments/AllSites/NoGap/m4/Jarvis_pi_m4_lncRNA_nogap.phylip-relaxed.splits.nex...
48 taxa and 152 splits.
Consensus tree written to /home/erenada/BirdTree/Alignments/AllSites/NoGap/m4/Jarvis_pi_m4_lncRNA_nogap.phylip-relaxed.contree
Reading input trees file /home/erenada/BirdTree/Alignments/AllSites/NoGap/m4/Jarvis_pi_m4_lncRNA_nogap.phylip-relaxed.contree
Log-likelihood of consensus tree: -4228989.969

Analysis results written to: 
  IQ-TREE report:                /home/erenada/BirdTree/Alignments/AllSites/NoGap/m4/Jarvis_pi_m4_lncRNA_nogap.phylip-relaxed.iqtree
  Maximum-likelihood tree:       /home/erenada/BirdTree/Alignments/AllSites/NoGap/m4/Jarvis_pi_m4_lncRNA_nogap.phylip-relaxed.treefile
  Likelihood distances:          /home/erenada/BirdTree/Alignments/AllSites/NoGap/m4/Jarvis_pi_m4_lncRNA_nogap.phylip-relaxed.mldist

Ultrafast bootstrap approximation results written to:
  Split support values:          /home/erenada/BirdTree/Alignments/AllSites/NoGap/m4/Jarvis_pi_m4_lncRNA_nogap.phylip-relaxed.splits.nex
  Consensus tree:                /home/erenada/BirdTree/Alignments/AllSites/NoGap/m4/Jarvis_pi_m4_lncRNA_nogap.phylip-relaxed.contree
  Screen log file:               /home/erenada/BirdTree/Alignments/AllSites/NoGap/m4/Jarvis_pi_m4_lncRNA_nogap.phylip-relaxed.log

Date and Time: Thu Jun  4 00:45:12 2020
