IQ-TREE multicore version 1.7-beta16 for Linux 64-bit built Sep 24 2019
Developed by Bui Quang Minh, Nguyen Lam Tung, Olga Chernomor,
Heiko Schmidt, Dominik Schrempf, Michael Woodhams.

Host:    n023.cluster.com (AVX, 125 GB RAM)
Command: iqtree -s /home/erenada/BirdTree/Alignments/AllSites/NoGap/m3/Jarvis_pi_m3_intergenic_nogap.phylip-relaxed -m GTR+I+R -B 1000 -nt AUTO
Seed:    431016 (Using SPRNG - Scalable Parallel Random Number Generator)
Time:    Thu Jun  4 00:28:05 2020
Kernel:  AVX - auto-detect threads (20 CPU cores detected)

Reading alignment file /home/erenada/BirdTree/Alignments/AllSites/NoGap/m3/Jarvis_pi_m3_intergenic_nogap.phylip-relaxed ... Phylip format detected
Alignment most likely contains DNA/RNA sequences
Alignment has 48 sequences with 833201 columns, 687177 distinct patterns
833201 parsimony-informative, 0 singleton sites, 0 constant sites
        Gap/Ambiguity  Composition  p-value
   1  AcaChl    2.72%    failed      0.00%
   2  AnaPla    3.95%    failed      0.05%
   3  AntCar    3.69%    failed      0.00%
   4  ApaVit    2.41%    passed     91.22%
   5  AptFor    1.87%    failed      0.00%
   6  BalReg    1.49%    failed      0.00%
   7  BucRhi    2.82%    failed      0.00%
   8  CalAnn    3.83%    failed      0.00%
   9  CarCri    1.72%    failed      0.00%
  10  CatAur    5.04%    failed      0.00%
  11  ChaPel    2.97%    failed      0.00%
  12  ChaVoc    1.48%    passed     18.69%
  13  ChlMac    1.70%    failed      0.00%
  14  ColLiv    2.57%    passed     39.92%
  15  ColStr    3.40%    failed      0.00%
  16  CorBra    2.07%    failed      0.00%
  17  CucCan    2.84%    failed      0.00%
  18  EgrGar    1.37%    failed      0.00%
  19  EurHel    2.19%    failed      0.00%
  20  FalPer    2.05%    failed      0.00%
  21  FulGla    1.26%    failed      0.00%
  22  GalGal    3.66%    failed      0.00%
  23  GavSte    1.59%    failed      0.00%
  24  GeoFor    3.18%    failed      0.00%
  25  HalAlb    1.89%    failed      0.56%
  26  HalLeu    0.70%    failed      0.01%
  27  LepDis    1.57%    failed      0.00%
  28  ManVit    2.45%    failed      0.29%
  29  MelGal    3.94%    failed      0.00%
  30  MelUnd    3.15%    passed      9.14%
  31  MerNub    2.90%    failed      0.00%
  32  MesUni    2.26%    failed      0.36%
  33  NesNot    2.15%    passed     48.60%
  34  NipNip    1.73%    failed      0.00%
  35  OpiHoa    1.51%    failed      0.00%
  36  PelCri    1.26%    failed      0.00%
  37  PhaCar    2.02%    failed      0.00%
  38  PhaLep    1.39%    passed     68.78%
  39  PhoRub    1.38%    failed      0.00%
  40  PicPub    8.66%    failed      0.00%
  41  PodCri    1.70%    failed      0.00%
  42  PteGut    1.94%    passed     94.68%
  43  PygAde    2.19%    failed      0.00%
  44  StrCam    4.05%    failed      0.00%
  45  TaeGut    4.15%    failed      0.00%
  46  TauEry    1.27%    failed      0.00%
  47  TinGut   16.06%    failed      1.90%
  48  TytAlb    2.12%    failed      0.00%
****  TOTAL     2.80%  41 sequences failed composition chi2 test (p-value<5%; df=3)
NOTE: minimal branch length is reduced to 0.000000120019 for long alignment

Create initial parsimony tree by phylogenetic likelihood library (PLL)... 4.361 seconds
Generating 1000 samples for ultrafast bootstrap (seed: 431016)...

NOTE: 6899 MB RAM (6 GB) is required!
Measuring multi-threading efficiency up to 20 CPU cores
2 trees examined
Threads: 1 / Time: 38.038 sec / Speedup: 1.000 / Efficiency: 100% / LogL: -15700520
Threads: 2 / Time: 19.829 sec / Speedup: 1.918 / Efficiency: 96% / LogL: -15700520
Threads: 3 / Time: 14.501 sec / Speedup: 2.623 / Efficiency: 87% / LogL: -15700520
Threads: 4 / Time: 11.928 sec / Speedup: 3.189 / Efficiency: 80% / LogL: -15700520
Threads: 5 / Time: 9.904 sec / Speedup: 3.841 / Efficiency: 77% / LogL: -15700520
Threads: 6 / Time: 8.190 sec / Speedup: 4.644 / Efficiency: 77% / LogL: -15700520
Threads: 7 / Time: 7.432 sec / Speedup: 5.118 / Efficiency: 73% / LogL: -15700520
Threads: 8 / Time: 6.597 sec / Speedup: 5.766 / Efficiency: 72% / LogL: -15700520
Threads: 9 / Time: 6.248 sec / Speedup: 6.088 / Efficiency: 68% / LogL: -15700520
Threads: 10 / Time: 6.004 sec / Speedup: 6.335 / Efficiency: 63% / LogL: -15700520
Threads: 11 / Time: 5.730 sec / Speedup: 6.639 / Efficiency: 60% / LogL: -15700520
Threads: 12 / Time: 5.372 sec / Speedup: 7.081 / Efficiency: 59% / LogL: -15700520
Threads: 13 / Time: 5.219 sec / Speedup: 7.288 / Efficiency: 56% / LogL: -15700520
Threads: 14 / Time: 5.152 sec / Speedup: 7.383 / Efficiency: 53% / LogL: -15700520
Threads: 15 / Time: 5.023 sec / Speedup: 7.573 / Efficiency: 50% / LogL: -15700520
Threads: 16 / Time: 5.039 sec / Speedup: 7.549 / Efficiency: 47% / LogL: -15700520
BEST NUMBER OF THREADS: 15

Estimate model parameters (epsilon = 0.100)
1. Initial log-likelihood: -14119284.172
2. Current log-likelihood: -12920579.857
3. Current log-likelihood: -12901223.796
4. Current log-likelihood: -12892713.115
5. Current log-likelihood: -12891681.719
6. Current log-likelihood: -12891629.012
7. Current log-likelihood: -12891626.939
8. Current log-likelihood: -12891626.602
Optimal log-likelihood: -12891626.571
Rate parameters:  A-C: 0.98867  A-G: 5.22171  A-T: 0.63828  C-G: 1.16710  C-T: 5.18045  G-T: 1.00000
Base frequencies:  A: 0.273  C: 0.225  G: 0.225  T: 0.277
Proportion of invariable sites: 0.000
Site proportion and rates:  (0.505,0.913) (0.377,0.913) (0.090,0.913) (0.028,3.981)
Parameters optimization took 8 rounds (360.624 sec)
Computing ML distances based on estimated model parameters... 40.282 sec
Computing BIONJ tree...
0.030 seconds
Log-likelihood of BIONJ tree: -12896096.458
--------------------------------------------------------------------
|             INITIALIZING CANDIDATE TREE SET                      |
--------------------------------------------------------------------
Generating 98 parsimony trees... 483.057 second
Computing log-likelihood of 98 initial trees ... 246.019 seconds
Current best score: -12888729.855

Do NNI search on 20 best initial trees
Estimate model parameters (epsilon = 0.100)
BETTER TREE FOUND at iteration 1: -12886220.542
Estimate model parameters (epsilon = 0.100)
BETTER TREE FOUND at iteration 2: -12885964.967
Estimate model parameters (epsilon = 0.100)
BETTER TREE FOUND at iteration 7: -12885932.712
Iteration 10 / LogL: -12886497.460 / Time: 0h:33m:15s
Estimate model parameters (epsilon = 0.100)
BETTER TREE FOUND at iteration 16: -12885852.247
Iteration 20 / LogL: -12885852.258 / Time: 0h:43m:7s
Finish initializing candidate tree set (15)
Current best tree score: -12885852.247 / CPU time: 2032.821
Number of iterations: 20
--------------------------------------------------------------------
|               OPTIMIZING CANDIDATE TREE SET                      |
--------------------------------------------------------------------
Estimate model parameters (epsilon = 0.100)
BETTER TREE FOUND at iteration 23: -12885818.811
Iteration 30 / LogL: -12885904.333 / Time: 0h:50m:4s (2h:40m:16s left)
Iteration 40 / LogL: -12885818.817 / Time: 0h:57m:1s (2h:1m:9s left)
Iteration 50 / LogL: -12885818.815 / Time: 1h:3m:47s (1h:34m:54s left)
Log-likelihood cutoff on original alignment: -12886141.160
Iteration 60 / LogL: -12885819.398 / Time: 1h:10m:36s (1h:15m:17s left)
Iteration 70 / LogL: -12885956.642 / Time: 1h:17m:12s (0h:59m:14s left)
Iteration 80 / LogL: -12885852.532 / Time: 1h:24m:24s (0h:45m:53s left)
Iteration 90 / LogL: -12885858.521 / Time: 1h:30m:49s (0h:33m:38s left)
Iteration 100 / LogL: -12885852.548 / Time: 1h:37m:14s (0h:22m:34s left)
Log-likelihood cutoff on original alignment: -12886141.160
NOTE: Bootstrap correlation coefficient of split occurrence frequencies: 1.000
Iteration 110 / LogL: -12885922.082 / Time: 1h:44m:13s (1h:25m:58s left)
Iteration 120 / LogL: -12885921.956 / Time: 1h:51m:3s (1h:14m:35s left)
TREE SEARCH COMPLETED AFTER 124 ITERATIONS / Time: 1h:53m:44s

--------------------------------------------------------------------
|                    FINALIZING TREE SEARCH                        |
--------------------------------------------------------------------
Performs final model parameters optimization
Estimate model parameters (epsilon = 0.010)
1. Initial log-likelihood: -12885818.811
Optimal log-likelihood: -12885818.802
Rate parameters:  A-C: 0.99035  A-G: 5.22955  A-T: 0.63864  C-G: 1.16893  C-T: 5.18880  G-T: 1.00000
Base frequencies:  A: 0.273  C: 0.225  G: 0.225  T: 0.277
Proportion of invariable sites: 0.000
Site proportion and rates:  (0.505,0.913) (0.378,0.914) (0.090,0.914) (0.028,3.984)
Parameters optimization took 1 rounds (16.784 sec)
BEST SCORE FOUND : -12885818.802
Creating bootstrap support values...
Split supports printed to NEXUS file /home/erenada/BirdTree/Alignments/AllSites/NoGap/m3/Jarvis_pi_m3_intergenic_nogap.phylip-relaxed.splits.nex
Total tree length: 3.479

Total number of iterations: 124
CPU time used for tree search: 80074.731 sec (22h:14m:34s)
Wall-clock time used for tree search: 6269.125 sec (1h:44m:29s)
Total CPU time used: 85509.954 sec (23h:45m:9s)
Total wall-clock time used: 6841.180 sec (1h:54m:1s)

Computing bootstrap consensus tree...
Reading input file /home/erenada/BirdTree/Alignments/AllSites/NoGap/m3/Jarvis_pi_m3_intergenic_nogap.phylip-relaxed.splits.nex...
48 taxa and 141 splits.
Consensus tree written to /home/erenada/BirdTree/Alignments/AllSites/NoGap/m3/Jarvis_pi_m3_intergenic_nogap.phylip-relaxed.contree
Reading input trees file /home/erenada/BirdTree/Alignments/AllSites/NoGap/m3/Jarvis_pi_m3_intergenic_nogap.phylip-relaxed.contree
Log-likelihood of consensus tree: -12885818.802

Analysis results written to: 
  IQ-TREE report:                /home/erenada/BirdTree/Alignments/AllSites/NoGap/m3/Jarvis_pi_m3_intergenic_nogap.phylip-relaxed.iqtree
  Maximum-likelihood tree:       /home/erenada/BirdTree/Alignments/AllSites/NoGap/m3/Jarvis_pi_m3_intergenic_nogap.phylip-relaxed.treefile
  Likelihood distances:          /home/erenada/BirdTree/Alignments/AllSites/NoGap/m3/Jarvis_pi_m3_intergenic_nogap.phylip-relaxed.mldist

Ultrafast bootstrap approximation results written to:
  Split support values:          /home/erenada/BirdTree/Alignments/AllSites/NoGap/m3/Jarvis_pi_m3_intergenic_nogap.phylip-relaxed.splits.nex
  Consensus tree:                /home/erenada/BirdTree/Alignments/AllSites/NoGap/m3/Jarvis_pi_m3_intergenic_nogap.phylip-relaxed.contree
  Screen log file:               /home/erenada/BirdTree/Alignments/AllSites/NoGap/m3/Jarvis_pi_m3_intergenic_nogap.phylip-relaxed.log

Date and Time: Thu Jun  4 02:22:27 2020
