IQ-TREE multicore version 1.7-beta16 for Linux 64-bit built Sep 24 2019
Developed by Bui Quang Minh, Nguyen Lam Tung, Olga Chernomor,
Heiko Schmidt, Dominik Schrempf, Michael Woodhams.

Host:    n029.cluster.com (AVX, 125 GB RAM)
Command: iqtree -s /home/erenada/BirdTree/Alignments/AllSites/Gap/m2/Jarvis_pi_m2_smRNA.phylip-relaxed -m GTR+I+R -B 1000 -nt AUTO
Seed:    916787 (Using SPRNG - Scalable Parallel Random Number Generator)
Time:    Tue Jun  2 21:28:54 2020
Kernel:  AVX - auto-detect threads (20 CPU cores detected)

Reading alignment file /home/erenada/BirdTree/Alignments/AllSites/Gap/m2/Jarvis_pi_m2_smRNA.phylip-relaxed ... Phylip format detected
Alignment most likely contains DNA/RNA sequences
Alignment has 48 sequences with 480 columns, 473 distinct patterns
477 parsimony-informative, 0 singleton sites, 3 constant sites
        Gap/Ambiguity  Composition  p-value
   1  AcaChl    1.46%    passed     80.07%
   2  AnaPla    3.54%    passed     93.79%
   3  AntCar    2.71%    passed     97.84%
   4  ApaVit    0.62%    passed     76.74%
   5  AptFor    1.88%    passed     98.80%
   6  BalReg    0.83%    passed     93.70%
   7  BucRhi    5.00%    passed     93.83%
   8  CalAnn    2.71%    passed     76.73%
   9  CarCri    0.42%    passed     96.06%
  10  CatAur    1.88%    passed     93.69%
  11  ChaPel    1.46%    passed     96.04%
  12  ChaVoc    1.46%    passed     96.22%
  13  ChlMac    0.62%    passed     87.69%
  14  ColLiv    1.88%    passed     88.67%
  15  ColStr    1.88%    passed     56.49%
  16  CorBra    2.08%    passed     63.93%
  17  CucCan    1.88%    passed     93.97%
  18  EgrGar    1.25%    passed     90.47%
  19  EurHel    2.08%    passed     99.39%
  20  FalPer    1.46%    passed     82.24%
  21  FulGla    0.83%    passed     93.66%
  22  GalGal    2.08%    passed     90.41%
  23  GavSte    1.04%    passed     98.90%
  24  GeoFor    2.08%    passed     38.20%
  25  HalAlb    2.71%    passed     90.40%
  26  HalLeu    0.62%    passed     87.23%
  27  LepDis    1.46%    passed     94.28%
  28  ManVit    0.42%    passed     98.15%
  29  MelGal    1.04%    passed     98.75%
  30  MelUnd    3.33%    passed     63.69%
  31  MerNub    1.04%    passed     97.93%
  32  MesUni    0.42%    passed     98.67%
  33  NesNot    0.42%    passed     87.40%
  34  NipNip    0.83%    passed     98.91%
  35  OpiHoa    0.62%    passed     97.64%
  36  PelCri    1.04%    passed     93.06%
  37  PhaCar    1.88%    passed     96.51%
  38  PhaLep    1.04%    passed     87.59%
  39  PhoRub    0.62%    passed     99.67%
  40  PicPub    3.12%    passed     99.80%
  41  PodCri    0.21%    passed     86.02%
  42  PteGut    1.04%    passed     95.57%
  43  PygAde    1.88%    passed     98.72%
  44  StrCam    2.92%    passed     69.26%
  45  TaeGut    3.33%    passed     98.76%
  46  TauEry    0.83%    passed     99.27%
  47  TinGut   11.46%    passed     89.16%
  48  TytAlb    0.83%    passed     98.39%
****  TOTAL     1.80%  0 sequences failed composition chi2 test (p-value<5%; df=3)

Create initial parsimony tree by phylogenetic likelihood library (PLL)... 0.004 seconds
Generating 1000 samples for ultrafast bootstrap (seed: 916787)...

NOTE: 4 MB RAM (0 GB) is required!
Measuring multi-threading efficiency up to 20 CPU cores
Increase to 10 rounds for branch lengths
413 trees examined
Threads: 1 / Time: 20.044 sec / Speedup: 1.000 / Efficiency: 100% / LogL: -9016
Threads: 2 / Time: 20.202 sec / Speedup: 0.992 / Efficiency: 50% / LogL: -9016
BEST NUMBER OF THREADS: 1

Estimate model parameters (epsilon = 0.100)
1. Initial log-likelihood: -7871.652
2. Current log-likelihood: -7205.599
3. Current log-likelihood: -7199.563
4. Current log-likelihood: -7199.005
Optimal log-likelihood: -7198.952
Rate parameters:  A-C: 1.36547  A-G: 6.40431  A-T: 0.53732  C-G: 1.23251  C-T: 5.56537  G-T: 1.00000
Base frequencies:  A: 0.270  C: 0.233  G: 0.203  T: 0.294
Proportion of invariable sites: 0.000
Site proportion and rates:  (0.107,0.820) (0.435,0.820) (0.373,0.821) (0.085,2.940)
Parameters optimization took 4 rounds (0.467 sec)
Computing ML distances based on estimated model parameters... 0.030 sec
Computing BIONJ tree...
0.031 seconds
Log-likelihood of BIONJ tree: -7251.025
--------------------------------------------------------------------
|             INITIALIZING CANDIDATE TREE SET                      |
--------------------------------------------------------------------
Generating 98 parsimony trees... 0.372 second
Computing log-likelihood of 98 initial trees ... 0.702 seconds
Current best score: -7196.827

Do NNI search on 20 best initial trees
Estimate model parameters (epsilon = 0.100)
BETTER TREE FOUND at iteration 1: -7187.876
Iteration 10 / LogL: -7204.623 / Time: 0h:0m:43s
Iteration 20 / LogL: -7213.856 / Time: 0h:0m:45s
Finish initializing candidate tree set (20)
Current best tree score: -7187.876 / CPU time: 4.837
Number of iterations: 20
--------------------------------------------------------------------
|               OPTIMIZING CANDIDATE TREE SET                      |
--------------------------------------------------------------------
Iteration 30 / LogL: -7189.052 / Time: 0h:0m:47s (0h:1m:57s left)
Estimate model parameters (epsilon = 0.100)
BETTER TREE FOUND at iteration 38: -7182.783
Iteration 40 / LogL: -7187.460 / Time: 0h:0m:49s (0h:2m:5s left)
Iteration 50 / LogL: -7182.785 / Time: 0h:0m:52s (0h:1m:33s left)
Log-likelihood cutoff on original alignment: -7224.044
Estimate model parameters (epsilon = 0.100)
BETTER TREE FOUND at iteration 52: -7181.193
Iteration 60 / LogL: -7181.193 / Time: 0h:0m:54s (0h:1m:24s left)
BETTER TREE FOUND at iteration 67: -7181.192
Iteration 70 / LogL: -7182.785 / Time: 0h:0m:56s (0h:1m:19s left)
Iteration 80 / LogL: -7183.332 / Time: 0h:0m:58s (0h:1m:4s left)
Iteration 90 / LogL: -7184.701 / Time: 0h:1m:0s (0h:0m:52s left)
Iteration 100 / LogL: -7181.192 / Time: 0h:1m:2s (0h:0m:42s left)
Log-likelihood cutoff on original alignment: -7224.044
NOTE: Bootstrap correlation coefficient of split occurrence frequencies: 0.993
Iteration 110 / LogL: -7195.969 / Time: 0h:1m:4s (0h:0m:53s left)
Iteration 120 / LogL: -7185.433 / Time: 0h:1m:6s (0h:0m:44s left)
Iteration 130 / LogL: -7181.193 / Time: 0h:1m:8s (0h:0m:37s left)
Estimate model parameters (epsilon = 0.100)
BETTER TREE FOUND at iteration 133: -7179.819
BETTER TREE FOUND at iteration 138: -7179.819
Iteration 140 / LogL: -7193.855 / Time: 0h:1m:10s (0h:0m:49s left)
Iteration 150 / LogL: -7187.315 / Time: 0h:1m:12s (0h:0m:43s left)
Log-likelihood cutoff on original alignment: -7224.044
Iteration 160 / LogL: -7185.656 / Time: 0h:1m:15s (0h:0m:36s left)
Iteration 170 / LogL: -7179.820 / Time: 0h:1m:17s (0h:0m:31s left)
UPDATE BEST LOG-LIKELIHOOD: -7179.819
Iteration 180 / LogL: -7184.890 / Time: 0h:1m:19s (0h:0m:25s left)
Iteration 190 / LogL: -7184.137 / Time: 0h:1m:21s (0h:0m:20s left)
Iteration 200 / LogL: -7187.329 / Time: 0h:1m:23s (0h:0m:15s left)
Log-likelihood cutoff on original alignment: -7224.044
NOTE: Bootstrap correlation coefficient of split occurrence frequencies: 0.989
NOTE: UFBoot does not converge, continue at least 100 more iterations
Iteration 210 / LogL: -7185.131 / Time: 0h:1m:25s (0h:0m:36s left)
Iteration 220 / LogL: -7230.251 / Time: 0h:1m:27s (0h:0m:32s left)
Iteration 230 / LogL: -7184.086 / Time: 0h:1m:29s (0h:0m:27s left)
Iteration 240 / LogL: -7183.332 / Time: 0h:1m:32s (0h:0m:23s left)
Iteration 250 / LogL: -7181.379 / Time: 0h:1m:34s (0h:0m:18s left)
Log-likelihood cutoff on original alignment: -7224.044
Iteration 260 / LogL: -7181.379 / Time: 0h:1m:36s (0h:0m:14s left)
Iteration 270 / LogL: -7181.516 / Time: 0h:1m:38s (0h:0m:10s left)
Iteration 280 / LogL: -7185.907 / Time: 0h:1m:40s (0h:0m:7s left)
Iteration 290 / LogL: -7187.435 / Time: 0h:1m:42s (0h:0m:3s left)
Iteration 300 / LogL: -7179.819 / Time: 0h:1m:44s (0h:0m:0s left)
Log-likelihood cutoff on original alignment: -7224.044
NOTE: Bootstrap correlation coefficient of split occurrence frequencies: 0.996
TREE SEARCH COMPLETED AFTER 300 ITERATIONS / Time: 0h:1m:44s

--------------------------------------------------------------------
|                    FINALIZING TREE SEARCH                        |
--------------------------------------------------------------------
Performs final model parameters optimization
Estimate model parameters (epsilon = 0.010)
1. Initial log-likelihood: -7179.819
Optimal log-likelihood: -7179.818
Rate parameters:  A-C: 1.39218  A-G: 6.55857  A-T: 0.55579  C-G: 1.25856  C-T: 5.72913  G-T: 1.00000
Base frequencies:  A: 0.270  C: 0.233  G: 0.203  T: 0.294
Proportion of invariable sites: 0.000
Site proportion and rates:  (0.376,0.821) (0.108,0.822) (0.439,0.822) (0.076,3.161)
Parameters optimization took 1 rounds (0.041 sec)
BEST SCORE FOUND : -7179.818
Creating bootstrap support values...
Split supports printed to NEXUS file /home/erenada/BirdTree/Alignments/AllSites/Gap/m2/Jarvis_pi_m2_smRNA.phylip-relaxed.splits.nex
Total tree length: 3.353

Total number of iterations: 300
CPU time used for tree search: 62.280 sec (0h:1m:2s)
Wall-clock time used for tree search: 63.588 sec (0h:1m:3s)
Total CPU time used: 122.773 sec (0h:2m:2s)
Total wall-clock time used: 104.722 sec (0h:1m:44s)

Computing bootstrap consensus tree...
Reading input file /home/erenada/BirdTree/Alignments/AllSites/Gap/m2/Jarvis_pi_m2_smRNA.phylip-relaxed.splits.nex...
48 taxa and 1144 splits.
Consensus tree written to /home/erenada/BirdTree/Alignments/AllSites/Gap/m2/Jarvis_pi_m2_smRNA.phylip-relaxed.contree
Reading input trees file /home/erenada/BirdTree/Alignments/AllSites/Gap/m2/Jarvis_pi_m2_smRNA.phylip-relaxed.contree
Log-likelihood of consensus tree: -7179.819

Analysis results written to: 
  IQ-TREE report:                /home/erenada/BirdTree/Alignments/AllSites/Gap/m2/Jarvis_pi_m2_smRNA.phylip-relaxed.iqtree
  Maximum-likelihood tree:       /home/erenada/BirdTree/Alignments/AllSites/Gap/m2/Jarvis_pi_m2_smRNA.phylip-relaxed.treefile
  Likelihood distances:          /home/erenada/BirdTree/Alignments/AllSites/Gap/m2/Jarvis_pi_m2_smRNA.phylip-relaxed.mldist

Ultrafast bootstrap approximation results written to:
  Split support values:          /home/erenada/BirdTree/Alignments/AllSites/Gap/m2/Jarvis_pi_m2_smRNA.phylip-relaxed.splits.nex
  Consensus tree:                /home/erenada/BirdTree/Alignments/AllSites/Gap/m2/Jarvis_pi_m2_smRNA.phylip-relaxed.contree
  Screen log file:               /home/erenada/BirdTree/Alignments/AllSites/Gap/m2/Jarvis_pi_m2_smRNA.phylip-relaxed.log

Date and Time: Tue Jun  2 21:30:39 2020
