IQ-TREE multicore version 1.7-beta16 for Linux 64-bit built Sep 24 2019
Developed by Bui Quang Minh, Nguyen Lam Tung, Olga Chernomor,
Heiko Schmidt, Dominik Schrempf, Michael Woodhams.

Host:    n025.cluster.com (AVX, 125 GB RAM)
Command: iqtree -s /home/erenada/BirdTree/Alignments/AllSites/NoGap/m5/Jarvis_pi_m5_intron_nogap.phylip-relaxed -m GTR+I+R -B 1000 -nt AUTO
Seed:    295631 (Using SPRNG - Scalable Parallel Random Number Generator)
Time:    Thu Jun  4 04:34:16 2020
Kernel:  AVX - auto-detect threads (20 CPU cores detected)

Reading alignment file /home/erenada/BirdTree/Alignments/AllSites/NoGap/m5/Jarvis_pi_m5_intron_nogap.phylip-relaxed ... Phylip format detected
Alignment most likely contains DNA/RNA sequences
Alignment has 48 sequences with 813253 columns, 710061 distinct patterns
813253 parsimony-informative, 0 singleton sites, 0 constant sites
        Gap/Ambiguity  Composition  p-value
   1  AcaChl    4.81%    failed      0.00%
   2  AnaPla    5.97%    passed     48.50%
   3  AntCar    4.48%    failed      0.00%
   4  ApaVit    4.07%    failed      0.00%
   5  AptFor    2.69%    failed      0.00%
   6  BalReg    2.03%    failed      0.00%
   7  BucRhi    4.59%    failed      0.00%
   8  CalAnn    5.82%    failed      0.00%
   9  CarCri    2.60%    failed      0.00%
  10  CatAur    5.87%    failed      0.00%
  11  ChaPel    4.16%    failed      0.00%
  12  ChaVoc    1.89%    passed     16.46%
  13  ChlMac    2.63%    failed      1.03%
  14  ColLiv    3.78%    failed      0.00%
  15  ColStr    5.16%    failed      0.00%
  16  CorBra    4.08%    failed      0.00%
  17  CucCan    4.08%    failed      0.00%
  18  EgrGar    1.90%    passed     13.23%
  19  EurHel    3.40%    failed      0.00%
  20  FalPer    3.24%    failed      0.00%
  21  FulGla    1.70%    failed      0.00%
  22  GalGal    4.60%    failed      0.00%
  23  GavSte    2.17%    failed      0.00%
  24  GeoFor    6.23%    failed      0.00%
  25  HalAlb    2.68%    failed      0.00%
  26  HalLeu    1.04%    failed      0.00%
  27  LepDis    2.20%    failed      0.00%
  28  ManVit    4.03%    failed      0.00%
  29  MelGal    6.77%    failed      0.00%
  30  MelUnd    4.39%    passed     17.08%
  31  MerNub    4.45%    failed      0.00%
  32  MesUni    3.64%    failed      0.00%
  33  NesNot    3.23%    passed     56.52%
  34  NipNip    1.99%    failed      0.00%
  35  OpiHoa    2.19%    failed      0.00%
  36  PelCri    1.70%    failed      0.00%
  37  PhaCar    3.02%    failed      0.00%
  38  PhaLep    1.89%    failed      0.00%
  39  PhoRub    1.71%    passed     65.45%
  40  PicPub   10.94%    failed      0.00%
  41  PodCri    2.56%    failed      0.00%
  42  PteGut    2.88%    passed     47.16%
  43  PygAde    2.62%    failed      0.00%
  44  StrCam    8.26%    failed      0.00%
  45  TaeGut    6.94%    failed      0.00%
  46  TauEry    2.01%    failed      0.00%
  47  TinGut   25.03%    failed      0.00%
  48  TytAlb    3.07%    failed      0.00%
****  TOTAL     4.19%  41 sequences failed composition chi2 test (p-value<5%; df=3)
NOTE: minimal branch length is reduced to 0.000000122963 for long alignment

Create initial parsimony tree by phylogenetic likelihood library (PLL)... 3.523 seconds
Generating 1000 samples for ultrafast bootstrap (seed: 295631)...

NOTE: 7129 MB RAM (6 GB) is required!
Measuring multi-threading efficiency up to 20 CPU cores
2 trees examined
Threads: 1 / Time: 32.549 sec / Speedup: 1.000 / Efficiency: 100% / LogL: -15400924
Threads: 2 / Time: 20.954 sec / Speedup: 1.553 / Efficiency: 78% / LogL: -15400924
Threads: 3 / Time: 15.514 sec / Speedup: 2.098 / Efficiency: 70% / LogL: -15400924
Threads: 4 / Time: 12.148 sec / Speedup: 2.679 / Efficiency: 67% / LogL: -15400924
Threads: 5 / Time: 10.099 sec / Speedup: 3.223 / Efficiency: 64% / LogL: -15400924
Threads: 6 / Time: 8.715 sec / Speedup: 3.735 / Efficiency: 62% / LogL: -15400924
Threads: 7 / Time: 7.574 sec / Speedup: 4.297 / Efficiency: 61% / LogL: -15400924
Threads: 8 / Time: 7.476 sec / Speedup: 4.354 / Efficiency: 54% / LogL: -15400924
Threads: 9 / Time: 6.816 sec / Speedup: 4.775 / Efficiency: 53% / LogL: -15400924
Threads: 10 / Time: 6.455 sec / Speedup: 5.043 / Efficiency: 50% / LogL: -15400924
Threads: 11 / Time: 6.148 sec / Speedup: 5.294 / Efficiency: 48% / LogL: -15400924
BEST NUMBER OF THREADS: 10

Estimate model parameters (epsilon = 0.100)
1. Initial log-likelihood: -14164327.363
2. Current log-likelihood: -12967528.217
3. Current log-likelihood: -12949473.945
4. Current log-likelihood: -12944671.233
5. Current log-likelihood: -12944085.388
6. Current log-likelihood: -12944044.697
7. Current log-likelihood: -12944041.888
8. Current log-likelihood: -12944041.620
Optimal log-likelihood: -12944041.604
Rate parameters:  A-C: 1.00060  A-G: 5.03183  A-T: 0.56157  C-G: 1.27272  C-T: 5.00080  G-T: 1.00000
Base frequencies:  A: 0.281  C: 0.217  G: 0.218  T: 0.284
Proportion of invariable sites: 0.000
Site proportion and rates:  (0.089,0.889) (0.377,0.890) (0.493,0.890) (0.040,3.628)
Parameters optimization took 8 rounds (530.986 sec)
Computing ML distances based on estimated model parameters... 40.610 sec
Computing BIONJ tree...
0.030 seconds
Log-likelihood of BIONJ tree: -12941803.577
--------------------------------------------------------------------
|             INITIALIZING CANDIDATE TREE SET                      |
--------------------------------------------------------------------
Generating 98 parsimony trees... 520.413 second
Computing log-likelihood of 98 initial trees ... 317.002 seconds
Current best score: -12941803.577

Do NNI search on 20 best initial trees
Estimate model parameters (epsilon = 0.100)
BETTER TREE FOUND at iteration 1: -12939768.533
Iteration 10 / LogL: -12940816.105 / Time: 0h:37m:28s
Iteration 20 / LogL: -12940494.880 / Time: 0h:49m:41s
Finish initializing candidate tree set (19)
Current best tree score: -12939768.533 / CPU time: 2278.261
Number of iterations: 20
--------------------------------------------------------------------
|               OPTIMIZING CANDIDATE TREE SET                      |
--------------------------------------------------------------------
Estimate model parameters (epsilon = 0.100)
BETTER TREE FOUND at iteration 23: -12939749.352
Iteration 30 / LogL: -12939749.379 / Time: 0h:59m:20s (3h:10m:4s left)
Iteration 40 / LogL: -12939827.012 / Time: 1h:7m:46s (2h:24m:5s left)
Iteration 50 / LogL: -12939946.913 / Time: 1h:16m:48s (1h:54m:18s left)
Log-likelihood cutoff on original alignment: -12940027.757
Iteration 60 / LogL: -12940050.662 / Time: 1h:26m:9s (1h:31m:55s left)
Iteration 70 / LogL: -12939785.856 / Time: 1h:35m:25s (1h:13m:13s left)
Iteration 80 / LogL: -12939841.080 / Time: 1h:44m:9s (0h:56m:39s left)
Iteration 90 / LogL: -12939749.480 / Time: 1h:53m:27s (0h:42m:2s left)
Iteration 100 / LogL: -12939749.367 / Time: 2h:2m:20s (0h:28m:24s left)
Log-likelihood cutoff on original alignment: -12940027.757
NOTE: Bootstrap correlation coefficient of split occurrence frequencies: 0.996
Iteration 110 / LogL: -12939782.102 / Time: 2h:10m:53s (1h:48m:1s left)
Iteration 120 / LogL: -12939794.443 / Time: 2h:19m:13s (1h:33m:32s left)
TREE SEARCH COMPLETED AFTER 124 ITERATIONS / Time: 2h:22m:42s

--------------------------------------------------------------------
|                    FINALIZING TREE SEARCH                        |
--------------------------------------------------------------------
Performs final model parameters optimization
Estimate model parameters (epsilon = 0.010)
1. Initial log-likelihood: -12939749.352
Optimal log-likelihood: -12939749.342
Rate parameters:  A-C: 1.00047  A-G: 5.03252  A-T: 0.56164  C-G: 1.27250  C-T: 5.00103  G-T: 1.00000
Base frequencies:  A: 0.281  C: 0.217  G: 0.218  T: 0.284
Proportion of invariable sites: 0.000
Site proportion and rates:  (0.089,0.889) (0.377,0.890) (0.493,0.890) (0.040,3.629)
Parameters optimization took 1 rounds (20.504 sec)
BEST SCORE FOUND : -12939749.342
Creating bootstrap support values...
Split supports printed to NEXUS file /home/erenada/BirdTree/Alignments/AllSites/NoGap/m5/Jarvis_pi_m5_intron_nogap.phylip-relaxed.splits.nex
Total tree length: 3.727

Total number of iterations: 124
CPU time used for tree search: 64561.268 sec (17h:56m:1s)
Wall-clock time used for tree search: 7858.811 sec (2h:10m:58s)
Total CPU time used: 69247.788 sec (19h:14m:7s)
Total wall-clock time used: 8583.405 sec (2h:23m:3s)

Computing bootstrap consensus tree...
Reading input file /home/erenada/BirdTree/Alignments/AllSites/NoGap/m5/Jarvis_pi_m5_intron_nogap.phylip-relaxed.splits.nex...
48 taxa and 132 splits.
Consensus tree written to /home/erenada/BirdTree/Alignments/AllSites/NoGap/m5/Jarvis_pi_m5_intron_nogap.phylip-relaxed.contree
Reading input trees file /home/erenada/BirdTree/Alignments/AllSites/NoGap/m5/Jarvis_pi_m5_intron_nogap.phylip-relaxed.contree
Log-likelihood of consensus tree: -12939757.273

Analysis results written to: 
  IQ-TREE report:                /home/erenada/BirdTree/Alignments/AllSites/NoGap/m5/Jarvis_pi_m5_intron_nogap.phylip-relaxed.iqtree
  Maximum-likelihood tree:       /home/erenada/BirdTree/Alignments/AllSites/NoGap/m5/Jarvis_pi_m5_intron_nogap.phylip-relaxed.treefile
  Likelihood distances:          /home/erenada/BirdTree/Alignments/AllSites/NoGap/m5/Jarvis_pi_m5_intron_nogap.phylip-relaxed.mldist

Ultrafast bootstrap approximation results written to:
  Split support values:          /home/erenada/BirdTree/Alignments/AllSites/NoGap/m5/Jarvis_pi_m5_intron_nogap.phylip-relaxed.splits.nex
  Consensus tree:                /home/erenada/BirdTree/Alignments/AllSites/NoGap/m5/Jarvis_pi_m5_intron_nogap.phylip-relaxed.contree
  Screen log file:               /home/erenada/BirdTree/Alignments/AllSites/NoGap/m5/Jarvis_pi_m5_intron_nogap.phylip-relaxed.log

Date and Time: Thu Jun  4 06:57:44 2020
