IQ-TREE multicore version 1.7-beta16 for Linux 64-bit built Sep 24 2019
Developed by Bui Quang Minh, Nguyen Lam Tung, Olga Chernomor,
Heiko Schmidt, Dominik Schrempf, Michael Woodhams.

Host:    n028.cluster.com (AVX, 125 GB RAM)
Command: iqtree -s /home/erenada/BirdTree/Alignments/AllSites/Gap/m2/Jarvis_pi_m2_UTR5.phylip-relaxed -m GTR+I+R -B 1000 -nt AUTO
Seed:    354220 (Using SPRNG - Scalable Parallel Random Number Generator)
Time:    Tue Jun  2 21:31:34 2020
Kernel:  AVX - auto-detect threads (20 CPU cores detected)

Reading alignment file /home/erenada/BirdTree/Alignments/AllSites/Gap/m2/Jarvis_pi_m2_UTR5.phylip-relaxed ... Phylip format detected
Alignment most likely contains DNA/RNA sequences
Alignment has 48 sequences with 5419 columns, 5212 distinct patterns
5400 parsimony-informative, 8 singleton sites, 11 constant sites
        Gap/Ambiguity  Composition  p-value
   1  AcaChl    1.72%    failed      1.55%
   2  AnaPla    3.16%    passed     38.11%
   3  AntCar    2.69%    passed     40.35%
   4  ApaVit    2.20%    passed     86.48%
   5  AptFor    2.40%    passed     11.41%
   6  BalReg    1.00%    passed     15.23%
   7  BucRhi    1.96%    passed     13.27%
   8  CalAnn    1.35%    passed     79.00%
   9  CarCri    1.38%    passed     23.81%
  10  CatAur    3.54%    failed      4.59%
  11  ChaPel    2.14%    passed     88.14%
  12  ChaVoc    1.37%    passed     54.16%
  13  ChlMac    1.42%    passed     86.25%
  14  ColLiv    2.10%    passed     12.54%
  15  ColStr    1.92%    passed     82.98%
  16  CorBra    1.31%    passed     12.00%
  17  CucCan    1.66%    passed     95.69%
  18  EgrGar    1.18%    passed     98.39%
  19  EurHel    1.72%    passed     36.32%
  20  FalPer    1.42%    passed     22.19%
  21  FulGla    1.11%    passed     11.95%
  22  GalGal    2.80%    failed      0.00%
  23  GavSte    0.81%    passed     26.23%
  24  GeoFor    1.75%    failed      0.00%
  25  HalAlb    2.62%    passed     23.85%
  26  HalLeu    0.46%    passed     14.43%
  27  LepDis    0.81%    passed     58.65%
  28  ManVit    1.90%    passed      9.47%
  29  MelGal    2.23%    failed      0.88%
  30  MelUnd    2.16%    passed     91.46%
  31  MerNub    2.05%    failed      3.97%
  32  MesUni    1.79%    passed     26.58%
  33  NesNot    1.25%    passed     93.85%
  34  NipNip    1.38%    passed     21.51%
  35  OpiHoa    1.35%    passed     47.35%
  36  PelCri    0.96%    passed     11.18%
  37  PhaCar    1.61%    passed     33.02%
  38  PhaLep    0.87%    passed     44.57%
  39  PhoRub    1.24%    passed     58.23%
  40  PicPub    4.67%    failed      0.04%
  41  PodCri    0.81%    passed     44.25%
  42  PteGut    1.05%    passed     87.63%
  43  PygAde    1.96%    passed      7.31%
  44  StrCam    1.88%    passed     55.63%
  45  TaeGut    3.03%    failed      0.27%
  46  TauEry    0.92%    passed     89.00%
  47  TinGut   11.35%    failed      4.16%
  48  TytAlb    1.51%    failed      1.23%
****  TOTAL     1.96%  10 sequences failed composition chi2 test (p-value<5%; df=3)

Create initial parsimony tree by phylogenetic likelihood library (PLL)... 0.018 seconds
Generating 1000 samples for ultrafast bootstrap (seed: 354220)...

NOTE: 52 MB RAM (0 GB) is required!
Measuring multi-threading efficiency up to 20 CPU cores
Increase to 10 rounds for branch lengths
37 trees examined
Threads: 1 / Time: 20.150 sec / Speedup: 1.000 / Efficiency: 100% / LogL: -103936
Threads: 2 / Time: 11.328 sec / Speedup: 1.779 / Efficiency: 89% / LogL: -103936
Threads: 3 / Time: 8.092 sec / Speedup: 2.490 / Efficiency: 83% / LogL: -103936
Threads: 4 / Time: 6.533 sec / Speedup: 3.084 / Efficiency: 77% / LogL: -103936
Threads: 5 / Time: 5.363 sec / Speedup: 3.757 / Efficiency: 75% / LogL: -103936
Threads: 6 / Time: 4.786 sec / Speedup: 4.210 / Efficiency: 70% / LogL: -103936
Threads: 7 / Time: 4.597 sec / Speedup: 4.383 / Efficiency: 63% / LogL: -103936
Threads: 8 / Time: 4.285 sec / Speedup: 4.702 / Efficiency: 59% / LogL: -103936
Threads: 9 / Time: 3.750 sec / Speedup: 5.374 / Efficiency: 60% / LogL: -103936
Threads: 10 / Time: 3.828 sec / Speedup: 5.264 / Efficiency: 53% / LogL: -103936
Threads: 11 / Time: 3.634 sec / Speedup: 5.545 / Efficiency: 50% / LogL: -103936
Threads: 12 / Time: 3.537 sec / Speedup: 5.696 / Efficiency: 47% / LogL: -103936
BEST NUMBER OF THREADS: 9

Estimate model parameters (epsilon = 0.100)
1. Initial log-likelihood: -93201.748
2. Current log-likelihood: -85573.786
3. Current log-likelihood: -84919.904
4. Current log-likelihood: -84901.478
5. Current log-likelihood: -84898.891
6. Current log-likelihood: -84898.559
Optimal log-likelihood: -84898.520
Rate parameters:  A-C: 0.88780  A-G: 5.05078  A-T: 0.45161  C-G: 1.34398  C-T: 5.09997  G-T: 1.00000
Base frequencies:  A: 0.298  C: 0.205  G: 0.204  T: 0.292
Proportion of invariable sites: 0.001
Site proportion and rates:  (0.102,0.842) (0.375,0.843) (0.458,0.845) (0.066,3.208)
Parameters optimization took 6 rounds (1.953 sec)
Computing ML distances based on estimated model parameters... 0.144 sec
Computing BIONJ tree...
0.032 seconds
Log-likelihood of BIONJ tree: -84828.508
--------------------------------------------------------------------
|             INITIALIZING CANDIDATE TREE SET                      |
--------------------------------------------------------------------
Generating 98 parsimony trees... 2.082 second
Computing log-likelihood of 98 initial trees ... 1.504 seconds
Current best score: -84808.726

Do NNI search on 20 best initial trees
Estimate model parameters (epsilon = 0.100)
BETTER TREE FOUND at iteration 1: -84782.050
Estimate model parameters (epsilon = 0.100)
BETTER TREE FOUND at iteration 4: -84775.346
Estimate model parameters (epsilon = 0.100)
BETTER TREE FOUND at iteration 5: -84775.136
Estimate model parameters (epsilon = 0.100)
BETTER TREE FOUND at iteration 6: -84772.674
Estimate model parameters (epsilon = 0.100)
BETTER TREE FOUND at iteration 9: -84769.846
Iteration 10 / LogL: -84784.419 / Time: 0h:1m:29s
Estimate model parameters (epsilon = 0.100)
BETTER TREE FOUND at iteration 17: -84766.417
Iteration 20 / LogL: -84794.492 / Time: 0h:1m:32s
Finish initializing candidate tree set (20)
Current best tree score: -84766.417 / CPU time: 10.712
Number of iterations: 20
--------------------------------------------------------------------
|               OPTIMIZING CANDIDATE TREE SET                      |
--------------------------------------------------------------------
Estimate model parameters (epsilon = 0.100)
BETTER TREE FOUND at iteration 21: -84761.261
Iteration 30 / LogL: -84763.807 / Time: 0h:1m:36s (0h:5m:2s left)
Iteration 40 / LogL: -84765.893 / Time: 0h:1m:39s (0h:3m:26s left)
Iteration 50 / LogL: -84763.586 / Time: 0h:1m:42s (0h:2m:28s left)
Log-likelihood cutoff on original alignment: -84818.262
Iteration 60 / LogL: -84766.940 / Time: 0h:1m:45s (0h:1m:48s left)
Iteration 70 / LogL: -84763.435 / Time: 0h:1m:48s (0h:1m:19s left)
Iteration 80 / LogL: -84766.816 / Time: 0h:1m:51s (0h:0m:57s left)
Iteration 90 / LogL: -84780.252 / Time: 0h:1m:53s (0h:0m:39s left)
Iteration 100 / LogL: -84761.354 / Time: 0h:1m:56s (0h:0m:24s left)
Log-likelihood cutoff on original alignment: -84818.262
NOTE: Bootstrap correlation coefficient of split occurrence frequencies: 0.996
Estimate model parameters (epsilon = 0.100)
BETTER TREE FOUND at iteration 104: -84761.076
Iteration 110 / LogL: -84761.076 / Time: 0h:1m:59s (0h:1m:43s left)
Iteration 120 / LogL: -84936.798 / Time: 0h:2m:2s (0h:1m:26s left)
Iteration 130 / LogL: -84763.892 / Time: 0h:2m:5s (0h:1m:12s left)
Iteration 140 / LogL: -84761.263 / Time: 0h:2m:8s (0h:0m:59s left)
Iteration 150 / LogL: -84761.266 / Time: 0h:2m:11s (0h:0m:47s left)
Log-likelihood cutoff on original alignment: -84818.262
Iteration 160 / LogL: -84774.144 / Time: 0h:2m:14s (0h:0m:37s left)
Iteration 170 / LogL: -84765.523 / Time: 0h:2m:17s (0h:0m:27s left)
Iteration 180 / LogL: -84777.852 / Time: 0h:2m:20s (0h:0m:18s left)
Iteration 190 / LogL: -84761.640 / Time: 0h:2m:23s (0h:0m:10s left)
Iteration 200 / LogL: -84762.232 / Time: 0h:2m:25s (0h:0m:2s left)
Log-likelihood cutoff on original alignment: -84818.262
NOTE: Bootstrap correlation coefficient of split occurrence frequencies: 0.997
TREE SEARCH COMPLETED AFTER 205 ITERATIONS / Time: 0h:2m:27s

--------------------------------------------------------------------
|                    FINALIZING TREE SEARCH                        |
--------------------------------------------------------------------
Performs final model parameters optimization
Estimate model parameters (epsilon = 0.010)
1. Initial log-likelihood: -84761.076
Optimal log-likelihood: -84761.075
Rate parameters:  A-C: 0.88178  A-G: 5.08762  A-T: 0.45704  C-G: 1.33947  C-T: 5.13111  G-T: 1.00000
Base frequencies:  A: 0.298  C: 0.205  G: 0.204  T: 0.292
Proportion of invariable sites: 0.001
Site proportion and rates:  (0.459,0.848) (0.102,0.848) (0.375,0.848) (0.064,3.232)
Parameters optimization took 1 rounds (0.059 sec)
BEST SCORE FOUND : -84761.075
Creating bootstrap support values...
Split supports printed to NEXUS file /home/erenada/BirdTree/Alignments/AllSites/Gap/m2/Jarvis_pi_m2_UTR5.phylip-relaxed.splits.nex
Total tree length: 3.624

Total number of iterations: 205
CPU time used for tree search: 548.881 sec (0h:9m:8s)
Wall-clock time used for tree search: 65.187 sec (0h:1m:5s)
Total CPU time used: 937.411 sec (0h:15m:37s)
Total wall-clock time used: 147.599 sec (0h:2m:27s)

Computing bootstrap consensus tree...
Reading input file /home/erenada/BirdTree/Alignments/AllSites/Gap/m2/Jarvis_pi_m2_UTR5.phylip-relaxed.splits.nex...
48 taxa and 526 splits.
Consensus tree written to /home/erenada/BirdTree/Alignments/AllSites/Gap/m2/Jarvis_pi_m2_UTR5.phylip-relaxed.contree
Reading input trees file /home/erenada/BirdTree/Alignments/AllSites/Gap/m2/Jarvis_pi_m2_UTR5.phylip-relaxed.contree
Log-likelihood of consensus tree: -84761.354

Analysis results written to: 
  IQ-TREE report:                /home/erenada/BirdTree/Alignments/AllSites/Gap/m2/Jarvis_pi_m2_UTR5.phylip-relaxed.iqtree
  Maximum-likelihood tree:       /home/erenada/BirdTree/Alignments/AllSites/Gap/m2/Jarvis_pi_m2_UTR5.phylip-relaxed.treefile
  Likelihood distances:          /home/erenada/BirdTree/Alignments/AllSites/Gap/m2/Jarvis_pi_m2_UTR5.phylip-relaxed.mldist

Ultrafast bootstrap approximation results written to:
  Split support values:          /home/erenada/BirdTree/Alignments/AllSites/Gap/m2/Jarvis_pi_m2_UTR5.phylip-relaxed.splits.nex
  Consensus tree:                /home/erenada/BirdTree/Alignments/AllSites/Gap/m2/Jarvis_pi_m2_UTR5.phylip-relaxed.contree
  Screen log file:               /home/erenada/BirdTree/Alignments/AllSites/Gap/m2/Jarvis_pi_m2_UTR5.phylip-relaxed.log

Date and Time: Tue Jun  2 21:34:02 2020
