IQ-TREE multicore version 1.7-beta16 for Linux 64-bit built Sep 24 2019
Developed by Bui Quang Minh, Nguyen Lam Tung, Olga Chernomor,
Heiko Schmidt, Dominik Schrempf, Michael Woodhams.

Host:    n028.cluster.com (AVX, 125 GB RAM)
Command: iqtree -s /home/erenada/BirdTree/Alignments/AllSites/Gap/m3/Jarvis_pi_m3_UTR5.phylip-relaxed -m GTR+I+R -B 1000 -nt AUTO
Seed:    532270 (Using SPRNG - Scalable Parallel Random Number Generator)
Time:    Tue Jun  2 21:34:02 2020
Kernel:  AVX - auto-detect threads (20 CPU cores detected)

Reading alignment file /home/erenada/BirdTree/Alignments/AllSites/Gap/m3/Jarvis_pi_m3_UTR5.phylip-relaxed ... Phylip format detected
Alignment most likely contains DNA/RNA sequences
Alignment has 48 sequences with 6354 columns, 6146 distinct patterns
6335 parsimony-informative, 8 singleton sites, 11 constant sites
        Gap/Ambiguity  Composition  p-value
   1  AcaChl    2.38%    failed      1.56%
   2  AnaPla    4.38%    passed     21.52%
   3  AntCar    3.40%    passed     46.67%
   4  ApaVit    2.68%    passed     76.23%
   5  AptFor    2.74%    passed      5.91%
   6  BalReg    1.50%    passed      6.12%
   7  BucRhi    2.69%    passed     11.44%
   8  CalAnn    1.94%    passed     84.09%
   9  CarCri    1.83%    passed     19.32%
  10  CatAur    5.07%    failed      2.00%
  11  ChaPel    2.52%    passed     90.70%
  12  ChaVoc    1.57%    passed     58.62%
  13  ChlMac    2.12%    passed     91.16%
  14  ColLiv    2.47%    passed     19.62%
  15  ColStr    2.88%    passed     95.37%
  16  CorBra    2.14%    passed      7.76%
  17  CucCan    2.08%    passed     99.36%
  18  EgrGar    1.53%    passed     93.68%
  19  EurHel    2.03%    passed     30.26%
  20  FalPer    1.84%    passed      9.78%
  21  FulGla    1.38%    passed      8.21%
  22  GalGal    3.48%    failed      0.00%
  23  GavSte    1.05%    passed     16.83%
  24  GeoFor    2.61%    failed      0.00%
  25  HalAlb    3.62%    passed     14.04%
  26  HalLeu    0.80%    passed      9.82%
  27  LepDis    1.23%    passed     58.67%
  28  ManVit    2.77%    failed      1.48%
  29  MelGal    2.94%    failed      0.08%
  30  MelUnd    2.60%    passed     92.22%
  31  MerNub    3.02%    failed      2.80%
  32  MesUni    2.52%    passed     19.05%
  33  NesNot    2.09%    passed     97.91%
  34  NipNip    1.84%    passed      5.10%
  35  OpiHoa    1.83%    passed     58.12%
  36  PelCri    1.40%    passed      5.45%
  37  PhaCar    2.47%    passed     41.31%
  38  PhaLep    1.04%    passed     43.72%
  39  PhoRub    1.34%    passed     48.77%
  40  PicPub    5.57%    failed      0.00%
  41  PodCri    1.34%    passed     41.36%
  42  PteGut    1.48%    passed     94.51%
  43  PygAde    2.06%    failed      2.47%
  44  StrCam    2.60%    passed     40.66%
  45  TaeGut    4.39%    failed      0.33%
  46  TauEry    1.37%    passed     75.18%
  47  TinGut   13.87%    failed      0.94%
  48  TytAlb    2.20%    failed      0.43%
****  TOTAL     2.60%  12 sequences failed composition chi2 test (p-value<5%; df=3)

Create initial parsimony tree by phylogenetic likelihood library (PLL)... 0.023 seconds
Generating 1000 samples for ultrafast bootstrap (seed: 532270)...

NOTE: 61 MB RAM (0 GB) is required!
Measuring multi-threading efficiency up to 20 CPU cores
Increase to 10 rounds for branch lengths
32 trees examined
Threads: 1 / Time: 20.416 sec / Speedup: 1.000 / Efficiency: 100% / LogL: -124514
Threads: 2 / Time: 14.586 sec / Speedup: 1.400 / Efficiency: 70% / LogL: -124514
Threads: 3 / Time: 9.949 sec / Speedup: 2.052 / Efficiency: 68% / LogL: -124514
Threads: 4 / Time: 8.426 sec / Speedup: 2.423 / Efficiency: 61% / LogL: -124514
Threads: 5 / Time: 7.033 sec / Speedup: 2.903 / Efficiency: 58% / LogL: -124514
Threads: 6 / Time: 7.433 sec / Speedup: 2.747 / Efficiency: 46% / LogL: -124514
BEST NUMBER OF THREADS: 5

Estimate model parameters (epsilon = 0.100)
1. Initial log-likelihood: -110739.290
2. Current log-likelihood: -101021.318
3. Current log-likelihood: -100907.781
4. Current log-likelihood: -100887.772
5. Current log-likelihood: -100884.786
6. Current log-likelihood: -100884.354
Optimal log-likelihood: -100884.309
Rate parameters:  A-C: 0.88463  A-G: 4.93485  A-T: 0.42870  C-G: 1.33310  C-T: 5.01016  G-T: 1.00000
Base frequencies:  A: 0.297  C: 0.205  G: 0.205  T: 0.293
Proportion of invariable sites: 0.001
Site proportion and rates:  (0.100,0.834) (0.374,0.834) (0.457,0.840) (0.070,3.179)
Parameters optimization took 6 rounds (2.322 sec)
Computing ML distances based on estimated model parameters... 0.131 sec
Computing BIONJ tree...
0.031 seconds
Log-likelihood of BIONJ tree: -100805.023
--------------------------------------------------------------------
|             INITIALIZING CANDIDATE TREE SET                      |
--------------------------------------------------------------------
Generating 98 parsimony trees... 2.333 second
Computing log-likelihood of 98 initial trees ... 2.200 seconds
Current best score: -100805.023

Do NNI search on 20 best initial trees
Estimate model parameters (epsilon = 0.100)
BETTER TREE FOUND at iteration 1: -100760.095
Estimate model parameters (epsilon = 0.100)
BETTER TREE FOUND at iteration 4: -100755.020
Estimate model parameters (epsilon = 0.100)
BETTER TREE FOUND at iteration 7: -100746.918
Iteration 10 / LogL: -100763.458 / Time: 0h:1m:20s
Estimate model parameters (epsilon = 0.100)
BETTER TREE FOUND at iteration 13: -100739.122
Iteration 20 / LogL: -100760.960 / Time: 0h:1m:25s
Finish initializing candidate tree set (20)
Current best tree score: -100739.122 / CPU time: 15.419
Number of iterations: 20
--------------------------------------------------------------------
|               OPTIMIZING CANDIDATE TREE SET                      |
--------------------------------------------------------------------
Iteration 30 / LogL: -100746.320 / Time: 0h:1m:30s (0h:4m:17s left)
Iteration 40 / LogL: -100745.989 / Time: 0h:1m:34s (0h:2m:56s left)
Iteration 50 / LogL: -100739.123 / Time: 0h:1m:38s (0h:2m:6s left)
Log-likelihood cutoff on original alignment: -100798.968
Iteration 60 / LogL: -100739.678 / Time: 0h:1m:43s (0h:1m:33s left)
Iteration 70 / LogL: -100739.678 / Time: 0h:1m:48s (0h:1m:7s left)
Iteration 80 / LogL: -100742.825 / Time: 0h:1m:53s (0h:0m:47s left)
Iteration 90 / LogL: -100744.063 / Time: 0h:1m:57s (0h:0m:30s left)
Iteration 100 / LogL: -100741.848 / Time: 0h:2m:2s (0h:0m:16s left)
Log-likelihood cutoff on original alignment: -100793.003
NOTE: Bootstrap correlation coefficient of split occurrence frequencies: 0.997
Iteration 110 / LogL: -100739.691 / Time: 0h:2m:7s (0h:1m:44s left)
TREE SEARCH COMPLETED AFTER 114 ITERATIONS / Time: 0h:2m:9s

--------------------------------------------------------------------
|                    FINALIZING TREE SEARCH                        |
--------------------------------------------------------------------
Performs final model parameters optimization
Estimate model parameters (epsilon = 0.010)
1. Initial log-likelihood: -100739.122
Optimal log-likelihood: -100739.122
Rate parameters:  A-C: 0.87615  A-G: 4.94681  A-T: 0.43123  C-G: 1.32285  C-T: 5.01665  G-T: 1.00000
Base frequencies:  A: 0.297  C: 0.205  G: 0.205  T: 0.293
Proportion of invariable sites: 0.001
Site proportion and rates:  (0.100,0.838) (0.374,0.838) (0.457,0.839) (0.068,3.217)
Parameters optimization took 1 rounds (0.126 sec)
BEST SCORE FOUND : -100739.122
Creating bootstrap support values...
Split supports printed to NEXUS file /home/erenada/BirdTree/Alignments/AllSites/Gap/m3/Jarvis_pi_m3_UTR5.phylip-relaxed.splits.nex
Total tree length: 3.743

Total number of iterations: 114
CPU time used for tree search: 279.472 sec (0h:4m:39s)
Wall-clock time used for tree search: 58.433 sec (0h:0m:58s)
Total CPU time used: 484.989 sec (0h:8m:4s)
Total wall-clock time used: 129.335 sec (0h:2m:9s)

Computing bootstrap consensus tree...
Reading input file /home/erenada/BirdTree/Alignments/AllSites/Gap/m3/Jarvis_pi_m3_UTR5.phylip-relaxed.splits.nex...
48 taxa and 494 splits.
Consensus tree written to /home/erenada/BirdTree/Alignments/AllSites/Gap/m3/Jarvis_pi_m3_UTR5.phylip-relaxed.contree
Reading input trees file /home/erenada/BirdTree/Alignments/AllSites/Gap/m3/Jarvis_pi_m3_UTR5.phylip-relaxed.contree
Log-likelihood of consensus tree: -100742.243

Analysis results written to: 
  IQ-TREE report:                /home/erenada/BirdTree/Alignments/AllSites/Gap/m3/Jarvis_pi_m3_UTR5.phylip-relaxed.iqtree
  Maximum-likelihood tree:       /home/erenada/BirdTree/Alignments/AllSites/Gap/m3/Jarvis_pi_m3_UTR5.phylip-relaxed.treefile
  Likelihood distances:          /home/erenada/BirdTree/Alignments/AllSites/Gap/m3/Jarvis_pi_m3_UTR5.phylip-relaxed.mldist

Ultrafast bootstrap approximation results written to:
  Split support values:          /home/erenada/BirdTree/Alignments/AllSites/Gap/m3/Jarvis_pi_m3_UTR5.phylip-relaxed.splits.nex
  Consensus tree:                /home/erenada/BirdTree/Alignments/AllSites/Gap/m3/Jarvis_pi_m3_UTR5.phylip-relaxed.contree
  Screen log file:               /home/erenada/BirdTree/Alignments/AllSites/Gap/m3/Jarvis_pi_m3_UTR5.phylip-relaxed.log

Date and Time: Tue Jun  2 21:36:12 2020
