IQ-TREE multicore version 1.7-beta16 for Linux 64-bit built Sep 24 2019
Developed by Bui Quang Minh, Nguyen Lam Tung, Olga Chernomor,
Heiko Schmidt, Dominik Schrempf, Michael Woodhams.

Host:    n022.cluster.com (AVX, 125 GB RAM)
Command: iqtree -s /home/erenada/BirdTree/Alignments/AllSites/NoGap/m4/Jarvis_pi_m4_genic-other_nogap.phylip-relaxed -m GTR+I+R -B 1000 -nt AUTO
Seed:    132095 (Using SPRNG - Scalable Parallel Random Number Generator)
Time:    Wed Jun  3 22:12:36 2020
Kernel:  AVX - auto-detect threads (20 CPU cores detected)

Reading alignment file /home/erenada/BirdTree/Alignments/AllSites/NoGap/m4/Jarvis_pi_m4_genic-other_nogap.phylip-relaxed ... Phylip format detected
Alignment most likely contains DNA/RNA sequences
Alignment has 48 sequences with 58888 columns, 55576 distinct patterns
58888 parsimony-informative, 0 singleton sites, 0 constant sites
        Gap/Ambiguity  Composition  p-value
   1  AcaChl    4.05%    failed      0.01%
   2  AnaPla    4.37%    failed      0.33%
   3  AntCar    4.11%    failed      0.00%
   4  ApaVit    3.48%    passed     22.08%
   5  AptFor    2.32%    failed      0.18%
   6  BalReg    1.96%    failed      0.45%
   7  BucRhi    3.47%    failed      0.00%
   8  CalAnn    5.03%    passed     16.91%
   9  CarCri    2.38%    passed      5.18%
  10  CatAur    5.66%    failed      0.00%
  11  ChaPel    3.45%    failed      1.13%
  12  ChaVoc    1.71%    passed     84.08%
  13  ChlMac    2.15%    passed     50.86%
  14  ColLiv    2.95%    passed     71.85%
  15  ColStr    4.21%    failed      0.07%
  16  CorBra    2.75%    failed      0.00%
  17  CucCan    3.33%    passed     94.30%
  18  EgrGar    1.96%    passed     82.69%
  19  EurHel    2.92%    failed      0.23%
  20  FalPer    2.46%    failed      3.42%
  21  FulGla    1.56%    failed      0.12%
  22  GalGal    4.12%    failed      0.00%
  23  GavSte    1.87%    failed      1.53%
  24  GeoFor    5.25%    failed      0.00%
  25  HalAlb    2.37%    failed      2.26%
  26  HalLeu    0.84%    failed      0.60%
  27  LepDis    1.93%    passed     24.59%
  28  ManVit    3.09%    failed      1.71%
  29  MelGal    5.25%    failed      0.00%
  30  MelUnd    3.37%    passed     95.05%
  31  MerNub    4.39%    failed      0.84%
  32  MesUni    2.94%    passed     10.41%
  33  NesNot    2.71%    passed     95.85%
  34  NipNip    1.78%    failed      0.13%
  35  OpiHoa    1.96%    failed      0.64%
  36  PelCri    1.47%    passed      5.85%
  37  PhaCar    2.38%    failed      3.99%
  38  PhaLep    1.51%    passed     27.07%
  39  PhoRub    1.59%    passed     99.80%
  40  PicPub   10.89%    failed      0.00%
  41  PodCri    2.10%    passed     10.15%
  42  PteGut    2.53%    passed     81.16%
  43  PygAde    2.31%    failed      0.00%
  44  StrCam    7.04%    failed      0.25%
  45  TaeGut    5.78%    failed      0.02%
  46  TauEry    1.76%    passed     68.64%
  47  TinGut   24.95%    failed      0.36%
  48  TytAlb    2.51%    failed      0.00%
****  TOTAL     3.65%  30 sequences failed composition chi2 test (p-value<5%; df=3)

Create initial parsimony tree by phylogenetic likelihood library (PLL)... 0.197 seconds
Generating 1000 samples for ultrafast bootstrap (seed: 132095)...

NOTE: 558 MB RAM (0 GB) is required!
Measuring multi-threading efficiency up to 20 CPU cores
Increase to 10 rounds for branch lengths
3 trees examined
Threads: 1 / Time: 23.599 sec / Speedup: 1.000 / Efficiency: 100% / LogL: -1141656
Threads: 2 / Time: 13.512 sec / Speedup: 1.746 / Efficiency: 87% / LogL: -1141656
Threads: 3 / Time: 10.349 sec / Speedup: 2.280 / Efficiency: 76% / LogL: -1141656
Threads: 4 / Time: 7.450 sec / Speedup: 3.168 / Efficiency: 79% / LogL: -1141656
Threads: 5 / Time: 6.540 sec / Speedup: 3.609 / Efficiency: 72% / LogL: -1141656
Threads: 6 / Time: 5.728 sec / Speedup: 4.120 / Efficiency: 69% / LogL: -1141656
Threads: 7 / Time: 5.068 sec / Speedup: 4.657 / Efficiency: 67% / LogL: -1141656
Threads: 8 / Time: 4.635 sec / Speedup: 5.091 / Efficiency: 64% / LogL: -1141656
Threads: 9 / Time: 4.046 sec / Speedup: 5.833 / Efficiency: 65% / LogL: -1141656
Threads: 10 / Time: 3.875 sec / Speedup: 6.091 / Efficiency: 61% / LogL: -1141656
Threads: 11 / Time: 2.778 sec / Speedup: 8.496 / Efficiency: 77% / LogL: -1141656
Threads: 12 / Time: 4.760 sec / Speedup: 4.957 / Efficiency: 41% / LogL: -1141656
BEST NUMBER OF THREADS: 11

Estimate model parameters (epsilon = 0.100)
1. Initial log-likelihood: -1024744.601
2. Current log-likelihood: -937957.047
3. Current log-likelihood: -936612.874
4. Current log-likelihood: -936229.358
5. Current log-likelihood: -936183.242
6. Current log-likelihood: -936180.331
7. Current log-likelihood: -936180.131
Optimal log-likelihood: -936180.115
Rate parameters:  A-C: 1.02024  A-G: 5.09165  A-T: 0.55893  C-G: 1.29343  C-T: 5.09990  G-T: 1.00000
Base frequencies:  A: 0.278  C: 0.216  G: 0.218  T: 0.288
Proportion of invariable sites: 0.000
Site proportion and rates:  (0.089,0.893) (0.378,0.893) (0.494,0.893) (0.038,3.696)
Parameters optimization took 7 rounds (14.652 sec)
Computing ML distances based on estimated model parameters... 1.037 sec
Computing BIONJ tree...
0.031 seconds
Log-likelihood of BIONJ tree: -936336.930
--------------------------------------------------------------------
|             INITIALIZING CANDIDATE TREE SET                      |
--------------------------------------------------------------------
Generating 98 parsimony trees... 25.237 second
Computing log-likelihood of 98 initial trees ... 12.668 seconds
Current best score: -936006.348

Do NNI search on 20 best initial trees
Estimate model parameters (epsilon = 0.100)
BETTER TREE FOUND at iteration 1: -935660.469
Estimate model parameters (epsilon = 0.100)
BETTER TREE FOUND at iteration 2: -935651.344
Estimate model parameters (epsilon = 0.100)
BETTER TREE FOUND at iteration 3: -935637.938
Iteration 10 / LogL: -935643.762 / Time: 0h:3m:6s
Estimate model parameters (epsilon = 0.100)
BETTER TREE FOUND at iteration 15: -935628.672
Iteration 20 / LogL: -935666.266 / Time: 0h:3m:41s
Finish initializing candidate tree set (18)
Current best tree score: -935628.672 / CPU time: 112.246
Number of iterations: 20
--------------------------------------------------------------------
|               OPTIMIZING CANDIDATE TREE SET                      |
--------------------------------------------------------------------
Estimate model parameters (epsilon = 0.100)
BETTER TREE FOUND at iteration 28: -935625.422
Estimate model parameters (epsilon = 0.100)
BETTER TREE FOUND at iteration 29: -935625.298
Iteration 30 / LogL: -935625.591 / Time: 0h:4m:8s (0h:14m:8s left)
Iteration 40 / LogL: -935628.673 / Time: 0h:4m:36s (0h:10m:31s left)
Iteration 50 / LogL: -935625.551 / Time: 0h:5m:0s (0h:8m:4s left)
Log-likelihood cutoff on original alignment: -935763.590
Estimate model parameters (epsilon = 0.100)
BETTER TREE FOUND at iteration 52: -935623.449
Iteration 60 / LogL: -935634.517 / Time: 0h:5m:26s (0h:8m:27s left)
Iteration 70 / LogL: -935631.753 / Time: 0h:5m:50s (0h:6m:55s left)
Iteration 80 / LogL: -935625.791 / Time: 0h:6m:14s (0h:5m:40s left)
Iteration 90 / LogL: -935641.409 / Time: 0h:6m:38s (0h:4m:37s left)
Iteration 100 / LogL: -935623.504 / Time: 0h:7m:1s (0h:3m:41s left)
Log-likelihood cutoff on original alignment: -935763.590
NOTE: Bootstrap correlation coefficient of split occurrence frequencies: 0.997
Iteration 110 / LogL: -935626.857 / Time: 0h:7m:25s (0h:6m:7s left)
Iteration 120 / LogL: -935628.216 / Time: 0h:7m:51s (0h:5m:16s left)
Iteration 130 / LogL: -935625.294 / Time: 0h:8m:16s (0h:4m:29s left)
Iteration 140 / LogL: -935626.808 / Time: 0h:8m:40s (0h:3m:44s left)
Iteration 150 / LogL: -935634.164 / Time: 0h:9m:2s (0h:3m:2s left)
Log-likelihood cutoff on original alignment: -935763.590
TREE SEARCH COMPLETED AFTER 153 ITERATIONS / Time: 0h:9m:9s

--------------------------------------------------------------------
|                    FINALIZING TREE SEARCH                        |
--------------------------------------------------------------------
Performs final model parameters optimization
Estimate model parameters (epsilon = 0.010)
1. Initial log-likelihood: -935623.449
Optimal log-likelihood: -935623.444
Rate parameters:  A-C: 1.02163  A-G: 5.09650  A-T: 0.55983  C-G: 1.29371  C-T: 5.10179  G-T: 1.00000
Base frequencies:  A: 0.278  C: 0.216  G: 0.218  T: 0.288
Proportion of invariable sites: 0.000
Site proportion and rates:  (0.089,0.893) (0.378,0.894) (0.495,0.894) (0.038,3.720)
Parameters optimization took 1 rounds (0.827 sec)
BEST SCORE FOUND : -935623.444
Creating bootstrap support values...
Split supports printed to NEXUS file /home/erenada/BirdTree/Alignments/AllSites/NoGap/m4/Jarvis_pi_m4_genic-other_nogap.phylip-relaxed.splits.nex
Total tree length: 3.686

Total number of iterations: 153
CPU time used for tree search: 4561.805 sec (1h:16m:1s)
Wall-clock time used for tree search: 440.670 sec (0h:7m:20s)
Total CPU time used: 5128.174 sec (1h:25m:28s)
Total wall-clock time used: 550.616 sec (0h:9m:10s)

Computing bootstrap consensus tree...
Reading input file /home/erenada/BirdTree/Alignments/AllSites/NoGap/m4/Jarvis_pi_m4_genic-other_nogap.phylip-relaxed.splits.nex...
48 taxa and 302 splits.
Consensus tree written to /home/erenada/BirdTree/Alignments/AllSites/NoGap/m4/Jarvis_pi_m4_genic-other_nogap.phylip-relaxed.contree
Reading input trees file /home/erenada/BirdTree/Alignments/AllSites/NoGap/m4/Jarvis_pi_m4_genic-other_nogap.phylip-relaxed.contree
Log-likelihood of consensus tree: -935625.411

Analysis results written to: 
  IQ-TREE report:                /home/erenada/BirdTree/Alignments/AllSites/NoGap/m4/Jarvis_pi_m4_genic-other_nogap.phylip-relaxed.iqtree
  Maximum-likelihood tree:       /home/erenada/BirdTree/Alignments/AllSites/NoGap/m4/Jarvis_pi_m4_genic-other_nogap.phylip-relaxed.treefile
  Likelihood distances:          /home/erenada/BirdTree/Alignments/AllSites/NoGap/m4/Jarvis_pi_m4_genic-other_nogap.phylip-relaxed.mldist

Ultrafast bootstrap approximation results written to:
  Split support values:          /home/erenada/BirdTree/Alignments/AllSites/NoGap/m4/Jarvis_pi_m4_genic-other_nogap.phylip-relaxed.splits.nex
  Consensus tree:                /home/erenada/BirdTree/Alignments/AllSites/NoGap/m4/Jarvis_pi_m4_genic-other_nogap.phylip-relaxed.contree
  Screen log file:               /home/erenada/BirdTree/Alignments/AllSites/NoGap/m4/Jarvis_pi_m4_genic-other_nogap.phylip-relaxed.log

Date and Time: Wed Jun  3 22:21:47 2020
