IQ-TREE multicore version 1.7-beta16 for Linux 64-bit built Sep 24 2019
Developed by Bui Quang Minh, Nguyen Lam Tung, Olga Chernomor,
Heiko Schmidt, Dominik Schrempf, Michael Woodhams.

Host:    n040.cluster.com (AVX, 125 GB RAM)
Command: iqtree -s /home/erenada/BirdTree/Alignments/AllSites/NoGap/m1/Jarvis_pi_m1_CDS_nogap.phylip-relaxed -m GTR+I+R -B 1000 -nt AUTO
Seed:    941287 (Using SPRNG - Scalable Parallel Random Number Generator)
Time:    Wed Jun  3 22:05:38 2020
Kernel:  AVX - auto-detect threads (20 CPU cores detected)

Reading alignment file /home/erenada/BirdTree/Alignments/AllSites/NoGap/m1/Jarvis_pi_m1_CDS_nogap.phylip-relaxed ... Phylip format detected
Alignment most likely contains DNA/RNA sequences
Alignment has 48 sequences with 135148 columns, 110771 distinct patterns
135148 parsimony-informative, 0 singleton sites, 0 constant sites
        Gap/Ambiguity  Composition  p-value
   1  AcaChl    0.90%    failed      0.00%
   2  AnaPla    1.30%    passed     99.64%
   3  AntCar    1.83%    failed      0.00%
   4  ApaVit    0.95%    failed      0.00%
   5  AptFor    0.75%    failed      0.00%
   6  BalReg    0.72%    failed      0.00%
   7  BucRhi    0.81%    failed      0.00%
   8  CalAnn    0.67%    passed     20.14%
   9  CarCri    0.64%    failed      0.00%
  10  CatAur    3.46%    failed      0.00%
  11  ChaPel    0.84%    passed     21.26%
  12  ChaVoc    0.87%    failed      0.00%
  13  ChlMac    0.50%    failed      0.00%
  14  ColLiv    0.98%    failed      0.00%
  15  ColStr    0.93%    failed      0.00%
  16  CorBra    0.63%    failed      0.00%
  17  CucCan    0.90%    failed      0.01%
  18  EgrGar    0.62%    failed      0.00%
  19  EurHel    1.01%    failed      0.00%
  20  FalPer    0.78%    failed      0.00%
  21  FulGla    0.54%    failed      0.00%
  22  GalGal    1.97%    passed     69.04%
  23  GavSte    0.67%    failed      0.00%
  24  GeoFor    1.08%    failed      0.00%
  25  HalAlb    1.05%    failed      0.00%
  26  HalLeu    0.28%    failed      0.00%
  27  LepDis    0.65%    failed      0.04%
  28  ManVit    1.20%    failed      0.00%
  29  MelGal    0.69%    failed      0.03%
  30  MelUnd    1.16%    failed      0.00%
  31  MerNub    1.32%    failed      0.00%
  32  MesUni    0.75%    failed      0.00%
  33  NesNot    0.70%    failed      3.67%
  34  NipNip    1.02%    failed      0.00%
  35  OpiHoa    1.28%    passed     51.54%
  36  PelCri    0.55%    failed      0.00%
  37  PhaCar    0.74%    failed      0.00%
  38  PhaLep    0.45%    failed      0.00%
  39  PhoRub    0.61%    failed      0.00%
  40  PicPub    1.66%    failed      0.00%
  41  PodCri    0.62%    failed      0.00%
  42  PteGut    0.63%    failed      0.00%
  43  PygAde    1.11%    failed      0.00%
  44  StrCam    0.69%    failed      0.00%
  45  TaeGut    1.33%    failed      0.00%
  46  TauEry    0.49%    passed      5.04%
  47  TinGut    6.60%    failed      0.00%
  48  TytAlb    0.86%    failed      0.00%
****  TOTAL     1.06%  42 sequences failed composition chi2 test (p-value<5%; df=3)
NOTE: minimal branch length is reduced to 0.000000739930 for long alignment

Create initial parsimony tree by phylogenetic likelihood library (PLL)... 0.503 seconds
Generating 1000 samples for ultrafast bootstrap (seed: 941287)...

NOTE: 1112 MB RAM (1 GB) is required!
Measuring multi-threading efficiency up to 20 CPU cores
9 trees examined
Threads: 1 / Time: 22.297 sec / Speedup: 1.000 / Efficiency: 100% / LogL: -2788608
Threads: 2 / Time: 13.193 sec / Speedup: 1.690 / Efficiency: 84% / LogL: -2788608
Threads: 3 / Time: 9.541 sec / Speedup: 2.337 / Efficiency: 78% / LogL: -2788608
Threads: 4 / Time: 8.426 sec / Speedup: 2.646 / Efficiency: 66% / LogL: -2788608
Threads: 5 / Time: 7.077 sec / Speedup: 3.151 / Efficiency: 63% / LogL: -2788608
Threads: 6 / Time: 6.216 sec / Speedup: 3.587 / Efficiency: 60% / LogL: -2788608
Threads: 7 / Time: 5.563 sec / Speedup: 4.008 / Efficiency: 57% / LogL: -2788608
Threads: 8 / Time: 5.299 sec / Speedup: 4.208 / Efficiency: 53% / LogL: -2788608
Threads: 9 / Time: 5.243 sec / Speedup: 4.252 / Efficiency: 47% / LogL: -2788608
BEST NUMBER OF THREADS: 7

Estimate model parameters (epsilon = 0.100)
1. Initial log-likelihood: -2507478.422
2. Current log-likelihood: -2263041.780
3. Current log-likelihood: -2244102.323
4. Current log-likelihood: -2243944.570
5. Current log-likelihood: -2243927.949
6. Current log-likelihood: -2243924.012
7. Current log-likelihood: -2243922.593
8. Current log-likelihood: -2243922.052
9. Current log-likelihood: -2243921.864
Optimal log-likelihood: -2243921.853
Rate parameters:  A-C: 1.00848  A-G: 7.12676  A-T: 0.48812  C-G: 1.35837  C-T: 7.07947  G-T: 1.00000
Base frequencies:  A: 0.292  C: 0.208  G: 0.206  T: 0.294
Proportion of invariable sites: 0.000
Site proportion and rates:  (0.099,0.792) (0.380,0.793) (0.438,0.799) (0.084,3.235)
Parameters optimization took 9 rounds (79.038 sec)
Computing ML distances based on estimated model parameters... 7.157 sec
Computing BIONJ tree...
0.030 seconds
Log-likelihood of BIONJ tree: -2244158.547
--------------------------------------------------------------------
|             INITIALIZING CANDIDATE TREE SET                      |
--------------------------------------------------------------------
Generating 98 parsimony trees... 65.462 second
Computing log-likelihood of 98 initial trees ... 62.000 seconds
Current best score: -2243525.110

Do NNI search on 20 best initial trees
Estimate model parameters (epsilon = 0.100)
BETTER TREE FOUND at iteration 1: -2243119.295
Estimate model parameters (epsilon = 0.100)
BETTER TREE FOUND at iteration 2: -2243030.454
Estimate model parameters (epsilon = 0.100)
BETTER TREE FOUND at iteration 3: -2243002.730
Estimate model parameters (epsilon = 0.100)
BETTER TREE FOUND at iteration 5: -2242964.277
Iteration 10 / LogL: -2243037.763 / Time: 0h:7m:55s
Iteration 20 / LogL: -2243189.871 / Time: 0h:9m:54s
Finish initializing candidate tree set (20)
Current best tree score: -2242964.277 / CPU time: 425.641
Number of iterations: 20
--------------------------------------------------------------------
|               OPTIMIZING CANDIDATE TREE SET                      |
--------------------------------------------------------------------
Estimate model parameters (epsilon = 0.100)
BETTER TREE FOUND at iteration 23: -2242886.779
Estimate model parameters (epsilon = 0.100)
BETTER TREE FOUND at iteration 29: -2242869.511
Iteration 30 / LogL: -2243005.174 / Time: 0h:12m:1s (0h:40m:59s left)
Estimate model parameters (epsilon = 0.100)
BETTER TREE FOUND at iteration 33: -2242827.921
Estimate model parameters (epsilon = 0.100)
BETTER TREE FOUND at iteration 39: -2242821.867
Iteration 40 / LogL: -2242858.544 / Time: 0h:13m:56s (0h:35m:20s left)
Estimate model parameters (epsilon = 0.100)
BETTER TREE FOUND at iteration 45: -2242755.615
Iteration 50 / LogL: -2242788.616 / Time: 0h:15m:49s (0h:30m:39s left)
Log-likelihood cutoff on original alignment: -2243083.017
Iteration 60 / LogL: -2242827.640 / Time: 0h:17m:40s (0h:25m:26s left)
Iteration 70 / LogL: -2242761.988 / Time: 0h:19m:34s (0h:21m:15s left)
Iteration 80 / LogL: -2242765.499 / Time: 0h:21m:36s (0h:17m:46s left)
Iteration 90 / LogL: -2242825.623 / Time: 0h:23m:36s (0h:14m:34s left)
Iteration 100 / LogL: -2242761.901 / Time: 0h:25m:45s (0h:11m:42s left)
Log-likelihood cutoff on original alignment: -2243078.214
NOTE: Bootstrap correlation coefficient of split occurrence frequencies: 0.976
NOTE: UFBoot does not converge, continue at least 100 more iterations
Iteration 110 / LogL: -2242823.032 / Time: 0h:27m:42s (0h:22m:52s left)
Iteration 120 / LogL: -2242755.647 / Time: 0h:29m:36s (0h:19m:53s left)
Iteration 130 / LogL: -2242755.618 / Time: 0h:31m:27s (0h:17m:3s left)
Iteration 140 / LogL: -2242931.202 / Time: 0h:33m:15s (0h:14m:20s left)
Iteration 150 / LogL: -2242765.549 / Time: 0h:35m:0s (0h:11m:44s left)
Log-likelihood cutoff on original alignment: -2243078.214
Estimate model parameters (epsilon = 0.100)
BETTER TREE FOUND at iteration 151: -2242743.180
Iteration 160 / LogL: -2242789.138 / Time: 0h:37m:4s (0h:21m:12s left)
Estimate model parameters (epsilon = 0.100)
BETTER TREE FOUND at iteration 162: -2242736.654
Iteration 170 / LogL: -2242743.210 / Time: 0h:39m:0s (0h:21m:13s left)
Iteration 180 / LogL: -2242834.277 / Time: 0h:40m:49s (0h:18m:41s left)
Iteration 190 / LogL: -2242814.830 / Time: 0h:42m:45s (0h:16m:16s left)
Iteration 200 / LogL: -2242786.791 / Time: 0h:44m:42s (0h:13m:55s left)
Log-likelihood cutoff on original alignment: -2243078.214
NOTE: Bootstrap correlation coefficient of split occurrence frequencies: 0.953
NOTE: UFBoot does not converge, continue at least 100 more iterations
Iteration 210 / LogL: -2242736.734 / Time: 0h:46m:32s (0h:20m:2s left)
Iteration 220 / LogL: -2242857.867 / Time: 0h:48m:43s (0h:17m:47s left)
Iteration 230 / LogL: -2242741.672 / Time: 0h:50m:22s (0h:15m:23s left)
Iteration 240 / LogL: -2242750.663 / Time: 0h:51m:57s (0h:13m:2s left)
Iteration 250 / LogL: -2242743.245 / Time: 0h:53m:31s (0h:10m:44s left)
Log-likelihood cutoff on original alignment: -2243078.214
Iteration 260 / LogL: -2242753.310 / Time: 0h:55m:25s (0h:8m:33s left)
Iteration 270 / LogL: -2242783.686 / Time: 0h:57m:9s (0h:6m:22s left)
Estimate model parameters (epsilon = 0.100)
BETTER TREE FOUND at iteration 278: -2242723.999
Iteration 280 / LogL: -2242741.748 / Time: 0h:59m:21s (0h:20m:50s left)
Iteration 290 / LogL: -2242736.764 / Time: 1h:1m:11s (0h:18m:37s left)
Iteration 300 / LogL: -2242736.767 / Time: 1h:2m:59s (0h:16m:25s left)
Log-likelihood cutoff on original alignment: -2243078.214
NOTE: Bootstrap correlation coefficient of split occurrence frequencies: 0.942
NOTE: UFBoot does not converge, continue at least 100 more iterations
Iteration 310 / LogL: -2242740.465 / Time: 1h:4m:43s (0h:18m:50s left)
Iteration 320 / LogL: -2242743.200 / Time: 1h:6m:38s (0h:16m:42s left)
Iteration 330 / LogL: -2242740.117 / Time: 1h:8m:30s (0h:14m:34s left)
Iteration 340 / LogL: -2242741.748 / Time: 1h:10m:26s (0h:12m:27s left)
Iteration 350 / LogL: -2242743.194 / Time: 1h:12m:16s (0h:10m:21s left)
Log-likelihood cutoff on original alignment: -2243078.214
Iteration 360 / LogL: -2242732.737 / Time: 1h:14m:4s (0h:8m:15s left)
Iteration 370 / LogL: -2242736.787 / Time: 1h:15m:49s (0h:6m:9s left)
Iteration 380 / LogL: -2242753.913 / Time: 1h:17m:42s (0h:4m:5s left)
Iteration 390 / LogL: -2242733.940 / Time: 1h:19m:28s (0h:2m:2s left)
Iteration 400 / LogL: -2242724.000 / Time: 1h:21m:29s (0h:0m:0s left)
Log-likelihood cutoff on original alignment: -2243078.214
NOTE: Bootstrap correlation coefficient of split occurrence frequencies: 0.984
NOTE: UFBoot does not converge, continue at least 100 more iterations
Iteration 410 / LogL: -2242731.814 / Time: 1h:23m:30s (0h:18m:22s left)
Iteration 420 / LogL: -2242731.881 / Time: 1h:25m:24s (0h:16m:18s left)
Iteration 430 / LogL: -2242731.312 / Time: 1h:27m:20s (0h:14m:14s left)
Iteration 440 / LogL: -2242723.999 / Time: 1h:29m:13s (0h:12m:11s left)
Iteration 450 / LogL: -2242724.069 / Time: 1h:31m:1s (0h:10m:8s left)
Log-likelihood cutoff on original alignment: -2243078.214
Iteration 460 / LogL: -2242723.999 / Time: 1h:33m:2s (0h:8m:6s left)
Iteration 470 / LogL: -2242724.006 / Time: 1h:34m:55s (0h:6m:4s left)
Iteration 480 / LogL: -2242731.803 / Time: 1h:36m:45s (0h:4m:2s left)
Iteration 490 / LogL: -2242729.967 / Time: 1h:38m:47s (0h:2m:1s left)
Iteration 500 / LogL: -2242724.000 / Time: 1h:40m:42s (0h:0m:0s left)
Log-likelihood cutoff on original alignment: -2243078.214
NOTE: Bootstrap correlation coefficient of split occurrence frequencies: 0.982
NOTE: UFBoot does not converge, continue at least 100 more iterations
Iteration 510 / LogL: -2242743.746 / Time: 1h:42m:37s (0h:18m:8s left)
Iteration 520 / LogL: -2242731.375 / Time: 1h:44m:37s (0h:16m:7s left)
Iteration 530 / LogL: -2242724.003 / Time: 1h:46m:30s (0h:14m:5s left)
Iteration 540 / LogL: -2242732.643 / Time: 1h:48m:37s (0h:12m:5s left)
Iteration 550 / LogL: -2242729.934 / Time: 1h:50m:34s (0h:10m:4s left)
Log-likelihood cutoff on original alignment: -2243032.523
Iteration 560 / LogL: -2242724.002 / Time: 1h:52m:17s (0h:8m:2s left)
Iteration 570 / LogL: -2242755.443 / Time: 1h:54m:5s (0h:6m:0s left)
Iteration 580 / LogL: -2242778.744 / Time: 1h:55m:48s (0h:3m:59s left)
Iteration 590 / LogL: -2242774.664 / Time: 1h:57m:30s (0h:1m:59s left)
Iteration 600 / LogL: -2242724.003 / Time: 1h:59m:22s (0h:0m:0s left)
Log-likelihood cutoff on original alignment: -2243032.523
NOTE: Bootstrap correlation coefficient of split occurrence frequencies: 0.996
TREE SEARCH COMPLETED AFTER 600 ITERATIONS / Time: 1h:59m:22s

--------------------------------------------------------------------
|                    FINALIZING TREE SEARCH                        |
--------------------------------------------------------------------
Performs final model parameters optimization
Estimate model parameters (epsilon = 0.010)
1. Initial log-likelihood: -2242723.999
Optimal log-likelihood: -2242723.998
Rate parameters:  A-C: 1.00667  A-G: 7.12362  A-T: 0.48615  C-G: 1.35303  C-T: 7.07869  G-T: 1.00000
Base frequencies:  A: 0.292  C: 0.208  G: 0.206  T: 0.294
Proportion of invariable sites: 0.000
Site proportion and rates:  (0.099,0.796) (0.380,0.796) (0.439,0.797) (0.082,3.282)
Parameters optimization took 1 rounds (3.197 sec)
BEST SCORE FOUND : -2242723.998
Creating bootstrap support values...
Split supports printed to NEXUS file /home/erenada/BirdTree/Alignments/AllSites/NoGap/m1/Jarvis_pi_m1_CDS_nogap.phylip-relaxed.splits.nex
Total tree length: 4.142

Total number of iterations: 600
CPU time used for tree search: 45989.928 sec (12h:46m:29s)
Wall-clock time used for tree search: 6993.564 sec (1h:56m:33s)
Total CPU time used: 46800.065 sec (13h:0m:0s)
Total wall-clock time used: 7166.158 sec (1h:59m:26s)

Computing bootstrap consensus tree...
Reading input file /home/erenada/BirdTree/Alignments/AllSites/NoGap/m1/Jarvis_pi_m1_CDS_nogap.phylip-relaxed.splits.nex...
48 taxa and 318 splits.
Consensus tree written to /home/erenada/BirdTree/Alignments/AllSites/NoGap/m1/Jarvis_pi_m1_CDS_nogap.phylip-relaxed.contree
Reading input trees file /home/erenada/BirdTree/Alignments/AllSites/NoGap/m1/Jarvis_pi_m1_CDS_nogap.phylip-relaxed.contree
Log-likelihood of consensus tree: -2242732.637

Analysis results written to: 
  IQ-TREE report:                /home/erenada/BirdTree/Alignments/AllSites/NoGap/m1/Jarvis_pi_m1_CDS_nogap.phylip-relaxed.iqtree
  Maximum-likelihood tree:       /home/erenada/BirdTree/Alignments/AllSites/NoGap/m1/Jarvis_pi_m1_CDS_nogap.phylip-relaxed.treefile
  Likelihood distances:          /home/erenada/BirdTree/Alignments/AllSites/NoGap/m1/Jarvis_pi_m1_CDS_nogap.phylip-relaxed.mldist

Ultrafast bootstrap approximation results written to:
  Split support values:          /home/erenada/BirdTree/Alignments/AllSites/NoGap/m1/Jarvis_pi_m1_CDS_nogap.phylip-relaxed.splits.nex
  Consensus tree:                /home/erenada/BirdTree/Alignments/AllSites/NoGap/m1/Jarvis_pi_m1_CDS_nogap.phylip-relaxed.contree
  Screen log file:               /home/erenada/BirdTree/Alignments/AllSites/NoGap/m1/Jarvis_pi_m1_CDS_nogap.phylip-relaxed.log

Date and Time: Thu Jun  4 00:05:09 2020
