IQ-TREE multicore version 1.7-beta16 for Linux 64-bit built Sep 24 2019
Developed by Bui Quang Minh, Nguyen Lam Tung, Olga Chernomor,
Heiko Schmidt, Dominik Schrempf, Michael Woodhams.

Host:    n016.cluster.com (AVX, 125 GB RAM)
Command: iqtree -s /home/erenada/BirdTree/Alignments/AllSites/Gap/m0/Jarvis_pi_m0_AllUniquelyMapped.phylip-relaxed -m GTR+I+R -B 1000 -nt AUTO
Seed:    550745 (Using SPRNG - Scalable Parallel Random Number Generator)
Time:    Tue Jun  2 21:24:59 2020
Kernel:  AVX - auto-detect threads (20 CPU cores detected)

Reading alignment file /home/erenada/BirdTree/Alignments/AllSites/Gap/m0/Jarvis_pi_m0_AllUniquelyMapped.phylip-relaxed ... Phylip format detected
Alignment most likely contains DNA/RNA sequences
Alignment has 48 sequences with 541079 columns, 270836 distinct patterns
539465 parsimony-informative, 720 singleton sites, 894 constant sites
        Gap/Ambiguity  Composition  p-value
   1  AcaChl    0.08%    failed      0.00%
   2  AnaPla    0.05%    passed     97.08%
   3  AntCar    0.04%    failed      0.00%
   4  ApaVit    0.05%    failed      0.01%
   5  AptFor    0.05%    failed      0.00%
   6  BalReg    0.03%    failed      0.00%
   7  BucRhi    0.08%    failed      0.00%
   8  CalAnn    0.10%    passed     69.28%
   9  CarCri    0.03%    failed      0.00%
  10  CatAur    0.02%    failed      0.00%
  11  ChaPel    0.10%    failed      0.00%
  12  ChaVoc    0.02%    failed      0.00%
  13  ChlMac    0.04%    passed     79.85%
  14  ColLiv    0.06%    failed      0.00%
  15  ColStr    0.07%    failed      0.00%
  16  CorBra    0.10%    failed      0.00%
  17  CucCan    0.07%    failed      0.00%
  18  EgrGar    0.03%    passed     47.71%
  19  EurHel    0.05%    failed      0.00%
  20  FalPer    0.05%    failed      0.00%
  21  FulGla    0.03%    failed      0.00%
  22  GalGal    0.01%    failed      0.00%
  23  GavSte    0.02%    failed      0.00%
  24  GeoFor    0.14%    failed      0.00%
  25  HalAlb    0.05%    failed      0.00%
  26  HalLeu    0.05%    failed      0.00%
  27  LepDis    0.04%    failed      0.00%
  28  ManVit    0.08%    failed      0.00%
  29  MelGal    0.06%    failed      0.00%
  30  MelUnd    0.11%    passed     96.79%
  31  MerNub    0.06%    failed      0.00%
  32  MesUni    0.06%    failed      0.00%
  33  NesNot    0.08%    passed     87.60%
  34  NipNip    0.03%    failed      0.00%
  35  OpiHoa    0.04%    failed      0.00%
  36  PelCri    0.03%    failed      0.00%
  37  PhaCar    0.03%    failed      0.00%
  38  PhaLep    0.04%    failed      0.00%
  39  PhoRub    0.02%    failed      1.86%
  40  PicPub    0.10%    failed      0.00%
  41  PodCri    0.05%    failed      0.00%
  42  PteGut    0.05%    passed      5.50%
  43  PygAde    0.05%    failed      0.00%
  44  StrCam    0.07%    failed      0.00%
  45  TaeGut    0.15%    failed      0.00%
  46  TauEry    0.03%    passed     65.93%
  47  TinGut    0.11%    failed      0.00%
  48  TytAlb    0.03%    failed      0.00%
****  TOTAL     0.06%  40 sequences failed composition chi2 test (p-value<5%; df=3)
NOTE: minimal branch length is reduced to 0.000000184816 for long alignment

Create initial parsimony tree by phylogenetic likelihood library (PLL)... 2.694 seconds
Generating 1000 samples for ultrafast bootstrap (seed: 550745)...

NOTE: 2719 MB RAM (2 GB) is required!
Measuring multi-threading efficiency up to 20 CPU cores
4 trees examined
Threads: 1 / Time: 24.351 sec / Speedup: 1.000 / Efficiency: 100% / LogL: -9812079
Threads: 2 / Time: 14.172 sec / Speedup: 1.718 / Efficiency: 86% / LogL: -9812079
Threads: 3 / Time: 10.138 sec / Speedup: 2.402 / Efficiency: 80% / LogL: -9812079
Threads: 4 / Time: 7.651 sec / Speedup: 3.182 / Efficiency: 80% / LogL: -9812079
Threads: 5 / Time: 6.601 sec / Speedup: 3.689 / Efficiency: 74% / LogL: -9812079
Threads: 6 / Time: 6.085 sec / Speedup: 4.002 / Efficiency: 67% / LogL: -9812079
Threads: 7 / Time: 5.083 sec / Speedup: 4.791 / Efficiency: 68% / LogL: -9812079
Threads: 8 / Time: 4.589 sec / Speedup: 5.306 / Efficiency: 66% / LogL: -9812079
Threads: 9 / Time: 4.377 sec / Speedup: 5.563 / Efficiency: 62% / LogL: -9812079
Threads: 10 / Time: 4.038 sec / Speedup: 6.030 / Efficiency: 60% / LogL: -9812079
Threads: 11 / Time: 3.853 sec / Speedup: 6.320 / Efficiency: 57% / LogL: -9812079
Threads: 12 / Time: 3.728 sec / Speedup: 6.532 / Efficiency: 54% / LogL: -9812079
Threads: 13 / Time: 3.809 sec / Speedup: 6.393 / Efficiency: 49% / LogL: -9812079
BEST NUMBER OF THREADS: 12

Estimate model parameters (epsilon = 0.100)
1. Initial log-likelihood: -8750727.257
2. Current log-likelihood: -7988246.205
3. Current log-likelihood: -7979169.580
4. Current log-likelihood: -7972290.547
5. Current log-likelihood: -7969852.940
6. Current log-likelihood: -7969552.682
7. Current log-likelihood: -7969528.978
8. Current log-likelihood: -7969527.724
9. Current log-likelihood: -7969527.528
Optimal log-likelihood: -7969527.516
Rate parameters:  A-C: 0.96712  A-G: 5.43653  A-T: 0.56625  C-G: 1.32541  C-T: 5.43331  G-T: 1.00000
Base frequencies:  A: 0.288  C: 0.216  G: 0.213  T: 0.282
Proportion of invariable sites: 0.001
Site proportion and rates:  (0.377,0.922) (0.503,0.923) (0.095,0.923) (0.025,3.987)
Parameters optimization took 9 rounds (140.014 sec)
Computing ML distances based on estimated model parameters... 16.235 sec
Computing BIONJ tree...
0.031 seconds
Log-likelihood of BIONJ tree: -7966878.161
--------------------------------------------------------------------
|             INITIALIZING CANDIDATE TREE SET                      |
--------------------------------------------------------------------
Generating 98 parsimony trees... 326.530 second
Computing log-likelihood of 98 initial trees ... 85.441 seconds
Current best score: -7966878.161

Do NNI search on 20 best initial trees
Estimate model parameters (epsilon = 0.100)
BETTER TREE FOUND at iteration 1: -7965824.115
Estimate model parameters (epsilon = 0.100)
BETTER TREE FOUND at iteration 2: -7965656.944
Estimate model parameters (epsilon = 0.100)
BETTER TREE FOUND at iteration 4: -7965542.785
Iteration 10 / LogL: -7966339.040 / Time: 0h:15m:11s
Estimate model parameters (epsilon = 0.100)
BETTER TREE FOUND at iteration 11: -7965482.737
Iteration 20 / LogL: -7965507.567 / Time: 0h:18m:55s
Finish initializing candidate tree set (19)
Current best tree score: -7965482.737 / CPU time: 877.344
Number of iterations: 20
--------------------------------------------------------------------
|               OPTIMIZING CANDIDATE TREE SET                      |
--------------------------------------------------------------------
Estimate model parameters (epsilon = 0.100)
BETTER TREE FOUND at iteration 26: -7965394.385
Iteration 30 / LogL: -7965394.441 / Time: 0h:21m:51s (1h:12m:9s left)
Iteration 40 / LogL: -7965522.512 / Time: 0h:24m:15s (0h:53m:22s left)
Iteration 50 / LogL: -7965446.927 / Time: 0h:26m:46s (0h:41m:26s left)
Log-likelihood cutoff on original alignment: -7965719.421
Iteration 60 / LogL: -7965447.047 / Time: 0h:29m:29s (0h:32m:55s left)
Iteration 70 / LogL: -7965446.918 / Time: 0h:32m:11s (0h:26m:5s left)
Iteration 80 / LogL: -7965446.929 / Time: 0h:34m:36s (0h:20m:6s left)
Iteration 90 / LogL: -7965446.913 / Time: 0h:37m:20s (0h:15m:4s left)
Iteration 100 / LogL: -7965488.722 / Time: 0h:39m:52s (0h:10m:27s left)
Log-likelihood cutoff on original alignment: -7965719.421
NOTE: Bootstrap correlation coefficient of split occurrence frequencies: 1.000
Iteration 110 / LogL: -7965394.393 / Time: 0h:42m:41s (0h:35m:12s left)
Iteration 120 / LogL: -7965550.645 / Time: 0h:45m:23s (0h:30m:28s left)
TREE SEARCH COMPLETED AFTER 127 ITERATIONS / Time: 0h:47m:5s

--------------------------------------------------------------------
|                    FINALIZING TREE SEARCH                        |
--------------------------------------------------------------------
Performs final model parameters optimization
Estimate model parameters (epsilon = 0.010)
1. Initial log-likelihood: -7965394.385
2. Current log-likelihood: -7965394.248
3. Current log-likelihood: -7965393.949
4. Current log-likelihood: -7965393.761
5. Current log-likelihood: -7965393.636
6. Current log-likelihood: -7965393.569
7. Current log-likelihood: -7965393.542
Optimal log-likelihood: -7965393.538
Rate parameters:  A-C: 0.97054  A-G: 5.45658  A-T: 0.56891  C-G: 1.32951  C-T: 5.45512  G-T: 1.00000
Base frequencies:  A: 0.288  C: 0.216  G: 0.213  T: 0.282
Proportion of invariable sites: 0.001
Site proportion and rates:  (0.377,0.923) (0.503,0.923) (0.095,0.924) (0.025,3.992)
Parameters optimization took 7 rounds (37.243 sec)
BEST SCORE FOUND : -7965393.538
Creating bootstrap support values...
Split supports printed to NEXUS file /home/erenada/BirdTree/Alignments/AllSites/Gap/m0/Jarvis_pi_m0_AllUniquelyMapped.phylip-relaxed.splits.nex
Total tree length: 3.125

Total number of iterations: 127
CPU time used for tree search: 26851.623 sec (7h:27m:31s)
Wall-clock time used for tree search: 2567.994 sec (0h:42m:47s)
Total CPU time used: 29360.758 sec (8h:9m:20s)
Total wall-clock time used: 2863.470 sec (0h:47m:43s)

Computing bootstrap consensus tree...
Reading input file /home/erenada/BirdTree/Alignments/AllSites/Gap/m0/Jarvis_pi_m0_AllUniquelyMapped.phylip-relaxed.splits.nex...
48 taxa and 188 splits.
Consensus tree written to /home/erenada/BirdTree/Alignments/AllSites/Gap/m0/Jarvis_pi_m0_AllUniquelyMapped.phylip-relaxed.contree
Reading input trees file /home/erenada/BirdTree/Alignments/AllSites/Gap/m0/Jarvis_pi_m0_AllUniquelyMapped.phylip-relaxed.contree
Log-likelihood of consensus tree: -7965393.538

Analysis results written to: 
  IQ-TREE report:                /home/erenada/BirdTree/Alignments/AllSites/Gap/m0/Jarvis_pi_m0_AllUniquelyMapped.phylip-relaxed.iqtree
  Maximum-likelihood tree:       /home/erenada/BirdTree/Alignments/AllSites/Gap/m0/Jarvis_pi_m0_AllUniquelyMapped.phylip-relaxed.treefile
  Likelihood distances:          /home/erenada/BirdTree/Alignments/AllSites/Gap/m0/Jarvis_pi_m0_AllUniquelyMapped.phylip-relaxed.mldist

Ultrafast bootstrap approximation results written to:
  Split support values:          /home/erenada/BirdTree/Alignments/AllSites/Gap/m0/Jarvis_pi_m0_AllUniquelyMapped.phylip-relaxed.splits.nex
  Consensus tree:                /home/erenada/BirdTree/Alignments/AllSites/Gap/m0/Jarvis_pi_m0_AllUniquelyMapped.phylip-relaxed.contree
  Screen log file:               /home/erenada/BirdTree/Alignments/AllSites/Gap/m0/Jarvis_pi_m0_AllUniquelyMapped.phylip-relaxed.log

Date and Time: Tue Jun  2 22:12:51 2020
