IQ-TREE multicore version 1.7-beta16 for Linux 64-bit built Sep 24 2019
Developed by Bui Quang Minh, Nguyen Lam Tung, Olga Chernomor,
Heiko Schmidt, Dominik Schrempf, Michael Woodhams.

Host:    n025.cluster.com (AVX, 125 GB RAM)
Command: iqtree -s /home/erenada/BirdTree/Alignments/AllSites/NoGap/m2/Jarvis_pi_m2_intron_nogap.phylip-relaxed -m GTR+I+R -B 1000 -nt AUTO
Seed:    801009 (Using SPRNG - Scalable Parallel Random Number Generator)
Time:    Wed Jun  3 23:14:25 2020
Kernel:  AVX - auto-detect threads (20 CPU cores detected)

Reading alignment file /home/erenada/BirdTree/Alignments/AllSites/NoGap/m2/Jarvis_pi_m2_intron_nogap.phylip-relaxed ... Phylip format detected
Alignment most likely contains DNA/RNA sequences
Alignment has 48 sequences with 522881 columns, 420203 distinct patterns
522881 parsimony-informative, 0 singleton sites, 0 constant sites
        Gap/Ambiguity  Composition  p-value
   1  AcaChl    2.02%    failed      0.00%
   2  AnaPla    2.75%    passed     73.84%
   3  AntCar    2.89%    failed      0.00%
   4  ApaVit    1.77%    failed      0.00%
   5  AptFor    1.35%    failed      0.00%
   6  BalReg    1.15%    failed      0.00%
   7  BucRhi    2.18%    failed      0.00%
   8  CalAnn    2.39%    failed      0.04%
   9  CarCri    1.33%    failed      0.00%
  10  CatAur    3.64%    failed      0.00%
  11  ChaPel    1.94%    failed      0.00%
  12  ChaVoc    1.22%    failed      4.86%
  13  ChlMac    1.29%    failed      2.87%
  14  ColLiv    2.04%    failed      0.00%
  15  ColStr    2.21%    failed      0.00%
  16  CorBra    1.28%    failed      0.00%
  17  CucCan    2.07%    failed      0.00%
  18  EgrGar    1.07%    passed     86.67%
  19  EurHel    1.66%    failed      0.00%
  20  FalPer    1.59%    failed      0.00%
  21  FulGla    0.99%    failed      0.00%
  22  GalGal    3.01%    failed      0.00%
  23  GavSte    1.23%    failed      0.00%
  24  GeoFor    1.92%    failed      0.00%
  25  HalAlb    1.39%    failed      0.00%
  26  HalLeu    0.56%    failed      0.00%
  27  LepDis    1.23%    failed      0.00%
  28  ManVit    1.77%    failed      0.00%
  29  MelGal    2.71%    failed      0.00%
  30  MelUnd    2.25%    passed     54.59%
  31  MerNub    2.15%    failed      0.00%
  32  MesUni    1.75%    failed      0.00%
  33  NesNot    1.51%    passed     56.69%
  34  NipNip    1.34%    failed      0.00%
  35  OpiHoa    1.23%    failed      0.00%
  36  PelCri    0.95%    failed      0.00%
  37  PhaCar    1.47%    failed      0.00%
  38  PhaLep    1.05%    failed      0.00%
  39  PhoRub    1.01%    passed     11.12%
  40  PicPub    5.48%    failed      0.00%
  41  PodCri    1.28%    failed      0.00%
  42  PteGut    1.36%    passed     81.87%
  43  PygAde    1.66%    failed      0.00%
  44  StrCam    2.91%    failed      0.00%
  45  TaeGut    2.63%    failed      0.00%
  46  TauEry    1.00%    failed      0.47%
  47  TinGut   14.43%    failed      0.00%
  48  TytAlb    1.47%    failed      0.00%
****  TOTAL     2.07%  42 sequences failed composition chi2 test (p-value<5%; df=3)
NOTE: minimal branch length is reduced to 0.000000191248 for long alignment

Create initial parsimony tree by phylogenetic likelihood library (PLL)... 3.671 seconds
Generating 1000 samples for ultrafast bootstrap (seed: 801009)...

NOTE: 4219 MB RAM (4 GB) is required!
Measuring multi-threading efficiency up to 20 CPU cores
3 trees examined
Threads: 1 / Time: 29.866 sec / Speedup: 1.000 / Efficiency: 100% / LogL: -9830623
Threads: 2 / Time: 18.480 sec / Speedup: 1.616 / Efficiency: 81% / LogL: -9830623
Threads: 3 / Time: 14.143 sec / Speedup: 2.112 / Efficiency: 70% / LogL: -9830623
Threads: 4 / Time: 11.622 sec / Speedup: 2.570 / Efficiency: 64% / LogL: -9830623
Threads: 5 / Time: 9.739 sec / Speedup: 3.067 / Efficiency: 61% / LogL: -9830623
Threads: 6 / Time: 8.323 sec / Speedup: 3.589 / Efficiency: 60% / LogL: -9830623
Threads: 7 / Time: 7.520 sec / Speedup: 3.972 / Efficiency: 57% / LogL: -9830623
Threads: 8 / Time: 6.786 sec / Speedup: 4.401 / Efficiency: 55% / LogL: -9830623
Threads: 9 / Time: 6.363 sec / Speedup: 4.693 / Efficiency: 52% / LogL: -9830623
Threads: 10 / Time: 5.792 sec / Speedup: 5.157 / Efficiency: 52% / LogL: -9830623
Threads: 11 / Time: 5.693 sec / Speedup: 5.246 / Efficiency: 48% / LogL: -9830623
BEST NUMBER OF THREADS: 10

Estimate model parameters (epsilon = 0.100)
1. Initial log-likelihood: -8803770.574
2. Current log-likelihood: -8056888.580
3. Current log-likelihood: -8046107.893
4. Current log-likelihood: -8041406.143
5. Current log-likelihood: -8040533.564
6. Current log-likelihood: -8040459.006
7. Current log-likelihood: -8040454.190
8. Current log-likelihood: -8040453.464
9. Current log-likelihood: -8040453.260
Optimal log-likelihood: -8040453.238
Rate parameters:  A-C: 0.99475  A-G: 5.15006  A-T: 0.55139  C-G: 1.31098  C-T: 5.14029  G-T: 1.00000
Base frequencies:  A: 0.284  C: 0.216  G: 0.216  T: 0.284
Proportion of invariable sites: 0.000
Site proportion and rates:  (0.497,0.906) (0.092,0.906) (0.377,0.907) (0.033,3.741)
Parameters optimization took 9 rounds (290.207 sec)
Computing ML distances based on estimated model parameters... 23.986 sec
Computing BIONJ tree...
0.032 seconds
Log-likelihood of BIONJ tree: -8040602.143
--------------------------------------------------------------------
|             INITIALIZING CANDIDATE TREE SET                      |
--------------------------------------------------------------------
Generating 98 parsimony trees... 304.306 second
Computing log-likelihood of 98 initial trees ... 184.376 seconds
Current best score: -8040453.238

Do NNI search on 20 best initial trees
Estimate model parameters (epsilon = 0.100)
BETTER TREE FOUND at iteration 1: -8039388.835
Estimate model parameters (epsilon = 0.100)
BETTER TREE FOUND at iteration 2: -8039208.135
Estimate model parameters (epsilon = 0.100)
BETTER TREE FOUND at iteration 8: -8039207.202
Iteration 10 / LogL: -8039312.090 / Time: 0h:21m:55s
Iteration 20 / LogL: -8039302.799 / Time: 0h:27m:43s
Finish initializing candidate tree set (20)
Current best tree score: -8039207.202 / CPU time: 1224.632
Number of iterations: 20
--------------------------------------------------------------------
|               OPTIMIZING CANDIDATE TREE SET                      |
--------------------------------------------------------------------
Estimate model parameters (epsilon = 0.100)
BETTER TREE FOUND at iteration 28: -8039196.692
Iteration 30 / LogL: -8039196.708 / Time: 0h:32m:42s (1h:50m:17s left)
Estimate model parameters (epsilon = 0.100)
UPDATE BEST LOG-LIKELIHOOD: -8039126.837
Iteration 40 / LogL: -8039127.125 / Time: 0h:37m:58s (1h:25m:31s left)
Iteration 50 / LogL: -8039183.138 / Time: 0h:42m:50s (1h:8m:5s left)
Log-likelihood cutoff on original alignment: -8039437.070
Iteration 60 / LogL: -8039143.335 / Time: 0h:47m:48s (0h:55m:0s left)
Iteration 70 / LogL: -8039239.670 / Time: 0h:52m:49s (0h:44m:20s left)
Iteration 80 / LogL: -8039179.726 / Time: 0h:57m:35s (0h:34m:56s left)
Iteration 90 / LogL: -8039173.306 / Time: 1h:2m:13s (0h:26m:32s left)
Iteration 100 / LogL: -8039202.656 / Time: 1h:7m:11s (0h:18m:59s left)
Log-likelihood cutoff on original alignment: -8039341.024
NOTE: Bootstrap correlation coefficient of split occurrence frequencies: 0.999
Iteration 110 / LogL: -8039173.319 / Time: 1h:11m:51s (0h:59m:16s left)
Iteration 120 / LogL: -8039218.002 / Time: 1h:16m:38s (0h:51m:28s left)
TREE SEARCH COMPLETED AFTER 129 ITERATIONS / Time: 1h:21m:10s

--------------------------------------------------------------------
|                    FINALIZING TREE SEARCH                        |
--------------------------------------------------------------------
Performs final model parameters optimization
Estimate model parameters (epsilon = 0.010)
1. Initial log-likelihood: -8039126.837
2. Current log-likelihood: -8039126.790
3. Current log-likelihood: -8039126.710
4. Current log-likelihood: -8039126.642
5. Current log-likelihood: -8039126.495
6. Current log-likelihood: -8039126.399
7. Current log-likelihood: -8039126.229
8. Current log-likelihood: -8039126.209
9. Current log-likelihood: -8039126.136
10. Current log-likelihood: -8039126.121
Optimal log-likelihood: -8039126.113
Rate parameters:  A-C: 0.99734  A-G: 5.16433  A-T: 0.55350  C-G: 1.31465  C-T: 5.15458  G-T: 1.00000
Base frequencies:  A: 0.284  C: 0.216  G: 0.216  T: 0.284
Proportion of invariable sites: 0.000
Site proportion and rates:  (0.497,0.906) (0.092,0.906) (0.377,0.907) (0.033,3.746)
Parameters optimization took 10 rounds (113.653 sec)
BEST SCORE FOUND : -8039126.113
Creating bootstrap support values...
Split supports printed to NEXUS file /home/erenada/BirdTree/Alignments/AllSites/NoGap/m2/Jarvis_pi_m2_intron_nogap.phylip-relaxed.splits.nex
Total tree length: 3.421

Total number of iterations: 129
CPU time used for tree search: 38453.165 sec (10h:40m:53s)
Wall-clock time used for tree search: 4431.154 sec (1h:13m:51s)
Total CPU time used: 42276.310 sec (11h:44m:36s)
Total wall-clock time used: 4984.269 sec (1h:23m:4s)

Computing bootstrap consensus tree...
Reading input file /home/erenada/BirdTree/Alignments/AllSites/NoGap/m2/Jarvis_pi_m2_intron_nogap.phylip-relaxed.splits.nex...
48 taxa and 149 splits.
Consensus tree written to /home/erenada/BirdTree/Alignments/AllSites/NoGap/m2/Jarvis_pi_m2_intron_nogap.phylip-relaxed.contree
Reading input trees file /home/erenada/BirdTree/Alignments/AllSites/NoGap/m2/Jarvis_pi_m2_intron_nogap.phylip-relaxed.contree
Log-likelihood of consensus tree: -8039126.113

Analysis results written to: 
  IQ-TREE report:                /home/erenada/BirdTree/Alignments/AllSites/NoGap/m2/Jarvis_pi_m2_intron_nogap.phylip-relaxed.iqtree
  Maximum-likelihood tree:       /home/erenada/BirdTree/Alignments/AllSites/NoGap/m2/Jarvis_pi_m2_intron_nogap.phylip-relaxed.treefile
  Likelihood distances:          /home/erenada/BirdTree/Alignments/AllSites/NoGap/m2/Jarvis_pi_m2_intron_nogap.phylip-relaxed.mldist

Ultrafast bootstrap approximation results written to:
  Split support values:          /home/erenada/BirdTree/Alignments/AllSites/NoGap/m2/Jarvis_pi_m2_intron_nogap.phylip-relaxed.splits.nex
  Consensus tree:                /home/erenada/BirdTree/Alignments/AllSites/NoGap/m2/Jarvis_pi_m2_intron_nogap.phylip-relaxed.contree
  Screen log file:               /home/erenada/BirdTree/Alignments/AllSites/NoGap/m2/Jarvis_pi_m2_intron_nogap.phylip-relaxed.log

Date and Time: Thu Jun  4 00:37:43 2020
