IQ-TREE multicore version 1.7-beta16 for Linux 64-bit built Sep 24 2019
Developed by Bui Quang Minh, Nguyen Lam Tung, Olga Chernomor,
Heiko Schmidt, Dominik Schrempf, Michael Woodhams.

Host:    n007.cluster.com (AVX, 125 GB RAM)
Command: iqtree -s /home/erenada/BirdTree/Alignments/AllSites/Gap/m3/Jarvis_pi_m3_AllSISRS.phylip-relaxed -m GTR+I+R -B 1000 -nt AUTO
Seed:    140798 (Using SPRNG - Scalable Parallel Random Number Generator)
Time:    Wed Jun  3 07:24:18 2020
Kernel:  AVX - auto-detect threads (20 CPU cores detected)

Reading alignment file /home/erenada/BirdTree/Alignments/AllSites/Gap/m3/Jarvis_pi_m3_AllSISRS.phylip-relaxed ... Phylip format detected
Alignment most likely contains DNA/RNA sequences
Alignment has 48 sequences with 2447434 columns, 1979509 distinct patterns
2436199 parsimony-informative, 6223 singleton sites, 5012 constant sites
        Gap/Ambiguity  Composition  p-value
   1  AcaChl    3.09%    failed      0.00%
   2  AnaPla    4.63%    failed      0.02%
   3  AntCar    3.68%    failed      0.00%
   4  ApaVit    2.74%    failed      0.00%
   5  AptFor    1.87%    failed      0.00%
   6  BalReg    1.53%    failed      0.00%
   7  BucRhi    3.09%    failed      0.00%
   8  CalAnn    4.08%    failed      0.00%
   9  CarCri    1.80%    failed      0.00%
  10  CatAur    4.76%    failed      0.00%
  11  ChaPel    3.06%    failed      0.00%
  12  ChaVoc    1.54%    failed      0.66%
  13  ChlMac    1.79%    failed      1.17%
  14  ColLiv    2.69%    failed      0.00%
  15  ColStr    3.59%    failed      0.00%
  16  CorBra    2.26%    failed      0.00%
  17  CucCan    3.05%    failed      0.00%
  18  EgrGar    1.44%    failed      0.00%
  19  EurHel    2.48%    failed      0.00%
  20  FalPer    2.18%    failed      0.00%
  21  FulGla    1.29%    failed      0.00%
  22  GalGal    7.19%    failed      0.00%
  23  GavSte    1.59%    failed      0.00%
  24  GeoFor    3.65%    failed      0.00%
  25  HalAlb    1.94%    failed      0.00%
  26  HalLeu    0.76%    failed      0.00%
  27  LepDis    1.67%    failed      0.00%
  28  ManVit    2.71%    failed      0.00%
  29  MelGal    7.24%    failed      0.00%
  30  MelUnd    3.31%    failed      0.00%
  31  MerNub    3.22%    failed      0.00%
  32  MesUni    2.49%    failed      0.00%
  33  NesNot    2.45%    passed     78.58%
  34  NipNip    1.69%    failed      0.00%
  35  OpiHoa    1.82%    failed      0.00%
  36  PelCri    1.27%    failed      0.00%
  37  PhaCar    2.02%    failed      0.00%
  38  PhaLep    1.41%    failed      0.00%
  39  PhoRub    1.34%    failed      0.04%
  40  PicPub    8.36%    failed      0.00%
  41  PodCri    1.82%    failed      0.00%
  42  PteGut    2.03%    passed     31.39%
  43  PygAde    2.16%    failed      0.00%
  44  StrCam    4.88%    failed      0.00%
  45  TaeGut    4.49%    failed      0.00%
  46  TauEry    1.39%    failed      0.00%
  47  TinGut   18.67%    failed      0.00%
  48  TytAlb    2.08%    failed      0.00%
****  TOTAL     3.13%  46 sequences failed composition chi2 test (p-value<5%; df=3)
NOTE: minimal branch length is reduced to 0.000000040859 for long alignment

Create initial parsimony tree by phylogenetic likelihood library (PLL)... 13.454 seconds
Generating 1000 samples for ultrafast bootstrap (seed: 140798)...

NOTE: 19874 MB RAM (19 GB) is required!
Measuring multi-threading efficiency up to 20 CPU cores
2 trees examined
Threads: 1 / Time: 134.102 sec / Speedup: 1.000 / Efficiency: 100% / LogL: -46928511
Threads: 2 / Time: 59.700 sec / Speedup: 2.246 / Efficiency: 112% / LogL: -46928511
Threads: 3 / Time: 40.148 sec / Speedup: 3.340 / Efficiency: 111% / LogL: -46928511
Threads: 4 / Time: 34.353 sec / Speedup: 3.904 / Efficiency: 98% / LogL: -46928511
Threads: 5 / Time: 27.372 sec / Speedup: 4.899 / Efficiency: 98% / LogL: -46928511
Threads: 6 / Time: 26.827 sec / Speedup: 4.999 / Efficiency: 83% / LogL: -46928511
Threads: 7 / Time: 23.041 sec / Speedup: 5.820 / Efficiency: 83% / LogL: -46928511
Threads: 8 / Time: 23.184 sec / Speedup: 5.784 / Efficiency: 72% / LogL: -46928511
Threads: 9 / Time: 22.062 sec / Speedup: 6.079 / Efficiency: 68% / LogL: -46928511
Threads: 10 / Time: 20.973 sec / Speedup: 6.394 / Efficiency: 64% / LogL: -46928511
Threads: 11 / Time: 21.245 sec / Speedup: 6.312 / Efficiency: 57% / LogL: -46928511
Threads: 12 / Time: 18.701 sec / Speedup: 7.171 / Efficiency: 60% / LogL: -46928511
Threads: 13 / Time: 18.229 sec / Speedup: 7.356 / Efficiency: 57% / LogL: -46928511
Threads: 14 / Time: 18.174 sec / Speedup: 7.379 / Efficiency: 53% / LogL: -46928511
Threads: 15 / Time: 18.105 sec / Speedup: 7.407 / Efficiency: 49% / LogL: -46928511
BEST NUMBER OF THREADS: 12

Estimate model parameters (epsilon = 0.100)
1. Initial log-likelihood: -42609281.441
2. Current log-likelihood: -38993167.319
3. Current log-likelihood: -38934913.819
4. Current log-likelihood: -38921007.393
5. Current log-likelihood: -38919682.816
6. Current log-likelihood: -38919610.657
7. Current log-likelihood: -38919606.922
8. Current log-likelihood: -38919606.318
Optimal log-likelihood: -38919606.284
Rate parameters:  A-C: 0.99616  A-G: 5.23177  A-T: 0.59890  C-G: 1.22562  C-T: 5.20075  G-T: 1.00000
Base frequencies:  A: 0.278  C: 0.221  G: 0.221  T: 0.280
Proportion of invariable sites: 0.001
Site proportion and rates:  (0.379,0.891) (0.090,0.892) (0.493,0.892) (0.038,3.767)
Parameters optimization took 8 rounds (1116.939 sec)
Computing ML distances based on estimated model parameters... 111.312 sec
Computing BIONJ tree...
0.030 seconds
Log-likelihood of BIONJ tree: -38904634.350
--------------------------------------------------------------------
|             INITIALIZING CANDIDATE TREE SET                      |
--------------------------------------------------------------------
Generating 98 parsimony trees... 1539.614 second
Computing log-likelihood of 98 initial trees ... 894.320 seconds
Current best score: -38904634.350

Do NNI search on 20 best initial trees
Estimate model parameters (epsilon = 0.100)
BETTER TREE FOUND at iteration 1: -38899142.113
Iteration 10 / LogL: -38899333.851 / Time: 1h:42m:44s
Iteration 20 / LogL: -38899334.227 / Time: 2h:18m:32s
Finish initializing candidate tree set (14)
Current best tree score: -38899142.113 / CPU time: 6577.500
Number of iterations: 20
--------------------------------------------------------------------
|               OPTIMIZING CANDIDATE TREE SET                      |
--------------------------------------------------------------------
Estimate model parameters (epsilon = 0.100)
UPDATE BEST LOG-LIKELIHOOD: -38899106.868
Iteration 30 / LogL: -38899143.078 / Time: 2h:44m:0s (6h:40m:51s left)
Iteration 40 / LogL: -38899160.908 / Time: 3h:8m:13s (4h:53m:57s left)
Iteration 50 / LogL: -38899143.104 / Time: 3h:31m:39s (3h:40m:0s left)
Log-likelihood cutoff on original alignment: -38899366.284
Iteration 60 / LogL: -38900095.308 / Time: 3h:55m:18s (2h:43m:19s left)
Iteration 70 / LogL: -38899142.139 / Time: 4h:21m:32s (1h:57m:22s left)
Iteration 80 / LogL: -38899496.695 / Time: 4h:48m:51s (1h:16m:42s left)
Iteration 90 / LogL: -38899108.442 / Time: 5h:15m:23s (0h:38m:56s left)
Iteration 100 / LogL: -38899107.998 / Time: 5h:41m:37s (0h:3m:26s left)
Log-likelihood cutoff on original alignment: -38899366.284
NOTE: Bootstrap correlation coefficient of split occurrence frequencies: 1.000
TREE SEARCH COMPLETED AFTER 102 ITERATIONS / Time: 5h:46m:53s

--------------------------------------------------------------------
|                    FINALIZING TREE SEARCH                        |
--------------------------------------------------------------------
Performs final model parameters optimization
Estimate model parameters (epsilon = 0.010)
1. Initial log-likelihood: -38899106.868
2. Current log-likelihood: -38899106.853
Optimal log-likelihood: -38899106.846
Rate parameters:  A-C: 0.99570  A-G: 5.23259  A-T: 0.59863  C-G: 1.22516  C-T: 5.20129  G-T: 1.00000
Base frequencies:  A: 0.278  C: 0.221  G: 0.221  T: 0.280
Proportion of invariable sites: 0.001
Site proportion and rates:  (0.379,0.892) (0.090,0.892) (0.493,0.893) (0.037,3.773)
Parameters optimization took 2 rounds (105.887 sec)
BEST SCORE FOUND : -38899106.846
Creating bootstrap support values...
Split supports printed to NEXUS file /home/erenada/BirdTree/Alignments/AllSites/Gap/m3/Jarvis_pi_m3_AllSISRS.phylip-relaxed.splits.nex
Total tree length: 3.675

Total number of iterations: 102
CPU time used for tree search: 188984.096 sec (52h:29m:44s)
Wall-clock time used for tree search: 19077.824 sec (5h:17m:57s)
Total CPU time used: 203686.163 sec (56h:34m:46s)
Total wall-clock time used: 20920.653 sec (5h:48m:40s)

Computing bootstrap consensus tree...
Reading input file /home/erenada/BirdTree/Alignments/AllSites/Gap/m3/Jarvis_pi_m3_AllSISRS.phylip-relaxed.splits.nex...
48 taxa and 115 splits.
Consensus tree written to /home/erenada/BirdTree/Alignments/AllSites/Gap/m3/Jarvis_pi_m3_AllSISRS.phylip-relaxed.contree
Reading input trees file /home/erenada/BirdTree/Alignments/AllSites/Gap/m3/Jarvis_pi_m3_AllSISRS.phylip-relaxed.contree
Log-likelihood of consensus tree: -38899262.002

Analysis results written to: 
  IQ-TREE report:                /home/erenada/BirdTree/Alignments/AllSites/Gap/m3/Jarvis_pi_m3_AllSISRS.phylip-relaxed.iqtree
  Maximum-likelihood tree:       /home/erenada/BirdTree/Alignments/AllSites/Gap/m3/Jarvis_pi_m3_AllSISRS.phylip-relaxed.treefile
  Likelihood distances:          /home/erenada/BirdTree/Alignments/AllSites/Gap/m3/Jarvis_pi_m3_AllSISRS.phylip-relaxed.mldist

Ultrafast bootstrap approximation results written to:
  Split support values:          /home/erenada/BirdTree/Alignments/AllSites/Gap/m3/Jarvis_pi_m3_AllSISRS.phylip-relaxed.splits.nex
  Consensus tree:                /home/erenada/BirdTree/Alignments/AllSites/Gap/m3/Jarvis_pi_m3_AllSISRS.phylip-relaxed.contree
  Screen log file:               /home/erenada/BirdTree/Alignments/AllSites/Gap/m3/Jarvis_pi_m3_AllSISRS.phylip-relaxed.log

Date and Time: Wed Jun  3 13:14:13 2020
