IQ-TREE multicore version 1.7-beta16 for Linux 64-bit built Sep 24 2019
Developed by Bui Quang Minh, Nguyen Lam Tung, Olga Chernomor,
Heiko Schmidt, Dominik Schrempf, Michael Woodhams.

Host:    n027.cluster.com (AVX, 125 GB RAM)
Command: iqtree -s /home/erenada/BirdTree/Alignments/AllSites/Gap/m5/Jarvis_pi_m5_UTR3.phylip-relaxed -m GTR+I+R -B 1000 -nt AUTO
Seed:    331728 (Using SPRNG - Scalable Parallel Random Number Generator)
Time:    Tue Jun  2 21:57:54 2020
Kernel:  AVX - auto-detect threads (20 CPU cores detected)

Reading alignment file /home/erenada/BirdTree/Alignments/AllSites/Gap/m5/Jarvis_pi_m5_UTR3.phylip-relaxed ... Phylip format detected
Alignment most likely contains DNA/RNA sequences
Alignment has 48 sequences with 53193 columns, 49512 distinct patterns
52760 parsimony-informative, 192 singleton sites, 241 constant sites
        Gap/Ambiguity  Composition  p-value
   1  AcaChl    5.49%    failed      0.00%
   2  AnaPla    5.65%    failed      0.00%
   3  AntCar    4.48%    failed      0.00%
   4  ApaVit    3.84%    failed      0.12%
   5  AptFor    2.60%    failed      0.01%
   6  BalReg    2.35%    failed      0.00%
   7  BucRhi    5.21%    failed      0.00%
   8  CalAnn    4.24%    failed      4.57%
   9  CarCri    2.33%    failed      0.00%
  10  CatAur    4.05%    failed      0.00%
  11  ChaPel    3.37%    passed      5.12%
  12  ChaVoc    1.91%    failed      0.00%
  13  ChlMac    2.30%    passed     84.84%
  14  ColLiv    3.41%    failed      3.93%
  15  ColStr    6.30%    failed      0.00%
  16  CorBra    3.74%    failed      0.00%
  17  CucCan    3.51%    passed     45.46%
  18  EgrGar    2.10%    passed     84.71%
  19  EurHel    5.27%    failed      0.00%
  20  FalPer    3.17%    failed      0.00%
  21  FulGla    1.61%    failed      0.00%
  22  GalGal    4.55%    passed      8.57%
  23  GavSte    2.03%    failed      0.00%
  24  GeoFor    5.41%    failed      0.00%
  25  HalAlb    2.61%    failed      0.00%
  26  HalLeu    1.23%    failed      0.00%
  27  LepDis    2.22%    passed     69.60%
  28  ManVit    4.03%    failed      0.00%
  29  MelGal    4.83%    passed     94.96%
  30  MelUnd    4.15%    failed      0.01%
  31  MerNub    5.39%    failed      0.00%
  32  MesUni    3.62%    failed      0.00%
  33  NesNot    3.32%    passed      7.28%
  34  NipNip    2.15%    failed      0.00%
  35  OpiHoa    2.69%    failed      0.15%
  36  PelCri    1.79%    failed      0.00%
  37  PhaCar    2.55%    passed     14.52%
  38  PhaLep    1.86%    failed      0.00%
  39  PhoRub    1.78%    passed      5.12%
  40  PicPub   13.33%    failed      0.00%
  41  PodCri    2.77%    failed      3.32%
  42  PteGut    2.49%    failed      0.00%
  43  PygAde    3.34%    failed      0.00%
  44  StrCam    5.02%    failed      0.00%
  45  TaeGut    5.90%    failed      0.00%
  46  TauEry    1.93%    passed     78.08%
  47  TinGut   17.06%    failed      0.00%
  48  TytAlb    2.95%    failed      0.00%
****  TOTAL     3.92%  37 sequences failed composition chi2 test (p-value<5%; df=3)

Create initial parsimony tree by phylogenetic likelihood library (PLL)... 0.222 seconds
Generating 1000 samples for ultrafast bootstrap (seed: 331728)...

NOTE: 497 MB RAM (0 GB) is required!
Measuring multi-threading efficiency up to 20 CPU cores
Increase to 10 rounds for branch lengths
3 trees examined
Threads: 1 / Time: 20.272 sec / Speedup: 1.000 / Efficiency: 100% / LogL: -1014214
Threads: 2 / Time: 12.026 sec / Speedup: 1.686 / Efficiency: 84% / LogL: -1014214
Threads: 3 / Time: 8.782 sec / Speedup: 2.308 / Efficiency: 77% / LogL: -1014214
Threads: 4 / Time: 7.532 sec / Speedup: 2.691 / Efficiency: 67% / LogL: -1014214
Threads: 5 / Time: 6.628 sec / Speedup: 3.058 / Efficiency: 61% / LogL: -1014214
Threads: 6 / Time: 5.679 sec / Speedup: 3.570 / Efficiency: 59% / LogL: -1014214
Threads: 7 / Time: 4.963 sec / Speedup: 4.084 / Efficiency: 58% / LogL: -1014214
Threads: 8 / Time: 4.353 sec / Speedup: 4.657 / Efficiency: 58% / LogL: -1014214
Threads: 9 / Time: 4.119 sec / Speedup: 4.921 / Efficiency: 55% / LogL: -1014214
Threads: 10 / Time: 3.837 sec / Speedup: 5.283 / Efficiency: 53% / LogL: -1014214
Threads: 11 / Time: 3.482 sec / Speedup: 5.821 / Efficiency: 53% / LogL: -1014214
Threads: 12 / Time: 3.220 sec / Speedup: 6.296 / Efficiency: 52% / LogL: -1014214
Threads: 13 / Time: 3.007 sec / Speedup: 6.743 / Efficiency: 52% / LogL: -1014214
Threads: 14 / Time: 2.968 sec / Speedup: 6.830 / Efficiency: 49% / LogL: -1014214
BEST NUMBER OF THREADS: 13

Estimate model parameters (epsilon = 0.100)
1. Initial log-likelihood: -904287.838
2. Current log-likelihood: -825292.864
3. Current log-likelihood: -824396.040
4. Current log-likelihood: -824210.814
5. Current log-likelihood: -824172.888
6. Current log-likelihood: -824165.536
7. Current log-likelihood: -824164.459
8. Current log-likelihood: -824164.342
Optimal log-likelihood: -824164.334
Rate parameters:  A-C: 0.97678  A-G: 4.39170  A-T: 0.36579  C-G: 1.04505  C-T: 4.33916  G-T: 1.00000
Base frequencies:  A: 0.309  C: 0.188  G: 0.189  T: 0.313
Proportion of invariable sites: 0.000
Site proportion and rates:  (0.102,0.833) (0.372,0.834) (0.455,0.839) (0.071,3.129)
Parameters optimization took 8 rounds (14.493 sec)
Computing ML distances based on estimated model parameters... 1.243 sec
Computing BIONJ tree...
0.030 seconds
Log-likelihood of BIONJ tree: -824308.080
--------------------------------------------------------------------
|             INITIALIZING CANDIDATE TREE SET                      |
--------------------------------------------------------------------
Generating 98 parsimony trees... 22.077 second
Computing log-likelihood of 98 initial trees ... 12.555 seconds
Current best score: -823931.033

Do NNI search on 20 best initial trees
Estimate model parameters (epsilon = 0.100)
BETTER TREE FOUND at iteration 1: -823406.696
Estimate model parameters (epsilon = 0.100)
BETTER TREE FOUND at iteration 5: -823405.098
Estimate model parameters (epsilon = 0.100)
BETTER TREE FOUND at iteration 7: -823383.450
Iteration 10 / LogL: -823452.905 / Time: 0h:3m:1s
Iteration 20 / LogL: -823433.293 / Time: 0h:3m:37s
Finish initializing candidate tree set (19)
Current best tree score: -823383.450 / CPU time: 110.677
Number of iterations: 20
--------------------------------------------------------------------
|               OPTIMIZING CANDIDATE TREE SET                      |
--------------------------------------------------------------------
Estimate model parameters (epsilon = 0.100)
BETTER TREE FOUND at iteration 21: -823366.874
Estimate model parameters (epsilon = 0.100)
BETTER TREE FOUND at iteration 27: -823366.808
Iteration 30 / LogL: -823379.770 / Time: 0h:4m:1s (0h:13m:27s left)
Iteration 40 / LogL: -823377.446 / Time: 0h:4m:23s (0h:9m:48s left)
Iteration 50 / LogL: -823366.813 / Time: 0h:4m:45s (0h:7m:28s left)
Log-likelihood cutoff on original alignment: -823486.145
Estimate model parameters (epsilon = 0.100)
BETTER TREE FOUND at iteration 53: -823365.872
Iteration 60 / LogL: -823366.809 / Time: 0h:5m:8s (0h:8m:6s left)
Iteration 70 / LogL: -823366.876 / Time: 0h:5m:28s (0h:6m:34s left)
Iteration 80 / LogL: -823366.897 / Time: 0h:5m:52s (0h:5m:25s left)
Iteration 90 / LogL: -823402.105 / Time: 0h:6m:14s (0h:4m:25s left)
Iteration 100 / LogL: -823367.192 / Time: 0h:6m:36s (0h:3m:31s left)
Log-likelihood cutoff on original alignment: -823486.145
NOTE: Bootstrap correlation coefficient of split occurrence frequencies: 0.997
Iteration 110 / LogL: -823365.873 / Time: 0h:6m:58s (0h:5m:45s left)
Iteration 120 / LogL: -823365.874 / Time: 0h:7m:20s (0h:4m:55s left)
Iteration 130 / LogL: -823366.851 / Time: 0h:7m:41s (0h:4m:10s left)
Iteration 140 / LogL: -823366.808 / Time: 0h:8m:1s (0h:3m:27s left)
Iteration 150 / LogL: -823373.391 / Time: 0h:8m:22s (0h:2m:48s left)
Log-likelihood cutoff on original alignment: -823486.145
TREE SEARCH COMPLETED AFTER 154 ITERATIONS / Time: 0h:8m:29s

--------------------------------------------------------------------
|                    FINALIZING TREE SEARCH                        |
--------------------------------------------------------------------
Performs final model parameters optimization
Estimate model parameters (epsilon = 0.010)
1. Initial log-likelihood: -823365.872
Optimal log-likelihood: -823365.867
Rate parameters:  A-C: 0.97503  A-G: 4.39117  A-T: 0.36563  C-G: 1.04288  C-T: 4.34195  G-T: 1.00000
Base frequencies:  A: 0.309  C: 0.188  G: 0.189  T: 0.313
Proportion of invariable sites: 0.000
Site proportion and rates:  (0.102,0.835) (0.372,0.836) (0.455,0.840) (0.070,3.143)
Parameters optimization took 1 rounds (0.649 sec)
BEST SCORE FOUND : -823365.867
Creating bootstrap support values...
Split supports printed to NEXUS file /home/erenada/BirdTree/Alignments/AllSites/Gap/m5/Jarvis_pi_m5_UTR3.phylip-relaxed.splits.nex
Total tree length: 3.646

Total number of iterations: 154
CPU time used for tree search: 4941.956 sec (1h:22m:21s)
Wall-clock time used for tree search: 402.530 sec (0h:6m:42s)
Total CPU time used: 5601.483 sec (1h:33m:21s)
Total wall-clock time used: 510.694 sec (0h:8m:30s)

Computing bootstrap consensus tree...
Reading input file /home/erenada/BirdTree/Alignments/AllSites/Gap/m5/Jarvis_pi_m5_UTR3.phylip-relaxed.splits.nex...
48 taxa and 235 splits.
Consensus tree written to /home/erenada/BirdTree/Alignments/AllSites/Gap/m5/Jarvis_pi_m5_UTR3.phylip-relaxed.contree
Reading input trees file /home/erenada/BirdTree/Alignments/AllSites/Gap/m5/Jarvis_pi_m5_UTR3.phylip-relaxed.contree
Log-likelihood of consensus tree: -823366.798

Analysis results written to: 
  IQ-TREE report:                /home/erenada/BirdTree/Alignments/AllSites/Gap/m5/Jarvis_pi_m5_UTR3.phylip-relaxed.iqtree
  Maximum-likelihood tree:       /home/erenada/BirdTree/Alignments/AllSites/Gap/m5/Jarvis_pi_m5_UTR3.phylip-relaxed.treefile
  Likelihood distances:          /home/erenada/BirdTree/Alignments/AllSites/Gap/m5/Jarvis_pi_m5_UTR3.phylip-relaxed.mldist

Ultrafast bootstrap approximation results written to:
  Split support values:          /home/erenada/BirdTree/Alignments/AllSites/Gap/m5/Jarvis_pi_m5_UTR3.phylip-relaxed.splits.nex
  Consensus tree:                /home/erenada/BirdTree/Alignments/AllSites/Gap/m5/Jarvis_pi_m5_UTR3.phylip-relaxed.contree
  Screen log file:               /home/erenada/BirdTree/Alignments/AllSites/Gap/m5/Jarvis_pi_m5_UTR3.phylip-relaxed.log

Date and Time: Tue Jun  2 22:06:26 2020
