IQ-TREE multicore version 1.7-beta16 for Linux 64-bit built Sep 24 2019
Developed by Bui Quang Minh, Nguyen Lam Tung, Olga Chernomor,
Heiko Schmidt, Dominik Schrempf, Michael Woodhams.

Host:    n025.cluster.com (AVX, 125 GB RAM)
Command: iqtree -s /home/erenada/BirdTree/Alignments/AllSites/Gap/m2/Jarvis_pi_m2_lncRNA.phylip-relaxed -m GTR+I+R -B 1000 -nt AUTO
Seed:    574436 (Using SPRNG - Scalable Parallel Random Number Generator)
Time:    Tue Jun  2 21:58:11 2020
Kernel:  AVX - auto-detect threads (20 CPU cores detected)

Reading alignment file /home/erenada/BirdTree/Alignments/AllSites/Gap/m2/Jarvis_pi_m2_lncRNA.phylip-relaxed ... Phylip format detected
Alignment most likely contains DNA/RNA sequences
Alignment has 48 sequences with 202696 columns, 171863 distinct patterns
202084 parsimony-informative, 304 singleton sites, 308 constant sites
        Gap/Ambiguity  Composition  p-value
   1  AcaChl    2.18%    failed      0.47%
   2  AnaPla    3.02%    passed      7.43%
   3  AntCar    3.03%    failed      0.00%
   4  ApaVit    1.83%    passed     80.29%
   5  AptFor    1.39%    failed      2.97%
   6  BalReg    1.20%    failed      3.00%
   7  BucRhi    2.07%    failed      0.00%
   8  CalAnn    2.86%    passed     88.81%
   9  CarCri    1.34%    failed      4.76%
  10  CatAur    3.92%    failed      0.00%
  11  ChaPel    2.13%    failed      0.08%
  12  ChaVoc    1.18%    passed     97.25%
  13  ChlMac    1.34%    failed      0.70%
  14  ColLiv    1.98%    passed     35.14%
  15  ColStr    2.30%    failed      0.00%
  16  CorBra    1.44%    failed      0.00%
  17  CucCan    2.48%    failed      0.11%
  18  EgrGar    1.11%    passed     16.56%
  19  EurHel    1.91%    passed     46.01%
  20  FalPer    1.56%    failed      0.00%
  21  FulGla    1.05%    failed      0.40%
  22  GalGal    3.01%    failed      1.12%
  23  GavSte    1.23%    failed      1.81%
  24  GeoFor    2.41%    failed      0.00%
  25  HalAlb    1.42%    passed     29.16%
  26  HalLeu    0.59%    passed     16.19%
  27  LepDis    1.15%    failed      0.06%
  28  ManVit    1.81%    failed      0.58%
  29  MelGal    2.74%    passed     88.70%
  30  MelUnd    2.60%    passed     26.63%
  31  MerNub    2.19%    failed      0.02%
  32  MesUni    1.80%    passed     71.87%
  33  NesNot    1.73%    passed     94.45%
  34  NipNip    1.34%    failed      0.00%
  35  OpiHoa    1.20%    passed     28.69%
  36  PelCri    0.95%    failed      0.01%
  37  PhaCar    1.51%    failed      0.25%
  38  PhaLep    0.99%    passed     99.55%
  39  PhoRub    1.03%    failed      0.62%
  40  PicPub    5.67%    failed      0.00%
  41  PodCri    1.26%    failed      1.28%
  42  PteGut    1.44%    passed     57.12%
  43  PygAde    1.81%    failed      0.00%
  44  StrCam    2.76%    passed     14.65%
  45  TaeGut    3.15%    failed      0.00%
  46  TauEry    1.02%    passed      5.25%
  47  TinGut   12.75%    failed      0.00%
  48  TytAlb    1.39%    failed      0.00%
****  TOTAL     2.13%  30 sequences failed composition chi2 test (p-value<5%; df=3)
NOTE: minimal branch length is reduced to 0.000000493350 for long alignment

Create initial parsimony tree by phylogenetic likelihood library (PLL)... 0.772 seconds
Generating 1000 samples for ultrafast bootstrap (seed: 574436)...

NOTE: 1725 MB RAM (1 GB) is required!
Measuring multi-threading efficiency up to 20 CPU cores
6 trees examined
Threads: 1 / Time: 23.986 sec / Speedup: 1.000 / Efficiency: 100% / LogL: -3766514
Threads: 2 / Time: 15.738 sec / Speedup: 1.524 / Efficiency: 76% / LogL: -3766514
Threads: 3 / Time: 11.207 sec / Speedup: 2.140 / Efficiency: 71% / LogL: -3766514
Threads: 4 / Time: 8.931 sec / Speedup: 2.686 / Efficiency: 67% / LogL: -3766514
Threads: 5 / Time: 7.381 sec / Speedup: 3.250 / Efficiency: 65% / LogL: -3766514
Threads: 6 / Time: 6.409 sec / Speedup: 3.742 / Efficiency: 62% / LogL: -3766514
Threads: 7 / Time: 6.337 sec / Speedup: 3.785 / Efficiency: 54% / LogL: -3766514
Threads: 8 / Time: 5.006 sec / Speedup: 4.792 / Efficiency: 60% / LogL: -3766514
Threads: 9 / Time: 4.732 sec / Speedup: 5.069 / Efficiency: 56% / LogL: -3766514
Threads: 10 / Time: 4.340 sec / Speedup: 5.527 / Efficiency: 55% / LogL: -3766514
Threads: 11 / Time: 4.066 sec / Speedup: 5.899 / Efficiency: 54% / LogL: -3766514
Threads: 12 / Time: 3.887 sec / Speedup: 6.171 / Efficiency: 51% / LogL: -3766514
Threads: 13 / Time: 3.748 sec / Speedup: 6.399 / Efficiency: 49% / LogL: -3766514
BEST NUMBER OF THREADS: 11

Estimate model parameters (epsilon = 0.100)
1. Initial log-likelihood: -3380432.666
2. Current log-likelihood: -3094041.990
3. Current log-likelihood: -3090015.854
4. Current log-likelihood: -3087407.331
5. Current log-likelihood: -3086901.403
6. Current log-likelihood: -3086867.024
7. Current log-likelihood: -3086865.635
Optimal log-likelihood: -3086865.556
Rate parameters:  A-C: 0.99341  A-G: 5.31555  A-T: 0.64363  C-G: 1.22901  C-T: 5.33659  G-T: 1.00000
Base frequencies:  A: 0.275  C: 0.225  G: 0.226  T: 0.275
Proportion of invariable sites: 0.001
Site proportion and rates:  (0.376,0.921) (0.507,0.921) (0.091,0.921) (0.026,4.014)
Parameters optimization took 7 rounds (83.911 sec)
Computing ML distances based on estimated model parameters... 9.396 sec
Computing BIONJ tree...
0.030 seconds
Log-likelihood of BIONJ tree: -3085583.482
--------------------------------------------------------------------
|             INITIALIZING CANDIDATE TREE SET                      |
--------------------------------------------------------------------
Generating 98 parsimony trees... 109.657 second
Computing log-likelihood of 98 initial trees ... 58.889 seconds
Current best score: -3085583.482

Do NNI search on 20 best initial trees
Estimate model parameters (epsilon = 0.100)
BETTER TREE FOUND at iteration 1: -3085052.427
Estimate model parameters (epsilon = 0.100)
BETTER TREE FOUND at iteration 3: -3085031.036
Iteration 10 / LogL: -3085191.789 / Time: 0h:8m:10s
Iteration 20 / LogL: -3085031.044 / Time: 0h:10m:17s
Finish initializing candidate tree set (16)
Current best tree score: -3085031.036 / CPU time: 419.783
Number of iterations: 20
--------------------------------------------------------------------
|               OPTIMIZING CANDIDATE TREE SET                      |
--------------------------------------------------------------------
Iteration 30 / LogL: -3085031.040 / Time: 0h:12m:4s (0h:30m:20s left)
Iteration 40 / LogL: -3085052.714 / Time: 0h:13m:46s (0h:22m:12s left)
Iteration 50 / LogL: -3085050.094 / Time: 0h:15m:37s (0h:16m:53s left)
Log-likelihood cutoff on original alignment: -3085199.319
Iteration 60 / LogL: -3085041.642 / Time: 0h:17m:22s (0h:12m:39s left)
Iteration 70 / LogL: -3085050.124 / Time: 0h:19m:7s (0h:9m:8s left)
Iteration 80 / LogL: -3085039.379 / Time: 0h:20m:51s (0h:6m:3s left)
Iteration 90 / LogL: -3085041.725 / Time: 0h:22m:39s (0h:3m:18s left)
Iteration 100 / LogL: -3085193.733 / Time: 0h:24m:24s (0h:0m:44s left)
Log-likelihood cutoff on original alignment: -3085199.319
NOTE: Bootstrap correlation coefficient of split occurrence frequencies: 0.999
TREE SEARCH COMPLETED AFTER 104 ITERATIONS / Time: 0h:25m:11s

--------------------------------------------------------------------
|                    FINALIZING TREE SEARCH                        |
--------------------------------------------------------------------
Performs final model parameters optimization
Estimate model parameters (epsilon = 0.010)
1. Initial log-likelihood: -3085031.036
Optimal log-likelihood: -3085031.034
Rate parameters:  A-C: 0.99246  A-G: 5.31803  A-T: 0.64460  C-G: 1.22921  C-T: 5.33937  G-T: 1.00000
Base frequencies:  A: 0.275  C: 0.225  G: 0.226  T: 0.275
Proportion of invariable sites: 0.001
Site proportion and rates:  (0.376,0.922) (0.508,0.922) (0.091,0.922) (0.025,4.018)
Parameters optimization took 1 rounds (3.770 sec)
BEST SCORE FOUND : -3085031.034
Creating bootstrap support values...
Split supports printed to NEXUS file /home/erenada/BirdTree/Alignments/AllSites/Gap/m2/Jarvis_pi_m2_lncRNA.phylip-relaxed.splits.nex
Total tree length: 3.350

Total number of iterations: 104
CPU time used for tree search: 13000.808 sec (3h:36m:40s)
Wall-clock time used for tree search: 1314.129 sec (0h:21m:54s)
Total CPU time used: 14269.028 sec (3h:57m:49s)
Total wall-clock time used: 1515.606 sec (0h:25m:15s)

Computing bootstrap consensus tree...
Reading input file /home/erenada/BirdTree/Alignments/AllSites/Gap/m2/Jarvis_pi_m2_lncRNA.phylip-relaxed.splits.nex...
48 taxa and 171 splits.
Consensus tree written to /home/erenada/BirdTree/Alignments/AllSites/Gap/m2/Jarvis_pi_m2_lncRNA.phylip-relaxed.contree
Reading input trees file /home/erenada/BirdTree/Alignments/AllSites/Gap/m2/Jarvis_pi_m2_lncRNA.phylip-relaxed.contree
Log-likelihood of consensus tree: -3085044.090

Analysis results written to: 
  IQ-TREE report:                /home/erenada/BirdTree/Alignments/AllSites/Gap/m2/Jarvis_pi_m2_lncRNA.phylip-relaxed.iqtree
  Maximum-likelihood tree:       /home/erenada/BirdTree/Alignments/AllSites/Gap/m2/Jarvis_pi_m2_lncRNA.phylip-relaxed.treefile
  Likelihood distances:          /home/erenada/BirdTree/Alignments/AllSites/Gap/m2/Jarvis_pi_m2_lncRNA.phylip-relaxed.mldist

Ultrafast bootstrap approximation results written to:
  Split support values:          /home/erenada/BirdTree/Alignments/AllSites/Gap/m2/Jarvis_pi_m2_lncRNA.phylip-relaxed.splits.nex
  Consensus tree:                /home/erenada/BirdTree/Alignments/AllSites/Gap/m2/Jarvis_pi_m2_lncRNA.phylip-relaxed.contree
  Screen log file:               /home/erenada/BirdTree/Alignments/AllSites/Gap/m2/Jarvis_pi_m2_lncRNA.phylip-relaxed.log

Date and Time: Tue Jun  2 22:23:31 2020
