IQ-TREE multicore version 1.7-beta16 for Linux 64-bit built Sep 24 2019
Developed by Bui Quang Minh, Nguyen Lam Tung, Olga Chernomor,
Heiko Schmidt, Dominik Schrempf, Michael Woodhams.

Host:    n041.cluster.com (AVX, 125 GB RAM)
Command: iqtree -s /home/erenada/BirdTree/Alignments/AllSites/NoGap/m2/Jarvis_pi_m2_lncRNA_nogap.phylip-relaxed -m GTR+I+R -B 1000 -nt AUTO
Seed:    470046 (Using SPRNG - Scalable Parallel Random Number Generator)
Time:    Wed Jun  3 22:39:23 2020
Kernel:  AVX - auto-detect threads (20 CPU cores detected)

Reading alignment file /home/erenada/BirdTree/Alignments/AllSites/NoGap/m2/Jarvis_pi_m2_lncRNA_nogap.phylip-relaxed ... Phylip format detected
Alignment most likely contains DNA/RNA sequences
Alignment has 48 sequences with 196823 columns, 166157 distinct patterns
196823 parsimony-informative, 0 singleton sites, 0 constant sites
        Gap/Ambiguity  Composition  p-value
   1  AcaChl    2.05%    failed      0.36%
   2  AnaPla    2.94%    passed     12.18%
   3  AntCar    2.95%    failed      0.00%
   4  ApaVit    1.72%    passed     84.33%
   5  AptFor    1.34%    failed      1.50%
   6  BalReg    1.16%    failed      2.55%
   7  BucRhi    1.95%    failed      0.00%
   8  CalAnn    2.70%    passed     92.03%
   9  CarCri    1.31%    failed      3.88%
  10  CatAur    3.93%    failed      0.00%
  11  ChaPel    2.02%    failed      0.18%
  12  ChaVoc    1.14%    passed     96.74%
  13  ChlMac    1.27%    failed      1.08%
  14  ColLiv    1.88%    passed     43.96%
  15  ColStr    2.17%    failed      0.00%
  16  CorBra    1.24%    failed      0.00%
  17  CucCan    2.37%    failed      0.10%
  18  EgrGar    1.06%    passed     23.09%
  19  EurHel    1.83%    passed     55.44%
  20  FalPer    1.50%    failed      0.00%
  21  FulGla    1.02%    failed      0.34%
  22  GalGal    3.00%    failed      0.36%
  23  GavSte    1.19%    failed      1.79%
  24  GeoFor    2.16%    failed      0.00%
  25  HalAlb    1.38%    passed     25.01%
  26  HalLeu    0.54%    passed     13.58%
  27  LepDis    1.09%    failed      0.07%
  28  ManVit    1.65%    failed      0.47%
  29  MelGal    2.63%    passed     77.79%
  30  MelUnd    2.45%    passed     31.72%
  31  MerNub    2.07%    failed      0.02%
  32  MesUni    1.71%    passed     76.17%
  33  NesNot    1.60%    passed     88.34%
  34  NipNip    1.31%    failed      0.00%
  35  OpiHoa    1.13%    passed     35.74%
  36  PelCri    0.93%    failed      0.01%
  37  PhaCar    1.47%    failed      0.27%
  38  PhaLep    0.93%    passed     99.78%
  39  PhoRub    1.01%    failed      1.27%
  40  PicPub    5.53%    failed      0.00%
  41  PodCri    1.21%    failed      1.63%
  42  PteGut    1.37%    passed     54.56%
  43  PygAde    1.75%    failed      0.00%
  44  StrCam    2.63%    passed     23.88%
  45  TaeGut    2.89%    failed      0.00%
  46  TauEry    0.94%    passed      5.57%
  47  TinGut   12.52%    failed      0.00%
  48  TytAlb    1.36%    failed      0.00%
****  TOTAL     2.04%  30 sequences failed composition chi2 test (p-value<5%; df=3)
NOTE: minimal branch length is reduced to 0.000000508071 for long alignment

Create initial parsimony tree by phylogenetic likelihood library (PLL)... 0.801 seconds
Generating 1000 samples for ultrafast bootstrap (seed: 470046)...

NOTE: 1668 MB RAM (1 GB) is required!
Measuring multi-threading efficiency up to 20 CPU cores
6 trees examined
Threads: 1 / Time: 23.163 sec / Speedup: 1.000 / Efficiency: 100% / LogL: -3664860
Threads: 2 / Time: 16.307 sec / Speedup: 1.420 / Efficiency: 71% / LogL: -3664860
Threads: 3 / Time: 11.138 sec / Speedup: 2.080 / Efficiency: 69% / LogL: -3664860
Threads: 4 / Time: 8.965 sec / Speedup: 2.584 / Efficiency: 65% / LogL: -3664860
Threads: 5 / Time: 7.515 sec / Speedup: 3.082 / Efficiency: 62% / LogL: -3664860
Threads: 6 / Time: 6.286 sec / Speedup: 3.685 / Efficiency: 61% / LogL: -3664860
Threads: 7 / Time: 5.817 sec / Speedup: 3.982 / Efficiency: 57% / LogL: -3664860
Threads: 8 / Time: 5.194 sec / Speedup: 4.460 / Efficiency: 56% / LogL: -3664860
Threads: 9 / Time: 5.177 sec / Speedup: 4.474 / Efficiency: 50% / LogL: -3664860
BEST NUMBER OF THREADS: 8

Estimate model parameters (epsilon = 0.100)
1. Initial log-likelihood: -3278447.298
2. Current log-likelihood: -3000010.060
3. Current log-likelihood: -2996268.105
4. Current log-likelihood: -2993651.304
5. Current log-likelihood: -2993086.024
6. Current log-likelihood: -2993044.962
7. Current log-likelihood: -2993043.269
Optimal log-likelihood: -2993043.188
Rate parameters:  A-C: 0.99550  A-G: 5.34156  A-T: 0.64202  C-G: 1.23130  C-T: 5.35566  G-T: 1.00000
Base frequencies:  A: 0.275  C: 0.224  G: 0.225  T: 0.275
Proportion of invariable sites: 0.000
Site proportion and rates:  (0.376,0.923) (0.509,0.923) (0.090,0.923) (0.025,4.011)
Parameters optimization took 7 rounds (116.127 sec)
Computing ML distances based on estimated model parameters... 10.056 sec
Computing BIONJ tree...
0.030 seconds
Log-likelihood of BIONJ tree: -2991918.017
--------------------------------------------------------------------
|             INITIALIZING CANDIDATE TREE SET                      |
--------------------------------------------------------------------
Generating 98 parsimony trees... 113.230 second
Computing log-likelihood of 98 initial trees ... 82.897 seconds
Current best score: -2991918.017

Do NNI search on 20 best initial trees
Estimate model parameters (epsilon = 0.100)
BETTER TREE FOUND at iteration 1: -2991412.255
Estimate model parameters (epsilon = 0.100)
BETTER TREE FOUND at iteration 3: -2991408.008
Iteration 10 / LogL: -2991422.417 / Time: 0h:9m:30s
Estimate model parameters (epsilon = 0.100)
BETTER TREE FOUND at iteration 14: -2991401.198
Iteration 20 / LogL: -2991641.929 / Time: 0h:12m:17s
Finish initializing candidate tree set (16)
Current best tree score: -2991401.198 / CPU time: 522.694
Number of iterations: 20
--------------------------------------------------------------------
|               OPTIMIZING CANDIDATE TREE SET                      |
--------------------------------------------------------------------
Iteration 30 / LogL: -2991409.121 / Time: 0h:14m:27s (0h:41m:49s left)
Iteration 40 / LogL: -2991429.017 / Time: 0h:16m:56s (0h:32m:6s left)
Iteration 50 / LogL: -2991401.644 / Time: 0h:19m:10s (0h:25m:0s left)
Log-likelihood cutoff on original alignment: -2991525.905
Iteration 60 / LogL: -2991401.208 / Time: 0h:21m:13s (0h:19m:24s left)
Iteration 70 / LogL: -2991408.656 / Time: 0h:23m:21s (0h:14m:53s left)
Iteration 80 / LogL: -2991405.396 / Time: 0h:25m:39s (0h:11m:2s left)
Iteration 90 / LogL: -2991405.329 / Time: 0h:27m:56s (0h:7m:31s left)
Iteration 100 / LogL: -2991408.436 / Time: 0h:30m:15s (0h:4m:16s left)
Log-likelihood cutoff on original alignment: -2991525.905
NOTE: Bootstrap correlation coefficient of split occurrence frequencies: 1.000
UPDATE BEST LOG-LIKELIHOOD: -2991401.198
Iteration 110 / LogL: -2991407.961 / Time: 0h:32m:31s (0h:26m:50s left)
TREE SEARCH COMPLETED AFTER 115 ITERATIONS / Time: 0h:33m:36s

--------------------------------------------------------------------
|                    FINALIZING TREE SEARCH                        |
--------------------------------------------------------------------
Performs final model parameters optimization
Estimate model parameters (epsilon = 0.010)
1. Initial log-likelihood: -2991401.198
2. Current log-likelihood: -2991401.157
3. Current log-likelihood: -2991401.133
4. Current log-likelihood: -2991401.104
5. Current log-likelihood: -2991401.076
6. Current log-likelihood: -2991401.050
7. Current log-likelihood: -2991401.034
8. Current log-likelihood: -2991401.017
9. Current log-likelihood: -2991400.999
10. Current log-likelihood: -2991400.980
11. Current log-likelihood: -2991400.967
12. Current log-likelihood: -2991400.952
13. Current log-likelihood: -2991400.940
14. Current log-likelihood: -2991400.926
Optimal log-likelihood: -2991400.916
Rate parameters:  A-C: 0.99641  A-G: 5.35368  A-T: 0.64287  C-G: 1.23360  C-T: 5.36827  G-T: 1.00000
Base frequencies:  A: 0.275  C: 0.224  G: 0.225  T: 0.275
Proportion of invariable sites: 0.000
Site proportion and rates:  (0.376,0.923) (0.509,0.924) (0.090,0.924) (0.025,4.024)
Parameters optimization took 14 rounds (61.775 sec)
BEST SCORE FOUND : -2991400.916
Creating bootstrap support values...
Split supports printed to NEXUS file /home/erenada/BirdTree/Alignments/AllSites/NoGap/m2/Jarvis_pi_m2_lncRNA_nogap.phylip-relaxed.splits.nex
Total tree length: 3.338

Total number of iterations: 115
CPU time used for tree search: 13213.493 sec (3h:40m:13s)
Wall-clock time used for tree search: 1802.355 sec (0h:30m:2s)
Total CPU time used: 14761.096 sec (4h:6m:1s)
Total wall-clock time used: 2079.070 sec (0h:34m:39s)

Computing bootstrap consensus tree...
Reading input file /home/erenada/BirdTree/Alignments/AllSites/NoGap/m2/Jarvis_pi_m2_lncRNA_nogap.phylip-relaxed.splits.nex...
48 taxa and 162 splits.
Consensus tree written to /home/erenada/BirdTree/Alignments/AllSites/NoGap/m2/Jarvis_pi_m2_lncRNA_nogap.phylip-relaxed.contree
Reading input trees file /home/erenada/BirdTree/Alignments/AllSites/NoGap/m2/Jarvis_pi_m2_lncRNA_nogap.phylip-relaxed.contree
Log-likelihood of consensus tree: -2991405.350

Analysis results written to: 
  IQ-TREE report:                /home/erenada/BirdTree/Alignments/AllSites/NoGap/m2/Jarvis_pi_m2_lncRNA_nogap.phylip-relaxed.iqtree
  Maximum-likelihood tree:       /home/erenada/BirdTree/Alignments/AllSites/NoGap/m2/Jarvis_pi_m2_lncRNA_nogap.phylip-relaxed.treefile
  Likelihood distances:          /home/erenada/BirdTree/Alignments/AllSites/NoGap/m2/Jarvis_pi_m2_lncRNA_nogap.phylip-relaxed.mldist

Ultrafast bootstrap approximation results written to:
  Split support values:          /home/erenada/BirdTree/Alignments/AllSites/NoGap/m2/Jarvis_pi_m2_lncRNA_nogap.phylip-relaxed.splits.nex
  Consensus tree:                /home/erenada/BirdTree/Alignments/AllSites/NoGap/m2/Jarvis_pi_m2_lncRNA_nogap.phylip-relaxed.contree
  Screen log file:               /home/erenada/BirdTree/Alignments/AllSites/NoGap/m2/Jarvis_pi_m2_lncRNA_nogap.phylip-relaxed.log

Date and Time: Wed Jun  3 23:14:07 2020
