IQ-TREE multicore version 1.7-beta16 for Linux 64-bit built Sep 24 2019
Developed by Bui Quang Minh, Nguyen Lam Tung, Olga Chernomor,
Heiko Schmidt, Dominik Schrempf, Michael Woodhams.

Host:    n041.cluster.com (AVX, 125 GB RAM)
Command: iqtree -s /home/erenada/BirdTree/Alignments/AllSites/NoGap/m5/Jarvis_pi_m5_smRNA_nogap.phylip-relaxed -m GTR+I+R -B 1000 -nt AUTO
Seed:    553210 (Using SPRNG - Scalable Parallel Random Number Generator)
Time:    Wed Jun  3 22:01:02 2020
Kernel:  AVX - auto-detect threads (20 CPU cores detected)

Reading alignment file /home/erenada/BirdTree/Alignments/AllSites/NoGap/m5/Jarvis_pi_m5_smRNA_nogap.phylip-relaxed ... Phylip format detected
Alignment most likely contains DNA/RNA sequences
Alignment has 48 sequences with 651 columns, 644 distinct patterns
651 parsimony-informative, 0 singleton sites, 0 constant sites
        Gap/Ambiguity  Composition  p-value
   1  AcaChl    2.61%    passed     24.66%
   2  AnaPla    5.53%    passed     88.50%
   3  AntCar    3.99%    passed     93.73%
   4  ApaVit    1.69%    passed     75.47%
   5  AptFor    4.15%    passed     83.74%
   6  BalReg    1.38%    passed     97.72%
   7  BucRhi    5.53%    passed     92.70%
   8  CalAnn    4.30%    passed     96.78%
   9  CarCri    2.30%    passed     94.42%
  10  CatAur    3.84%    passed     89.81%
  11  ChaPel    1.84%    passed     96.39%
  12  ChaVoc    2.46%    passed     98.89%
  13  ChlMac    1.23%    passed     63.44%
  14  ColLiv    3.53%    passed     96.25%
  15  ColStr    2.00%    passed     44.44%
  16  CorBra    4.92%    passed     21.70%
  17  CucCan    4.15%    passed     87.44%
  18  EgrGar    1.69%    passed     73.99%
  19  EurHel    3.38%    passed     93.82%
  20  FalPer    2.30%    passed     89.58%
  21  FulGla    1.23%    passed     87.28%
  22  GalGal    2.92%    passed     89.79%
  23  GavSte    2.46%    passed     91.00%
  24  GeoFor    5.84%    passed      9.62%
  25  HalAlb    4.15%    passed     98.43%
  26  HalLeu    0.61%    passed     96.78%
  27  LepDis    2.76%    passed     71.90%
  28  ManVit    2.76%    passed     84.28%
  29  MelGal    1.23%    passed     96.00%
  30  MelUnd    4.76%    passed     69.25%
  31  MerNub    3.23%    passed     98.19%
  32  MesUni    1.23%    passed     93.90%
  33  NesNot    2.15%    passed     95.31%
  34  NipNip    2.00%    passed     91.74%
  35  OpiHoa    1.38%    passed     99.66%
  36  PelCri    1.69%    passed     93.61%
  37  PhaCar    3.84%    passed     81.42%
  38  PhaLep    1.54%    passed     75.69%
  39  PhoRub    1.69%    passed     99.95%
  40  PicPub    6.61%    passed     93.11%
  41  PodCri    0.77%    passed     94.03%
  42  PteGut    2.92%    passed     90.41%
  43  PygAde    2.61%    passed     89.28%
  44  StrCam    5.84%    passed     84.22%
  45  TaeGut    7.07%    passed     66.14%
  46  TauEry    1.23%    passed     88.94%
  47  TinGut   18.13%    passed     94.26%
  48  TytAlb    5.22%    passed     81.44%
****  TOTAL     3.35%  0 sequences failed composition chi2 test (p-value<5%; df=3)

Create initial parsimony tree by phylogenetic likelihood library (PLL)... 0.004 seconds
Generating 1000 samples for ultrafast bootstrap (seed: 553210)...

NOTE: 6 MB RAM (0 GB) is required!
Measuring multi-threading efficiency up to 20 CPU cores
Increase to 10 rounds for branch lengths
281 trees examined
Threads: 1 / Time: 20.070 sec / Speedup: 1.000 / Efficiency: 100% / LogL: -12756
Threads: 2 / Time: 18.806 sec / Speedup: 1.067 / Efficiency: 53% / LogL: -12756
Threads: 3 / Time: 10.733 sec / Speedup: 1.870 / Efficiency: 62% / LogL: -12756
Threads: 4 / Time: 11.561 sec / Speedup: 1.736 / Efficiency: 43% / LogL: -12756
BEST NUMBER OF THREADS: 3

Estimate model parameters (epsilon = 0.100)
1. Initial log-likelihood: -11277.740
2. Current log-likelihood: -10326.487
3. Current log-likelihood: -10318.722
4. Current log-likelihood: -10317.931
Optimal log-likelihood: -10317.852
Rate parameters:  A-C: 1.19337  A-G: 5.68510  A-T: 0.44572  C-G: 1.27776  C-T: 5.07779  G-T: 1.00000
Base frequencies:  A: 0.283  C: 0.230  G: 0.202  T: 0.286
Proportion of invariable sites: 0.000
Site proportion and rates:  (0.107,0.794) (0.373,0.796) (0.425,0.802) (0.096,2.908)
Parameters optimization took 4 rounds (0.505 sec)
Computing ML distances based on estimated model parameters... 0.053 sec
Computing BIONJ tree...
0.060 seconds
Log-likelihood of BIONJ tree: -10330.894
--------------------------------------------------------------------
|             INITIALIZING CANDIDATE TREE SET                      |
--------------------------------------------------------------------
Generating 98 parsimony trees... 0.465 second
Computing log-likelihood of 98 initial trees ... 0.687 seconds
Current best score: -10288.547

Do NNI search on 20 best initial trees
Estimate model parameters (epsilon = 0.100)
BETTER TREE FOUND at iteration 1: -10278.080
Estimate model parameters (epsilon = 0.100)
BETTER TREE FOUND at iteration 2: -10273.703
Iteration 10 / LogL: -10288.150 / Time: 0h:1m:4s
Iteration 20 / LogL: -10290.846 / Time: 0h:1m:6s
Finish initializing candidate tree set (20)
Current best tree score: -10273.703 / CPU time: 4.310
Number of iterations: 20
--------------------------------------------------------------------
|               OPTIMIZING CANDIDATE TREE SET                      |
--------------------------------------------------------------------
Estimate model parameters (epsilon = 0.100)
BETTER TREE FOUND at iteration 21: -10271.916
Estimate model parameters (epsilon = 0.100)
BETTER TREE FOUND at iteration 24: -10270.753
Estimate model parameters (epsilon = 0.100)
BETTER TREE FOUND at iteration 26: -10270.262
Iteration 30 / LogL: -10274.092 / Time: 0h:1m:8s (0h:3m:46s left)
Estimate model parameters (epsilon = 0.100)
BETTER TREE FOUND at iteration 34: -10269.386
Iteration 40 / LogL: -10269.706 / Time: 0h:1m:10s (0h:2m:49s left)
Estimate model parameters (epsilon = 0.100)
BETTER TREE FOUND at iteration 41: -10267.222
Estimate model parameters (epsilon = 0.100)
BETTER TREE FOUND at iteration 47: -10266.689
Iteration 50 / LogL: -10267.256 / Time: 0h:1m:12s (0h:2m:22s left)
Log-likelihood cutoff on original alignment: -10311.317
Estimate model parameters (epsilon = 0.100)
BETTER TREE FOUND at iteration 54: -10263.972
Iteration 60 / LogL: -10268.188 / Time: 0h:1m:14s (0h:1m:57s left)
Estimate model parameters (epsilon = 0.100)
BETTER TREE FOUND at iteration 63: -10260.031
Iteration 70 / LogL: -10264.606 / Time: 0h:1m:15s (0h:1m:42s left)
UPDATE BEST LOG-LIKELIHOOD: -10260.030
Iteration 80 / LogL: -10260.323 / Time: 0h:1m:17s (0h:1m:21s left)
Iteration 90 / LogL: -10261.458 / Time: 0h:1m:19s (0h:1m:4s left)
Iteration 100 / LogL: -10260.316 / Time: 0h:1m:20s (0h:0m:51s left)
Log-likelihood cutoff on original alignment: -10309.931
NOTE: Bootstrap correlation coefficient of split occurrence frequencies: 0.940
NOTE: UFBoot does not converge, continue at least 100 more iterations
Iteration 110 / LogL: -10260.093 / Time: 0h:1m:22s (0h:1m:8s left)
Iteration 120 / LogL: -10261.480 / Time: 0h:1m:24s (0h:0m:56s left)
Iteration 130 / LogL: -10261.013 / Time: 0h:1m:25s (0h:0m:46s left)
Iteration 140 / LogL: -10262.562 / Time: 0h:1m:27s (0h:0m:37s left)
UPDATE BEST LOG-LIKELIHOOD: -10260.030
UPDATE BEST LOG-LIKELIHOOD: -10260.030
Iteration 150 / LogL: -10282.530 / Time: 0h:1m:29s (0h:0m:29s left)
Log-likelihood cutoff on original alignment: -10309.931
UPDATE BEST LOG-LIKELIHOOD: -10260.030
Iteration 160 / LogL: -10261.774 / Time: 0h:1m:31s (0h:0m:22s left)
Iteration 170 / LogL: -10261.318 / Time: 0h:1m:32s (0h:0m:16s left)
Iteration 180 / LogL: -10265.798 / Time: 0h:1m:34s (0h:0m:10s left)
Iteration 190 / LogL: -10260.031 / Time: 0h:1m:35s (0h:0m:5s left)
Iteration 200 / LogL: -10271.265 / Time: 0h:1m:37s (0h:0m:0s left)
Log-likelihood cutoff on original alignment: -10309.931
NOTE: Bootstrap correlation coefficient of split occurrence frequencies: 0.998
TREE SEARCH COMPLETED AFTER 200 ITERATIONS / Time: 0h:1m:37s

--------------------------------------------------------------------
|                    FINALIZING TREE SEARCH                        |
--------------------------------------------------------------------
Performs final model parameters optimization
Estimate model parameters (epsilon = 0.010)
1. Initial log-likelihood: -10260.030
Optimal log-likelihood: -10260.027
Rate parameters:  A-C: 1.21861  A-G: 6.00413  A-T: 0.46756  C-G: 1.31195  C-T: 5.27249  G-T: 1.00000
Base frequencies:  A: 0.283  C: 0.230  G: 0.202  T: 0.286
Proportion of invariable sites: 0.000
Site proportion and rates:  (0.427,0.794) (0.107,0.794) (0.375,0.795) (0.091,3.049)
Parameters optimization took 1 rounds (0.071 sec)
BEST SCORE FOUND : -10260.027
Creating bootstrap support values...
Split supports printed to NEXUS file /home/erenada/BirdTree/Alignments/AllSites/NoGap/m5/Jarvis_pi_m5_smRNA_nogap.phylip-relaxed.splits.nex
Total tree length: 3.719

Total number of iterations: 200
CPU time used for tree search: 98.657 sec (0h:1m:38s)
Wall-clock time used for tree search: 35.803 sec (0h:0m:35s)
Total CPU time used: 235.477 sec (0h:3m:55s)
Total wall-clock time used: 97.985 sec (0h:1m:37s)

Computing bootstrap consensus tree...
Reading input file /home/erenada/BirdTree/Alignments/AllSites/NoGap/m5/Jarvis_pi_m5_smRNA_nogap.phylip-relaxed.splits.nex...
48 taxa and 877 splits.
Consensus tree written to /home/erenada/BirdTree/Alignments/AllSites/NoGap/m5/Jarvis_pi_m5_smRNA_nogap.phylip-relaxed.contree
Reading input trees file /home/erenada/BirdTree/Alignments/AllSites/NoGap/m5/Jarvis_pi_m5_smRNA_nogap.phylip-relaxed.contree
Log-likelihood of consensus tree: -10260.152

Analysis results written to: 
  IQ-TREE report:                /home/erenada/BirdTree/Alignments/AllSites/NoGap/m5/Jarvis_pi_m5_smRNA_nogap.phylip-relaxed.iqtree
  Maximum-likelihood tree:       /home/erenada/BirdTree/Alignments/AllSites/NoGap/m5/Jarvis_pi_m5_smRNA_nogap.phylip-relaxed.treefile
  Likelihood distances:          /home/erenada/BirdTree/Alignments/AllSites/NoGap/m5/Jarvis_pi_m5_smRNA_nogap.phylip-relaxed.mldist

Ultrafast bootstrap approximation results written to:
  Split support values:          /home/erenada/BirdTree/Alignments/AllSites/NoGap/m5/Jarvis_pi_m5_smRNA_nogap.phylip-relaxed.splits.nex
  Consensus tree:                /home/erenada/BirdTree/Alignments/AllSites/NoGap/m5/Jarvis_pi_m5_smRNA_nogap.phylip-relaxed.contree
  Screen log file:               /home/erenada/BirdTree/Alignments/AllSites/NoGap/m5/Jarvis_pi_m5_smRNA_nogap.phylip-relaxed.log

Date and Time: Wed Jun  3 22:02:40 2020
