IQ-TREE multicore version 1.7-beta16 for Linux 64-bit built Sep 24 2019
Developed by Bui Quang Minh, Nguyen Lam Tung, Olga Chernomor,
Heiko Schmidt, Dominik Schrempf, Michael Woodhams.

Host:    n018.cluster.com (AVX, 125 GB RAM)
Command: iqtree -s /home/erenada/BirdTree/Alignments/AllSites/Gap/m3/Jarvis_pi_m3_gene.phylip-relaxed -m GTR+I+R -B 1000 -nt AUTO
Seed:    76596 (Using SPRNG - Scalable Parallel Random Number Generator)
Time:    Wed Jun  3 01:33:33 2020
Kernel:  AVX - auto-detect threads (20 CPU cores detected)

Reading alignment file /home/erenada/BirdTree/Alignments/AllSites/Gap/m3/Jarvis_pi_m3_gene.phylip-relaxed ... Phylip format detected
Alignment most likely contains DNA/RNA sequences
Alignment has 48 sequences with 961130 columns, 795368 distinct patterns
957755 parsimony-informative, 1745 singleton sites, 1630 constant sites
        Gap/Ambiguity  Composition  p-value
   1  AcaChl    3.03%    failed      0.00%
   2  AnaPla    3.75%    passed     78.66%
   3  AntCar    3.67%    failed      0.00%
   4  ApaVit    2.64%    failed      0.00%
   5  AptFor    1.93%    failed      0.00%
   6  BalReg    1.55%    failed      0.00%
   7  BucRhi    2.96%    failed      0.00%
   8  CalAnn    3.32%    failed      0.00%
   9  CarCri    1.81%    failed      0.00%
  10  CatAur    5.02%    failed      0.00%
  11  ChaPel    2.72%    failed      0.00%
  12  ChaVoc    1.59%    failed      0.00%
  13  ChlMac    1.73%    passed     68.70%
  14  ColLiv    2.62%    failed      0.00%
  15  ColStr    3.21%    failed      0.01%
  16  CorBra    2.22%    failed      0.00%
  17  CucCan    2.71%    failed      0.00%
  18  EgrGar    1.43%    failed      0.56%
  19  EurHel    2.41%    failed      0.00%
  20  FalPer    2.20%    failed      0.00%
  21  FulGla    1.29%    failed      0.00%
  22  GalGal    3.76%    failed      0.00%
  23  GavSte    1.58%    failed      0.00%
  24  GeoFor    3.55%    failed      0.00%
  25  HalAlb    2.09%    failed      0.00%
  26  HalLeu    0.79%    failed      0.00%
  27  LepDis    1.64%    failed      0.00%
  28  ManVit    2.79%    failed      0.00%
  29  MelGal    3.70%    failed      0.19%
  30  MelUnd    3.13%    failed      0.53%
  31  MerNub    3.14%    failed      0.00%
  32  MesUni    2.42%    failed      0.00%
  33  NesNot    2.16%    passed     99.36%
  34  NipNip    1.75%    failed      0.00%
  35  OpiHoa    1.95%    failed      0.00%
  36  PelCri    1.28%    failed      0.00%
  37  PhaCar    2.04%    failed      0.00%
  38  PhaLep    1.33%    failed      0.00%
  39  PhoRub    1.33%    failed      0.00%
  40  PicPub    7.13%    failed      0.00%
  41  PodCri    1.78%    failed      0.00%
  42  PteGut    1.90%    failed      0.21%
  43  PygAde    2.16%    failed      0.00%
  44  StrCam    4.24%    failed      0.00%
  45  TaeGut    4.19%    failed      0.00%
  46  TauEry    1.38%    failed      1.26%
  47  TinGut   17.61%    failed      0.00%
  48  TytAlb    2.10%    failed      0.00%
****  TOTAL     2.85%  45 sequences failed composition chi2 test (p-value<5%; df=3)
NOTE: minimal branch length is reduced to 0.000000104044 for long alignment

Create initial parsimony tree by phylogenetic likelihood library (PLL)... 4.131 seconds
Generating 1000 samples for ultrafast bootstrap (seed: 76596)...

NOTE: 7985 MB RAM (7 GB) is required!
Measuring multi-threading efficiency up to 20 CPU cores
2 trees examined
Threads: 1 / Time: 40.758 sec / Speedup: 1.000 / Efficiency: 100% / LogL: -18823921
Threads: 2 / Time: 26.200 sec / Speedup: 1.556 / Efficiency: 78% / LogL: -18823921
Threads: 3 / Time: 17.963 sec / Speedup: 2.269 / Efficiency: 76% / LogL: -18823921
Threads: 4 / Time: 14.295 sec / Speedup: 2.851 / Efficiency: 71% / LogL: -18823921
Threads: 5 / Time: 12.730 sec / Speedup: 3.202 / Efficiency: 64% / LogL: -18823921
Threads: 6 / Time: 10.347 sec / Speedup: 3.939 / Efficiency: 66% / LogL: -18823921
Threads: 7 / Time: 11.001 sec / Speedup: 3.705 / Efficiency: 53% / LogL: -18823921
Threads: 8 / Time: 9.609 sec / Speedup: 4.242 / Efficiency: 53% / LogL: -18823921
Threads: 9 / Time: 9.093 sec / Speedup: 4.482 / Efficiency: 50% / LogL: -18823921
BEST NUMBER OF THREADS: 8

Estimate model parameters (epsilon = 0.100)
1. Initial log-likelihood: -16877397.836
2. Current log-likelihood: -15377745.613
3. Current log-likelihood: -15356809.358
4. Current log-likelihood: -15353747.364
5. Current log-likelihood: -15353489.038
6. Current log-likelihood: -15353467.784
7. Current log-likelihood: -15353466.901
Optimal log-likelihood: -15353466.820
Rate parameters:  A-C: 0.99846  A-G: 5.44562  A-T: 0.53148  C-G: 1.29923  C-T: 5.42070  G-T: 1.00000
Base frequencies:  A: 0.284  C: 0.215  G: 0.214  T: 0.287
Proportion of invariable sites: 0.001
Site proportion and rates:  (0.095,0.862) (0.381,0.862) (0.474,0.865) (0.050,3.595)
Parameters optimization took 7 rounds (633.367 sec)
Computing ML distances based on estimated model parameters... 42.359 sec
Computing BIONJ tree...
0.030 seconds
Log-likelihood of BIONJ tree: -15348005.384
--------------------------------------------------------------------
|             INITIALIZING CANDIDATE TREE SET                      |
--------------------------------------------------------------------
Generating 98 parsimony trees... 563.293 second
Computing log-likelihood of 98 initial trees ... 434.203 seconds
Current best score: -15348005.384

Do NNI search on 20 best initial trees
Estimate model parameters (epsilon = 0.100)
BETTER TREE FOUND at iteration 1: -15344976.506
Estimate model parameters (epsilon = 0.100)
BETTER TREE FOUND at iteration 2: -15344545.103
Estimate model parameters (epsilon = 0.100)
BETTER TREE FOUND at iteration 4: -15344364.023
Iteration 10 / LogL: -15344664.361 / Time: 0h:47m:37s
Iteration 20 / LogL: -15345420.161 / Time: 1h:1m:31s
Finish initializing candidate tree set (17)
Current best tree score: -15344364.023 / CPU time: 2859.700
Number of iterations: 20
--------------------------------------------------------------------
|               OPTIMIZING CANDIDATE TREE SET                      |
--------------------------------------------------------------------
Iteration 30 / LogL: -15344426.351 / Time: 1h:12m:47s (3h:5m:30s left)
Iteration 40 / LogL: -15344433.223 / Time: 1h:24m:42s (2h:18m:51s left)
Iteration 50 / LogL: -15344364.030 / Time: 1h:36m:47s (1h:46m:34s left)
Log-likelihood cutoff on original alignment: -15344681.260
Iteration 60 / LogL: -15344364.388 / Time: 1h:48m:32s (1h:20m:52s left)
Iteration 70 / LogL: -15344410.483 / Time: 1h:59m:28s (0h:58m:49s left)
Iteration 80 / LogL: -15344386.028 / Time: 2h:12m:10s (0h:40m:7s left)
Iteration 90 / LogL: -15344415.100 / Time: 2h:24m:58s (0h:22m:47s left)
Iteration 100 / LogL: -15344664.418 / Time: 2h:36m:42s (0h:6m:19s left)
Log-likelihood cutoff on original alignment: -15344559.162
NOTE: Bootstrap correlation coefficient of split occurrence frequencies: 0.996
TREE SEARCH COMPLETED AFTER 105 ITERATIONS / Time: 2h:43m:37s

--------------------------------------------------------------------
|                    FINALIZING TREE SEARCH                        |
--------------------------------------------------------------------
Performs final model parameters optimization
Estimate model parameters (epsilon = 0.010)
1. Initial log-likelihood: -15344364.023
2. Current log-likelihood: -15344364.008
Optimal log-likelihood: -15344364.003
Rate parameters:  A-C: 0.99791  A-G: 5.44713  A-T: 0.53147  C-G: 1.29875  C-T: 5.42149  G-T: 1.00000
Base frequencies:  A: 0.284  C: 0.215  G: 0.214  T: 0.287
Proportion of invariable sites: 0.001
Site proportion and rates:  (0.095,0.863) (0.381,0.863) (0.474,0.866) (0.050,3.598)
Parameters optimization took 2 rounds (53.294 sec)
BEST SCORE FOUND : -15344364.003
Creating bootstrap support values...
Split supports printed to NEXUS file /home/erenada/BirdTree/Alignments/AllSites/Gap/m3/Jarvis_pi_m3_gene.phylip-relaxed.splits.nex
Total tree length: 3.745

Total number of iterations: 105
CPU time used for tree search: 61527.416 sec (17h:5m:27s)
Wall-clock time used for tree search: 8985.177 sec (2h:29m:45s)
Total CPU time used: 66374.335 sec (18h:26m:14s)
Total wall-clock time used: 9871.293 sec (2h:44m:31s)

Computing bootstrap consensus tree...
Reading input file /home/erenada/BirdTree/Alignments/AllSites/Gap/m3/Jarvis_pi_m3_gene.phylip-relaxed.splits.nex...
48 taxa and 126 splits.
Consensus tree written to /home/erenada/BirdTree/Alignments/AllSites/Gap/m3/Jarvis_pi_m3_gene.phylip-relaxed.contree
Reading input trees file /home/erenada/BirdTree/Alignments/AllSites/Gap/m3/Jarvis_pi_m3_gene.phylip-relaxed.contree
Log-likelihood of consensus tree: -15344364.003

Analysis results written to: 
  IQ-TREE report:                /home/erenada/BirdTree/Alignments/AllSites/Gap/m3/Jarvis_pi_m3_gene.phylip-relaxed.iqtree
  Maximum-likelihood tree:       /home/erenada/BirdTree/Alignments/AllSites/Gap/m3/Jarvis_pi_m3_gene.phylip-relaxed.treefile
  Likelihood distances:          /home/erenada/BirdTree/Alignments/AllSites/Gap/m3/Jarvis_pi_m3_gene.phylip-relaxed.mldist

Ultrafast bootstrap approximation results written to:
  Split support values:          /home/erenada/BirdTree/Alignments/AllSites/Gap/m3/Jarvis_pi_m3_gene.phylip-relaxed.splits.nex
  Consensus tree:                /home/erenada/BirdTree/Alignments/AllSites/Gap/m3/Jarvis_pi_m3_gene.phylip-relaxed.contree
  Screen log file:               /home/erenada/BirdTree/Alignments/AllSites/Gap/m3/Jarvis_pi_m3_gene.phylip-relaxed.log

Date and Time: Wed Jun  3 04:18:36 2020
