IQ-TREE multicore version 1.7-beta16 for Linux 64-bit built Sep 24 2019
Developed by Bui Quang Minh, Nguyen Lam Tung, Olga Chernomor,
Heiko Schmidt, Dominik Schrempf, Michael Woodhams.

Host:    n029.cluster.com (AVX, 125 GB RAM)
Command: iqtree -s /home/erenada/BirdTree/Alignments/AllSites/Gap/m3/Jarvis_pi_m3_smRNA.phylip-relaxed -m GTR+I+R -B 1000 -nt AUTO
Seed:    81325 (Using SPRNG - Scalable Parallel Random Number Generator)
Time:    Tue Jun  2 21:30:40 2020
Kernel:  AVX - auto-detect threads (20 CPU cores detected)

Reading alignment file /home/erenada/BirdTree/Alignments/AllSites/Gap/m3/Jarvis_pi_m3_smRNA.phylip-relaxed ... Phylip format detected
Alignment most likely contains DNA/RNA sequences
Alignment has 48 sequences with 581 columns, 574 distinct patterns
576 parsimony-informative, 0 singleton sites, 4 constant sites
        Gap/Ambiguity  Composition  p-value
   1  AcaChl    1.89%    passed     47.17%
   2  AnaPla    4.30%    passed     89.95%
   3  AntCar    3.10%    passed     88.05%
   4  ApaVit    1.20%    passed     76.72%
   5  AptFor    3.44%    passed     92.84%
   6  BalReg    1.20%    passed     97.62%
   7  BucRhi    5.51%    passed     89.53%
   8  CalAnn    3.27%    passed     86.53%
   9  CarCri    1.03%    passed     93.85%
  10  CatAur    3.10%    passed     89.41%
  11  ChaPel    1.72%    passed     99.95%
  12  ChaVoc    2.24%    passed     97.94%
  13  ChlMac    1.03%    passed     78.98%
  14  ColLiv    2.75%    passed     91.76%
  15  ColStr    2.41%    passed     57.94%
  16  CorBra    3.27%    passed     26.27%
  17  CucCan    3.27%    passed     90.04%
  18  EgrGar    1.38%    passed     85.88%
  19  EurHel    2.93%    passed     94.86%
  20  FalPer    2.07%    passed     80.38%
  21  FulGla    1.20%    passed     85.90%
  22  GalGal    2.75%    passed     91.18%
  23  GavSte    2.75%    passed     91.23%
  24  GeoFor    4.48%    passed     12.23%
  25  HalAlb    4.30%    passed     92.58%
  26  HalLeu    1.03%    passed     91.61%
  27  LepDis    2.07%    passed     82.51%
  28  ManVit    1.72%    passed     87.86%
  29  MelGal    1.38%    passed     97.94%
  30  MelUnd    4.13%    passed     50.36%
  31  MerNub    2.24%    passed     99.92%
  32  MesUni    0.69%    passed     95.48%
  33  NesNot    1.89%    passed     92.90%
  34  NipNip    1.72%    passed     95.87%
  35  OpiHoa    1.03%    passed     97.60%
  36  PelCri    1.38%    passed     97.20%
  37  PhaCar    2.41%    passed     89.23%
  38  PhaLep    1.38%    passed     83.42%
  39  PhoRub    1.55%    passed     99.80%
  40  PicPub    5.16%    passed     95.80%
  41  PodCri    0.52%    passed     94.27%
  42  PteGut    1.89%    passed     94.85%
  43  PygAde    2.58%    passed     94.36%
  44  StrCam    5.16%    passed     90.29%
  45  TaeGut    5.85%    passed     83.47%
  46  TauEry    1.55%    passed     93.31%
  47  TinGut   15.83%    passed     91.33%
  48  TytAlb    2.41%    passed     91.08%
****  TOTAL     2.75%  0 sequences failed composition chi2 test (p-value<5%; df=3)

Create initial parsimony tree by phylogenetic likelihood library (PLL)... 0.004 seconds
Generating 1000 samples for ultrafast bootstrap (seed: 81325)...

NOTE: 5 MB RAM (0 GB) is required!
Measuring multi-threading efficiency up to 20 CPU cores
Increase to 10 rounds for branch lengths
319 trees examined
Threads: 1 / Time: 20.053 sec / Speedup: 1.000 / Efficiency: 100% / LogL: -11111
Threads: 2 / Time: 19.628 sec / Speedup: 1.022 / Efficiency: 51% / LogL: -11111
Threads: 3 / Time: 15.102 sec / Speedup: 1.328 / Efficiency: 44% / LogL: -11111
BEST NUMBER OF THREADS: 1

Estimate model parameters (epsilon = 0.100)
1. Initial log-likelihood: -9913.276
2. Current log-likelihood: -9081.535
3. Current log-likelihood: -9075.020
4. Current log-likelihood: -9074.610
Optimal log-likelihood: -9074.571
Rate parameters:  A-C: 1.37151  A-G: 6.33266  A-T: 0.49423  C-G: 1.21893  C-T: 5.39243  G-T: 1.00000
Base frequencies:  A: 0.272  C: 0.235  G: 0.205  T: 0.288
Proportion of invariable sites: 0.000
Site proportion and rates:  (0.109,0.786) (0.370,0.788) (0.421,0.791) (0.100,2.903)
Parameters optimization took 4 rounds (0.553 sec)
Computing ML distances based on estimated model parameters... 0.032 sec
Computing BIONJ tree...
0.030 seconds
Log-likelihood of BIONJ tree: -9048.099
--------------------------------------------------------------------
|             INITIALIZING CANDIDATE TREE SET                      |
--------------------------------------------------------------------
Generating 98 parsimony trees... 0.444 second
Computing log-likelihood of 98 initial trees ... 0.850 seconds
Current best score: -9022.227

Do NNI search on 20 best initial trees
Estimate model parameters (epsilon = 0.100)
BETTER TREE FOUND at iteration 1: -9003.167
Iteration 10 / LogL: -9024.543 / Time: 0h:0m:59s
Iteration 20 / LogL: -9027.871 / Time: 0h:1m:0s
Finish initializing candidate tree set (20)
Current best tree score: -9003.167 / CPU time: 5.558
Number of iterations: 20
--------------------------------------------------------------------
|               OPTIMIZING CANDIDATE TREE SET                      |
--------------------------------------------------------------------
UPDATE BEST LOG-LIKELIHOOD: -9003.167
Iteration 30 / LogL: -9007.911 / Time: 0h:1m:3s (0h:2m:35s left)
Iteration 40 / LogL: -9005.074 / Time: 0h:1m:5s (0h:1m:42s left)
Iteration 50 / LogL: -9005.074 / Time: 0h:1m:8s (0h:1m:10s left)
Log-likelihood cutoff on original alignment: -9047.232
Iteration 60 / LogL: -9003.167 / Time: 0h:1m:10s (0h:0m:48s left)
UPDATE BEST LOG-LIKELIHOOD: -9003.166
Iteration 70 / LogL: -9003.166 / Time: 0h:1m:12s (0h:0m:32s left)
Iteration 80 / LogL: -9004.248 / Time: 0h:1m:14s (0h:0m:19s left)
Iteration 90 / LogL: -9003.167 / Time: 0h:1m:16s (0h:0m:9s left)
UPDATE BEST LOG-LIKELIHOOD: -9003.166
Iteration 100 / LogL: -9003.167 / Time: 0h:1m:19s (0h:0m:0s left)
Log-likelihood cutoff on original alignment: -9047.232
NOTE: Bootstrap correlation coefficient of split occurrence frequencies: 0.986
NOTE: UFBoot does not converge, continue at least 100 more iterations
Iteration 110 / LogL: -9003.167 / Time: 0h:1m:21s (0h:1m:7s left)
Iteration 120 / LogL: -9006.893 / Time: 0h:1m:24s (0h:0m:56s left)
Iteration 130 / LogL: -9003.167 / Time: 0h:1m:26s (0h:0m:46s left)
Iteration 140 / LogL: -9012.543 / Time: 0h:1m:28s (0h:0m:38s left)
Iteration 150 / LogL: -9003.166 / Time: 0h:1m:31s (0h:0m:30s left)
Log-likelihood cutoff on original alignment: -9047.232
Iteration 160 / LogL: -9003.166 / Time: 0h:1m:33s (0h:0m:23s left)
Iteration 170 / LogL: -9005.515 / Time: 0h:1m:36s (0h:0m:17s left)
Iteration 180 / LogL: -9003.167 / Time: 0h:1m:38s (0h:0m:10s left)
Iteration 190 / LogL: -9003.167 / Time: 0h:1m:40s (0h:0m:5s left)
Iteration 200 / LogL: -9014.433 / Time: 0h:1m:42s (0h:0m:0s left)
Log-likelihood cutoff on original alignment: -9047.232
NOTE: Bootstrap correlation coefficient of split occurrence frequencies: 0.998
TREE SEARCH COMPLETED AFTER 200 ITERATIONS / Time: 0h:1m:43s

--------------------------------------------------------------------
|                    FINALIZING TREE SEARCH                        |
--------------------------------------------------------------------
Performs final model parameters optimization
Estimate model parameters (epsilon = 0.010)
1. Initial log-likelihood: -9003.166
Optimal log-likelihood: -9003.164
Rate parameters:  A-C: 1.41843  A-G: 6.81149  A-T: 0.53363  C-G: 1.31408  C-T: 5.70380  G-T: 1.00000
Base frequencies:  A: 0.272  C: 0.235  G: 0.205  T: 0.288
Proportion of invariable sites: 0.000
Site proportion and rates:  (0.109,0.780) (0.421,0.781) (0.370,0.781) (0.101,2.954)
Parameters optimization took 1 rounds (0.051 sec)
BEST SCORE FOUND : -9003.164
Creating bootstrap support values...
Split supports printed to NEXUS file /home/erenada/BirdTree/Alignments/AllSites/Gap/m3/Jarvis_pi_m3_smRNA.phylip-relaxed.splits.nex
Total tree length: 3.587

Total number of iterations: 200
CPU time used for tree search: 46.746 sec (0h:0m:46s)
Wall-clock time used for tree search: 47.459 sec (0h:0m:47s)
Total CPU time used: 151.142 sec (0h:2m:31s)
Total wall-clock time used: 103.212 sec (0h:1m:43s)

Computing bootstrap consensus tree...
Reading input file /home/erenada/BirdTree/Alignments/AllSites/Gap/m3/Jarvis_pi_m3_smRNA.phylip-relaxed.splits.nex...
48 taxa and 841 splits.
Consensus tree written to /home/erenada/BirdTree/Alignments/AllSites/Gap/m3/Jarvis_pi_m3_smRNA.phylip-relaxed.contree
Reading input trees file /home/erenada/BirdTree/Alignments/AllSites/Gap/m3/Jarvis_pi_m3_smRNA.phylip-relaxed.contree
Log-likelihood of consensus tree: -9003.169

Analysis results written to: 
  IQ-TREE report:                /home/erenada/BirdTree/Alignments/AllSites/Gap/m3/Jarvis_pi_m3_smRNA.phylip-relaxed.iqtree
  Maximum-likelihood tree:       /home/erenada/BirdTree/Alignments/AllSites/Gap/m3/Jarvis_pi_m3_smRNA.phylip-relaxed.treefile
  Likelihood distances:          /home/erenada/BirdTree/Alignments/AllSites/Gap/m3/Jarvis_pi_m3_smRNA.phylip-relaxed.mldist

Ultrafast bootstrap approximation results written to:
  Split support values:          /home/erenada/BirdTree/Alignments/AllSites/Gap/m3/Jarvis_pi_m3_smRNA.phylip-relaxed.splits.nex
  Consensus tree:                /home/erenada/BirdTree/Alignments/AllSites/Gap/m3/Jarvis_pi_m3_smRNA.phylip-relaxed.contree
  Screen log file:               /home/erenada/BirdTree/Alignments/AllSites/Gap/m3/Jarvis_pi_m3_smRNA.phylip-relaxed.log

Date and Time: Tue Jun  2 21:32:23 2020
