IQ-TREE multicore version 1.7-beta16 for Linux 64-bit built Sep 24 2019
Developed by Bui Quang Minh, Nguyen Lam Tung, Olga Chernomor,
Heiko Schmidt, Dominik Schrempf, Michael Woodhams.

Host:    n024.cluster.com (AVX, 125 GB RAM)
Command: iqtree -s /home/erenada/BirdTree/Alignments/AllSites/NoGap/m0/Jarvis_pi_m0_UTR3_nogap.phylip-relaxed -m GTR+I+R -B 1000 -nt AUTO
Seed:    815239 (Using SPRNG - Scalable Parallel Random Number Generator)
Time:    Wed Jun  3 21:52:01 2020
Kernel:  AVX - auto-detect threads (20 CPU cores detected)

Reading alignment file /home/erenada/BirdTree/Alignments/AllSites/NoGap/m0/Jarvis_pi_m0_UTR3_nogap.phylip-relaxed ... Phylip format detected
Alignment most likely contains DNA/RNA sequences
Alignment has 48 sequences with 12087 columns, 9075 distinct patterns
12087 parsimony-informative, 0 singleton sites, 0 constant sites
        Gap/Ambiguity  Composition  p-value
   1  AcaChl    0.00%    failed      0.00%
   2  AnaPla    0.00%    passed     12.33%
   3  AntCar    0.00%    passed     20.56%
   4  ApaVit    0.00%    passed     36.24%
   5  AptFor    0.00%    passed     29.88%
   6  BalReg    0.00%    failed      1.20%
   7  BucRhi    0.00%    failed      0.00%
   8  CalAnn    0.00%    passed     76.46%
   9  CarCri    0.00%    passed     27.82%
  10  CatAur    0.00%    failed      3.89%
  11  ChaPel    0.00%    passed     63.04%
  12  ChaVoc    0.00%    passed     12.82%
  13  ChlMac    0.00%    passed     90.68%
  14  ColLiv    0.00%    passed     64.48%
  15  ColStr    0.00%    failed      0.02%
  16  CorBra    0.00%    passed     93.31%
  17  CucCan    0.00%    passed     92.38%
  18  EgrGar    0.00%    passed     91.80%
  19  EurHel    0.00%    failed      0.00%
  20  FalPer    0.00%    passed     13.82%
  21  FulGla    0.00%    failed      1.59%
  22  GalGal    0.00%    passed     11.32%
  23  GavSte    0.00%    failed      3.43%
  24  GeoFor    0.00%    passed     60.24%
  25  HalAlb    0.00%    failed      1.61%
  26  HalLeu    0.00%    failed      1.44%
  27  LepDis    0.00%    passed     96.28%
  28  ManVit    0.00%    passed     42.04%
  29  MelGal    0.00%    passed     36.65%
  30  MelUnd    0.00%    passed     29.61%
  31  MerNub    0.00%    passed      7.13%
  32  MesUni    0.00%    passed     19.19%
  33  NesNot    0.00%    passed     43.52%
  34  NipNip    0.00%    passed     15.06%
  35  OpiHoa    0.00%    passed     38.43%
  36  PelCri    0.00%    passed     19.35%
  37  PhaCar    0.00%    passed     92.84%
  38  PhaLep    0.00%    passed     12.74%
  39  PhoRub    0.00%    passed     52.17%
  40  PicPub    0.00%    failed      0.00%
  41  PodCri    0.00%    passed     69.99%
  42  PteGut    0.00%    passed     13.89%
  43  PygAde    0.00%    passed     68.80%
  44  StrCam    0.00%    failed      3.44%
  45  TaeGut    0.00%    passed     57.76%
  46  TauEry    0.00%    passed     88.35%
  47  TinGut    0.00%    passed     65.18%
  48  TytAlb    0.00%    failed      1.29%
****  TOTAL     0.00%  13 sequences failed composition chi2 test (p-value<5%; df=3)

Create initial parsimony tree by phylogenetic likelihood library (PLL)... 0.041 seconds
Generating 1000 samples for ultrafast bootstrap (seed: 815239)...

NOTE: 91 MB RAM (0 GB) is required!
Measuring multi-threading efficiency up to 20 CPU cores
Increase to 10 rounds for branch lengths
23 trees examined
Threads: 1 / Time: 20.565 sec / Speedup: 1.000 / Efficiency: 100% / LogL: -213773
Threads: 2 / Time: 11.308 sec / Speedup: 1.819 / Efficiency: 91% / LogL: -213773
Threads: 3 / Time: 8.024 sec / Speedup: 2.563 / Efficiency: 85% / LogL: -213773
Threads: 4 / Time: 8.487 sec / Speedup: 2.423 / Efficiency: 61% / LogL: -213773
Threads: 5 / Time: 5.277 sec / Speedup: 3.897 / Efficiency: 78% / LogL: -213773
Threads: 6 / Time: 4.893 sec / Speedup: 4.203 / Efficiency: 70% / LogL: -213773
Threads: 7 / Time: 4.407 sec / Speedup: 4.666 / Efficiency: 67% / LogL: -213773
Threads: 8 / Time: 4.071 sec / Speedup: 5.051 / Efficiency: 63% / LogL: -213773
Threads: 9 / Time: 3.736 sec / Speedup: 5.505 / Efficiency: 61% / LogL: -213773
Threads: 10 / Time: 3.511 sec / Speedup: 5.857 / Efficiency: 59% / LogL: -213773
Threads: 11 / Time: 3.347 sec / Speedup: 6.143 / Efficiency: 56% / LogL: -213773
Threads: 12 / Time: 3.076 sec / Speedup: 6.685 / Efficiency: 56% / LogL: -213773
Threads: 13 / Time: 2.919 sec / Speedup: 7.046 / Efficiency: 54% / LogL: -213773
Threads: 14 / Time: 2.788 sec / Speedup: 7.376 / Efficiency: 53% / LogL: -213773
Threads: 15 / Time: 2.713 sec / Speedup: 7.581 / Efficiency: 51% / LogL: -213773
Threads: 16 / Time: 2.671 sec / Speedup: 7.698 / Efficiency: 48% / LogL: -213773
BEST NUMBER OF THREADS: 15

Estimate model parameters (epsilon = 0.100)
1. Initial log-likelihood: -190585.543
2. Current log-likelihood: -174090.305
3. Current log-likelihood: -173868.234
4. Current log-likelihood: -173760.675
5. Current log-likelihood: -173720.515
6. Current log-likelihood: -173712.811
7. Current log-likelihood: -173711.901
Optimal log-likelihood: -173711.816
Rate parameters:  A-C: 0.95504  A-G: 4.46571  A-T: 0.40340  C-G: 0.99759  C-T: 4.40397  G-T: 1.00000
Base frequencies:  A: 0.316  C: 0.189  G: 0.186  T: 0.308
Proportion of invariable sites: 0.000
Site proportion and rates:  (0.377,0.893) (0.105,0.893) (0.479,0.894) (0.038,3.664)
Parameters optimization took 7 rounds (1.978 sec)
Computing ML distances based on estimated model parameters... 0.339 sec
Computing BIONJ tree...
0.031 seconds
Log-likelihood of BIONJ tree: -173697.496
--------------------------------------------------------------------
|             INITIALIZING CANDIDATE TREE SET                      |
--------------------------------------------------------------------
Generating 98 parsimony trees... 4.164 second
Computing log-likelihood of 98 initial trees ... 1.747 seconds
Current best score: -173659.500

Do NNI search on 20 best initial trees
Estimate model parameters (epsilon = 0.100)
BETTER TREE FOUND at iteration 1: -173615.009
Estimate model parameters (epsilon = 0.100)
BETTER TREE FOUND at iteration 2: -173599.223
Estimate model parameters (epsilon = 0.100)
BETTER TREE FOUND at iteration 5: -173595.276
Estimate model parameters (epsilon = 0.100)
BETTER TREE FOUND at iteration 10: -173587.048
Iteration 10 / LogL: -173587.048 / Time: 0h:1m:44s
Iteration 20 / LogL: -173615.717 / Time: 0h:1m:48s
Finish initializing candidate tree set (19)
Current best tree score: -173587.048 / CPU time: 13.707
Number of iterations: 20
--------------------------------------------------------------------
|               OPTIMIZING CANDIDATE TREE SET                      |
--------------------------------------------------------------------
Iteration 30 / LogL: -173587.048 / Time: 0h:1m:51s (0h:5m:7s left)
Iteration 40 / LogL: -173588.425 / Time: 0h:1m:55s (0h:3m:26s left)
Iteration 50 / LogL: -173587.049 / Time: 0h:1m:58s (0h:2m:25s left)
Log-likelihood cutoff on original alignment: -173687.728
Iteration 60 / LogL: -173587.075 / Time: 0h:2m:2s (0h:1m:43s left)
UPDATE BEST LOG-LIKELIHOOD: -173587.048
Iteration 70 / LogL: -173589.791 / Time: 0h:2m:5s (0h:1m:12s left)
Iteration 80 / LogL: -173587.049 / Time: 0h:2m:9s (0h:0m:48s left)
Estimate model parameters (epsilon = 0.100)
BETTER TREE FOUND at iteration 81: -173585.609
Iteration 90 / LogL: -173588.439 / Time: 0h:2m:12s (0h:2m:15s left)
Estimate model parameters (epsilon = 0.100)
BETTER TREE FOUND at iteration 96: -173582.609
Iteration 100 / LogL: -173587.103 / Time: 0h:2m:16s (0h:2m:12s left)
Log-likelihood cutoff on original alignment: -173654.387
NOTE: Bootstrap correlation coefficient of split occurrence frequencies: 0.993
Estimate model parameters (epsilon = 0.100)
BETTER TREE FOUND at iteration 103: -173582.207
Estimate model parameters (epsilon = 0.100)
BETTER TREE FOUND at iteration 110: -173572.938
Iteration 110 / LogL: -173572.938 / Time: 0h:2m:20s (0h:2m:8s left)
Iteration 120 / LogL: -173592.040 / Time: 0h:2m:24s (0h:1m:48s left)
Iteration 130 / LogL: -173572.940 / Time: 0h:2m:27s (0h:1m:31s left)
Iteration 140 / LogL: -173596.220 / Time: 0h:2m:30s (0h:1m:15s left)
Iteration 150 / LogL: -173579.865 / Time: 0h:2m:33s (0h:1m:1s left)
Log-likelihood cutoff on original alignment: -173652.190
Estimate model parameters (epsilon = 0.100)
BETTER TREE FOUND at iteration 151: -173572.351
Iteration 160 / LogL: -173576.760 / Time: 0h:2m:37s (0h:1m:29s left)
Estimate model parameters (epsilon = 0.100)
BETTER TREE FOUND at iteration 162: -173571.842
Iteration 170 / LogL: -173571.849 / Time: 0h:2m:40s (0h:1m:27s left)
Estimate model parameters (epsilon = 0.100)
BETTER TREE FOUND at iteration 174: -173569.718
Iteration 180 / LogL: -173572.712 / Time: 0h:2m:44s (0h:1m:26s left)
Iteration 190 / LogL: -173601.132 / Time: 0h:2m:47s (0h:1m:14s left)
Iteration 200 / LogL: -173572.263 / Time: 0h:2m:50s (0h:1m:3s left)
Log-likelihood cutoff on original alignment: -173651.876
NOTE: Bootstrap correlation coefficient of split occurrence frequencies: 0.977
NOTE: UFBoot does not converge, continue at least 100 more iterations
Iteration 210 / LogL: -173587.960 / Time: 0h:2m:54s (0h:1m:14s left)
Iteration 220 / LogL: -173594.616 / Time: 0h:2m:57s (0h:1m:4s left)
Iteration 230 / LogL: -173599.516 / Time: 0h:3m:1s (0h:0m:55s left)
Iteration 240 / LogL: -173582.238 / Time: 0h:3m:4s (0h:0m:46s left)
Iteration 250 / LogL: -173572.280 / Time: 0h:3m:7s (0h:0m:37s left)
Log-likelihood cutoff on original alignment: -173651.876
Iteration 260 / LogL: -173572.255 / Time: 0h:3m:11s (0h:0m:29s left)
Iteration 270 / LogL: -173579.585 / Time: 0h:3m:14s (0h:0m:21s left)
Iteration 280 / LogL: -173569.722 / Time: 0h:3m:18s (0h:0m:14s left)
Iteration 290 / LogL: -173571.838 / Time: 0h:3m:22s (0h:0m:6s left)
Iteration 300 / LogL: -173587.719 / Time: 0h:3m:25s (0h:0m:0s left)
Log-likelihood cutoff on original alignment: -173651.876
NOTE: Bootstrap correlation coefficient of split occurrence frequencies: 0.980
NOTE: UFBoot does not converge, continue at least 100 more iterations
UPDATE BEST LOG-LIKELIHOOD: -173569.718
Iteration 310 / LogL: -173574.810 / Time: 0h:3m:29s (0h:1m:0s left)
Iteration 320 / LogL: -173570.344 / Time: 0h:3m:32s (0h:0m:53s left)
Iteration 330 / LogL: -173569.720 / Time: 0h:3m:35s (0h:0m:45s left)
Iteration 340 / LogL: -173602.424 / Time: 0h:3m:39s (0h:0m:38s left)
Iteration 350 / LogL: -173569.719 / Time: 0h:3m:42s (0h:0m:31s left)
Log-likelihood cutoff on original alignment: -173651.876
Iteration 360 / LogL: -173591.305 / Time: 0h:3m:46s (0h:0m:25s left)
Iteration 370 / LogL: -173569.737 / Time: 0h:3m:50s (0h:0m:18s left)
Iteration 380 / LogL: -173575.056 / Time: 0h:3m:53s (0h:0m:12s left)
Iteration 390 / LogL: -173571.857 / Time: 0h:3m:56s (0h:0m:6s left)
Iteration 400 / LogL: -173572.120 / Time: 0h:4m:0s (0h:0m:0s left)
Log-likelihood cutoff on original alignment: -173651.876
NOTE: Bootstrap correlation coefficient of split occurrence frequencies: 0.998
TREE SEARCH COMPLETED AFTER 400 ITERATIONS / Time: 0h:4m:0s

--------------------------------------------------------------------
|                    FINALIZING TREE SEARCH                        |
--------------------------------------------------------------------
Performs final model parameters optimization
Estimate model parameters (epsilon = 0.010)
1. Initial log-likelihood: -173569.718
Optimal log-likelihood: -173569.718
Rate parameters:  A-C: 0.95534  A-G: 4.46877  A-T: 0.40271  C-G: 0.99610  C-T: 4.41208  G-T: 1.00000
Base frequencies:  A: 0.316  C: 0.189  G: 0.186  T: 0.308
Proportion of invariable sites: 0.000
Site proportion and rates:  (0.377,0.894) (0.105,0.894) (0.479,0.894) (0.038,3.680)
Parameters optimization took 1 rounds (0.069 sec)
BEST SCORE FOUND : -173569.718
Creating bootstrap support values...
Split supports printed to NEXUS file /home/erenada/BirdTree/Alignments/AllSites/NoGap/m0/Jarvis_pi_m0_UTR3_nogap.phylip-relaxed.splits.nex
Total tree length: 3.039

Total number of iterations: 400
CPU time used for tree search: 2067.249 sec (0h:34m:27s)
Wall-clock time used for tree search: 146.153 sec (0h:2m:26s)
Total CPU time used: 2622.267 sec (0h:43m:42s)
Total wall-clock time used: 240.819 sec (0h:4m:0s)

Computing bootstrap consensus tree...
Reading input file /home/erenada/BirdTree/Alignments/AllSites/NoGap/m0/Jarvis_pi_m0_UTR3_nogap.phylip-relaxed.splits.nex...
48 taxa and 435 splits.
Consensus tree written to /home/erenada/BirdTree/Alignments/AllSites/NoGap/m0/Jarvis_pi_m0_UTR3_nogap.phylip-relaxed.contree
Reading input trees file /home/erenada/BirdTree/Alignments/AllSites/NoGap/m0/Jarvis_pi_m0_UTR3_nogap.phylip-relaxed.contree
Log-likelihood of consensus tree: -173575.717

Analysis results written to: 
  IQ-TREE report:                /home/erenada/BirdTree/Alignments/AllSites/NoGap/m0/Jarvis_pi_m0_UTR3_nogap.phylip-relaxed.iqtree
  Maximum-likelihood tree:       /home/erenada/BirdTree/Alignments/AllSites/NoGap/m0/Jarvis_pi_m0_UTR3_nogap.phylip-relaxed.treefile
  Likelihood distances:          /home/erenada/BirdTree/Alignments/AllSites/NoGap/m0/Jarvis_pi_m0_UTR3_nogap.phylip-relaxed.mldist

Ultrafast bootstrap approximation results written to:
  Split support values:          /home/erenada/BirdTree/Alignments/AllSites/NoGap/m0/Jarvis_pi_m0_UTR3_nogap.phylip-relaxed.splits.nex
  Consensus tree:                /home/erenada/BirdTree/Alignments/AllSites/NoGap/m0/Jarvis_pi_m0_UTR3_nogap.phylip-relaxed.contree
  Screen log file:               /home/erenada/BirdTree/Alignments/AllSites/NoGap/m0/Jarvis_pi_m0_UTR3_nogap.phylip-relaxed.log

Date and Time: Wed Jun  3 21:56:03 2020
