IQ-TREE multicore version 1.7-beta16 for Linux 64-bit built Sep 24 2019
Developed by Bui Quang Minh, Nguyen Lam Tung, Olga Chernomor,
Heiko Schmidt, Dominik Schrempf, Michael Woodhams.

Host:    n025.cluster.com (AVX, 125 GB RAM)
Command: iqtree -s /home/erenada/BirdTree/Alignments/AllSites/Gap/m3/Jarvis_pi_m3_lncRNA.phylip-relaxed -m GTR+I+R -B 1000 -nt AUTO
Seed:    713568 (Using SPRNG - Scalable Parallel Random Number Generator)
Time:    Tue Jun  2 22:23:31 2020
Kernel:  AVX - auto-detect threads (20 CPU cores detected)

Reading alignment file /home/erenada/BirdTree/Alignments/AllSites/Gap/m3/Jarvis_pi_m3_lncRNA.phylip-relaxed ... Phylip format detected
Alignment most likely contains DNA/RNA sequences
Alignment has 48 sequences with 247518 columns, 216622 distinct patterns
246733 parsimony-informative, 417 singleton sites, 368 constant sites
        Gap/Ambiguity  Composition  p-value
   1  AcaChl    3.06%    failed      0.02%
   2  AnaPla    4.20%    failed      3.02%
   3  AntCar    3.74%    failed      0.00%
   4  ApaVit    2.56%    passed     76.24%
   5  AptFor    1.88%    passed      6.10%
   6  BalReg    1.51%    failed      2.79%
   7  BucRhi    2.86%    failed      0.00%
   8  CalAnn    4.15%    passed     59.13%
   9  CarCri    1.80%    failed      3.35%
  10  CatAur    5.04%    failed      0.00%
  11  ChaPel    3.01%    failed      0.00%
  12  ChaVoc    1.48%    passed     60.21%
  13  ChlMac    1.86%    failed      0.44%
  14  ColLiv    2.61%    passed     32.76%
  15  ColStr    3.28%    failed      0.00%
  16  CorBra    2.16%    failed      0.00%
  17  CucCan    3.34%    failed      0.00%
  18  EgrGar    1.41%    failed      1.87%
  19  EurHel    2.52%    passed     21.57%
  20  FalPer    2.15%    failed      0.00%
  21  FulGla    1.34%    failed      0.34%
  22  GalGal    3.67%    passed      7.65%
  23  GavSte    1.57%    failed      1.92%
  24  GeoFor    3.80%    failed      0.00%
  25  HalAlb    1.92%    passed     30.84%
  26  HalLeu    0.77%    passed     14.12%
  27  LepDis    1.51%    failed      0.00%
  28  ManVit    2.55%    failed      0.03%
  29  MelGal    4.10%    passed     83.11%
  30  MelUnd    3.51%    passed     17.06%
  31  MerNub    2.96%    failed      0.00%
  32  MesUni    2.44%    passed     63.30%
  33  NesNot    2.45%    passed     90.09%
  34  NipNip    1.65%    failed      0.00%
  35  OpiHoa    1.56%    passed      8.73%
  36  PelCri    1.24%    failed      0.02%
  37  PhaCar    2.04%    failed      0.30%
  38  PhaLep    1.32%    passed     98.81%
  39  PhoRub    1.32%    failed      0.01%
  40  PicPub    7.85%    failed      0.00%
  41  PodCri    1.68%    failed      1.83%
  42  PteGut    2.02%    passed     38.82%
  43  PygAde    2.26%    failed      0.00%
  44  StrCam    4.38%    failed      1.69%
  45  TaeGut    4.63%    failed      0.00%
  46  TauEry    1.39%    failed      0.37%
  47  TinGut   16.62%    failed      0.00%
  48  TytAlb    1.94%    failed      0.00%
****  TOTAL     2.90%  32 sequences failed composition chi2 test (p-value<5%; df=3)
NOTE: minimal branch length is reduced to 0.000000404011 for long alignment

Create initial parsimony tree by phylogenetic likelihood library (PLL)... 1.169 seconds
Generating 1000 samples for ultrafast bootstrap (seed: 713568)...

NOTE: 2175 MB RAM (2 GB) is required!
Measuring multi-threading efficiency up to 20 CPU cores
3 trees examined
Threads: 1 / Time: 20.259 sec / Speedup: 1.000 / Efficiency: 100% / LogL: -4665668
Threads: 2 / Time: 8.470 sec / Speedup: 2.392 / Efficiency: 120% / LogL: -4665668
Threads: 3 / Time: 6.030 sec / Speedup: 3.360 / Efficiency: 112% / LogL: -4665668
Threads: 4 / Time: 4.706 sec / Speedup: 4.305 / Efficiency: 108% / LogL: -4665668
Threads: 5 / Time: 4.759 sec / Speedup: 4.257 / Efficiency: 85% / LogL: -4665668
Threads: 6 / Time: 4.438 sec / Speedup: 4.565 / Efficiency: 76% / LogL: -4665668
Threads: 7 / Time: 4.171 sec / Speedup: 4.857 / Efficiency: 69% / LogL: -4665668
Threads: 8 / Time: 4.033 sec / Speedup: 5.024 / Efficiency: 63% / LogL: -4665668
Threads: 9 / Time: 3.611 sec / Speedup: 5.611 / Efficiency: 62% / LogL: -4665668
Threads: 10 / Time: 3.283 sec / Speedup: 6.172 / Efficiency: 62% / LogL: -4665668
Threads: 11 / Time: 2.885 sec / Speedup: 7.023 / Efficiency: 64% / LogL: -4665668
Threads: 12 / Time: 2.559 sec / Speedup: 7.918 / Efficiency: 66% / LogL: -4665668
Threads: 13 / Time: 2.388 sec / Speedup: 8.483 / Efficiency: 65% / LogL: -4665668
Threads: 14 / Time: 2.300 sec / Speedup: 8.808 / Efficiency: 63% / LogL: -4665668
Threads: 15 / Time: 2.165 sec / Speedup: 9.357 / Efficiency: 62% / LogL: -4665668
Threads: 16 / Time: 2.011 sec / Speedup: 10.074 / Efficiency: 63% / LogL: -4665668
Threads: 17 / Time: 1.958 sec / Speedup: 10.346 / Efficiency: 61% / LogL: -4665668
Threads: 18 / Time: 1.934 sec / Speedup: 10.477 / Efficiency: 58% / LogL: -4665668
Threads: 19 / Time: 1.965 sec / Speedup: 10.311 / Efficiency: 54% / LogL: -4665668
Threads: 20 / Time: 2.004 sec / Speedup: 10.110 / Efficiency: 51% / LogL: -4665668
BEST NUMBER OF THREADS: 16

Estimate model parameters (epsilon = 0.100)
1. Initial log-likelihood: -4191535.379
2. Current log-likelihood: -3838371.212
3. Current log-likelihood: -3832812.367
4. Current log-likelihood: -3830190.978
5. Current log-likelihood: -3829832.545
6. Current log-likelihood: -3829812.316
7. Current log-likelihood: -3829811.357
Optimal log-likelihood: -3829811.270
Rate parameters:  A-C: 0.99541  A-G: 5.25824  A-T: 0.64975  C-G: 1.20048  C-T: 5.25839  G-T: 1.00000
Base frequencies:  A: 0.273  C: 0.226  G: 0.226  T: 0.275
Proportion of invariable sites: 0.001
Site proportion and rates:  (0.090,0.913) (0.505,0.914) (0.377,0.914) (0.028,3.957)
Parameters optimization took 7 rounds (85.480 sec)
Computing ML distances based on estimated model parameters... 16.010 sec
Computing BIONJ tree...
0.060 seconds
Log-likelihood of BIONJ tree: -3828746.143
--------------------------------------------------------------------
|             INITIALIZING CANDIDATE TREE SET                      |
--------------------------------------------------------------------
Generating 98 parsimony trees... 158.662 second
Computing log-likelihood of 98 initial trees ... 63.153 seconds
Current best score: -3828746.143

Do NNI search on 20 best initial trees
Estimate model parameters (epsilon = 0.100)
BETTER TREE FOUND at iteration 1: -3827804.157
Estimate model parameters (epsilon = 0.100)
BETTER TREE FOUND at iteration 2: -3827785.565
Iteration 10 / LogL: -3827794.442 / Time: 0h:9m:50s
Iteration 20 / LogL: -3827974.334 / Time: 0h:12m:53s
Finish initializing candidate tree set (13)
Current best tree score: -3827785.565 / CPU time: 592.007
Number of iterations: 20
--------------------------------------------------------------------
|               OPTIMIZING CANDIDATE TREE SET                      |
--------------------------------------------------------------------
Iteration 30 / LogL: -3827808.562 / Time: 0h:14m:53s (0h:36m:54s left)
Iteration 40 / LogL: -3827805.130 / Time: 0h:16m:51s (0h:26m:45s left)
Iteration 50 / LogL: -3827794.535 / Time: 0h:18m:45s (0h:19m:52s left)
Log-likelihood cutoff on original alignment: -3827946.295
Iteration 60 / LogL: -3827794.366 / Time: 0h:20m:43s (0h:14m:43s left)
Estimate model parameters (epsilon = 0.100)
BETTER TREE FOUND at iteration 63: -3827785.496
Iteration 70 / LogL: -3827785.546 / Time: 0h:22m:39s (0h:30m:29s left)
Iteration 80 / LogL: -3827804.096 / Time: 0h:24m:22s (0h:25m:34s left)
Iteration 90 / LogL: -3827794.634 / Time: 0h:26m:13s (0h:21m:28s left)
Iteration 100 / LogL: -3827786.175 / Time: 0h:28m:9s (0h:17m:53s left)
Log-likelihood cutoff on original alignment: -3827946.295
NOTE: Bootstrap correlation coefficient of split occurrence frequencies: 0.997
Iteration 110 / LogL: -3827986.874 / Time: 0h:29m:54s (0h:24m:39s left)
Iteration 120 / LogL: -3827794.348 / Time: 0h:31m:54s (0h:21m:26s left)
Iteration 130 / LogL: -3827794.689 / Time: 0h:33m:38s (0h:18m:14s left)
Iteration 140 / LogL: -3827794.764 / Time: 0h:35m:45s (0h:15m:25s left)
Iteration 150 / LogL: -3827794.489 / Time: 0h:37m:44s (0h:12m:39s left)
Log-likelihood cutoff on original alignment: -3827946.295
Iteration 160 / LogL: -3827785.937 / Time: 0h:39m:40s (0h:9m:58s left)
TREE SEARCH COMPLETED AFTER 164 ITERATIONS / Time: 0h:40m:29s

--------------------------------------------------------------------
|                    FINALIZING TREE SEARCH                        |
--------------------------------------------------------------------
Performs final model parameters optimization
Estimate model parameters (epsilon = 0.010)
1. Initial log-likelihood: -3827785.496
2. Current log-likelihood: -3827785.468
3. Current log-likelihood: -3827785.444
Optimal log-likelihood: -3827785.438
Rate parameters:  A-C: 0.99584  A-G: 5.26366  A-T: 0.65200  C-G: 1.20119  C-T: 5.26371  G-T: 1.00000
Base frequencies:  A: 0.273  C: 0.226  G: 0.226  T: 0.275
Proportion of invariable sites: 0.001
Site proportion and rates:  (0.090,0.914) (0.505,0.914) (0.377,0.915) (0.028,3.960)
Parameters optimization took 3 rounds (11.402 sec)
BEST SCORE FOUND : -3827785.438
Creating bootstrap support values...
Split supports printed to NEXUS file /home/erenada/BirdTree/Alignments/AllSites/Gap/m3/Jarvis_pi_m3_lncRNA.phylip-relaxed.splits.nex
Total tree length: 3.475

Total number of iterations: 164
CPU time used for tree search: 33071.022 sec (9h:11m:11s)
Wall-clock time used for tree search: 2247.990 sec (0h:37m:27s)
Total CPU time used: 35039.551 sec (9h:43m:59s)
Total wall-clock time used: 2441.416 sec (0h:40m:41s)

Computing bootstrap consensus tree...
Reading input file /home/erenada/BirdTree/Alignments/AllSites/Gap/m3/Jarvis_pi_m3_lncRNA.phylip-relaxed.splits.nex...
48 taxa and 161 splits.
Consensus tree written to /home/erenada/BirdTree/Alignments/AllSites/Gap/m3/Jarvis_pi_m3_lncRNA.phylip-relaxed.contree
Reading input trees file /home/erenada/BirdTree/Alignments/AllSites/Gap/m3/Jarvis_pi_m3_lncRNA.phylip-relaxed.contree
Log-likelihood of consensus tree: -3827794.280

Analysis results written to: 
  IQ-TREE report:                /home/erenada/BirdTree/Alignments/AllSites/Gap/m3/Jarvis_pi_m3_lncRNA.phylip-relaxed.iqtree
  Maximum-likelihood tree:       /home/erenada/BirdTree/Alignments/AllSites/Gap/m3/Jarvis_pi_m3_lncRNA.phylip-relaxed.treefile
  Likelihood distances:          /home/erenada/BirdTree/Alignments/AllSites/Gap/m3/Jarvis_pi_m3_lncRNA.phylip-relaxed.mldist

Ultrafast bootstrap approximation results written to:
  Split support values:          /home/erenada/BirdTree/Alignments/AllSites/Gap/m3/Jarvis_pi_m3_lncRNA.phylip-relaxed.splits.nex
  Consensus tree:                /home/erenada/BirdTree/Alignments/AllSites/Gap/m3/Jarvis_pi_m3_lncRNA.phylip-relaxed.contree
  Screen log file:               /home/erenada/BirdTree/Alignments/AllSites/Gap/m3/Jarvis_pi_m3_lncRNA.phylip-relaxed.log

Date and Time: Tue Jun  2 23:04:18 2020
