IQ-TREE multicore version 1.7-beta16 for Linux 64-bit built Sep 24 2019
Developed by Bui Quang Minh, Nguyen Lam Tung, Olga Chernomor,
Heiko Schmidt, Dominik Schrempf, Michael Woodhams.

Host:    n007.cluster.com (AVX, 125 GB RAM)
Command: iqtree -s /home/erenada/BirdTree/Alignments/AllSites/Gap/m0/Jarvis_pi_m0_AllSISRS.phylip-relaxed -m GTR+I+R -B 1000 -nt AUTO
Seed:    504178 (Using SPRNG - Scalable Parallel Random Number Generator)
Time:    Tue Jun  2 21:19:59 2020
Kernel:  AVX - auto-detect threads (20 CPU cores detected)

Reading alignment file /home/erenada/BirdTree/Alignments/AllSites/Gap/m0/Jarvis_pi_m0_AllSISRS.phylip-relaxed ... Phylip format detected
Alignment most likely contains DNA/RNA sequences
Alignment has 48 sequences with 574259 columns, 288928 distinct patterns
572028 parsimony-informative, 1032 singleton sites, 1199 constant sites
        Gap/Ambiguity  Composition  p-value
   1  AcaChl    0.08%    failed      0.00%
   2  AnaPla    0.06%    passed     97.43%
   3  AntCar    0.04%    failed      0.00%
   4  ApaVit    0.05%    failed      0.01%
   5  AptFor    0.05%    failed      0.00%
   6  BalReg    0.03%    failed      0.00%
   7  BucRhi    0.08%    failed      0.00%
   8  CalAnn    0.10%    passed     76.19%
   9  CarCri    0.03%    failed      0.00%
  10  CatAur    0.02%    failed      0.00%
  11  ChaPel    0.11%    failed      0.00%
  12  ChaVoc    0.03%    failed      0.00%
  13  ChlMac    0.04%    passed     86.95%
  14  ColLiv    0.07%    failed      0.00%
  15  ColStr    0.07%    failed      0.00%
  16  CorBra    0.10%    failed      0.00%
  17  CucCan    0.08%    failed      0.00%
  18  EgrGar    0.03%    passed     45.23%
  19  EurHel    0.05%    failed      0.00%
  20  FalPer    0.05%    failed      0.00%
  21  FulGla    0.03%    failed      0.00%
  22  GalGal    0.18%    failed      0.00%
  23  GavSte    0.02%    failed      0.00%
  24  GeoFor    0.14%    failed      0.00%
  25  HalAlb    0.05%    failed      0.00%
  26  HalLeu    0.05%    failed      0.00%
  27  LepDis    0.05%    failed      0.00%
  28  ManVit    0.08%    failed      0.00%
  29  MelGal    0.20%    failed      0.00%
  30  MelUnd    0.12%    passed     98.45%
  31  MerNub    0.06%    failed      0.00%
  32  MesUni    0.06%    failed      0.00%
  33  NesNot    0.08%    passed     90.98%
  34  NipNip    0.03%    failed      0.00%
  35  OpiHoa    0.04%    failed      0.00%
  36  PelCri    0.03%    failed      0.00%
  37  PhaCar    0.03%    failed      0.00%
  38  PhaLep    0.05%    failed      0.00%
  39  PhoRub    0.02%    failed      1.82%
  40  PicPub    0.10%    failed      0.00%
  41  PodCri    0.05%    failed      0.00%
  42  PteGut    0.05%    failed      4.94%
  43  PygAde    0.05%    failed      0.00%
  44  StrCam    0.07%    failed      0.00%
  45  TaeGut    0.15%    failed      0.00%
  46  TauEry    0.04%    passed     62.63%
  47  TinGut    0.12%    failed      0.00%
  48  TytAlb    0.03%    failed      0.00%
****  TOTAL     0.07%  41 sequences failed composition chi2 test (p-value<5%; df=3)
NOTE: minimal branch length is reduced to 0.000000174137 for long alignment

Create initial parsimony tree by phylogenetic likelihood library (PLL)... 4.938 seconds
Generating 1000 samples for ultrafast bootstrap (seed: 504178)...

NOTE: 2900 MB RAM (2 GB) is required!
Measuring multi-threading efficiency up to 20 CPU cores
4 trees examined
Threads: 1 / Time: 26.501 sec / Speedup: 1.000 / Efficiency: 100% / LogL: -10349329
Threads: 2 / Time: 16.405 sec / Speedup: 1.615 / Efficiency: 81% / LogL: -10349329
Threads: 3 / Time: 11.677 sec / Speedup: 2.270 / Efficiency: 76% / LogL: -10349329
Threads: 4 / Time: 8.961 sec / Speedup: 2.957 / Efficiency: 74% / LogL: -10349329
Threads: 5 / Time: 7.942 sec / Speedup: 3.337 / Efficiency: 67% / LogL: -10349329
Threads: 6 / Time: 6.805 sec / Speedup: 3.894 / Efficiency: 65% / LogL: -10349329
Threads: 7 / Time: 6.428 sec / Speedup: 4.123 / Efficiency: 59% / LogL: -10349329
Threads: 8 / Time: 5.196 sec / Speedup: 5.100 / Efficiency: 64% / LogL: -10349329
Threads: 9 / Time: 4.835 sec / Speedup: 5.482 / Efficiency: 61% / LogL: -10349329
Threads: 10 / Time: 4.691 sec / Speedup: 5.650 / Efficiency: 56% / LogL: -10349329
Threads: 11 / Time: 4.493 sec / Speedup: 5.898 / Efficiency: 54% / LogL: -10349329
Threads: 12 / Time: 4.335 sec / Speedup: 6.114 / Efficiency: 51% / LogL: -10349329
Threads: 13 / Time: 4.239 sec / Speedup: 6.252 / Efficiency: 48% / LogL: -10349329
BEST NUMBER OF THREADS: 11

Estimate model parameters (epsilon = 0.100)
1. Initial log-likelihood: -9325498.236
2. Current log-likelihood: -8517291.655
3. Current log-likelihood: -8507501.749
4. Current log-likelihood: -8500289.568
5. Current log-likelihood: -8497817.053
6. Current log-likelihood: -8497515.283
7. Current log-likelihood: -8497491.212
8. Current log-likelihood: -8497490.039
Optimal log-likelihood: -8497489.962
Rate parameters:  A-C: 0.96870  A-G: 5.41880  A-T: 0.57256  C-G: 1.32161  C-T: 5.41201  G-T: 1.00000
Base frequencies:  A: 0.288  C: 0.216  G: 0.213  T: 0.282
Proportion of invariable sites: 0.001
Site proportion and rates:  (0.095,0.922) (0.377,0.922) (0.503,0.922) (0.026,3.984)
Parameters optimization took 8 rounds (177.696 sec)
Computing ML distances based on estimated model parameters... 18.535 sec
Computing BIONJ tree...
0.030 seconds
Log-likelihood of BIONJ tree: -8496698.092
--------------------------------------------------------------------
|             INITIALIZING CANDIDATE TREE SET                      |
--------------------------------------------------------------------
Generating 98 parsimony trees... 362.023 second
Computing log-likelihood of 98 initial trees ... 97.776 seconds
Current best score: -8496698.092

Do NNI search on 20 best initial trees
Estimate model parameters (epsilon = 0.100)
BETTER TREE FOUND at iteration 1: -8495418.816
Estimate model parameters (epsilon = 0.100)
BETTER TREE FOUND at iteration 5: -8495294.590
Iteration 10 / LogL: -8495908.092 / Time: 0h:16m:43s
Estimate model parameters (epsilon = 0.100)
BETTER TREE FOUND at iteration 20: -8495233.407
Iteration 20 / LogL: -8495233.407 / Time: 0h:20m:8s
Finish initializing candidate tree set (20)
Current best tree score: -8495233.407 / CPU time: 896.347
Number of iterations: 20
--------------------------------------------------------------------
|               OPTIMIZING CANDIDATE TREE SET                      |
--------------------------------------------------------------------
Estimate model parameters (epsilon = 0.100)
BETTER TREE FOUND at iteration 23: -8495200.799
Estimate model parameters (epsilon = 0.100)
BETTER TREE FOUND at iteration 24: -8495143.966
Iteration 30 / LogL: -8495306.035 / Time: 0h:23m:33s (1h:16m:2s left)
Iteration 40 / LogL: -8495200.764 / Time: 0h:26m:23s (0h:56m:39s left)
Iteration 50 / LogL: -8495175.970 / Time: 0h:29m:40s (0h:44m:40s left)
Log-likelihood cutoff on original alignment: -8495485.173
Iteration 60 / LogL: -8495285.664 / Time: 0h:32m:31s (0h:35m:10s left)
Iteration 70 / LogL: -8495143.994 / Time: 0h:35m:18s (0h:27m:33s left)
Iteration 80 / LogL: -8495197.952 / Time: 0h:38m:21s (0h:21m:18s left)
Iteration 90 / LogL: -8495190.280 / Time: 0h:41m:33s (0h:15m:50s left)
Iteration 100 / LogL: -8495189.435 / Time: 0h:44m:39s (0h:10m:48s left)
Log-likelihood cutoff on original alignment: -8495446.833
NOTE: Bootstrap correlation coefficient of split occurrence frequencies: 0.994
Iteration 110 / LogL: -8495202.357 / Time: 0h:48m:6s (0h:39m:38s left)
Estimate model parameters (epsilon = 0.100)
BETTER TREE FOUND at iteration 112: -8495082.394
Iteration 120 / LogL: -8495082.582 / Time: 0h:51m:13s (0h:39m:32s left)
Iteration 130 / LogL: -8495162.567 / Time: 0h:54m:22s (0h:34m:30s left)
Iteration 140 / LogL: -8495143.939 / Time: 0h:57m:52s (0h:29m:55s left)
Iteration 150 / LogL: -8495185.049 / Time: 1h:1m:7s (0h:25m:23s left)
Log-likelihood cutoff on original alignment: -8495446.833
Iteration 160 / LogL: -8495143.935 / Time: 1h:4m:38s (0h:21m:6s left)
Iteration 170 / LogL: -8495186.005 / Time: 1h:7m:47s (0h:16m:49s left)
Iteration 180 / LogL: -8495144.536 / Time: 1h:11m:22s (0h:12m:44s left)
Iteration 190 / LogL: -8495143.970 / Time: 1h:14m:39s (0h:8m:40s left)
Iteration 200 / LogL: -8495143.937 / Time: 1h:17m:56s (0h:4m:41s left)
Log-likelihood cutoff on original alignment: -8495446.833
NOTE: Bootstrap correlation coefficient of split occurrence frequencies: 0.961
NOTE: UFBoot does not converge, continue at least 100 more iterations
Iteration 210 / LogL: -8495320.587 / Time: 1h:21m:7s (0h:34m:53s left)
Iteration 220 / LogL: -8495206.403 / Time: 1h:24m:34s (0h:30m:51s left)
Iteration 230 / LogL: -8495082.396 / Time: 1h:27m:41s (0h:26m:46s left)
Iteration 240 / LogL: -8495300.487 / Time: 1h:30m:46s (0h:22m:45s left)
Iteration 250 / LogL: -8495144.739 / Time: 1h:34m:17s (0h:18m:54s left)
Log-likelihood cutoff on original alignment: -8495446.833
Iteration 260 / LogL: -8495185.049 / Time: 1h:37m:31s (0h:15m:2s left)
Iteration 270 / LogL: -8495200.728 / Time: 1h:40m:42s (0h:11m:13s left)
Iteration 280 / LogL: -8495082.510 / Time: 1h:43m:55s (0h:7m:26s left)
Iteration 290 / LogL: -8495931.614 / Time: 1h:46m:56s (0h:3m:41s left)
Iteration 300 / LogL: -8495099.977 / Time: 1h:49m:58s (0h:0m:0s left)
Log-likelihood cutoff on original alignment: -8495369.942
NOTE: Bootstrap correlation coefficient of split occurrence frequencies: 0.998
TREE SEARCH COMPLETED AFTER 300 ITERATIONS / Time: 1h:49m:58s

--------------------------------------------------------------------
|                    FINALIZING TREE SEARCH                        |
--------------------------------------------------------------------
Performs final model parameters optimization
Estimate model parameters (epsilon = 0.010)
1. Initial log-likelihood: -8495082.394
2. Current log-likelihood: -8495082.375
3. Current log-likelihood: -8495082.349
Optimal log-likelihood: -8495082.347
Rate parameters:  A-C: 0.97036  A-G: 5.43111  A-T: 0.57172  C-G: 1.32400  C-T: 5.42542  G-T: 1.00000
Base frequencies:  A: 0.288  C: 0.216  G: 0.213  T: 0.282
Proportion of invariable sites: 0.001
Site proportion and rates:  (0.095,0.922) (0.377,0.922) (0.503,0.922) (0.025,3.985)
Parameters optimization took 3 rounds (22.661 sec)
BEST SCORE FOUND : -8495082.347
Creating bootstrap support values...
Split supports printed to NEXUS file /home/erenada/BirdTree/Alignments/AllSites/Gap/m0/Jarvis_pi_m0_AllSISRS.phylip-relaxed.splits.nex
Total tree length: 3.149

Total number of iterations: 300
CPU time used for tree search: 61128.322 sec (16h:58m:48s)
Wall-clock time used for tree search: 6286.642 sec (1h:44m:46s)
Total CPU time used: 63490.988 sec (17h:38m:10s)
Total wall-clock time used: 6621.598 sec (1h:50m:21s)

Computing bootstrap consensus tree...
Reading input file /home/erenada/BirdTree/Alignments/AllSites/Gap/m0/Jarvis_pi_m0_AllSISRS.phylip-relaxed.splits.nex...
48 taxa and 197 splits.
Consensus tree written to /home/erenada/BirdTree/Alignments/AllSites/Gap/m0/Jarvis_pi_m0_AllSISRS.phylip-relaxed.contree
Reading input trees file /home/erenada/BirdTree/Alignments/AllSites/Gap/m0/Jarvis_pi_m0_AllSISRS.phylip-relaxed.contree
Log-likelihood of consensus tree: -8495082.347

Analysis results written to: 
  IQ-TREE report:                /home/erenada/BirdTree/Alignments/AllSites/Gap/m0/Jarvis_pi_m0_AllSISRS.phylip-relaxed.iqtree
  Maximum-likelihood tree:       /home/erenada/BirdTree/Alignments/AllSites/Gap/m0/Jarvis_pi_m0_AllSISRS.phylip-relaxed.treefile
  Likelihood distances:          /home/erenada/BirdTree/Alignments/AllSites/Gap/m0/Jarvis_pi_m0_AllSISRS.phylip-relaxed.mldist

Ultrafast bootstrap approximation results written to:
  Split support values:          /home/erenada/BirdTree/Alignments/AllSites/Gap/m0/Jarvis_pi_m0_AllSISRS.phylip-relaxed.splits.nex
  Consensus tree:                /home/erenada/BirdTree/Alignments/AllSites/Gap/m0/Jarvis_pi_m0_AllSISRS.phylip-relaxed.contree
  Screen log file:               /home/erenada/BirdTree/Alignments/AllSites/Gap/m0/Jarvis_pi_m0_AllSISRS.phylip-relaxed.log

Date and Time: Tue Jun  2 23:10:31 2020
