IQ-TREE multicore version 1.7-beta16 for Linux 64-bit built Sep 24 2019
Developed by Bui Quang Minh, Nguyen Lam Tung, Olga Chernomor,
Heiko Schmidt, Dominik Schrempf, Michael Woodhams.

Host:    n025.cluster.com (AVX, 125 GB RAM)
Command: iqtree -s /home/erenada/BirdTree/Alignments/AllSites/Gap/m4/Jarvis_pi_m4_lncRNA.phylip-relaxed -m GTR+I+R -B 1000 -nt AUTO
Seed:    607022 (Using SPRNG - Scalable Parallel Random Number Generator)
Time:    Tue Jun  2 23:04:18 2020
Kernel:  AVX - auto-detect threads (20 CPU cores detected)

Reading alignment file /home/erenada/BirdTree/Alignments/AllSites/Gap/m4/Jarvis_pi_m4_lncRNA.phylip-relaxed ... Phylip format detected
Alignment most likely contains DNA/RNA sequences
Alignment has 48 sequences with 280875 columns, 249970 distinct patterns
279930 parsimony-informative, 521 singleton sites, 424 constant sites
        Gap/Ambiguity  Composition  p-value
   1  AcaChl    3.85%    failed      0.00%
   2  AnaPla    5.20%    failed      0.84%
   3  AntCar    4.22%    failed      0.00%
   4  ApaVit    3.22%    passed     80.44%
   5  AptFor    2.28%    passed     10.99%
   6  BalReg    1.81%    failed      3.32%
   7  BucRhi    3.60%    failed      0.00%
   8  CalAnn    5.28%    passed     46.12%
   9  CarCri    2.23%    failed      2.33%
  10  CatAur    5.88%    failed      0.00%
  11  ChaPel    3.73%    failed      0.00%
  12  ChaVoc    1.68%    passed     28.48%
  13  ChlMac    2.31%    failed      0.33%
  14  ColLiv    3.13%    passed     21.13%
  15  ColStr    4.16%    failed      0.00%
  16  CorBra    3.06%    failed      0.00%
  17  CucCan    3.97%    failed      0.00%
  18  EgrGar    1.69%    failed      0.13%
  19  EurHel    3.06%    passed     14.83%
  20  FalPer    2.66%    failed      0.00%
  21  FulGla    1.59%    failed      0.67%
  22  GalGal    4.05%    passed     12.50%
  23  GavSte    1.86%    failed      4.34%
  24  GeoFor    5.27%    failed      0.00%
  25  HalAlb    2.31%    passed     28.11%
  26  HalLeu    0.94%    passed     14.50%
  27  LepDis    1.80%    failed      0.00%
  28  ManVit    3.28%    failed      0.01%
  29  MelGal    5.35%    passed     73.50%
  30  MelUnd    4.29%    passed      8.40%
  31  MerNub    3.63%    failed      0.00%
  32  MesUni    3.01%    passed     76.84%
  33  NesNot    3.03%    passed     77.77%
  34  NipNip    1.84%    failed      0.00%
  35  OpiHoa    1.87%    failed      2.01%
  36  PelCri    1.49%    failed      0.02%
  37  PhaCar    2.49%    failed      0.07%
  38  PhaLep    1.62%    passed     98.36%
  39  PhoRub    1.58%    failed      0.00%
  40  PicPub    9.47%    failed      0.00%
  41  PodCri    2.10%    passed      7.59%
  42  PteGut    2.52%    passed     40.83%
  43  PygAde    2.57%    failed      0.00%
  44  StrCam    6.05%    failed      0.63%
  45  TaeGut    6.10%    failed      0.00%
  46  TauEry    1.71%    failed      0.37%
  47  TinGut   19.61%    failed      0.00%
  48  TytAlb    2.46%    failed      0.00%
****  TOTAL     3.56%  32 sequences failed composition chi2 test (p-value<5%; df=3)
NOTE: minimal branch length is reduced to 0.000000356030 for long alignment

Create initial parsimony tree by phylogenetic likelihood library (PLL)... 0.964 seconds
Generating 1000 samples for ultrafast bootstrap (seed: 607022)...

NOTE: 2509 MB RAM (2 GB) is required!
Measuring multi-threading efficiency up to 20 CPU cores
3 trees examined
Threads: 1 / Time: 23.172 sec / Speedup: 1.000 / Efficiency: 100% / LogL: -5348657
Threads: 2 / Time: 9.665 sec / Speedup: 2.397 / Efficiency: 120% / LogL: -5348657
Threads: 3 / Time: 7.336 sec / Speedup: 3.159 / Efficiency: 105% / LogL: -5348657
Threads: 4 / Time: 5.313 sec / Speedup: 4.362 / Efficiency: 109% / LogL: -5348657
Threads: 5 / Time: 4.783 sec / Speedup: 4.845 / Efficiency: 97% / LogL: -5348657
Threads: 6 / Time: 4.440 sec / Speedup: 5.219 / Efficiency: 87% / LogL: -5348657
Threads: 7 / Time: 3.530 sec / Speedup: 6.565 / Efficiency: 94% / LogL: -5348657
Threads: 8 / Time: 3.258 sec / Speedup: 7.113 / Efficiency: 89% / LogL: -5348657
Threads: 9 / Time: 2.990 sec / Speedup: 7.750 / Efficiency: 86% / LogL: -5348657
Threads: 10 / Time: 2.962 sec / Speedup: 7.824 / Efficiency: 78% / LogL: -5348657
Threads: 11 / Time: 3.043 sec / Speedup: 7.616 / Efficiency: 69% / LogL: -5348657
Threads: 12 / Time: 2.836 sec / Speedup: 8.171 / Efficiency: 68% / LogL: -5348657
Threads: 13 / Time: 2.786 sec / Speedup: 8.316 / Efficiency: 64% / LogL: -5348657
Threads: 14 / Time: 2.584 sec / Speedup: 8.967 / Efficiency: 64% / LogL: -5348657
Threads: 15 / Time: 2.473 sec / Speedup: 9.370 / Efficiency: 62% / LogL: -5348657
Threads: 16 / Time: 2.518 sec / Speedup: 9.202 / Efficiency: 58% / LogL: -5348657
Threads: 17 / Time: 2.500 sec / Speedup: 9.269 / Efficiency: 55% / LogL: -5348657
Threads: 18 / Time: 2.408 sec / Speedup: 9.624 / Efficiency: 53% / LogL: -5348657
Threads: 19 / Time: 2.333 sec / Speedup: 9.933 / Efficiency: 52% / LogL: -5348657
Threads: 20 / Time: 2.357 sec / Speedup: 9.832 / Efficiency: 49% / LogL: -5348657
BEST NUMBER OF THREADS: 18

Estimate model parameters (epsilon = 0.100)
1. Initial log-likelihood: -4805854.100
2. Current log-likelihood: -4401583.829
3. Current log-likelihood: -4394944.343
4. Current log-likelihood: -4392347.728
5. Current log-likelihood: -4392051.015
6. Current log-likelihood: -4392035.935
7. Current log-likelihood: -4392035.278
Optimal log-likelihood: -4392035.179
Rate parameters:  A-C: 0.99907  A-G: 5.20951  A-T: 0.65359  C-G: 1.18230  C-T: 5.20696  G-T: 1.00000
Base frequencies:  A: 0.272  C: 0.226  G: 0.227  T: 0.275
Proportion of invariable sites: 0.001
Site proportion and rates:  (0.089,0.908) (0.377,0.908) (0.504,0.909) (0.030,3.926)
Parameters optimization took 7 rounds (109.109 sec)
Computing ML distances based on estimated model parameters... 16.421 sec
Computing BIONJ tree...
0.030 seconds
Log-likelihood of BIONJ tree: -4390849.171
--------------------------------------------------------------------
|             INITIALIZING CANDIDATE TREE SET                      |
--------------------------------------------------------------------
Generating 98 parsimony trees... 152.814 second
Computing log-likelihood of 98 initial trees ... 75.719 seconds
Current best score: -4390849.171

Do NNI search on 20 best initial trees
Estimate model parameters (epsilon = 0.100)
BETTER TREE FOUND at iteration 1: -4390249.560
Iteration 10 / LogL: -4390593.776 / Time: 0h:10m:12s
Iteration 20 / LogL: -4390533.046 / Time: 0h:13m:21s
Finish initializing candidate tree set (16)
Current best tree score: -4390249.560 / CPU time: 587.143
Number of iterations: 20
--------------------------------------------------------------------
|               OPTIMIZING CANDIDATE TREE SET                      |
--------------------------------------------------------------------
Iteration 30 / LogL: -4390382.693 / Time: 0h:15m:26s (0h:37m:44s left)
Iteration 40 / LogL: -4390526.686 / Time: 0h:17m:30s (0h:27m:20s left)
Iteration 50 / LogL: -4390272.272 / Time: 0h:19m:41s (0h:20m:28s left)
Log-likelihood cutoff on original alignment: -4390417.528
Iteration 60 / LogL: -4390284.615 / Time: 0h:21m:53s (0h:15m:11s left)
Iteration 70 / LogL: -4390273.964 / Time: 0h:24m:8s (0h:10m:49s left)
Iteration 80 / LogL: -4390290.510 / Time: 0h:26m:26s (0h:7m:1s left)
Iteration 90 / LogL: -4390262.468 / Time: 0h:28m:34s (0h:3m:31s left)
Iteration 100 / LogL: -4390372.922 / Time: 0h:30m:44s (0h:0m:18s left)
Log-likelihood cutoff on original alignment: -4390417.528
NOTE: Bootstrap correlation coefficient of split occurrence frequencies: 1.000
TREE SEARCH COMPLETED AFTER 102 ITERATIONS / Time: 0h:31m:14s

--------------------------------------------------------------------
|                    FINALIZING TREE SEARCH                        |
--------------------------------------------------------------------
Performs final model parameters optimization
Estimate model parameters (epsilon = 0.010)
1. Initial log-likelihood: -4390249.560
2. Current log-likelihood: -4390249.502
3. Current log-likelihood: -4390249.465
4. Current log-likelihood: -4390249.437
5. Current log-likelihood: -4390249.414
6. Current log-likelihood: -4390249.389
7. Current log-likelihood: -4390249.367
8. Current log-likelihood: -4390249.342
9. Current log-likelihood: -4390249.322
10. Current log-likelihood: -4390249.297
11. Current log-likelihood: -4390249.277
12. Current log-likelihood: -4390249.251
13. Current log-likelihood: -4390249.229
Optimal log-likelihood: -4390249.222
Rate parameters:  A-C: 1.00003  A-G: 5.21905  A-T: 0.65590  C-G: 1.18349  C-T: 5.21591  G-T: 1.00000
Base frequencies:  A: 0.272  C: 0.226  G: 0.227  T: 0.275
Proportion of invariable sites: 0.001
Site proportion and rates:  (0.089,0.909) (0.377,0.909) (0.504,0.909) (0.030,3.927)
Parameters optimization took 13 rounds (60.668 sec)
BEST SCORE FOUND : -4390249.222
Creating bootstrap support values...
Split supports printed to NEXUS file /home/erenada/BirdTree/Alignments/AllSites/Gap/m4/Jarvis_pi_m4_lncRNA.phylip-relaxed.splits.nex
Total tree length: 3.568

Total number of iterations: 102
CPU time used for tree search: 26563.844 sec (7h:22m:43s)
Wall-clock time used for tree search: 1659.743 sec (0h:27m:39s)
Total CPU time used: 29795.328 sec (8h:16m:35s)
Total wall-clock time used: 1935.040 sec (0h:32m:15s)

Computing bootstrap consensus tree...
Reading input file /home/erenada/BirdTree/Alignments/AllSites/Gap/m4/Jarvis_pi_m4_lncRNA.phylip-relaxed.splits.nex...
48 taxa and 155 splits.
Consensus tree written to /home/erenada/BirdTree/Alignments/AllSites/Gap/m4/Jarvis_pi_m4_lncRNA.phylip-relaxed.contree
Reading input trees file /home/erenada/BirdTree/Alignments/AllSites/Gap/m4/Jarvis_pi_m4_lncRNA.phylip-relaxed.contree
Log-likelihood of consensus tree: -4390249.222

Analysis results written to: 
  IQ-TREE report:                /home/erenada/BirdTree/Alignments/AllSites/Gap/m4/Jarvis_pi_m4_lncRNA.phylip-relaxed.iqtree
  Maximum-likelihood tree:       /home/erenada/BirdTree/Alignments/AllSites/Gap/m4/Jarvis_pi_m4_lncRNA.phylip-relaxed.treefile
  Likelihood distances:          /home/erenada/BirdTree/Alignments/AllSites/Gap/m4/Jarvis_pi_m4_lncRNA.phylip-relaxed.mldist

Ultrafast bootstrap approximation results written to:
  Split support values:          /home/erenada/BirdTree/Alignments/AllSites/Gap/m4/Jarvis_pi_m4_lncRNA.phylip-relaxed.splits.nex
  Consensus tree:                /home/erenada/BirdTree/Alignments/AllSites/Gap/m4/Jarvis_pi_m4_lncRNA.phylip-relaxed.contree
  Screen log file:               /home/erenada/BirdTree/Alignments/AllSites/Gap/m4/Jarvis_pi_m4_lncRNA.phylip-relaxed.log

Date and Time: Tue Jun  2 23:36:40 2020
