IQ-TREE multicore version 1.7-beta16 for Linux 64-bit built Sep 24 2019
Developed by Bui Quang Minh, Nguyen Lam Tung, Olga Chernomor,
Heiko Schmidt, Dominik Schrempf, Michael Woodhams.

Host:    n026.cluster.com (AVX, 125 GB RAM)
Command: iqtree -s /home/erenada/BirdTree/Alignments/AllSites/Gap/m2/Jarvis_pi_m2_pseudogene.phylip-relaxed -m GTR+I+R -B 1000 -nt AUTO
Seed:    400438 (Using SPRNG - Scalable Parallel Random Number Generator)
Time:    Tue Jun  2 21:30:06 2020
Kernel:  AVX - auto-detect threads (20 CPU cores detected)

Reading alignment file /home/erenada/BirdTree/Alignments/AllSites/Gap/m2/Jarvis_pi_m2_pseudogene.phylip-relaxed ... Phylip format detected
Alignment most likely contains DNA/RNA sequences
Alignment has 48 sequences with 4655 columns, 4557 distinct patterns
4648 parsimony-informative, 5 singleton sites, 2 constant sites
        Gap/Ambiguity  Composition  p-value
   1  AcaChl    4.25%    failed      0.23%
   2  AnaPla    3.63%    passed     94.03%
   3  AntCar    3.18%    passed     61.59%
   4  ApaVit    2.30%    passed     90.95%
   5  AptFor    1.83%    passed     70.85%
   6  BalReg    1.03%    passed     51.18%
   7  BucRhi    2.00%    failed      4.71%
   8  CalAnn    1.31%    passed     54.05%
   9  CarCri    0.86%    passed     86.84%
  10  CatAur    3.52%    passed     33.42%
  11  ChaPel    2.81%    passed     78.55%
  12  ChaVoc    1.33%    passed     80.95%
  13  ChlMac    1.14%    passed     59.95%
  14  ColLiv    2.30%    passed     28.78%
  15  ColStr    2.34%    passed     99.33%
  16  CorBra    1.22%    failed      0.10%
  17  CucCan    2.41%    passed     47.96%
  18  EgrGar    0.88%    passed     93.14%
  19  EurHel    1.61%    passed     11.29%
  20  FalPer    1.10%    passed     92.60%
  21  FulGla    0.84%    passed     31.06%
  22  GalGal    2.51%    passed     79.49%
  23  GavSte    0.79%    passed     37.64%
  24  GeoFor    2.19%    failed      0.00%
  25  HalAlb    2.06%    passed     60.39%
  26  HalLeu    0.58%    passed     55.66%
  27  LepDis    1.18%    passed     84.85%
  28  ManVit    2.75%    passed     30.61%
  29  MelGal    3.44%    passed     92.40%
  30  MelUnd    2.84%    passed     19.08%
  31  MerNub    2.56%    failed      0.52%
  32  MesUni    1.53%    passed     88.16%
  33  NesNot    1.14%    passed     62.47%
  34  NipNip    1.85%    passed     24.74%
  35  OpiHoa    4.02%    passed     42.06%
  36  PelCri    1.07%    passed     22.50%
  37  PhaCar    0.92%    passed     75.18%
  38  PhaLep    0.84%    passed     62.11%
  39  PhoRub    1.03%    passed     77.96%
  40  PicPub    4.34%    failed      0.87%
  41  PodCri    1.22%    passed     77.68%
  42  PteGut    1.61%    passed     98.50%
  43  PygAde    1.93%    passed     42.73%
  44  StrCam    2.53%    passed     24.11%
  45  TaeGut    2.69%    failed      2.30%
  46  TauEry    0.73%    passed     83.56%
  47  TinGut   14.05%    passed     18.44%
  48  TytAlb    1.03%    passed     34.32%
****  TOTAL     2.19%  7 sequences failed composition chi2 test (p-value<5%; df=3)

Create initial parsimony tree by phylogenetic likelihood library (PLL)... 0.015 seconds
Generating 1000 samples for ultrafast bootstrap (seed: 400438)...

NOTE: 45 MB RAM (0 GB) is required!
Measuring multi-threading efficiency up to 20 CPU cores
Increase to 10 rounds for branch lengths
42 trees examined
Threads: 1 / Time: 20.085 sec / Speedup: 1.000 / Efficiency: 100% / LogL: -93600
Threads: 2 / Time: 14.407 sec / Speedup: 1.394 / Efficiency: 70% / LogL: -93600
Threads: 3 / Time: 9.962 sec / Speedup: 2.016 / Efficiency: 67% / LogL: -93600
Threads: 4 / Time: 10.416 sec / Speedup: 1.928 / Efficiency: 48% / LogL: -93600
BEST NUMBER OF THREADS: 3

Estimate model parameters (epsilon = 0.100)
1. Initial log-likelihood: -84035.121
2. Current log-likelihood: -76441.741
3. Current log-likelihood: -76344.282
4. Current log-likelihood: -76330.857
5. Current log-likelihood: -76329.381
6. Current log-likelihood: -76329.251
Optimal log-likelihood: -76329.241
Rate parameters:  A-C: 1.00345  A-G: 6.06219  A-T: 0.63900  C-G: 1.36316  C-T: 6.21341  G-T: 1.00000
Base frequencies:  A: 0.284  C: 0.213  G: 0.226  T: 0.276
Proportion of invariable sites: 0.000
Site proportion and rates:  (0.095,0.853) (0.384,0.854) (0.469,0.859) (0.052,3.635)
Parameters optimization took 6 rounds (3.803 sec)
Computing ML distances based on estimated model parameters... 0.108 sec
Computing BIONJ tree...
0.062 seconds
Log-likelihood of BIONJ tree: -76366.530
--------------------------------------------------------------------
|             INITIALIZING CANDIDATE TREE SET                      |
--------------------------------------------------------------------
Generating 98 parsimony trees... 1.879 second
Computing log-likelihood of 98 initial trees ... 3.069 seconds
Current best score: -76329.241

Do NNI search on 20 best initial trees
Estimate model parameters (epsilon = 0.100)
BETTER TREE FOUND at iteration 1: -76293.809
Iteration 10 / LogL: -76318.905 / Time: 0h:1m:10s
Estimate model parameters (epsilon = 0.100)
BETTER TREE FOUND at iteration 19: -76293.141
Iteration 20 / LogL: -76313.136 / Time: 0h:1m:17s
Finish initializing candidate tree set (20)
Current best tree score: -76293.141 / CPU time: 18.681
Number of iterations: 20
--------------------------------------------------------------------
|               OPTIMIZING CANDIDATE TREE SET                      |
--------------------------------------------------------------------
Estimate model parameters (epsilon = 0.100)
BETTER TREE FOUND at iteration 22: -76290.922
Estimate model parameters (epsilon = 0.100)
BETTER TREE FOUND at iteration 23: -76287.745
Estimate model parameters (epsilon = 0.100)
BETTER TREE FOUND at iteration 24: -76287.642
Iteration 30 / LogL: -76287.708 / Time: 0h:1m:24s (0h:4m:33s left)
Estimate model parameters (epsilon = 0.100)
BETTER TREE FOUND at iteration 34: -76286.017
Iteration 40 / LogL: -76287.659 / Time: 0h:1m:30s (0h:3m:37s left)
Estimate model parameters (epsilon = 0.100)
BETTER TREE FOUND at iteration 45: -76285.429
Iteration 50 / LogL: -76287.677 / Time: 0h:1m:36s (0h:3m:6s left)
Log-likelihood cutoff on original alignment: -76352.271
Iteration 60 / LogL: -76286.022 / Time: 0h:1m:42s (0h:2m:26s left)
Iteration 70 / LogL: -76679.449 / Time: 0h:1m:47s (0h:1m:56s left)
Estimate model parameters (epsilon = 0.100)
BETTER TREE FOUND at iteration 73: -76285.285
Iteration 80 / LogL: -76287.226 / Time: 0h:1m:54s (0h:2m:14s left)
Iteration 90 / LogL: -76289.912 / Time: 0h:2m:0s (0h:1m:51s left)
Iteration 100 / LogL: -76285.436 / Time: 0h:2m:6s (0h:1m:32s left)
Log-likelihood cutoff on original alignment: -76349.767
NOTE: Bootstrap correlation coefficient of split occurrence frequencies: 0.994
BETTER TREE FOUND at iteration 109: -76285.282
Iteration 110 / LogL: -76287.620 / Time: 0h:2m:12s (0h:2m:0s left)
Iteration 120 / LogL: -76285.435 / Time: 0h:2m:17s (0h:1m:43s left)
UPDATE BEST LOG-LIKELIHOOD: -76285.281
Iteration 130 / LogL: -76285.452 / Time: 0h:2m:24s (0h:1m:28s left)
Iteration 140 / LogL: -76287.006 / Time: 0h:2m:30s (0h:1m:14s left)
UPDATE BEST LOG-LIKELIHOOD: -76285.281
Iteration 150 / LogL: -76285.282 / Time: 0h:2m:36s (0h:1m:1s left)
Log-likelihood cutoff on original alignment: -76349.767
Iteration 160 / LogL: -76285.454 / Time: 0h:2m:41s (0h:0m:49s left)
Iteration 170 / LogL: -76295.104 / Time: 0h:2m:47s (0h:0m:38s left)
UPDATE BEST LOG-LIKELIHOOD: -76285.281
Iteration 180 / LogL: -76289.364 / Time: 0h:2m:53s (0h:0m:28s left)
Iteration 190 / LogL: -76286.028 / Time: 0h:2m:59s (0h:0m:17s left)
Iteration 200 / LogL: -76287.529 / Time: 0h:3m:4s (0h:0m:8s left)
Log-likelihood cutoff on original alignment: -76349.767
NOTE: Bootstrap correlation coefficient of split occurrence frequencies: 0.999
Iteration 210 / LogL: -76289.363 / Time: 0h:3m:10s (0h:1m:22s left)
TREE SEARCH COMPLETED AFTER 210 ITERATIONS / Time: 0h:3m:10s

--------------------------------------------------------------------
|                    FINALIZING TREE SEARCH                        |
--------------------------------------------------------------------
Performs final model parameters optimization
Estimate model parameters (epsilon = 0.010)
1. Initial log-likelihood: -76285.281
Optimal log-likelihood: -76285.275
Rate parameters:  A-C: 1.00567  A-G: 6.06779  A-T: 0.63974  C-G: 1.36049  C-T: 6.21904  G-T: 1.00000
Base frequencies:  A: 0.284  C: 0.213  G: 0.226  T: 0.276
Proportion of invariable sites: 0.000
Site proportion and rates:  (0.095,0.854) (0.384,0.855) (0.469,0.856) (0.052,3.645)
Parameters optimization took 1 rounds (0.215 sec)
BEST SCORE FOUND : -76285.275
Creating bootstrap support values...
Split supports printed to NEXUS file /home/erenada/BirdTree/Alignments/AllSites/Gap/m2/Jarvis_pi_m2_pseudogene.phylip-relaxed.splits.nex
Total tree length: 3.908

Total number of iterations: 210
CPU time used for tree search: 384.292 sec (0h:6m:24s)
Wall-clock time used for tree search: 131.631 sec (0h:2m:11s)
Total CPU time used: 517.202 sec (0h:8m:37s)
Total wall-clock time used: 191.063 sec (0h:3m:11s)

Computing bootstrap consensus tree...
Reading input file /home/erenada/BirdTree/Alignments/AllSites/Gap/m2/Jarvis_pi_m2_pseudogene.phylip-relaxed.splits.nex...
48 taxa and 514 splits.
Consensus tree written to /home/erenada/BirdTree/Alignments/AllSites/Gap/m2/Jarvis_pi_m2_pseudogene.phylip-relaxed.contree
Reading input trees file /home/erenada/BirdTree/Alignments/AllSites/Gap/m2/Jarvis_pi_m2_pseudogene.phylip-relaxed.contree
Log-likelihood of consensus tree: -76286.929

Analysis results written to: 
  IQ-TREE report:                /home/erenada/BirdTree/Alignments/AllSites/Gap/m2/Jarvis_pi_m2_pseudogene.phylip-relaxed.iqtree
  Maximum-likelihood tree:       /home/erenada/BirdTree/Alignments/AllSites/Gap/m2/Jarvis_pi_m2_pseudogene.phylip-relaxed.treefile
  Likelihood distances:          /home/erenada/BirdTree/Alignments/AllSites/Gap/m2/Jarvis_pi_m2_pseudogene.phylip-relaxed.mldist

Ultrafast bootstrap approximation results written to:
  Split support values:          /home/erenada/BirdTree/Alignments/AllSites/Gap/m2/Jarvis_pi_m2_pseudogene.phylip-relaxed.splits.nex
  Consensus tree:                /home/erenada/BirdTree/Alignments/AllSites/Gap/m2/Jarvis_pi_m2_pseudogene.phylip-relaxed.contree
  Screen log file:               /home/erenada/BirdTree/Alignments/AllSites/Gap/m2/Jarvis_pi_m2_pseudogene.phylip-relaxed.log

Date and Time: Tue Jun  2 21:33:17 2020
