IQ-TREE multicore version 1.7-beta16 for Linux 64-bit built Sep 24 2019
Developed by Bui Quang Minh, Nguyen Lam Tung, Olga Chernomor,
Heiko Schmidt, Dominik Schrempf, Michael Woodhams.

Host:    n024.cluster.com (AVX, 125 GB RAM)
Command: iqtree -s /home/erenada/BirdTree/Alignments/AllSites/NoGap/m5/Jarvis_pi_m5_UTR3_nogap.phylip-relaxed -m GTR+I+R -B 1000 -nt AUTO
Seed:    795654 (Using SPRNG - Scalable Parallel Random Number Generator)
Time:    Wed Jun  3 22:27:24 2020
Kernel:  AVX - auto-detect threads (20 CPU cores detected)

Reading alignment file /home/erenada/BirdTree/Alignments/AllSites/NoGap/m5/Jarvis_pi_m5_UTR3_nogap.phylip-relaxed ... Phylip format detected
Alignment most likely contains DNA/RNA sequences
Alignment has 48 sequences with 50741 columns, 47118 distinct patterns
50741 parsimony-informative, 0 singleton sites, 0 constant sites
        Gap/Ambiguity  Composition  p-value
   1  AcaChl    5.09%    failed      0.00%
   2  AnaPla    5.47%    failed      0.00%
   3  AntCar    4.36%    failed      0.00%
   4  ApaVit    3.60%    failed      0.17%
   5  AptFor    2.51%    failed      0.00%
   6  BalReg    2.25%    failed      0.00%
   7  BucRhi    4.96%    failed      0.00%
   8  CalAnn    4.06%    passed      9.10%
   9  CarCri    2.28%    failed      0.01%
  10  CatAur    4.03%    failed      0.00%
  11  ChaPel    3.13%    passed      7.09%
  12  ChaVoc    1.79%    failed      0.00%
  13  ChlMac    2.23%    passed     82.10%
  14  ColLiv    3.17%    failed      4.99%
  15  ColStr    6.02%    failed      0.00%
  16  CorBra    3.30%    failed      0.00%
  17  CucCan    3.25%    passed     50.34%
  18  EgrGar    1.97%    passed     89.05%
  19  EurHel    5.02%    failed      0.00%
  20  FalPer    3.04%    failed      0.00%
  21  FulGla    1.54%    failed      0.00%
  22  GalGal    4.46%    passed      5.55%
  23  GavSte    2.00%    failed      0.00%
  24  GeoFor    4.84%    failed      0.00%
  25  HalAlb    2.53%    failed      0.00%
  26  HalLeu    1.10%    failed      0.00%
  27  LepDis    2.12%    passed     65.98%
  28  ManVit    3.67%    failed      0.00%
  29  MelGal    4.64%    passed     86.40%
  30  MelUnd    3.80%    failed      0.01%
  31  MerNub    5.23%    failed      0.00%
  32  MesUni    3.44%    failed      0.01%
  33  NesNot    3.06%    passed      6.04%
  34  NipNip    2.13%    failed      0.00%
  35  OpiHoa    2.50%    failed      0.11%
  36  PelCri    1.70%    failed      0.00%
  37  PhaCar    2.46%    passed     15.04%
  38  PhaLep    1.76%    failed      0.00%
  39  PhoRub    1.79%    failed      4.38%
  40  PicPub   13.02%    failed      0.00%
  41  PodCri    2.67%    failed      3.34%
  42  PteGut    2.34%    failed      0.00%
  43  PygAde    3.23%    failed      0.00%
  44  StrCam    4.74%    failed      0.00%
  45  TaeGut    5.28%    failed      0.00%
  46  TauEry    1.81%    passed     79.39%
  47  TinGut   16.60%    failed      0.00%
  48  TytAlb    2.91%    failed      0.00%
****  TOTAL     3.73%  37 sequences failed composition chi2 test (p-value<5%; df=3)

Create initial parsimony tree by phylogenetic likelihood library (PLL)... 0.245 seconds
Generating 1000 samples for ultrafast bootstrap (seed: 795654)...

NOTE: 473 MB RAM (0 GB) is required!
Measuring multi-threading efficiency up to 20 CPU cores
Increase to 10 rounds for branch lengths
3 trees examined
Threads: 1 / Time: 23.344 sec / Speedup: 1.000 / Efficiency: 100% / LogL: -967599
Threads: 2 / Time: 8.707 sec / Speedup: 2.681 / Efficiency: 134% / LogL: -967599
Threads: 3 / Time: 6.371 sec / Speedup: 3.664 / Efficiency: 122% / LogL: -967599
Threads: 4 / Time: 4.722 sec / Speedup: 4.944 / Efficiency: 124% / LogL: -967599
Threads: 5 / Time: 4.152 sec / Speedup: 5.622 / Efficiency: 112% / LogL: -967599
Threads: 6 / Time: 3.740 sec / Speedup: 6.241 / Efficiency: 104% / LogL: -967599
Threads: 7 / Time: 4.474 sec / Speedup: 5.218 / Efficiency: 75% / LogL: -967599
BEST NUMBER OF THREADS: 6

Estimate model parameters (epsilon = 0.100)
1. Initial log-likelihood: -863219.406
2. Current log-likelihood: -787254.481
3. Current log-likelihood: -786412.210
4. Current log-likelihood: -786221.354
5. Current log-likelihood: -786178.337
6. Current log-likelihood: -786169.610
7. Current log-likelihood: -786168.331
8. Current log-likelihood: -786168.164
Optimal log-likelihood: -786168.136
Rate parameters:  A-C: 0.97860  A-G: 4.39425  A-T: 0.36233  C-G: 1.04093  C-T: 4.34200  G-T: 1.00000
Base frequencies:  A: 0.310  C: 0.188  G: 0.188  T: 0.315
Proportion of invariable sites: 0.000
Site proportion and rates:  (0.100,0.840) (0.373,0.840) (0.458,0.843) (0.069,3.134)
Parameters optimization took 8 rounds (27.968 sec)
Computing ML distances based on estimated model parameters... 0.793 sec
Computing BIONJ tree...
0.030 seconds
Log-likelihood of BIONJ tree: -786594.637
--------------------------------------------------------------------
|             INITIALIZING CANDIDATE TREE SET                      |
--------------------------------------------------------------------
Generating 98 parsimony trees... 21.427 second
Computing log-likelihood of 98 initial trees ... 22.096 seconds
Current best score: -786112.210

Do NNI search on 20 best initial trees
Estimate model parameters (epsilon = 0.100)
BETTER TREE FOUND at iteration 1: -785676.215
Estimate model parameters (epsilon = 0.100)
BETTER TREE FOUND at iteration 3: -785669.890
Estimate model parameters (epsilon = 0.100)
BETTER TREE FOUND at iteration 7: -785668.271
Iteration 10 / LogL: -785742.965 / Time: 0h:2m:59s
Estimate model parameters (epsilon = 0.100)
BETTER TREE FOUND at iteration 13: -785647.523
Estimate model parameters (epsilon = 0.100)
BETTER TREE FOUND at iteration 17: -785640.778
Iteration 20 / LogL: -785744.953 / Time: 0h:3m:49s
Finish initializing candidate tree set (18)
Current best tree score: -785640.778 / CPU time: 144.101
Number of iterations: 20
--------------------------------------------------------------------
|               OPTIMIZING CANDIDATE TREE SET                      |
--------------------------------------------------------------------
Estimate model parameters (epsilon = 0.100)
BETTER TREE FOUND at iteration 21: -785629.074
Iteration 30 / LogL: -785705.400 / Time: 0h:4m:25s (0h:13m:52s left)
Iteration 40 / LogL: -785640.860 / Time: 0h:5m:0s (0h:10m:23s left)
Estimate model parameters (epsilon = 0.100)
BETTER TREE FOUND at iteration 47: -785623.686
Iteration 50 / LogL: -785631.934 / Time: 0h:5m:40s (0h:11m:12s left)
Log-likelihood cutoff on original alignment: -785758.512
Iteration 60 / LogL: -785650.526 / Time: 0h:6m:16s (0h:9m:14s left)
Iteration 70 / LogL: -785631.933 / Time: 0h:6m:56s (0h:7m:44s left)
Estimate model parameters (epsilon = 0.100)
BETTER TREE FOUND at iteration 80: -785622.955
Iteration 80 / LogL: -785622.955 / Time: 0h:7m:32s (0h:9m:31s left)
Iteration 90 / LogL: -785622.956 / Time: 0h:8m:9s (0h:8m:14s left)
Iteration 100 / LogL: -785678.808 / Time: 0h:8m:46s (0h:7m:5s left)
Log-likelihood cutoff on original alignment: -785757.836
NOTE: Bootstrap correlation coefficient of split occurrence frequencies: 0.997
Iteration 110 / LogL: -785623.689 / Time: 0h:9m:21s (0h:7m:43s left)
Iteration 120 / LogL: -785624.082 / Time: 0h:9m:58s (0h:6m:42s left)
Iteration 130 / LogL: -785629.074 / Time: 0h:10m:34s (0h:5m:43s left)
Iteration 140 / LogL: -785622.981 / Time: 0h:11m:7s (0h:4m:47s left)
Iteration 150 / LogL: -785623.690 / Time: 0h:11m:44s (0h:3m:56s left)
Log-likelihood cutoff on original alignment: -785750.599
Iteration 160 / LogL: -785623.688 / Time: 0h:12m:22s (0h:3m:6s left)
Iteration 170 / LogL: -785648.201 / Time: 0h:13m:0s (0h:2m:18s left)
Iteration 180 / LogL: -785627.143 / Time: 0h:13m:30s (0h:1m:30s left)
TREE SEARCH COMPLETED AFTER 181 ITERATIONS / Time: 0h:13m:33s

--------------------------------------------------------------------
|                    FINALIZING TREE SEARCH                        |
--------------------------------------------------------------------
Performs final model parameters optimization
Estimate model parameters (epsilon = 0.010)
1. Initial log-likelihood: -785622.955
Optimal log-likelihood: -785622.952
Rate parameters:  A-C: 0.97731  A-G: 4.39496  A-T: 0.36256  C-G: 1.03950  C-T: 4.34450  G-T: 1.00000
Base frequencies:  A: 0.310  C: 0.188  G: 0.188  T: 0.315
Proportion of invariable sites: 0.000
Site proportion and rates:  (0.100,0.841) (0.373,0.841) (0.458,0.844) (0.069,3.139)
Parameters optimization took 1 rounds (1.485 sec)
BEST SCORE FOUND : -785622.952
Creating bootstrap support values...
Split supports printed to NEXUS file /home/erenada/BirdTree/Alignments/AllSites/NoGap/m5/Jarvis_pi_m5_UTR3_nogap.phylip-relaxed.splits.nex
Total tree length: 3.637

Total number of iterations: 181
CPU time used for tree search: 4210.737 sec (1h:10m:10s)
Wall-clock time used for tree search: 727.820 sec (0h:12m:7s)
Total CPU time used: 4517.939 sec (1h:15m:17s)
Total wall-clock time used: 815.341 sec (0h:13m:35s)

Computing bootstrap consensus tree...
Reading input file /home/erenada/BirdTree/Alignments/AllSites/NoGap/m5/Jarvis_pi_m5_UTR3_nogap.phylip-relaxed.splits.nex...
48 taxa and 253 splits.
Consensus tree written to /home/erenada/BirdTree/Alignments/AllSites/NoGap/m5/Jarvis_pi_m5_UTR3_nogap.phylip-relaxed.contree
Reading input trees file /home/erenada/BirdTree/Alignments/AllSites/NoGap/m5/Jarvis_pi_m5_UTR3_nogap.phylip-relaxed.contree
Log-likelihood of consensus tree: -785623.682

Analysis results written to: 
  IQ-TREE report:                /home/erenada/BirdTree/Alignments/AllSites/NoGap/m5/Jarvis_pi_m5_UTR3_nogap.phylip-relaxed.iqtree
  Maximum-likelihood tree:       /home/erenada/BirdTree/Alignments/AllSites/NoGap/m5/Jarvis_pi_m5_UTR3_nogap.phylip-relaxed.treefile
  Likelihood distances:          /home/erenada/BirdTree/Alignments/AllSites/NoGap/m5/Jarvis_pi_m5_UTR3_nogap.phylip-relaxed.mldist

Ultrafast bootstrap approximation results written to:
  Split support values:          /home/erenada/BirdTree/Alignments/AllSites/NoGap/m5/Jarvis_pi_m5_UTR3_nogap.phylip-relaxed.splits.nex
  Consensus tree:                /home/erenada/BirdTree/Alignments/AllSites/NoGap/m5/Jarvis_pi_m5_UTR3_nogap.phylip-relaxed.contree
  Screen log file:               /home/erenada/BirdTree/Alignments/AllSites/NoGap/m5/Jarvis_pi_m5_UTR3_nogap.phylip-relaxed.log

Date and Time: Wed Jun  3 22:41:01 2020
