IQ-TREE multicore version 1.7-beta16 for Linux 64-bit built Sep 24 2019
Developed by Bui Quang Minh, Nguyen Lam Tung, Olga Chernomor,
Heiko Schmidt, Dominik Schrempf, Michael Woodhams.

Host:    n018.cluster.com (AVX, 125 GB RAM)
Command: iqtree -s /home/erenada/BirdTree/Alignments/AllSites/Gap/m1/Jarvis_pi_m1_gene.phylip-relaxed -m GTR+I+R -B 1000 -nt AUTO
Seed:    105956 (Using SPRNG - Scalable Parallel Random Number Generator)
Time:    Tue Jun  2 21:55:37 2020
Kernel:  AVX - auto-detect threads (20 CPU cores detected)

Reading alignment file /home/erenada/BirdTree/Alignments/AllSites/Gap/m1/Jarvis_pi_m1_gene.phylip-relaxed ... Phylip format detected
Alignment most likely contains DNA/RNA sequences
Alignment has 48 sequences with 558501 columns, 399497 distinct patterns
556799 parsimony-informative, 822 singleton sites, 880 constant sites
        Gap/Ambiguity  Composition  p-value
   1  AcaChl    1.10%    failed      0.00%
   2  AnaPla    1.53%    passed     94.21%
   3  AntCar    1.77%    failed      0.00%
   4  ApaVit    1.02%    failed      0.00%
   5  AptFor    0.77%    failed      0.00%
   6  BalReg    0.71%    failed      0.00%
   7  BucRhi    1.18%    failed      0.00%
   8  CalAnn    1.15%    passed     24.42%
   9  CarCri    0.72%    failed      0.00%
  10  CatAur    2.50%    failed      0.00%
  11  ChaPel    1.11%    failed      0.00%
  12  ChaVoc    0.79%    failed      0.00%
  13  ChlMac    0.71%    passed     52.40%
  14  ColLiv    1.20%    failed      0.00%
  15  ColStr    1.19%    passed     27.38%
  16  CorBra    0.77%    failed      0.00%
  17  CucCan    1.17%    failed      0.00%
  18  EgrGar    0.69%    failed      0.00%
  19  EurHel    1.03%    failed      0.00%
  20  FalPer    0.87%    failed      0.00%
  21  FulGla    0.61%    failed      0.00%
  22  GalGal    1.90%    failed      0.00%
  23  GavSte    0.71%    failed      0.00%
  24  GeoFor    1.10%    failed      0.00%
  25  HalAlb    0.89%    failed      0.00%
  26  HalLeu    0.36%    failed      0.00%
  27  LepDis    0.74%    failed      0.00%
  28  ManVit    1.11%    failed      0.00%
  29  MelGal    1.23%    failed      0.00%
  30  MelUnd    1.34%    passed     83.43%
  31  MerNub    1.29%    failed      0.00%
  32  MesUni    0.97%    failed      0.00%
  33  NesNot    0.84%    passed     83.44%
  34  NipNip    0.90%    failed      0.00%
  35  OpiHoa    0.89%    failed      0.00%
  36  PelCri    0.59%    failed      0.00%
  37  PhaCar    0.83%    failed      0.00%
  38  PhaLep    0.61%    failed      0.00%
  39  PhoRub    0.61%    failed      0.00%
  40  PicPub    2.90%    failed      0.00%
  41  PodCri    0.75%    failed      0.00%
  42  PteGut    0.77%    failed      0.07%
  43  PygAde    1.08%    failed      0.00%
  44  StrCam    1.13%    failed      0.00%
  45  TaeGut    1.52%    failed      0.00%
  46  TauEry    0.58%    passed     88.45%
  47  TinGut    8.09%    failed      0.00%
  48  TytAlb    0.83%    failed      0.00%
****  TOTAL     1.19%  41 sequences failed composition chi2 test (p-value<5%; df=3)
NOTE: minimal branch length is reduced to 0.000000179051 for long alignment

Create initial parsimony tree by phylogenetic likelihood library (PLL)... 2.397 seconds
Generating 1000 samples for ultrafast bootstrap (seed: 105956)...

NOTE: 4011 MB RAM (3 GB) is required!
Measuring multi-threading efficiency up to 20 CPU cores
2 trees examined
Threads: 1 / Time: 21.714 sec / Speedup: 1.000 / Efficiency: 100% / LogL: -10623135
Threads: 2 / Time: 11.831 sec / Speedup: 1.835 / Efficiency: 92% / LogL: -10623135
Threads: 3 / Time: 8.718 sec / Speedup: 2.491 / Efficiency: 83% / LogL: -10623135
Threads: 4 / Time: 6.284 sec / Speedup: 3.455 / Efficiency: 86% / LogL: -10623135
Threads: 5 / Time: 5.211 sec / Speedup: 4.167 / Efficiency: 83% / LogL: -10623135
Threads: 6 / Time: 4.430 sec / Speedup: 4.902 / Efficiency: 82% / LogL: -10623135
Threads: 7 / Time: 4.115 sec / Speedup: 5.277 / Efficiency: 75% / LogL: -10623135
Threads: 8 / Time: 3.737 sec / Speedup: 5.811 / Efficiency: 73% / LogL: -10623135
Threads: 9 / Time: 3.855 sec / Speedup: 5.632 / Efficiency: 63% / LogL: -10623135
Threads: 10 / Time: 3.353 sec / Speedup: 6.477 / Efficiency: 65% / LogL: -10623135
Threads: 11 / Time: 3.298 sec / Speedup: 6.584 / Efficiency: 60% / LogL: -10623135
Threads: 12 / Time: 3.215 sec / Speedup: 6.755 / Efficiency: 56% / LogL: -10623135
Threads: 13 / Time: 3.049 sec / Speedup: 7.123 / Efficiency: 55% / LogL: -10623135
Threads: 14 / Time: 2.873 sec / Speedup: 7.558 / Efficiency: 54% / LogL: -10623135
Threads: 15 / Time: 2.930 sec / Speedup: 7.412 / Efficiency: 49% / LogL: -10623135
BEST NUMBER OF THREADS: 14

Estimate model parameters (epsilon = 0.100)
1. Initial log-likelihood: -9480445.644
2. Current log-likelihood: -8632481.006
3. Current log-likelihood: -8619734.313
4. Current log-likelihood: -8616642.863
5. Current log-likelihood: -8616271.857
6. Current log-likelihood: -8616238.162
7. Current log-likelihood: -8616236.545
8. Current log-likelihood: -8616236.357
Optimal log-likelihood: -8616236.322
Rate parameters:  A-C: 0.98989  A-G: 5.58632  A-T: 0.52689  C-G: 1.34336  C-T: 5.57348  G-T: 1.00000
Base frequencies:  A: 0.289  C: 0.213  G: 0.211  T: 0.287
Proportion of invariable sites: 0.001
Site proportion and rates:  (0.097,0.881) (0.380,0.882) (0.481,0.882) (0.042,3.701)
Parameters optimization took 8 rounds (229.892 sec)
Computing ML distances based on estimated model parameters... 24.251 sec
Computing BIONJ tree...
0.030 seconds
Log-likelihood of BIONJ tree: -8612029.337
--------------------------------------------------------------------
|             INITIALIZING CANDIDATE TREE SET                      |
--------------------------------------------------------------------
Generating 98 parsimony trees... 328.340 second
Computing log-likelihood of 98 initial trees ... 132.369 seconds
Current best score: -8612029.337

Do NNI search on 20 best initial trees
Estimate model parameters (epsilon = 0.100)
BETTER TREE FOUND at iteration 1: -8610459.443
Estimate model parameters (epsilon = 0.100)
BETTER TREE FOUND at iteration 2: -8610214.587
Estimate model parameters (epsilon = 0.100)
BETTER TREE FOUND at iteration 6: -8610181.113
Estimate model parameters (epsilon = 0.100)
BETTER TREE FOUND at iteration 10: -8610121.593
Iteration 10 / LogL: -8610121.593 / Time: 0h:20m:6s
Estimate model parameters (epsilon = 0.100)
BETTER TREE FOUND at iteration 16: -8610092.210
Iteration 20 / LogL: -8610324.483 / Time: 0h:27m:18s
Finish initializing candidate tree set (19)
Current best tree score: -8610092.210 / CPU time: 1299.261
Number of iterations: 20
--------------------------------------------------------------------
|               OPTIMIZING CANDIDATE TREE SET                      |
--------------------------------------------------------------------
Iteration 30 / LogL: -8610179.848 / Time: 0h:31m:20s (1h:32m:46s left)
Iteration 40 / LogL: -8610121.799 / Time: 0h:35m:22s (1h:8m:49s left)
Iteration 50 / LogL: -8610268.526 / Time: 0h:39m:7s (0h:52m:37s left)
Log-likelihood cutoff on original alignment: -8610365.771
Iteration 60 / LogL: -8610092.212 / Time: 0h:42m:58s (0h:40m:44s left)
Iteration 70 / LogL: -8610106.589 / Time: 0h:46m:53s (0h:31m:13s left)
Iteration 80 / LogL: -8610356.932 / Time: 0h:50m:50s (0h:23m:8s left)
Iteration 90 / LogL: -8610106.599 / Time: 0h:54m:55s (0h:16m:1s left)
Iteration 100 / LogL: -8610128.204 / Time: 0h:58m:35s (0h:9m:27s left)
Log-likelihood cutoff on original alignment: -8610350.568
NOTE: Bootstrap correlation coefficient of split occurrence frequencies: 1.000
Iteration 110 / LogL: -8610122.084 / Time: 1h:2m:33s (0h:51m:36s left)
TREE SEARCH COMPLETED AFTER 117 ITERATIONS / Time: 1h:5m:19s

--------------------------------------------------------------------
|                    FINALIZING TREE SEARCH                        |
--------------------------------------------------------------------
Performs final model parameters optimization
Estimate model parameters (epsilon = 0.010)
1. Initial log-likelihood: -8610092.210
2. Current log-likelihood: -8610092.092
3. Current log-likelihood: -8610092.067
4. Current log-likelihood: -8610092.054
5. Current log-likelihood: -8610092.044
6. Current log-likelihood: -8610092.032
7. Current log-likelihood: -8610092.004
8. Current log-likelihood: -8610091.983
9. Current log-likelihood: -8610091.897
10. Current log-likelihood: -8610091.848
11. Current log-likelihood: -8610091.787
12. Current log-likelihood: -8610091.560
Optimal log-likelihood: -8610091.557
Rate parameters:  A-C: 0.99357  A-G: 5.61256  A-T: 0.52859  C-G: 1.34851  C-T: 5.60005  G-T: 1.00000
Base frequencies:  A: 0.289  C: 0.213  G: 0.211  T: 0.287
Proportion of invariable sites: 0.001
Site proportion and rates:  (0.097,0.881) (0.380,0.882) (0.481,0.882) (0.042,3.706)
Parameters optimization took 12 rounds (101.279 sec)
BEST SCORE FOUND : -8610091.557
Creating bootstrap support values...
Split supports printed to NEXUS file /home/erenada/BirdTree/Alignments/AllSites/Gap/m1/Jarvis_pi_m1_gene.phylip-relaxed.splits.nex
Total tree length: 3.462

Total number of iterations: 117
CPU time used for tree search: 43415.059 sec (12h:3m:35s)
Wall-clock time used for tree search: 3580.018 sec (0h:59m:40s)
Total CPU time used: 47634.780 sec (13h:13m:54s)
Total wall-clock time used: 4021.413 sec (1h:7m:1s)

Computing bootstrap consensus tree...
Reading input file /home/erenada/BirdTree/Alignments/AllSites/Gap/m1/Jarvis_pi_m1_gene.phylip-relaxed.splits.nex...
48 taxa and 148 splits.
Consensus tree written to /home/erenada/BirdTree/Alignments/AllSites/Gap/m1/Jarvis_pi_m1_gene.phylip-relaxed.contree
Reading input trees file /home/erenada/BirdTree/Alignments/AllSites/Gap/m1/Jarvis_pi_m1_gene.phylip-relaxed.contree
Log-likelihood of consensus tree: -8610105.986

Analysis results written to: 
  IQ-TREE report:                /home/erenada/BirdTree/Alignments/AllSites/Gap/m1/Jarvis_pi_m1_gene.phylip-relaxed.iqtree
  Maximum-likelihood tree:       /home/erenada/BirdTree/Alignments/AllSites/Gap/m1/Jarvis_pi_m1_gene.phylip-relaxed.treefile
  Likelihood distances:          /home/erenada/BirdTree/Alignments/AllSites/Gap/m1/Jarvis_pi_m1_gene.phylip-relaxed.mldist

Ultrafast bootstrap approximation results written to:
  Split support values:          /home/erenada/BirdTree/Alignments/AllSites/Gap/m1/Jarvis_pi_m1_gene.phylip-relaxed.splits.nex
  Consensus tree:                /home/erenada/BirdTree/Alignments/AllSites/Gap/m1/Jarvis_pi_m1_gene.phylip-relaxed.contree
  Screen log file:               /home/erenada/BirdTree/Alignments/AllSites/Gap/m1/Jarvis_pi_m1_gene.phylip-relaxed.log

Date and Time: Tue Jun  2 23:02:49 2020
