IQ-TREE multicore version 1.7-beta16 for Linux 64-bit built Sep 24 2019
Developed by Bui Quang Minh, Nguyen Lam Tung, Olga Chernomor,
Heiko Schmidt, Dominik Schrempf, Michael Woodhams.

Host:    n024.cluster.com (AVX, 125 GB RAM)
Command: iqtree -s /home/erenada/BirdTree/Alignments/AllSites/Gap/m4/Jarvis_pi_m4_intron.phylip-relaxed -m GTR+I+R -B 1000 -nt AUTO
Seed:    336028 (Using SPRNG - Scalable Parallel Random Number Generator)
Time:    Wed Jun  3 03:05:59 2020
Kernel:  AVX - auto-detect threads (20 CPU cores detected)

Reading alignment file /home/erenada/BirdTree/Alignments/AllSites/Gap/m4/Jarvis_pi_m4_intron.phylip-relaxed ... Phylip format detected
Alignment most likely contains DNA/RNA sequences
Alignment has 48 sequences with 768331 columns, 664212 distinct patterns
765044 parsimony-informative, 1767 singleton sites, 1520 constant sites
        Gap/Ambiguity  Composition  p-value
   1  AcaChl    4.09%    failed      0.00%
   2  AnaPla    5.11%    passed     61.79%
   3  AntCar    4.18%    failed      0.00%
   4  ApaVit    3.46%    failed      0.00%
   5  AptFor    2.37%    failed      0.00%
   6  BalReg    1.86%    failed      0.00%
   7  BucRhi    4.06%    failed      0.00%
   8  CalAnn    4.95%    failed      0.00%
   9  CarCri    2.31%    failed      0.00%
  10  CatAur    5.35%    failed      0.00%
  11  ChaPel    3.69%    failed      0.00%
  12  ChaVoc    1.80%    passed     15.81%
  13  ChlMac    2.31%    failed      1.36%
  14  ColLiv    3.40%    failed      0.00%
  15  ColStr    4.40%    failed      0.00%
  16  CorBra    3.34%    failed      0.00%
  17  CucCan    3.62%    failed      0.00%
  18  EgrGar    1.74%    passed     33.30%
  19  EurHel    2.99%    failed      0.00%
  20  FalPer    2.85%    failed      0.00%
  21  FulGla    1.56%    failed      0.00%
  22  GalGal    4.28%    failed      0.00%
  23  GavSte    1.94%    failed      0.00%
  24  GeoFor    5.06%    failed      0.00%
  25  HalAlb    2.39%    failed      0.00%
  26  HalLeu    0.98%    failed      0.00%
  27  LepDis    2.03%    failed      0.00%
  28  ManVit    3.50%    failed      0.00%
  29  MelGal    5.66%    failed      0.00%
  30  MelUnd    4.02%    passed     13.79%
  31  MerNub    3.91%    failed      0.00%
  32  MesUni    3.20%    failed      0.00%
  33  NesNot    2.88%    passed     42.92%
  34  NipNip    1.90%    failed      0.00%
  35  OpiHoa    2.02%    failed      0.00%
  36  PelCri    1.55%    failed      0.00%
  37  PhaCar    2.65%    failed      0.00%
  38  PhaLep    1.73%    failed      0.00%
  39  PhoRub    1.57%    passed     64.92%
  40  PicPub    9.64%    failed      0.00%
  41  PodCri    2.29%    failed      0.00%
  42  PteGut    2.49%    passed     44.64%
  43  PygAde    2.46%    failed      0.00%
  44  StrCam    6.85%    failed      0.00%
  45  TaeGut    5.87%    failed      0.00%
  46  TauEry    1.78%    failed      0.00%
  47  TinGut   22.72%    failed      0.00%
  48  TytAlb    2.65%    failed      0.00%
****  TOTAL     3.70%  41 sequences failed composition chi2 test (p-value<5%; df=3)
NOTE: minimal branch length is reduced to 0.000000130152 for long alignment

Create initial parsimony tree by phylogenetic likelihood library (PLL)... 3.818 seconds
Generating 1000 samples for ultrafast bootstrap (seed: 336028)...

NOTE: 6668 MB RAM (6 GB) is required!
Measuring multi-threading efficiency up to 20 CPU cores
2 trees examined
Threads: 1 / Time: 36.185 sec / Speedup: 1.000 / Efficiency: 100% / LogL: -14819565
Threads: 2 / Time: 22.558 sec / Speedup: 1.604 / Efficiency: 80% / LogL: -14819565
Threads: 3 / Time: 16.302 sec / Speedup: 2.220 / Efficiency: 74% / LogL: -14819565
Threads: 4 / Time: 11.599 sec / Speedup: 3.120 / Efficiency: 78% / LogL: -14819565
Threads: 5 / Time: 9.859 sec / Speedup: 3.670 / Efficiency: 73% / LogL: -14819565
Threads: 6 / Time: 8.512 sec / Speedup: 4.251 / Efficiency: 71% / LogL: -14819565
Threads: 7 / Time: 8.500 sec / Speedup: 4.257 / Efficiency: 61% / LogL: -14819565
Threads: 8 / Time: 7.906 sec / Speedup: 4.577 / Efficiency: 57% / LogL: -14819565
Threads: 9 / Time: 7.512 sec / Speedup: 4.817 / Efficiency: 54% / LogL: -14819565
Threads: 10 / Time: 7.278 sec / Speedup: 4.972 / Efficiency: 50% / LogL: -14819565
BEST NUMBER OF THREADS: 8

Estimate model parameters (epsilon = 0.100)
1. Initial log-likelihood: -13306314.629
2. Current log-likelihood: -12188129.791
3. Current log-likelihood: -12171092.350
4. Current log-likelihood: -12166543.080
5. Current log-likelihood: -12165989.875
6. Current log-likelihood: -12165951.638
7. Current log-likelihood: -12165949.042
8. Current log-likelihood: -12165948.809
Optimal log-likelihood: -12165948.797
Rate parameters:  A-C: 0.99883  A-G: 5.05784  A-T: 0.56395  C-G: 1.27864  C-T: 5.02240  G-T: 1.00000
Base frequencies:  A: 0.281  C: 0.218  G: 0.218  T: 0.283
Proportion of invariable sites: 0.001
Site proportion and rates:  (0.091,0.889) (0.377,0.890) (0.492,0.890) (0.040,3.640)
Parameters optimization took 8 rounds (582.521 sec)
Computing ML distances based on estimated model parameters... 34.747 sec
Computing BIONJ tree...
0.030 seconds
Log-likelihood of BIONJ tree: -12159789.351
--------------------------------------------------------------------
|             INITIALIZING CANDIDATE TREE SET                      |
--------------------------------------------------------------------
Generating 98 parsimony trees... 466.314 second
Computing log-likelihood of 98 initial trees ... 368.622 seconds
Current best score: -12159789.351

Do NNI search on 20 best initial trees
Estimate model parameters (epsilon = 0.100)
BETTER TREE FOUND at iteration 1: -12157717.206
Estimate model parameters (epsilon = 0.100)
BETTER TREE FOUND at iteration 8: -12157656.035
Iteration 10 / LogL: -12157664.807 / Time: 0h:39m:21s
Iteration 20 / LogL: -12157867.591 / Time: 0h:51m:46s
Finish initializing candidate tree set (16)
Current best tree score: -12157656.035 / CPU time: 2349.242
Number of iterations: 20
--------------------------------------------------------------------
|               OPTIMIZING CANDIDATE TREE SET                      |
--------------------------------------------------------------------
Iteration 30 / LogL: -12157721.797 / Time: 1h:0m:5s (2h:41m:24s left)
Iteration 40 / LogL: -12157656.070 / Time: 1h:9m:45s (2h:1m:29s left)
Iteration 50 / LogL: -12157681.380 / Time: 1h:18m:7s (1h:32m:22s left)
Log-likelihood cutoff on original alignment: -12157937.120
Iteration 60 / LogL: -12157679.777 / Time: 1h:27m:42s (1h:11m:17s left)
Iteration 70 / LogL: -12157666.682 / Time: 1h:37m:35s (0h:53m:42s left)
Iteration 80 / LogL: -12157664.931 / Time: 1h:46m:55s (0h:37m:52s left)
Iteration 90 / LogL: -12157664.804 / Time: 1h:56m:30s (0h:23m:32s left)
Iteration 100 / LogL: -12157665.351 / Time: 2h:6m:11s (0h:10m:11s left)
Log-likelihood cutoff on original alignment: -12157937.120
NOTE: Bootstrap correlation coefficient of split occurrence frequencies: 0.999
TREE SEARCH COMPLETED AFTER 109 ITERATIONS / Time: 2h:15m:53s

--------------------------------------------------------------------
|                    FINALIZING TREE SEARCH                        |
--------------------------------------------------------------------
Performs final model parameters optimization
Estimate model parameters (epsilon = 0.010)
1. Initial log-likelihood: -12157656.035
2. Current log-likelihood: -12157656.025
Optimal log-likelihood: -12157656.022
Rate parameters:  A-C: 0.99876  A-G: 5.05838  A-T: 0.56359  C-G: 1.27820  C-T: 5.02302  G-T: 1.00000
Base frequencies:  A: 0.281  C: 0.218  G: 0.218  T: 0.283
Proportion of invariable sites: 0.001
Site proportion and rates:  (0.091,0.890) (0.378,0.891) (0.492,0.891) (0.040,3.645)
Parameters optimization took 2 rounds (41.357 sec)
BEST SCORE FOUND : -12157656.022
Creating bootstrap support values...
Split supports printed to NEXUS file /home/erenada/BirdTree/Alignments/AllSites/Gap/m4/Jarvis_pi_m4_intron.phylip-relaxed.splits.nex
Total tree length: 3.667

Total number of iterations: 109
CPU time used for tree search: 51364.100 sec (14h:16m:4s)
Wall-clock time used for tree search: 7396.023 sec (2h:3m:16s)
Total CPU time used: 56004.244 sec (15h:33m:24s)
Total wall-clock time used: 8195.333 sec (2h:16m:35s)

Computing bootstrap consensus tree...
Reading input file /home/erenada/BirdTree/Alignments/AllSites/Gap/m4/Jarvis_pi_m4_intron.phylip-relaxed.splits.nex...
48 taxa and 136 splits.
Consensus tree written to /home/erenada/BirdTree/Alignments/AllSites/Gap/m4/Jarvis_pi_m4_intron.phylip-relaxed.contree
Reading input trees file /home/erenada/BirdTree/Alignments/AllSites/Gap/m4/Jarvis_pi_m4_intron.phylip-relaxed.contree
Log-likelihood of consensus tree: -12157776.393

Analysis results written to: 
  IQ-TREE report:                /home/erenada/BirdTree/Alignments/AllSites/Gap/m4/Jarvis_pi_m4_intron.phylip-relaxed.iqtree
  Maximum-likelihood tree:       /home/erenada/BirdTree/Alignments/AllSites/Gap/m4/Jarvis_pi_m4_intron.phylip-relaxed.treefile
  Likelihood distances:          /home/erenada/BirdTree/Alignments/AllSites/Gap/m4/Jarvis_pi_m4_intron.phylip-relaxed.mldist

Ultrafast bootstrap approximation results written to:
  Split support values:          /home/erenada/BirdTree/Alignments/AllSites/Gap/m4/Jarvis_pi_m4_intron.phylip-relaxed.splits.nex
  Consensus tree:                /home/erenada/BirdTree/Alignments/AllSites/Gap/m4/Jarvis_pi_m4_intron.phylip-relaxed.contree
  Screen log file:               /home/erenada/BirdTree/Alignments/AllSites/Gap/m4/Jarvis_pi_m4_intron.phylip-relaxed.log

Date and Time: Wed Jun  3 05:23:00 2020
