IQ-TREE multicore version 1.7-beta16 for Linux 64-bit built Sep 24 2019
Developed by Bui Quang Minh, Nguyen Lam Tung, Olga Chernomor,
Heiko Schmidt, Dominik Schrempf, Michael Woodhams.

Host:    n041.cluster.com (AVX, 125 GB RAM)
Command: iqtree -s /home/erenada/BirdTree/Alignments/AllSites/NoGap/m3/Jarvis_pi_m3_smRNA_nogap.phylip-relaxed -m GTR+I+R -B 1000 -nt AUTO
Seed:    274208 (Using SPRNG - Scalable Parallel Random Number Generator)
Time:    Wed Jun  3 21:57:31 2020
Kernel:  AVX - auto-detect threads (20 CPU cores detected)

Reading alignment file /home/erenada/BirdTree/Alignments/AllSites/NoGap/m3/Jarvis_pi_m3_smRNA_nogap.phylip-relaxed ... Phylip format detected
Alignment most likely contains DNA/RNA sequences
Alignment has 48 sequences with 566 columns, 559 distinct patterns
566 parsimony-informative, 0 singleton sites, 0 constant sites
        Gap/Ambiguity  Composition  p-value
   1  AcaChl    1.59%    passed     43.11%
   2  AnaPla    4.06%    passed     89.39%
   3  AntCar    2.83%    passed     88.10%
   4  ApaVit    1.24%    passed     78.10%
   5  AptFor    3.36%    passed     91.18%
   6  BalReg    1.06%    passed     98.17%
   7  BucRhi    5.48%    passed     89.10%
   8  CalAnn    3.18%    passed     94.07%
   9  CarCri    0.88%    passed     93.20%
  10  CatAur    3.00%    passed     87.88%
  11  ChaPel    1.59%    passed     99.87%
  12  ChaVoc    2.12%    passed     98.17%
  13  ChlMac    0.88%    passed     80.04%
  14  ColLiv    2.30%    passed     94.57%
  15  ColStr    2.12%    passed     57.92%
  16  CorBra    2.30%    passed     27.21%
  17  CucCan    3.00%    passed     89.75%
  18  EgrGar    1.24%    passed     83.59%
  19  EurHel    2.47%    passed     95.14%
  20  FalPer    1.77%    passed     81.55%
  21  FulGla    1.06%    passed     84.12%
  22  GalGal    2.30%    passed     90.60%
  23  GavSte    2.65%    passed     89.73%
  24  GeoFor    3.89%    passed     12.82%
  25  HalAlb    3.89%    passed     91.63%
  26  HalLeu    0.53%    passed     90.79%
  27  LepDis    1.77%    passed     87.64%
  28  ManVit    1.41%    passed     90.15%
  29  MelGal    0.88%    passed     98.36%
  30  MelUnd    4.06%    passed     61.65%
  31  MerNub    1.94%    passed     99.99%
  32  MesUni    0.35%    passed     95.11%
  33  NesNot    1.77%    passed     94.38%
  34  NipNip    1.59%    passed     95.00%
  35  OpiHoa    0.88%    passed     99.05%
  36  PelCri    1.24%    passed     95.83%
  37  PhaCar    2.30%    passed     91.83%
  38  PhaLep    1.24%    passed     81.89%
  39  PhoRub    1.41%    passed     99.88%
  40  PicPub    4.59%    passed     96.96%
  41  PodCri    0.35%    passed     97.84%
  42  PteGut    1.77%    passed     96.17%
  43  PygAde    2.12%    passed     95.53%
  44  StrCam    5.12%    passed     88.24%
  45  TaeGut    5.30%    passed     84.63%
  46  TauEry    1.06%    passed     91.34%
  47  TinGut   15.72%    passed     95.87%
  48  TytAlb    2.12%    passed     90.71%
****  TOTAL     2.50%  0 sequences failed composition chi2 test (p-value<5%; df=3)

Create initial parsimony tree by phylogenetic likelihood library (PLL)... 0.005 seconds
Generating 1000 samples for ultrafast bootstrap (seed: 274208)...

NOTE: 5 MB RAM (0 GB) is required!
Measuring multi-threading efficiency up to 20 CPU cores
Increase to 10 rounds for branch lengths
326 trees examined
Threads: 1 / Time: 20.008 sec / Speedup: 1.000 / Efficiency: 100% / LogL: -11008
Threads: 2 / Time: 17.957 sec / Speedup: 1.114 / Efficiency: 56% / LogL: -11008
Threads: 3 / Time: 12.150 sec / Speedup: 1.647 / Efficiency: 55% / LogL: -11008
Threads: 4 / Time: 12.877 sec / Speedup: 1.554 / Efficiency: 39% / LogL: -11008
BEST NUMBER OF THREADS: 3

Estimate model parameters (epsilon = 0.100)
1. Initial log-likelihood: -9731.425
2. Current log-likelihood: -8905.862
3. Current log-likelihood: -8898.347
4. Current log-likelihood: -8897.860
Optimal log-likelihood: -8897.823
Rate parameters:  A-C: 1.40706  A-G: 6.48706  A-T: 0.49220  C-G: 1.29085  C-T: 5.58147  G-T: 1.00000
Base frequencies:  A: 0.275  C: 0.231  G: 0.205  T: 0.289
Proportion of invariable sites: 0.000
Site proportion and rates:  (0.109,0.779) (0.373,0.780) (0.418,0.782) (0.100,2.965)
Parameters optimization took 4 rounds (0.402 sec)
Computing ML distances based on estimated model parameters... 0.047 sec
Computing BIONJ tree...
0.030 seconds
Log-likelihood of BIONJ tree: -8865.198
--------------------------------------------------------------------
|             INITIALIZING CANDIDATE TREE SET                      |
--------------------------------------------------------------------
Generating 98 parsimony trees... 0.429 second
Computing log-likelihood of 98 initial trees ... 0.611 seconds
Current best score: -8834.669

Do NNI search on 20 best initial trees
Estimate model parameters (epsilon = 0.100)
BETTER TREE FOUND at iteration 1: -8818.748
Iteration 10 / LogL: -8837.945 / Time: 0h:1m:6s
Iteration 20 / LogL: -8848.970 / Time: 0h:1m:7s
Finish initializing candidate tree set (20)
Current best tree score: -8818.748 / CPU time: 3.884
Number of iterations: 20
--------------------------------------------------------------------
|               OPTIMIZING CANDIDATE TREE SET                      |
--------------------------------------------------------------------
Iteration 30 / LogL: -8830.899 / Time: 0h:1m:8s (0h:2m:48s left)
Estimate model parameters (epsilon = 0.100)
BETTER TREE FOUND at iteration 36: -8818.330
Iteration 40 / LogL: -8818.500 / Time: 0h:1m:10s (0h:2m:53s left)
Iteration 50 / LogL: -8820.718 / Time: 0h:1m:11s (0h:2m:5s left)
Log-likelihood cutoff on original alignment: -8864.088
UPDATE BEST LOG-LIKELIHOOD: -8818.330
Iteration 60 / LogL: -8818.499 / Time: 0h:1m:13s (0h:1m:34s left)
Estimate model parameters (epsilon = 0.100)
BETTER TREE FOUND at iteration 66: -8814.416
Iteration 70 / LogL: -8825.388 / Time: 0h:1m:14s (0h:1m:44s left)
Iteration 80 / LogL: -8818.394 / Time: 0h:1m:16s (0h:1m:23s left)
Iteration 90 / LogL: -8816.334 / Time: 0h:1m:17s (0h:1m:6s left)
Iteration 100 / LogL: -8821.670 / Time: 0h:1m:19s (0h:0m:52s left)
Log-likelihood cutoff on original alignment: -8864.088
NOTE: Bootstrap correlation coefficient of split occurrence frequencies: 0.978
NOTE: UFBoot does not converge, continue at least 100 more iterations
Iteration 110 / LogL: -8816.334 / Time: 0h:1m:20s (0h:1m:6s left)
Iteration 120 / LogL: -8816.094 / Time: 0h:1m:22s (0h:0m:55s left)
Iteration 130 / LogL: -8814.624 / Time: 0h:1m:23s (0h:0m:45s left)
Iteration 140 / LogL: -8817.029 / Time: 0h:1m:25s (0h:0m:36s left)
Iteration 150 / LogL: -8816.095 / Time: 0h:1m:26s (0h:0m:29s left)
Log-likelihood cutoff on original alignment: -8864.088
Iteration 160 / LogL: -8816.093 / Time: 0h:1m:28s (0h:0m:22s left)
UPDATE BEST LOG-LIKELIHOOD: -8814.415
Iteration 170 / LogL: -8814.416 / Time: 0h:1m:29s (0h:0m:15s left)
Iteration 180 / LogL: -8814.627 / Time: 0h:1m:31s (0h:0m:10s left)
Iteration 190 / LogL: -8815.110 / Time: 0h:1m:32s (0h:0m:4s left)
Iteration 200 / LogL: -8814.416 / Time: 0h:1m:34s (0h:0m:0s left)
Log-likelihood cutoff on original alignment: -8864.088
NOTE: Bootstrap correlation coefficient of split occurrence frequencies: 0.988
NOTE: UFBoot does not converge, continue at least 100 more iterations
Iteration 210 / LogL: -8814.623 / Time: 0h:1m:35s (0h:0m:41s left)
Iteration 220 / LogL: -8814.417 / Time: 0h:1m:37s (0h:0m:35s left)
Iteration 230 / LogL: -8816.474 / Time: 0h:1m:38s (0h:0m:30s left)
Iteration 240 / LogL: -8818.877 / Time: 0h:1m:40s (0h:0m:25s left)
Iteration 250 / LogL: -8816.110 / Time: 0h:1m:41s (0h:0m:20s left)
Log-likelihood cutoff on original alignment: -8864.088
Iteration 260 / LogL: -8824.674 / Time: 0h:1m:43s (0h:0m:15s left)
Iteration 270 / LogL: -9053.172 / Time: 0h:1m:44s (0h:0m:11s left)
Iteration 280 / LogL: -8815.774 / Time: 0h:1m:46s (0h:0m:7s left)
Iteration 290 / LogL: -8815.795 / Time: 0h:1m:48s (0h:0m:3s left)
UPDATE BEST LOG-LIKELIHOOD: -8814.415
Iteration 300 / LogL: -8867.518 / Time: 0h:1m:49s (0h:0m:0s left)
Log-likelihood cutoff on original alignment: -8864.088
NOTE: Bootstrap correlation coefficient of split occurrence frequencies: 0.997
TREE SEARCH COMPLETED AFTER 300 ITERATIONS / Time: 0h:1m:49s

--------------------------------------------------------------------
|                    FINALIZING TREE SEARCH                        |
--------------------------------------------------------------------
Performs final model parameters optimization
Estimate model parameters (epsilon = 0.010)
1. Initial log-likelihood: -8814.415
2. Current log-likelihood: -8814.402
Optimal log-likelihood: -8814.401
Rate parameters:  A-C: 1.41120  A-G: 6.86789  A-T: 0.52068  C-G: 1.27769  C-T: 5.71637  G-T: 1.00000
Base frequencies:  A: 0.275  C: 0.231  G: 0.205  T: 0.289
Proportion of invariable sites: 0.000
Site proportion and rates:  (0.375,0.776) (0.109,0.777) (0.420,0.777) (0.095,3.120)
Parameters optimization took 2 rounds (0.068 sec)
BEST SCORE FOUND : -8814.401
Creating bootstrap support values...
Split supports printed to NEXUS file /home/erenada/BirdTree/Alignments/AllSites/NoGap/m3/Jarvis_pi_m3_smRNA_nogap.phylip-relaxed.splits.nex
Total tree length: 3.636

Total number of iterations: 300
CPU time used for tree search: 127.977 sec (0h:2m:7s)
Wall-clock time used for tree search: 46.093 sec (0h:0m:46s)
Total CPU time used: 271.950 sec (0h:4m:31s)
Total wall-clock time used: 109.916 sec (0h:1m:49s)

Computing bootstrap consensus tree...
Reading input file /home/erenada/BirdTree/Alignments/AllSites/NoGap/m3/Jarvis_pi_m3_smRNA_nogap.phylip-relaxed.splits.nex...
48 taxa and 931 splits.
Consensus tree written to /home/erenada/BirdTree/Alignments/AllSites/NoGap/m3/Jarvis_pi_m3_smRNA_nogap.phylip-relaxed.contree
Reading input trees file /home/erenada/BirdTree/Alignments/AllSites/NoGap/m3/Jarvis_pi_m3_smRNA_nogap.phylip-relaxed.contree
Log-likelihood of consensus tree: -8814.402

Analysis results written to: 
  IQ-TREE report:                /home/erenada/BirdTree/Alignments/AllSites/NoGap/m3/Jarvis_pi_m3_smRNA_nogap.phylip-relaxed.iqtree
  Maximum-likelihood tree:       /home/erenada/BirdTree/Alignments/AllSites/NoGap/m3/Jarvis_pi_m3_smRNA_nogap.phylip-relaxed.treefile
  Likelihood distances:          /home/erenada/BirdTree/Alignments/AllSites/NoGap/m3/Jarvis_pi_m3_smRNA_nogap.phylip-relaxed.mldist

Ultrafast bootstrap approximation results written to:
  Split support values:          /home/erenada/BirdTree/Alignments/AllSites/NoGap/m3/Jarvis_pi_m3_smRNA_nogap.phylip-relaxed.splits.nex
  Consensus tree:                /home/erenada/BirdTree/Alignments/AllSites/NoGap/m3/Jarvis_pi_m3_smRNA_nogap.phylip-relaxed.contree
  Screen log file:               /home/erenada/BirdTree/Alignments/AllSites/NoGap/m3/Jarvis_pi_m3_smRNA_nogap.phylip-relaxed.log

Date and Time: Wed Jun  3 21:59:21 2020
