IQ-TREE multicore version 1.7-beta16 for Linux 64-bit built Sep 24 2019
Developed by Bui Quang Minh, Nguyen Lam Tung, Olga Chernomor,
Heiko Schmidt, Dominik Schrempf, Michael Woodhams.

Host:    n029.cluster.com (AVX, 125 GB RAM)
Command: iqtree -s /home/erenada/BirdTree/Alignments/AllSites/Gap/m5/Jarvis_pi_m5_smRNA.phylip-relaxed -m GTR+I+R -B 1000 -nt AUTO
Seed:    887939 (Using SPRNG - Scalable Parallel Random Number Generator)
Time:    Tue Jun  2 21:33:47 2020
Kernel:  AVX - auto-detect threads (20 CPU cores detected)

Reading alignment file /home/erenada/BirdTree/Alignments/AllSites/Gap/m5/Jarvis_pi_m5_smRNA.phylip-relaxed ... Phylip format detected
Alignment most likely contains DNA/RNA sequences
Alignment has 48 sequences with 668 columns, 661 distinct patterns
661 parsimony-informative, 1 singleton sites, 6 constant sites
        Gap/Ambiguity  Composition  p-value
   1  AcaChl    3.14%    passed     27.88%
   2  AnaPla    5.84%    passed     88.65%
   3  AntCar    4.34%    passed     93.88%
   4  ApaVit    1.80%    passed     74.29%
   5  AptFor    4.34%    passed     86.33%
   6  BalReg    1.65%    passed     97.03%
   7  BucRhi    5.69%    passed     92.99%
   8  CalAnn    4.49%    passed     94.17%
   9  CarCri    2.54%    passed     95.22%
  10  CatAur    4.04%    passed     91.11%
  11  ChaPel    2.10%    passed     96.75%
  12  ChaVoc    2.69%    passed     98.84%
  13  ChlMac    1.50%    passed     61.74%
  14  ColLiv    4.04%    passed     93.06%
  15  ColStr    2.40%    passed     45.37%
  16  CorBra    5.99%    passed     21.58%
  17  CucCan    4.49%    passed     88.00%
  18  EgrGar    1.95%    passed     76.80%
  19  EurHel    3.89%    passed     93.99%
  20  FalPer    2.69%    passed     86.74%
  21  FulGla    1.50%    passed     89.07%
  22  GalGal    3.29%    passed     91.00%
  23  GavSte    2.69%    passed     92.69%
  24  GeoFor    6.59%    passed      9.44%
  25  HalAlb    4.64%    passed     98.58%
  26  HalLeu    1.20%    passed     97.24%
  27  LepDis    3.14%    passed     65.50%
  28  ManVit    3.29%    passed     83.24%
  29  MelGal    1.65%    passed     96.63%
  30  MelUnd    4.94%    passed     58.57%
  31  MerNub    3.59%    passed     98.34%
  32  MesUni    1.65%    passed     94.36%
  33  NesNot    2.40%    passed     92.23%
  34  NipNip    2.25%    passed     93.39%
  35  OpiHoa    1.65%    passed     99.72%
  36  PelCri    1.95%    passed     94.92%
  37  PhaCar    4.04%    passed     78.62%
  38  PhaLep    1.80%    passed     77.49%
  39  PhoRub    1.95%    passed     99.87%
  40  PicPub    7.34%    passed     89.87%
  41  PodCri    1.05%    passed     87.00%
  42  PteGut    3.14%    passed     87.37%
  43  PygAde    3.29%    passed     85.59%
  44  StrCam    5.99%    passed     86.52%
  45  TaeGut    7.78%    passed     63.94%
  46  TauEry    1.95%    passed     92.29%
  47  TinGut   18.41%    passed     87.75%
  48  TytAlb    5.54%    passed     82.54%
****  TOTAL     3.71%  0 sequences failed composition chi2 test (p-value<5%; df=3)

Create initial parsimony tree by phylogenetic likelihood library (PLL)... 0.005 seconds
Generating 1000 samples for ultrafast bootstrap (seed: 887939)...

NOTE: 6 MB RAM (0 GB) is required!
Measuring multi-threading efficiency up to 20 CPU cores
Increase to 10 rounds for branch lengths
276 trees examined
Threads: 1 / Time: 20.037 sec / Speedup: 1.000 / Efficiency: 100% / LogL: -12868
Threads: 2 / Time: 16.792 sec / Speedup: 1.193 / Efficiency: 60% / LogL: -12868
Threads: 3 / Time: 12.916 sec / Speedup: 1.551 / Efficiency: 52% / LogL: -12868
Threads: 4 / Time: 10.175 sec / Speedup: 1.969 / Efficiency: 49% / LogL: -12868
BEST NUMBER OF THREADS: 3

Estimate model parameters (epsilon = 0.100)
1. Initial log-likelihood: -11445.817
2. Current log-likelihood: -10498.514
3. Current log-likelihood: -10491.344
4. Current log-likelihood: -10490.556
5. Current log-likelihood: -10490.451
Optimal log-likelihood: -10490.437
Rate parameters:  A-C: 1.19306  A-G: 5.73368  A-T: 0.46007  C-G: 1.29778  C-T: 5.02209  G-T: 1.00000
Base frequencies:  A: 0.280  C: 0.234  G: 0.202  T: 0.284
Proportion of invariable sites: 0.000
Site proportion and rates:  (0.109,0.800) (0.371,0.801) (0.425,0.804) (0.095,2.881)
Parameters optimization took 5 rounds (0.493 sec)
Computing ML distances based on estimated model parameters... 0.044 sec
Computing BIONJ tree...
0.032 seconds
Log-likelihood of BIONJ tree: -10529.766
--------------------------------------------------------------------
|             INITIALIZING CANDIDATE TREE SET                      |
--------------------------------------------------------------------
Generating 98 parsimony trees... 0.468 second
Computing log-likelihood of 98 initial trees ... 0.596 seconds
Current best score: -10477.173

Do NNI search on 20 best initial trees
Estimate model parameters (epsilon = 0.100)
BETTER TREE FOUND at iteration 1: -10465.607
Estimate model parameters (epsilon = 0.100)
BETTER TREE FOUND at iteration 6: -10464.673
Estimate model parameters (epsilon = 0.100)
BETTER TREE FOUND at iteration 8: -10460.764
Iteration 10 / LogL: -10466.973 / Time: 0h:1m:3s
Iteration 20 / LogL: -10481.260 / Time: 0h:1m:5s
Finish initializing candidate tree set (20)
Current best tree score: -10460.764 / CPU time: 4.508
Number of iterations: 20
--------------------------------------------------------------------
|               OPTIMIZING CANDIDATE TREE SET                      |
--------------------------------------------------------------------
Iteration 30 / LogL: -10485.712 / Time: 0h:1m:6s (0h:2m:58s left)
Iteration 40 / LogL: -10460.765 / Time: 0h:1m:8s (0h:1m:58s left)
BETTER TREE FOUND at iteration 44: -10460.762
Iteration 50 / LogL: -10461.494 / Time: 0h:1m:9s (0h:2m:13s left)
Log-likelihood cutoff on original alignment: -10500.430
Estimate model parameters (epsilon = 0.100)
BETTER TREE FOUND at iteration 51: -10460.671
Estimate model parameters (epsilon = 0.100)
BETTER TREE FOUND at iteration 60: -10460.033
Iteration 60 / LogL: -10460.033 / Time: 0h:1m:11s (0h:2m:0s left)
Iteration 70 / LogL: -10460.762 / Time: 0h:1m:12s (0h:1m:35s left)
BETTER TREE FOUND at iteration 72: -10460.024
Estimate model parameters (epsilon = 0.100)
BETTER TREE FOUND at iteration 73: -10459.999
Iteration 80 / LogL: -10461.731 / Time: 0h:1m:14s (0h:1m:27s left)
Estimate model parameters (epsilon = 0.100)
BETTER TREE FOUND at iteration 83: -10459.474
Iteration 90 / LogL: -10460.008 / Time: 0h:1m:16s (0h:1m:19s left)
Iteration 100 / LogL: -10460.030 / Time: 0h:1m:17s (0h:1m:5s left)
Log-likelihood cutoff on original alignment: -10500.430
NOTE: Bootstrap correlation coefficient of split occurrence frequencies: 0.989
NOTE: UFBoot does not converge, continue at least 100 more iterations
Iteration 110 / LogL: -10473.820 / Time: 0h:1m:19s (0h:1m:5s left)
Iteration 120 / LogL: -10460.008 / Time: 0h:1m:20s (0h:0m:54s left)
Iteration 130 / LogL: -10460.216 / Time: 0h:1m:22s (0h:0m:44s left)
Estimate model parameters (epsilon = 0.100)
BETTER TREE FOUND at iteration 137: -10459.459
Iteration 140 / LogL: -10459.507 / Time: 0h:1m:24s (0h:0m:58s left)
Iteration 150 / LogL: -10459.547 / Time: 0h:1m:26s (0h:0m:50s left)
Log-likelihood cutoff on original alignment: -10500.430
UPDATE BEST LOG-LIKELIHOOD: -10459.459
Iteration 160 / LogL: -10467.156 / Time: 0h:1m:27s (0h:0m:42s left)
Estimate model parameters (epsilon = 0.100)
BETTER TREE FOUND at iteration 163: -10459.257
Iteration 170 / LogL: -10460.035 / Time: 0h:1m:29s (0h:0m:49s left)
UPDATE BEST LOG-LIKELIHOOD: -10459.257
Estimate model parameters (epsilon = 0.100)
BETTER TREE FOUND at iteration 179: -10458.396
Iteration 180 / LogL: -10460.904 / Time: 0h:1m:31s (0h:0m:50s left)
Estimate model parameters (epsilon = 0.100)
BETTER TREE FOUND at iteration 185: -10458.385
Iteration 190 / LogL: -10462.303 / Time: 0h:1m:33s (0h:0m:46s left)
Iteration 200 / LogL: -10468.506 / Time: 0h:1m:34s (0h:0m:40s left)
Log-likelihood cutoff on original alignment: -10500.430
NOTE: Bootstrap correlation coefficient of split occurrence frequencies: 0.990
NOTE: UFBoot does not converge, continue at least 100 more iterations
UPDATE BEST LOG-LIKELIHOOD: -10458.385
Iteration 210 / LogL: -10459.689 / Time: 0h:1m:36s (0h:0m:41s left)
Iteration 220 / LogL: -10462.008 / Time: 0h:1m:37s (0h:0m:35s left)
Iteration 230 / LogL: -10459.137 / Time: 0h:1m:39s (0h:0m:30s left)
Iteration 240 / LogL: -10461.034 / Time: 0h:1m:41s (0h:0m:25s left)
Iteration 250 / LogL: -10459.149 / Time: 0h:1m:42s (0h:0m:20s left)
Log-likelihood cutoff on original alignment: -10500.430
Iteration 260 / LogL: -10460.082 / Time: 0h:1m:44s (0h:0m:16s left)
Estimate model parameters (epsilon = 0.100)
BETTER TREE FOUND at iteration 269: -10458.307
Iteration 270 / LogL: -10460.091 / Time: 0h:1m:46s (0h:0m:39s left)
Iteration 280 / LogL: -10459.775 / Time: 0h:1m:47s (0h:0m:34s left)
Iteration 290 / LogL: -10458.455 / Time: 0h:1m:49s (0h:0m:29s left)
Iteration 300 / LogL: -10540.630 / Time: 0h:1m:51s (0h:0m:25s left)
Log-likelihood cutoff on original alignment: -10500.430
NOTE: Bootstrap correlation coefficient of split occurrence frequencies: 0.988
NOTE: UFBoot does not converge, continue at least 100 more iterations
Iteration 310 / LogL: -10458.436 / Time: 0h:1m:52s (0h:0m:32s left)
Iteration 320 / LogL: -10458.436 / Time: 0h:1m:54s (0h:0m:28s left)
Estimate model parameters (epsilon = 0.100)
BETTER TREE FOUND at iteration 322: -10455.281
Iteration 330 / LogL: -10459.298 / Time: 0h:1m:56s (0h:0m:32s left)
UPDATE BEST LOG-LIKELIHOOD: -10455.281
Iteration 340 / LogL: -10461.686 / Time: 0h:1m:58s (0h:0m:28s left)
Iteration 350 / LogL: -10456.219 / Time: 0h:1m:59s (0h:0m:24s left)
Log-likelihood cutoff on original alignment: -10500.430
Estimate model parameters (epsilon = 0.100)
BETTER TREE FOUND at iteration 352: -10455.074
BETTER TREE FOUND at iteration 358: -10455.073
Iteration 360 / LogL: -10459.749 / Time: 0h:2m:1s (0h:0m:33s left)
UPDATE BEST LOG-LIKELIHOOD: -10455.073
Iteration 370 / LogL: -10455.073 / Time: 0h:2m:3s (0h:0m:29s left)
Iteration 380 / LogL: -10455.074 / Time: 0h:2m:5s (0h:0m:25s left)
Iteration 390 / LogL: -10455.431 / Time: 0h:2m:6s (0h:0m:22s left)
Iteration 400 / LogL: -10456.465 / Time: 0h:2m:8s (0h:0m:18s left)
Log-likelihood cutoff on original alignment: -10500.430
NOTE: Bootstrap correlation coefficient of split occurrence frequencies: 0.968
NOTE: UFBoot does not converge, continue at least 100 more iterations
Iteration 410 / LogL: -10462.230 / Time: 0h:2m:10s (0h:0m:28s left)
UPDATE BEST LOG-LIKELIHOOD: -10455.073
Iteration 420 / LogL: -10455.300 / Time: 0h:2m:12s (0h:0m:25s left)
Iteration 430 / LogL: -10455.089 / Time: 0h:2m:13s (0h:0m:21s left)
UPDATE BEST LOG-LIKELIHOOD: -10455.073
Iteration 440 / LogL: -10455.088 / Time: 0h:2m:15s (0h:0m:18s left)
Iteration 450 / LogL: -10455.088 / Time: 0h:2m:17s (0h:0m:15s left)
Log-likelihood cutoff on original alignment: -10500.430
Iteration 460 / LogL: -10456.746 / Time: 0h:2m:19s (0h:0m:12s left)
Iteration 470 / LogL: -10455.089 / Time: 0h:2m:21s (0h:0m:9s left)
Iteration 480 / LogL: -10456.017 / Time: 0h:2m:22s (0h:0m:5s left)
Iteration 490 / LogL: -10455.089 / Time: 0h:2m:24s (0h:0m:2s left)
UPDATE BEST LOG-LIKELIHOOD: -10455.073
Iteration 500 / LogL: -10456.807 / Time: 0h:2m:26s (0h:0m:0s left)
Log-likelihood cutoff on original alignment: -10500.430
NOTE: Bootstrap correlation coefficient of split occurrence frequencies: 0.960
NOTE: UFBoot does not converge, continue at least 100 more iterations
Iteration 510 / LogL: -10478.941 / Time: 0h:2m:28s (0h:0m:26s left)
Iteration 520 / LogL: -10455.088 / Time: 0h:2m:30s (0h:0m:23s left)
Iteration 530 / LogL: -10455.073 / Time: 0h:2m:31s (0h:0m:20s left)
Iteration 540 / LogL: -10455.667 / Time: 0h:2m:33s (0h:0m:17s left)
Iteration 550 / LogL: -10455.088 / Time: 0h:2m:35s (0h:0m:14s left)
Log-likelihood cutoff on original alignment: -10500.430
Iteration 560 / LogL: -10455.074 / Time: 0h:2m:37s (0h:0m:11s left)
Iteration 570 / LogL: -10455.073 / Time: 0h:2m:39s (0h:0m:8s left)
Iteration 580 / LogL: -10455.088 / Time: 0h:2m:41s (0h:0m:5s left)
Iteration 590 / LogL: -10455.334 / Time: 0h:2m:42s (0h:0m:2s left)
Iteration 600 / LogL: -10455.667 / Time: 0h:2m:44s (0h:0m:0s left)
Log-likelihood cutoff on original alignment: -10500.430
NOTE: Bootstrap correlation coefficient of split occurrence frequencies: 0.965
NOTE: UFBoot does not converge, continue at least 100 more iterations
Iteration 610 / LogL: -10461.852 / Time: 0h:2m:46s (0h:0m:24s left)
Iteration 620 / LogL: -10457.615 / Time: 0h:2m:48s (0h:0m:21s left)
Iteration 630 / LogL: -10462.828 / Time: 0h:2m:50s (0h:0m:18s left)
Iteration 640 / LogL: -10455.146 / Time: 0h:2m:51s (0h:0m:16s left)
Iteration 650 / LogL: -10455.075 / Time: 0h:2m:53s (0h:0m:13s left)
Log-likelihood cutoff on original alignment: -10500.430
Iteration 660 / LogL: -10457.497 / Time: 0h:2m:55s (0h:0m:10s left)
Iteration 670 / LogL: -10455.431 / Time: 0h:2m:57s (0h:0m:7s left)
Iteration 680 / LogL: -10457.215 / Time: 0h:2m:59s (0h:0m:5s left)
Iteration 690 / LogL: -10460.699 / Time: 0h:3m:1s (0h:0m:2s left)
Iteration 700 / LogL: -10455.491 / Time: 0h:3m:3s (0h:0m:0s left)
Log-likelihood cutoff on original alignment: -10500.430
NOTE: Bootstrap correlation coefficient of split occurrence frequencies: 0.989
NOTE: UFBoot does not converge, continue at least 100 more iterations
Iteration 710 / LogL: -10464.759 / Time: 0h:3m:5s (0h:0m:23s left)
Iteration 720 / LogL: -10455.870 / Time: 0h:3m:7s (0h:0m:20s left)
Iteration 730 / LogL: -10455.074 / Time: 0h:3m:8s (0h:0m:18s left)
Iteration 740 / LogL: -10455.091 / Time: 0h:3m:10s (0h:0m:15s left)
Iteration 750 / LogL: -10455.088 / Time: 0h:3m:12s (0h:0m:12s left)
Log-likelihood cutoff on original alignment: -10500.430
Iteration 760 / LogL: -10455.074 / Time: 0h:3m:14s (0h:0m:10s left)
Iteration 770 / LogL: -10455.088 / Time: 0h:3m:16s (0h:0m:7s left)
Iteration 780 / LogL: -10455.590 / Time: 0h:3m:18s (0h:0m:5s left)
Iteration 790 / LogL: -10455.073 / Time: 0h:3m:20s (0h:0m:2s left)
Iteration 800 / LogL: -10455.078 / Time: 0h:3m:22s (0h:0m:0s left)
Log-likelihood cutoff on original alignment: -10500.430
NOTE: Bootstrap correlation coefficient of split occurrence frequencies: 0.996
TREE SEARCH COMPLETED AFTER 800 ITERATIONS / Time: 0h:3m:22s

--------------------------------------------------------------------
|                    FINALIZING TREE SEARCH                        |
--------------------------------------------------------------------
Performs final model parameters optimization
Estimate model parameters (epsilon = 0.010)
1. Initial log-likelihood: -10455.073
Optimal log-likelihood: -10455.072
Rate parameters:  A-C: 1.22408  A-G: 6.01801  A-T: 0.47136  C-G: 1.29414  C-T: 5.21958  G-T: 1.00000
Base frequencies:  A: 0.280  C: 0.234  G: 0.202  T: 0.284
Proportion of invariable sites: 0.000
Site proportion and rates:  (0.426,0.794) (0.373,0.794) (0.109,0.795) (0.092,3.033)
Parameters optimization took 1 rounds (0.037 sec)
BEST SCORE FOUND : -10455.072
Creating bootstrap support values...
Split supports printed to NEXUS file /home/erenada/BirdTree/Alignments/AllSites/Gap/m5/Jarvis_pi_m5_smRNA.phylip-relaxed.splits.nex
Total tree length: 3.694

Total number of iterations: 800
CPU time used for tree search: 372.677 sec (0h:6m:12s)
Wall-clock time used for tree search: 142.230 sec (0h:2m:22s)
Total CPU time used: 506.404 sec (0h:8m:26s)
Total wall-clock time used: 203.121 sec (0h:3m:23s)

Computing bootstrap consensus tree...
Reading input file /home/erenada/BirdTree/Alignments/AllSites/Gap/m5/Jarvis_pi_m5_smRNA.phylip-relaxed.splits.nex...
48 taxa and 1015 splits.
Consensus tree written to /home/erenada/BirdTree/Alignments/AllSites/Gap/m5/Jarvis_pi_m5_smRNA.phylip-relaxed.contree
Reading input trees file /home/erenada/BirdTree/Alignments/AllSites/Gap/m5/Jarvis_pi_m5_smRNA.phylip-relaxed.contree
Log-likelihood of consensus tree: -10455.315

Analysis results written to: 
  IQ-TREE report:                /home/erenada/BirdTree/Alignments/AllSites/Gap/m5/Jarvis_pi_m5_smRNA.phylip-relaxed.iqtree
  Maximum-likelihood tree:       /home/erenada/BirdTree/Alignments/AllSites/Gap/m5/Jarvis_pi_m5_smRNA.phylip-relaxed.treefile
  Likelihood distances:          /home/erenada/BirdTree/Alignments/AllSites/Gap/m5/Jarvis_pi_m5_smRNA.phylip-relaxed.mldist

Ultrafast bootstrap approximation results written to:
  Split support values:          /home/erenada/BirdTree/Alignments/AllSites/Gap/m5/Jarvis_pi_m5_smRNA.phylip-relaxed.splits.nex
  Consensus tree:                /home/erenada/BirdTree/Alignments/AllSites/Gap/m5/Jarvis_pi_m5_smRNA.phylip-relaxed.contree
  Screen log file:               /home/erenada/BirdTree/Alignments/AllSites/Gap/m5/Jarvis_pi_m5_smRNA.phylip-relaxed.log

Date and Time: Tue Jun  2 21:37:11 2020
