IQ-TREE multicore version 1.7-beta16 for Linux 64-bit built Sep 24 2019
Developed by Bui Quang Minh, Nguyen Lam Tung, Olga Chernomor,
Heiko Schmidt, Dominik Schrempf, Michael Woodhams.

Host:    n020.cluster.com (AVX, 125 GB RAM)
Command: iqtree -s /home/erenada/BirdTree/Alignments/AllSites/NoGap/m4/Jarvis_pi_m4_pseudogene_nogap.phylip-relaxed -m GTR+I+R -B 1000 -nt AUTO
Seed:    476122 (Using SPRNG - Scalable Parallel Random Number Generator)
Time:    Thu Jun  4 17:42:22 2020
Kernel:  AVX - auto-detect threads (20 CPU cores detected)

Reading alignment file /home/erenada/BirdTree/Alignments/AllSites/NoGap/m4/Jarvis_pi_m4_pseudogene_nogap.phylip-relaxed ... Phylip format detected
Alignment most likely contains DNA/RNA sequences
Alignment has 48 sequences with 6353 columns, 6255 distinct patterns
6353 parsimony-informative, 0 singleton sites, 0 constant sites
        Gap/Ambiguity  Composition  p-value
   1  AcaChl    6.67%    failed      1.80%
   2  AnaPla    5.23%    passed     96.43%
   3  AntCar    4.77%    passed     38.09%
   4  ApaVit    3.76%    passed     59.94%
   5  AptFor    2.60%    passed     55.45%
   6  BalReg    1.53%    passed     47.89%
   7  BucRhi    3.38%    failed      3.85%
   8  CalAnn    2.66%    passed     21.86%
   9  CarCri    1.75%    passed     86.98%
  10  CatAur    5.68%    passed     40.30%
  11  ChaPel    4.27%    passed     87.78%
  12  ChaVoc    2.00%    passed     78.11%
  13  ChlMac    1.84%    passed     83.53%
  14  ColLiv    3.15%    passed     54.25%
  15  ColStr    4.52%    passed     70.55%
  16  CorBra    2.82%    failed      0.06%
  17  CucCan    4.00%    passed     44.56%
  18  EgrGar    1.51%    passed     94.99%
  19  EurHel    3.57%    failed      3.13%
  20  FalPer    1.70%    passed     73.22%
  21  FulGla    1.15%    passed     34.07%
  22  GalGal    3.89%    passed     74.61%
  23  GavSte    1.32%    passed     20.33%
  24  GeoFor    4.80%    failed      0.00%
  25  HalAlb    4.19%    passed     33.41%
  26  HalLeu    0.90%    passed     42.26%
  27  LepDis    1.78%    passed     85.80%
  28  ManVit    3.54%    passed     20.42%
  29  MelGal    6.12%    passed     68.65%
  30  MelUnd    4.47%    passed     26.25%
  31  MerNub    3.98%    failed      0.03%
  32  MesUni    2.28%    passed     88.67%
  33  NesNot    2.25%    passed     75.03%
  34  NipNip    2.08%    passed     12.15%
  35  OpiHoa    4.86%    passed     16.37%
  36  PelCri    1.29%    passed     24.39%
  37  PhaCar    2.05%    passed     92.16%
  38  PhaLep    1.21%    passed     81.74%
  39  PhoRub    1.67%    passed     88.70%
  40  PicPub    6.22%    failed      1.05%
  41  PodCri    1.73%    passed     89.32%
  42  PteGut    3.32%    passed     96.90%
  43  PygAde    2.63%    passed     30.40%
  44  StrCam    6.11%    passed     21.14%
  45  TaeGut    4.28%    failed      1.33%
  46  TauEry    1.84%    passed     89.47%
  47  TinGut   21.47%    passed      7.12%
  48  TytAlb    1.95%    passed     11.75%
****  TOTAL     3.56%  8 sequences failed composition chi2 test (p-value<5%; df=3)

Create initial parsimony tree by phylogenetic likelihood library (PLL)... 0.027 seconds
Generating 1000 samples for ultrafast bootstrap (seed: 476122)...

NOTE: 62 MB RAM (0 GB) is required!
Measuring multi-threading efficiency up to 20 CPU cores
Increase to 10 rounds for branch lengths
30 trees examined
Threads: 1 / Time: 20.098 sec / Speedup: 1.000 / Efficiency: 100% / LogL: -129520
Threads: 2 / Time: 16.003 sec / Speedup: 1.256 / Efficiency: 63% / LogL: -129520
Threads: 3 / Time: 10.316 sec / Speedup: 1.948 / Efficiency: 65% / LogL: -129520
Threads: 4 / Time: 7.959 sec / Speedup: 2.525 / Efficiency: 63% / LogL: -129520
Threads: 5 / Time: 5.531 sec / Speedup: 3.634 / Efficiency: 73% / LogL: -129520
Threads: 6 / Time: 4.828 sec / Speedup: 4.162 / Efficiency: 69% / LogL: -129520
Threads: 7 / Time: 4.045 sec / Speedup: 4.968 / Efficiency: 71% / LogL: -129520
Threads: 8 / Time: 3.731 sec / Speedup: 5.386 / Efficiency: 67% / LogL: -129520
Threads: 9 / Time: 3.610 sec / Speedup: 5.567 / Efficiency: 62% / LogL: -129520
Threads: 10 / Time: 3.369 sec / Speedup: 5.965 / Efficiency: 60% / LogL: -129520
Threads: 11 / Time: 3.218 sec / Speedup: 6.246 / Efficiency: 57% / LogL: -129520
Threads: 12 / Time: 3.340 sec / Speedup: 6.017 / Efficiency: 50% / LogL: -129520
Threads: 13 / Time: 3.212 sec / Speedup: 6.257 / Efficiency: 48% / LogL: -129520
BEST NUMBER OF THREADS: 10

Estimate model parameters (epsilon = 0.100)
1. Initial log-likelihood: -116864.600
2. Current log-likelihood: -106265.697
3. Current log-likelihood: -106136.041
4. Current log-likelihood: -106122.734
5. Current log-likelihood: -106121.596
6. Current log-likelihood: -106121.491
Optimal log-likelihood: -106121.471
Rate parameters:  A-C: 1.05680  A-G: 6.16327  A-T: 0.66360  C-G: 1.37406  C-T: 6.29537  G-T: 1.00000
Base frequencies:  A: 0.278  C: 0.216  G: 0.228  T: 0.278
Proportion of invariable sites: 0.000
Site proportion and rates:  (0.094,0.839) (0.386,0.840) (0.463,0.844) (0.057,3.616)
Parameters optimization took 6 rounds (1.882 sec)
Computing ML distances based on estimated model parameters... 0.189 sec
Computing BIONJ tree...
0.030 seconds
Log-likelihood of BIONJ tree: -106122.330
--------------------------------------------------------------------
|             INITIALIZING CANDIDATE TREE SET                      |
--------------------------------------------------------------------
Generating 98 parsimony trees... 2.484 second
Computing log-likelihood of 98 initial trees ... 1.644 seconds
Current best score: -106039.779

Do NNI search on 20 best initial trees
Estimate model parameters (epsilon = 0.100)
BETTER TREE FOUND at iteration 1: -105982.161
Iteration 10 / LogL: -105992.054 / Time: 0h:1m:38s
Iteration 20 / LogL: -106003.064 / Time: 0h:1m:41s
Finish initializing candidate tree set (14)
Current best tree score: -105982.161 / CPU time: 9.968
Number of iterations: 20
--------------------------------------------------------------------
|               OPTIMIZING CANDIDATE TREE SET                      |
--------------------------------------------------------------------
Iteration 30 / LogL: -105985.983 / Time: 0h:1m:44s (0h:4m:16s left)
Estimate model parameters (epsilon = 0.100)
BETTER TREE FOUND at iteration 32: -105979.268
Estimate model parameters (epsilon = 0.100)
BETTER TREE FOUND at iteration 34: -105977.187
Estimate model parameters (epsilon = 0.100)
BETTER TREE FOUND at iteration 40: -105977.026
Iteration 40 / LogL: -105977.026 / Time: 0h:1m:48s (0h:4m:38s left)
UPDATE BEST LOG-LIKELIHOOD: -105977.026
Iteration 50 / LogL: -106006.540 / Time: 0h:1m:51s (0h:3m:25s left)
Log-likelihood cutoff on original alignment: -106025.648
UPDATE BEST LOG-LIKELIHOOD: -105977.025
Iteration 60 / LogL: -105979.111 / Time: 0h:1m:55s (0h:2m:36s left)
Estimate model parameters (epsilon = 0.100)
BETTER TREE FOUND at iteration 67: -105975.874
Estimate model parameters (epsilon = 0.100)
BETTER TREE FOUND at iteration 68: -105975.009
Iteration 70 / LogL: -106001.326 / Time: 0h:1m:59s (0h:2m:50s left)
Iteration 80 / LogL: -105975.891 / Time: 0h:2m:2s (0h:2m:16s left)
UPDATE BEST LOG-LIKELIHOOD: -105975.009
Iteration 90 / LogL: -105975.009 / Time: 0h:2m:6s (0h:1m:50s left)
UPDATE BEST LOG-LIKELIHOOD: -105975.009
Iteration 100 / LogL: -105975.009 / Time: 0h:2m:10s (0h:1m:29s left)
Log-likelihood cutoff on original alignment: -106025.648
NOTE: Bootstrap correlation coefficient of split occurrence frequencies: 0.984
NOTE: UFBoot does not converge, continue at least 100 more iterations
Iteration 110 / LogL: -105975.053 / Time: 0h:2m:13s (0h:1m:50s left)
Iteration 120 / LogL: -105981.765 / Time: 0h:2m:16s (0h:1m:31s left)
UPDATE BEST LOG-LIKELIHOOD: -105975.009
Iteration 130 / LogL: -105975.009 / Time: 0h:2m:20s (0h:1m:16s left)
UPDATE BEST LOG-LIKELIHOOD: -105975.008
Iteration 140 / LogL: -105975.573 / Time: 0h:2m:23s (0h:1m:1s left)
Iteration 150 / LogL: -105975.009 / Time: 0h:2m:26s (0h:0m:49s left)
Log-likelihood cutoff on original alignment: -106025.648
Iteration 160 / LogL: -105975.033 / Time: 0h:2m:30s (0h:0m:37s left)
UPDATE BEST LOG-LIKELIHOOD: -105975.008
Iteration 170 / LogL: -105975.009 / Time: 0h:2m:33s (0h:0m:27s left)
Iteration 180 / LogL: -105975.009 / Time: 0h:2m:37s (0h:0m:17s left)
Iteration 190 / LogL: -105975.009 / Time: 0h:2m:40s (0h:0m:8s left)
Iteration 200 / LogL: -105975.030 / Time: 0h:2m:44s (0h:0m:0s left)
Log-likelihood cutoff on original alignment: -106025.648
NOTE: Bootstrap correlation coefficient of split occurrence frequencies: 0.998
TREE SEARCH COMPLETED AFTER 200 ITERATIONS / Time: 0h:2m:44s

--------------------------------------------------------------------
|                    FINALIZING TREE SEARCH                        |
--------------------------------------------------------------------
Performs final model parameters optimization
Estimate model parameters (epsilon = 0.010)
1. Initial log-likelihood: -105975.008
Optimal log-likelihood: -105975.008
Rate parameters:  A-C: 1.05815  A-G: 6.17437  A-T: 0.66424  C-G: 1.37637  C-T: 6.28152  G-T: 1.00000
Base frequencies:  A: 0.278  C: 0.216  G: 0.228  T: 0.278
Proportion of invariable sites: 0.000
Site proportion and rates:  (0.095,0.842) (0.386,0.843) (0.464,0.846) (0.056,3.645)
Parameters optimization took 1 rounds (0.071 sec)
BEST SCORE FOUND : -105975.008
Creating bootstrap support values...
Split supports printed to NEXUS file /home/erenada/BirdTree/Alignments/AllSites/NoGap/m4/Jarvis_pi_m4_pseudogene_nogap.phylip-relaxed.splits.nex
Total tree length: 4.106

Total number of iterations: 200
CPU time used for tree search: 682.092 sec (0h:11m:22s)
Wall-clock time used for tree search: 72.827 sec (0h:1m:12s)
Total CPU time used: 1115.053 sec (0h:18m:35s)
Total wall-clock time used: 164.546 sec (0h:2m:44s)

Computing bootstrap consensus tree...
Reading input file /home/erenada/BirdTree/Alignments/AllSites/NoGap/m4/Jarvis_pi_m4_pseudogene_nogap.phylip-relaxed.splits.nex...
48 taxa and 422 splits.
Consensus tree written to /home/erenada/BirdTree/Alignments/AllSites/NoGap/m4/Jarvis_pi_m4_pseudogene_nogap.phylip-relaxed.contree
Reading input trees file /home/erenada/BirdTree/Alignments/AllSites/NoGap/m4/Jarvis_pi_m4_pseudogene_nogap.phylip-relaxed.contree
Log-likelihood of consensus tree: -105975.023

Analysis results written to: 
  IQ-TREE report:                /home/erenada/BirdTree/Alignments/AllSites/NoGap/m4/Jarvis_pi_m4_pseudogene_nogap.phylip-relaxed.iqtree
  Maximum-likelihood tree:       /home/erenada/BirdTree/Alignments/AllSites/NoGap/m4/Jarvis_pi_m4_pseudogene_nogap.phylip-relaxed.treefile
  Likelihood distances:          /home/erenada/BirdTree/Alignments/AllSites/NoGap/m4/Jarvis_pi_m4_pseudogene_nogap.phylip-relaxed.mldist

Ultrafast bootstrap approximation results written to:
  Split support values:          /home/erenada/BirdTree/Alignments/AllSites/NoGap/m4/Jarvis_pi_m4_pseudogene_nogap.phylip-relaxed.splits.nex
  Consensus tree:                /home/erenada/BirdTree/Alignments/AllSites/NoGap/m4/Jarvis_pi_m4_pseudogene_nogap.phylip-relaxed.contree
  Screen log file:               /home/erenada/BirdTree/Alignments/AllSites/NoGap/m4/Jarvis_pi_m4_pseudogene_nogap.phylip-relaxed.log

Date and Time: Thu Jun  4 17:45:07 2020
