IQ-TREE multicore version 1.7-beta16 for Linux 64-bit built Sep 24 2019
Developed by Bui Quang Minh, Nguyen Lam Tung, Olga Chernomor,
Heiko Schmidt, Dominik Schrempf, Michael Woodhams.

Host:    n024.cluster.com (AVX, 125 GB RAM)
Command: iqtree -s /home/erenada/BirdTree/Alignments/AllSites/NoGap/m4/Jarvis_pi_m4_UTR3_nogap.phylip-relaxed -m GTR+I+R -B 1000 -nt AUTO
Seed:    502592 (Using SPRNG - Scalable Parallel Random Number Generator)
Time:    Wed Jun  3 22:16:03 2020
Kernel:  AVX - auto-detect threads (20 CPU cores detected)

Reading alignment file /home/erenada/BirdTree/Alignments/AllSites/NoGap/m4/Jarvis_pi_m4_UTR3_nogap.phylip-relaxed ... Phylip format detected
Alignment most likely contains DNA/RNA sequences
Alignment has 48 sequences with 47185 columns, 43563 distinct patterns
47185 parsimony-informative, 0 singleton sites, 0 constant sites
        Gap/Ambiguity  Composition  p-value
   1  AcaChl    4.19%    failed      0.00%
   2  AnaPla    4.76%    failed      0.00%
   3  AntCar    4.04%    failed      0.00%
   4  ApaVit    3.08%    failed      0.15%
   5  AptFor    2.12%    failed      0.02%
   6  BalReg    2.04%    failed      0.00%
   7  BucRhi    4.08%    failed      0.00%
   8  CalAnn    3.35%    passed     11.79%
   9  CarCri    1.95%    failed      0.01%
  10  CatAur    3.63%    failed      0.00%
  11  ChaPel    2.68%    passed      9.69%
  12  ChaVoc    1.63%    failed      0.00%
  13  ChlMac    1.82%    passed     85.89%
  14  ColLiv    2.73%    passed      6.36%
  15  ColStr    5.08%    failed      0.00%
  16  CorBra    2.47%    failed      0.00%
  17  CucCan    2.83%    passed     57.69%
  18  EgrGar    1.78%    passed     88.53%
  19  EurHel    4.34%    failed      0.00%
  20  FalPer    2.61%    failed      0.00%
  21  FulGla    1.36%    failed      0.00%
  22  GalGal    4.13%    passed     10.84%
  23  GavSte    1.74%    failed      0.00%
  24  GeoFor    3.68%    failed      0.00%
  25  HalAlb    2.19%    failed      0.00%
  26  HalLeu    0.96%    failed      0.00%
  27  LepDis    1.84%    passed     67.49%
  28  ManVit    2.98%    failed      0.00%
  29  MelGal    3.92%    passed     91.63%
  30  MelUnd    3.40%    failed      0.02%
  31  MerNub    4.41%    failed      0.00%
  32  MesUni    3.03%    failed      0.03%
  33  NesNot    2.66%    passed      9.82%
  34  NipNip    2.00%    failed      0.00%
  35  OpiHoa    2.24%    failed      0.55%
  36  PelCri    1.49%    failed      0.00%
  37  PhaCar    2.13%    passed     17.32%
  38  PhaLep    1.58%    failed      0.00%
  39  PhoRub    1.50%    failed      4.64%
  40  PicPub   11.71%    failed      0.00%
  41  PodCri    2.34%    failed      3.85%
  42  PteGut    2.01%    failed      0.00%
  43  PygAde    2.96%    failed      0.00%
  44  StrCam    3.93%    failed      0.00%
  45  TaeGut    4.17%    failed      0.00%
  46  TauEry    1.59%    passed     87.86%
  47  TinGut   15.09%    failed      0.00%
  48  TytAlb    2.43%    failed      0.00%
****  TOTAL     3.22%  36 sequences failed composition chi2 test (p-value<5%; df=3)

Create initial parsimony tree by phylogenetic likelihood library (PLL)... 0.222 seconds
Generating 1000 samples for ultrafast bootstrap (seed: 502592)...

NOTE: 437 MB RAM (0 GB) is required!
Measuring multi-threading efficiency up to 20 CPU cores
Increase to 10 rounds for branch lengths
4 trees examined
Threads: 1 / Time: 22.488 sec / Speedup: 1.000 / Efficiency: 100% / LogL: -899715
Threads: 2 / Time: 13.914 sec / Speedup: 1.616 / Efficiency: 81% / LogL: -899715
Threads: 3 / Time: 9.846 sec / Speedup: 2.284 / Efficiency: 76% / LogL: -899715
Threads: 4 / Time: 7.666 sec / Speedup: 2.934 / Efficiency: 73% / LogL: -899715
Threads: 5 / Time: 7.215 sec / Speedup: 3.117 / Efficiency: 62% / LogL: -899715
Threads: 6 / Time: 6.082 sec / Speedup: 3.698 / Efficiency: 62% / LogL: -899715
Threads: 7 / Time: 5.967 sec / Speedup: 3.769 / Efficiency: 54% / LogL: -899715
Threads: 8 / Time: 5.526 sec / Speedup: 4.070 / Efficiency: 51% / LogL: -899715
Threads: 9 / Time: 5.142 sec / Speedup: 4.374 / Efficiency: 49% / LogL: -899715
BEST NUMBER OF THREADS: 8

Estimate model parameters (epsilon = 0.100)
1. Initial log-likelihood: -797581.753
2. Current log-likelihood: -727292.741
3. Current log-likelihood: -726508.991
4. Current log-likelihood: -726316.300
5. Current log-likelihood: -726269.282
6. Current log-likelihood: -726259.532
7. Current log-likelihood: -726258.010
8. Current log-likelihood: -726257.801
Optimal log-likelihood: -726257.760
Rate parameters:  A-C: 0.97003  A-G: 4.39055  A-T: 0.36256  C-G: 1.04053  C-T: 4.34491  G-T: 1.00000
Base frequencies:  A: 0.311  C: 0.187  G: 0.188  T: 0.315
Proportion of invariable sites: 0.000
Site proportion and rates:  (0.101,0.847) (0.373,0.847) (0.460,0.850) (0.066,3.157)
Parameters optimization took 8 rounds (29.763 sec)
Computing ML distances based on estimated model parameters... 0.982 sec
Computing BIONJ tree...
0.031 seconds
Log-likelihood of BIONJ tree: -726707.569
--------------------------------------------------------------------
|             INITIALIZING CANDIDATE TREE SET                      |
--------------------------------------------------------------------
Generating 98 parsimony trees... 19.481 second
Computing log-likelihood of 98 initial trees ... 17.377 seconds
Current best score: -726257.760

Do NNI search on 20 best initial trees
Estimate model parameters (epsilon = 0.100)
BETTER TREE FOUND at iteration 1: -725831.515
Estimate model parameters (epsilon = 0.100)
BETTER TREE FOUND at iteration 6: -725814.327
Iteration 10 / LogL: -725827.555 / Time: 0h:3m:17s
Iteration 20 / LogL: -725890.105 / Time: 0h:3m:56s
Finish initializing candidate tree set (18)
Current best tree score: -725814.327 / CPU time: 120.570
Number of iterations: 20
--------------------------------------------------------------------
|               OPTIMIZING CANDIDATE TREE SET                      |
--------------------------------------------------------------------
Estimate model parameters (epsilon = 0.100)
BETTER TREE FOUND at iteration 24: -725813.984
Iteration 30 / LogL: -725826.842 / Time: 0h:4m:23s (0h:14m:14s left)
Iteration 40 / LogL: -725814.799 / Time: 0h:4m:54s (0h:10m:32s left)
Estimate model parameters (epsilon = 0.100)
BETTER TREE FOUND at iteration 43: -725812.994
Iteration 50 / LogL: -725813.998 / Time: 0h:5m:26s (0h:10m:19s left)
Log-likelihood cutoff on original alignment: -725956.465
Iteration 60 / LogL: -725838.525 / Time: 0h:5m:56s (0h:8m:20s left)
Iteration 70 / LogL: -725814.245 / Time: 0h:6m:27s (0h:6m:49s left)
Estimate model parameters (epsilon = 0.100)
BETTER TREE FOUND at iteration 73: -725810.434
Iteration 80 / LogL: -725824.022 / Time: 0h:6m:57s (0h:8m:11s left)
Iteration 90 / LogL: -725819.858 / Time: 0h:7m:26s (0h:6m:56s left)
Estimate model parameters (epsilon = 0.100)
UPDATE BEST LOG-LIKELIHOOD: -725810.342
Iteration 100 / LogL: -725813.476 / Time: 0h:7m:54s (0h:5m:49s left)
Log-likelihood cutoff on original alignment: -725956.465
NOTE: Bootstrap correlation coefficient of split occurrence frequencies: 0.999
Iteration 110 / LogL: -725813.483 / Time: 0h:8m:23s (0h:6m:55s left)
Iteration 120 / LogL: -725824.474 / Time: 0h:8m:50s (0h:5m:56s left)
Iteration 130 / LogL: -725812.990 / Time: 0h:9m:18s (0h:5m:2s left)
Iteration 140 / LogL: -725810.509 / Time: 0h:9m:43s (0h:4m:11s left)
Iteration 150 / LogL: -725810.531 / Time: 0h:10m:12s (0h:3m:25s left)
Log-likelihood cutoff on original alignment: -725956.465
Iteration 160 / LogL: -725814.762 / Time: 0h:10m:39s (0h:2m:40s left)
Iteration 170 / LogL: -725810.362 / Time: 0h:11m:7s (0h:1m:58s left)
TREE SEARCH COMPLETED AFTER 174 ITERATIONS / Time: 0h:11m:18s

--------------------------------------------------------------------
|                    FINALIZING TREE SEARCH                        |
--------------------------------------------------------------------
Performs final model parameters optimization
Estimate model parameters (epsilon = 0.010)
1. Initial log-likelihood: -725810.342
Optimal log-likelihood: -725810.341
Rate parameters:  A-C: 0.97096  A-G: 4.39165  A-T: 0.36199  C-G: 1.03905  C-T: 4.34681  G-T: 1.00000
Base frequencies:  A: 0.311  C: 0.187  G: 0.188  T: 0.315
Proportion of invariable sites: 0.000
Site proportion and rates:  (0.101,0.847) (0.373,0.847) (0.460,0.850) (0.066,3.158)
Parameters optimization took 1 rounds (0.940 sec)
BEST SCORE FOUND : -725810.341
Creating bootstrap support values...
Split supports printed to NEXUS file /home/erenada/BirdTree/Alignments/AllSites/NoGap/m4/Jarvis_pi_m4_UTR3_nogap.phylip-relaxed.splits.nex
Total tree length: 3.566

Total number of iterations: 174
CPU time used for tree search: 4320.205 sec (1h:12m:0s)
Wall-clock time used for tree search: 563.079 sec (0h:9m:23s)
Total CPU time used: 4832.991 sec (1h:20m:32s)
Total wall-clock time used: 679.830 sec (0h:11m:19s)

Computing bootstrap consensus tree...
Reading input file /home/erenada/BirdTree/Alignments/AllSites/NoGap/m4/Jarvis_pi_m4_UTR3_nogap.phylip-relaxed.splits.nex...
48 taxa and 246 splits.
Consensus tree written to /home/erenada/BirdTree/Alignments/AllSites/NoGap/m4/Jarvis_pi_m4_UTR3_nogap.phylip-relaxed.contree
Reading input trees file /home/erenada/BirdTree/Alignments/AllSites/NoGap/m4/Jarvis_pi_m4_UTR3_nogap.phylip-relaxed.contree
Log-likelihood of consensus tree: -725812.820

Analysis results written to: 
  IQ-TREE report:                /home/erenada/BirdTree/Alignments/AllSites/NoGap/m4/Jarvis_pi_m4_UTR3_nogap.phylip-relaxed.iqtree
  Maximum-likelihood tree:       /home/erenada/BirdTree/Alignments/AllSites/NoGap/m4/Jarvis_pi_m4_UTR3_nogap.phylip-relaxed.treefile
  Likelihood distances:          /home/erenada/BirdTree/Alignments/AllSites/NoGap/m4/Jarvis_pi_m4_UTR3_nogap.phylip-relaxed.mldist

Ultrafast bootstrap approximation results written to:
  Split support values:          /home/erenada/BirdTree/Alignments/AllSites/NoGap/m4/Jarvis_pi_m4_UTR3_nogap.phylip-relaxed.splits.nex
  Consensus tree:                /home/erenada/BirdTree/Alignments/AllSites/NoGap/m4/Jarvis_pi_m4_UTR3_nogap.phylip-relaxed.contree
  Screen log file:               /home/erenada/BirdTree/Alignments/AllSites/NoGap/m4/Jarvis_pi_m4_UTR3_nogap.phylip-relaxed.log

Date and Time: Wed Jun  3 22:27:24 2020
