IQ-TREE multicore version 1.7-beta16 for Linux 64-bit built Sep 24 2019
Developed by Bui Quang Minh, Nguyen Lam Tung, Olga Chernomor,
Heiko Schmidt, Dominik Schrempf, Michael Woodhams.

Host:    n026.cluster.com (AVX, 125 GB RAM)
Command: iqtree -s /home/erenada/BirdTree/Alignments/AllSites/Gap/m0/Jarvis_pi_m0_pseudogene.phylip-relaxed -m GTR+I+R -B 1000 -nt AUTO
Seed:    640068 (Using SPRNG - Scalable Parallel Random Number Generator)
Time:    Tue Jun  2 21:25:29 2020
Kernel:  AVX - auto-detect threads (20 CPU cores detected)

Reading alignment file /home/erenada/BirdTree/Alignments/AllSites/Gap/m0/Jarvis_pi_m0_pseudogene.phylip-relaxed ... Phylip format detected
Alignment most likely contains DNA/RNA sequences
Alignment has 48 sequences with 1358 columns, 1274 distinct patterns
1358 parsimony-informative, 0 singleton sites, 0 constant sites
        Gap/Ambiguity  Composition  p-value
   1  AcaChl    0.07%    failed      1.90%
   2  AnaPla    0.00%    passed     96.80%
   3  AntCar    0.00%    passed     82.16%
   4  ApaVit    0.00%    passed     97.57%
   5  AptFor    0.00%    passed     92.06%
   6  BalReg    0.00%    passed     78.90%
   7  BucRhi    0.07%    passed     51.02%
   8  CalAnn    0.00%    passed     86.86%
   9  CarCri    0.00%    passed     97.49%
  10  CatAur    0.00%    passed     57.19%
  11  ChaPel    0.00%    passed     93.44%
  12  ChaVoc    0.00%    passed     99.43%
  13  ChlMac    0.00%    passed     98.55%
  14  ColLiv    0.00%    passed     83.78%
  15  ColStr    0.07%    passed     86.93%
  16  CorBra    0.00%    passed     27.17%
  17  CucCan    0.00%    passed     90.43%
  18  EgrGar    0.00%    passed     92.87%
  19  EurHel    0.00%    passed     82.39%
  20  FalPer    0.00%    passed     89.46%
  21  FulGla    0.00%    passed     90.75%
  22  GalGal    0.00%    passed     62.76%
  23  GavSte    0.00%    passed     69.91%
  24  GeoFor    0.00%    failed      2.17%
  25  HalAlb    0.00%    passed     53.80%
  26  HalLeu    0.00%    passed     56.12%
  27  LepDis    0.07%    passed     95.49%
  28  ManVit    0.00%    passed     88.34%
  29  MelGal    0.00%    passed     97.78%
  30  MelUnd    0.00%    passed     73.34%
  31  MerNub    0.00%    failed      3.49%
  32  MesUni    0.00%    passed     97.14%
  33  NesNot    0.07%    passed     92.27%
  34  NipNip    0.07%    passed     93.26%
  35  OpiHoa    0.15%    passed     85.49%
  36  PelCri    0.00%    passed     73.21%
  37  PhaCar    0.00%    passed     96.79%
  38  PhaLep    0.00%    passed     98.79%
  39  PhoRub    0.07%    passed     90.80%
  40  PicPub    0.07%    passed     15.77%
  41  PodCri    0.07%    passed     71.29%
  42  PteGut    0.00%    passed     94.61%
  43  PygAde    0.00%    passed     97.65%
  44  StrCam    0.00%    passed     51.98%
  45  TaeGut    0.15%    passed     26.05%
  46  TauEry    0.00%    passed     80.51%
  47  TinGut    0.07%    passed     59.34%
  48  TytAlb    0.00%    passed     29.33%
****  TOTAL     0.02%  3 sequences failed composition chi2 test (p-value<5%; df=3)

Create initial parsimony tree by phylogenetic likelihood library (PLL)... 0.007 seconds
Generating 1000 samples for ultrafast bootstrap (seed: 640068)...

NOTE: 12 MB RAM (0 GB) is required!
Measuring multi-threading efficiency up to 20 CPU cores
Increase to 10 rounds for branch lengths
151 trees examined
Threads: 1 / Time: 20.044 sec / Speedup: 1.000 / Efficiency: 100% / LogL: -25888
Threads: 2 / Time: 15.646 sec / Speedup: 1.281 / Efficiency: 64% / LogL: -25888
Threads: 3 / Time: 12.256 sec / Speedup: 1.635 / Efficiency: 55% / LogL: -25888
Threads: 4 / Time: 7.685 sec / Speedup: 2.608 / Efficiency: 65% / LogL: -25888
Threads: 5 / Time: 7.537 sec / Speedup: 2.659 / Efficiency: 53% / LogL: -25888
Threads: 6 / Time: 7.339 sec / Speedup: 2.731 / Efficiency: 46% / LogL: -25888
BEST NUMBER OF THREADS: 4

Estimate model parameters (epsilon = 0.100)
1. Initial log-likelihood: -23420.327
2. Current log-likelihood: -21292.591
3. Current log-likelihood: -21276.138
4. Current log-likelihood: -21268.897
5. Current log-likelihood: -21265.921
6. Current log-likelihood: -21265.067
7. Current log-likelihood: -21264.871
Optimal log-likelihood: -21264.821
Rate parameters:  A-C: 0.88544  A-G: 5.43779  A-T: 0.52439  C-G: 1.12383  C-T: 5.34585  G-T: 1.00000
Base frequencies:  A: 0.279  C: 0.211  G: 0.220  T: 0.290
Proportion of invariable sites: 0.000
Site proportion and rates:  (0.370,0.898) (0.494,0.899) (0.088,0.899) (0.048,3.022)
Parameters optimization took 7 rounds (0.638 sec)
Computing ML distances based on estimated model parameters... 0.048 sec
Computing BIONJ tree...
0.060 seconds
Log-likelihood of BIONJ tree: -21271.986
--------------------------------------------------------------------
|             INITIALIZING CANDIDATE TREE SET                      |
--------------------------------------------------------------------
Generating 98 parsimony trees... 0.683 second
Computing log-likelihood of 98 initial trees ... 0.754 seconds
Current best score: -21241.397

Do NNI search on 20 best initial trees
Estimate model parameters (epsilon = 0.100)
BETTER TREE FOUND at iteration 1: -21227.652
Iteration 10 / LogL: -21242.027 / Time: 0h:1m:14s
Iteration 20 / LogL: -21240.439 / Time: 0h:1m:16s
Finish initializing candidate tree set (20)
Current best tree score: -21227.652 / CPU time: 4.651
Number of iterations: 20
--------------------------------------------------------------------
|               OPTIMIZING CANDIDATE TREE SET                      |
--------------------------------------------------------------------
Iteration 30 / LogL: -21227.794 / Time: 0h:1m:17s (0h:3m:10s left)
Estimate model parameters (epsilon = 0.100)
BETTER TREE FOUND at iteration 34: -21226.369
Iteration 40 / LogL: -21257.718 / Time: 0h:1m:19s (0h:3m:12s left)
Estimate model parameters (epsilon = 0.100)
BETTER TREE FOUND at iteration 44: -21226.330
Estimate model parameters (epsilon = 0.100)
BETTER TREE FOUND at iteration 45: -21224.790
Iteration 50 / LogL: -21229.519 / Time: 0h:1m:21s (0h:2m:38s left)
Log-likelihood cutoff on original alignment: -21266.207
Estimate model parameters (epsilon = 0.100)
BETTER TREE FOUND at iteration 54: -21224.678
Iteration 60 / LogL: -21226.164 / Time: 0h:1m:24s (0h:2m:13s left)
UPDATE BEST LOG-LIKELIHOOD: -21224.678
Iteration 70 / LogL: -21224.989 / Time: 0h:1m:26s (0h:1m:44s left)
UPDATE BEST LOG-LIKELIHOOD: -21224.678
Estimate model parameters (epsilon = 0.100)
BETTER TREE FOUND at iteration 78: -21223.178
Iteration 80 / LogL: -21224.889 / Time: 0h:1m:27s (0h:1m:48s left)
Estimate model parameters (epsilon = 0.100)
BETTER TREE FOUND at iteration 84: -21222.696
Iteration 90 / LogL: -21229.463 / Time: 0h:1m:29s (0h:1m:34s left)
Iteration 100 / LogL: -21224.421 / Time: 0h:1m:31s (0h:1m:17s left)
Log-likelihood cutoff on original alignment: -21266.207
NOTE: Bootstrap correlation coefficient of split occurrence frequencies: 0.953
NOTE: UFBoot does not converge, continue at least 100 more iterations
UPDATE BEST LOG-LIKELIHOOD: -21222.695
Iteration 110 / LogL: -21225.144 / Time: 0h:1m:33s (0h:1m:17s left)
Iteration 120 / LogL: -21229.345 / Time: 0h:1m:35s (0h:1m:4s left)
Iteration 130 / LogL: -21223.186 / Time: 0h:1m:37s (0h:0m:52s left)
Iteration 140 / LogL: -21222.696 / Time: 0h:1m:39s (0h:0m:42s left)
Iteration 150 / LogL: -21222.696 / Time: 0h:1m:41s (0h:0m:33s left)
Log-likelihood cutoff on original alignment: -21266.207
Iteration 160 / LogL: -21224.397 / Time: 0h:1m:43s (0h:0m:25s left)
Iteration 170 / LogL: -21232.129 / Time: 0h:1m:44s (0h:0m:18s left)
Iteration 180 / LogL: -21222.696 / Time: 0h:1m:46s (0h:0m:11s left)
Iteration 190 / LogL: -21254.074 / Time: 0h:1m:48s (0h:0m:5s left)
Iteration 200 / LogL: -21253.866 / Time: 0h:1m:50s (0h:0m:0s left)
Log-likelihood cutoff on original alignment: -21266.207
NOTE: Bootstrap correlation coefficient of split occurrence frequencies: 0.996
TREE SEARCH COMPLETED AFTER 200 ITERATIONS / Time: 0h:1m:50s

--------------------------------------------------------------------
|                    FINALIZING TREE SEARCH                        |
--------------------------------------------------------------------
Performs final model parameters optimization
Estimate model parameters (epsilon = 0.010)
1. Initial log-likelihood: -21222.695
Optimal log-likelihood: -21222.695
Rate parameters:  A-C: 0.89128  A-G: 5.44220  A-T: 0.51403  C-G: 1.13462  C-T: 5.34809  G-T: 1.00000
Base frequencies:  A: 0.279  C: 0.211  G: 0.220  T: 0.290
Proportion of invariable sites: 0.000
Site proportion and rates:  (0.371,0.900) (0.495,0.900) (0.089,0.900) (0.045,3.103)
Parameters optimization took 1 rounds (0.034 sec)
BEST SCORE FOUND : -21222.695
Creating bootstrap support values...
Split supports printed to NEXUS file /home/erenada/BirdTree/Alignments/AllSites/Gap/m0/Jarvis_pi_m0_pseudogene.phylip-relaxed.splits.nex
Total tree length: 3.463

Total number of iterations: 200
CPU time used for tree search: 145.711 sec (0h:2m:25s)
Wall-clock time used for tree search: 39.069 sec (0h:0m:39s)
Total CPU time used: 348.325 sec (0h:5m:48s)
Total wall-clock time used: 110.715 sec (0h:1m:50s)

Computing bootstrap consensus tree...
Reading input file /home/erenada/BirdTree/Alignments/AllSites/Gap/m0/Jarvis_pi_m0_pseudogene.phylip-relaxed.splits.nex...
48 taxa and 649 splits.
Consensus tree written to /home/erenada/BirdTree/Alignments/AllSites/Gap/m0/Jarvis_pi_m0_pseudogene.phylip-relaxed.contree
Reading input trees file /home/erenada/BirdTree/Alignments/AllSites/Gap/m0/Jarvis_pi_m0_pseudogene.phylip-relaxed.contree
Log-likelihood of consensus tree: -21227.625

Analysis results written to: 
  IQ-TREE report:                /home/erenada/BirdTree/Alignments/AllSites/Gap/m0/Jarvis_pi_m0_pseudogene.phylip-relaxed.iqtree
  Maximum-likelihood tree:       /home/erenada/BirdTree/Alignments/AllSites/Gap/m0/Jarvis_pi_m0_pseudogene.phylip-relaxed.treefile
  Likelihood distances:          /home/erenada/BirdTree/Alignments/AllSites/Gap/m0/Jarvis_pi_m0_pseudogene.phylip-relaxed.mldist

Ultrafast bootstrap approximation results written to:
  Split support values:          /home/erenada/BirdTree/Alignments/AllSites/Gap/m0/Jarvis_pi_m0_pseudogene.phylip-relaxed.splits.nex
  Consensus tree:                /home/erenada/BirdTree/Alignments/AllSites/Gap/m0/Jarvis_pi_m0_pseudogene.phylip-relaxed.contree
  Screen log file:               /home/erenada/BirdTree/Alignments/AllSites/Gap/m0/Jarvis_pi_m0_pseudogene.phylip-relaxed.log

Date and Time: Tue Jun  2 21:27:20 2020
