IQ-TREE multicore version 1.7-beta16 for Linux 64-bit built Sep 24 2019
Developed by Bui Quang Minh, Nguyen Lam Tung, Olga Chernomor,
Heiko Schmidt, Dominik Schrempf, Michael Woodhams.

Host:    n018.cluster.com (AVX, 125 GB RAM)
Command: iqtree -s /home/erenada/BirdTree/Alignments/AllSites/NoGap/m3/Jarvis_pi_m3_AllSISRS_nogap.phylip-relaxed -m GTR+I+R -B 1000 -nt AUTO
Seed:    76712 (Using SPRNG - Scalable Parallel Random Number Generator)
Time:    Thu Jun  4 07:37:19 2020
Kernel:  AVX - auto-detect threads (20 CPU cores detected)

Reading alignment file /home/erenada/BirdTree/Alignments/AllSites/NoGap/m3/Jarvis_pi_m3_AllSISRS_nogap.phylip-relaxed ... Phylip format detected
Alignment most likely contains DNA/RNA sequences
Alignment has 48 sequences with 2408755 columns, 1942489 distinct patterns
2406525 parsimony-informative, 2230 singleton sites, 0 constant sites
        Gap/Ambiguity  Composition  p-value
   1  AcaChl    2.97%    failed      0.00%
   2  AnaPla    4.49%    failed      0.10%
   3  AntCar    3.62%    failed      0.00%
   4  ApaVit    2.66%    failed      0.00%
   5  AptFor    1.82%    failed      0.00%
   6  BalReg    1.50%    failed      0.00%
   7  BucRhi    2.99%    failed      0.00%
   8  CalAnn    3.94%    failed      0.00%
   9  CarCri    1.76%    failed      0.00%
  10  CatAur    4.74%    failed      0.00%
  11  ChaPel    2.96%    failed      0.00%
  12  ChaVoc    1.51%    failed      0.25%
  13  ChlMac    1.74%    failed      1.55%
  14  ColLiv    2.62%    failed      0.00%
  15  ColStr    3.49%    failed      0.00%
  16  CorBra    2.09%    failed      0.00%
  17  CucCan    2.96%    failed      0.00%
  18  EgrGar    1.40%    failed      0.00%
  19  EurHel    2.41%    failed      0.00%
  20  FalPer    2.12%    failed      0.00%
  21  FulGla    1.25%    failed      0.00%
  22  GalGal    6.92%    failed      0.00%
  23  GavSte    1.56%    failed      0.00%
  24  GeoFor    3.42%    failed      0.00%
  25  HalAlb    1.89%    failed      0.00%
  26  HalLeu    0.71%    failed      0.00%
  27  LepDis    1.63%    failed      0.00%
  28  ManVit    2.59%    failed      0.00%
  29  MelGal    6.92%    failed      0.00%
  30  MelUnd    3.18%    failed      0.00%
  31  MerNub    3.13%    failed      0.00%
  32  MesUni    2.42%    failed      0.00%
  33  NesNot    2.35%    passed     81.82%
  34  NipNip    1.66%    failed      0.00%
  35  OpiHoa    1.77%    failed      0.00%
  36  PelCri    1.24%    failed      0.00%
  37  PhaCar    1.97%    failed      0.00%
  38  PhaLep    1.36%    failed      0.00%
  39  PhoRub    1.31%    failed      0.23%
  40  PicPub    8.20%    failed      0.00%
  41  PodCri    1.76%    failed      0.00%
  42  PteGut    1.97%    passed     25.22%
  43  PygAde    2.11%    failed      0.00%
  44  StrCam    4.73%    failed      0.00%
  45  TaeGut    4.25%    failed      0.00%
  46  TauEry    1.35%    failed      0.00%
  47  TinGut   18.38%    failed      0.00%
  48  TytAlb    2.04%    failed      0.00%
****  TOTAL     3.04%  46 sequences failed composition chi2 test (p-value<5%; df=3)
NOTE: minimal branch length is reduced to 0.000000041515 for long alignment

Create initial parsimony tree by phylogenetic likelihood library (PLL)... 10.388 seconds
Generating 1000 samples for ultrafast bootstrap (seed: 76712)...

NOTE: 19503 MB RAM (19 GB) is required!
Measuring multi-threading efficiency up to 20 CPU cores
2 trees examined
Threads: 1 / Time: 115.245 sec / Speedup: 1.000 / Efficiency: 100% / LogL: -46681155
Threads: 2 / Time: 71.546 sec / Speedup: 1.611 / Efficiency: 81% / LogL: -46681155
Threads: 3 / Time: 49.721 sec / Speedup: 2.318 / Efficiency: 77% / LogL: -46681155
Threads: 4 / Time: 38.910 sec / Speedup: 2.962 / Efficiency: 74% / LogL: -46681155
Threads: 5 / Time: 32.839 sec / Speedup: 3.509 / Efficiency: 70% / LogL: -46681155
Threads: 6 / Time: 31.388 sec / Speedup: 3.672 / Efficiency: 61% / LogL: -46681155
Threads: 7 / Time: 26.998 sec / Speedup: 4.269 / Efficiency: 61% / LogL: -46681155
Threads: 8 / Time: 25.901 sec / Speedup: 4.450 / Efficiency: 56% / LogL: -46681155
Threads: 9 / Time: 25.239 sec / Speedup: 4.566 / Efficiency: 51% / LogL: -46681155
Threads: 10 / Time: 21.015 sec / Speedup: 5.484 / Efficiency: 55% / LogL: -46681155
Threads: 11 / Time: 20.197 sec / Speedup: 5.706 / Efficiency: 52% / LogL: -46681155
Threads: 12 / Time: 18.477 sec / Speedup: 6.237 / Efficiency: 52% / LogL: -46681155
Threads: 13 / Time: 17.231 sec / Speedup: 6.688 / Efficiency: 51% / LogL: -46681155
Threads: 14 / Time: 17.109 sec / Speedup: 6.736 / Efficiency: 48% / LogL: -46681155
BEST NUMBER OF THREADS: 13

Estimate model parameters (epsilon = 0.100)
1. Initial log-likelihood: -41990510.332
2. Current log-likelihood: -38393854.705
3. Current log-likelihood: -38336814.907
4. Current log-likelihood: -38322678.872
5. Current log-likelihood: -38321314.225
6. Current log-likelihood: -38321239.962
7. Current log-likelihood: -38321235.991
8. Current log-likelihood: -38321235.344
Optimal log-likelihood: -38321235.301
Rate parameters:  A-C: 0.99640  A-G: 5.24538  A-T: 0.59798  C-G: 1.22587  C-T: 5.21424  G-T: 1.00000
Base frequencies:  A: 0.278  C: 0.221  G: 0.221  T: 0.281
Proportion of invariable sites: 0.000
Site proportion and rates:  (0.379,0.893) (0.494,0.894) (0.090,0.894) (0.037,3.777)
Parameters optimization took 8 rounds (1100.052 sec)
Computing ML distances based on estimated model parameters... 114.073 sec
Computing BIONJ tree...
0.030 seconds
Log-likelihood of BIONJ tree: -38308331.635
--------------------------------------------------------------------
|             INITIALIZING CANDIDATE TREE SET                      |
--------------------------------------------------------------------
Generating 98 parsimony trees... 1545.001 second
Computing log-likelihood of 98 initial trees ... 687.108 seconds
Current best score: -38308331.635

Do NNI search on 20 best initial trees
Estimate model parameters (epsilon = 0.100)
BETTER TREE FOUND at iteration 1: -38302531.390
Iteration 10 / LogL: -38302812.942 / Time: 1h:32m:37s
Iteration 20 / LogL: -38303624.184 / Time: 2h:5m:31s
Finish initializing candidate tree set (16)
Current best tree score: -38302531.390 / CPU time: 5821.441
Number of iterations: 20
--------------------------------------------------------------------
|               OPTIMIZING CANDIDATE TREE SET                      |
--------------------------------------------------------------------
Estimate model parameters (epsilon = 0.100)
BETTER TREE FOUND at iteration 21: -38302495.210
Iteration 30 / LogL: -38302495.299 / Time: 2h:27m:47s (7h:43m:3s left)
Iteration 40 / LogL: -38302549.812 / Time: 2h:46m:6s (5h:44m:31s left)
Iteration 50 / LogL: -38302495.245 / Time: 3h:5m:35s (4h:28m:36s left)
Log-likelihood cutoff on original alignment: -38302778.345
Iteration 60 / LogL: -38302496.216 / Time: 3h:22m:40s (3h:29m:18s left)
Iteration 70 / LogL: -38302527.583 / Time: 3h:43m:10s (2h:44m:47s left)
Iteration 80 / LogL: -38302505.586 / Time: 4h:1m:31s (2h:5m:13s left)
Iteration 90 / LogL: -38305387.847 / Time: 4h:21m:24s (1h:30m:58s left)
Iteration 100 / LogL: -38302533.379 / Time: 4h:41m:13s (0h:59m:36s left)
Log-likelihood cutoff on original alignment: -38302742.809
NOTE: Bootstrap correlation coefficient of split occurrence frequencies: 0.998
Iteration 110 / LogL: -38302495.366 / Time: 4h:58m:53s (4h:6m:36s left)
Iteration 120 / LogL: -38302602.705 / Time: 5h:19m:0s (3h:34m:18s left)
TREE SEARCH COMPLETED AFTER 122 ITERATIONS / Time: 5h:23m:28s

--------------------------------------------------------------------
|                    FINALIZING TREE SEARCH                        |
--------------------------------------------------------------------
Performs final model parameters optimization
Estimate model parameters (epsilon = 0.010)
1. Initial log-likelihood: -38302495.210
Optimal log-likelihood: -38302495.204
Rate parameters:  A-C: 0.99610  A-G: 5.24589  A-T: 0.59760  C-G: 1.22578  C-T: 5.21462  G-T: 1.00000
Base frequencies:  A: 0.278  C: 0.221  G: 0.221  T: 0.281
Proportion of invariable sites: 0.000
Site proportion and rates:  (0.379,0.894) (0.494,0.894) (0.090,0.894) (0.037,3.778)
Parameters optimization took 1 rounds (47.122 sec)
BEST SCORE FOUND : -38302495.204
Creating bootstrap support values...
Split supports printed to NEXUS file /home/erenada/BirdTree/Alignments/AllSites/NoGap/m3/Jarvis_pi_m3_AllSISRS_nogap.phylip-relaxed.splits.nex
Total tree length: 3.673

Total number of iterations: 122
CPU time used for tree search: 191664.737 sec (53h:14m:24s)
Wall-clock time used for tree search: 17698.642 sec (4h:54m:58s)
Total CPU time used: 205946.105 sec (57h:12m:26s)
Total wall-clock time used: 19457.135 sec (5h:24m:17s)

Computing bootstrap consensus tree...
Reading input file /home/erenada/BirdTree/Alignments/AllSites/NoGap/m3/Jarvis_pi_m3_AllSISRS_nogap.phylip-relaxed.splits.nex...
48 taxa and 116 splits.
Consensus tree written to /home/erenada/BirdTree/Alignments/AllSites/NoGap/m3/Jarvis_pi_m3_AllSISRS_nogap.phylip-relaxed.contree
Reading input trees file /home/erenada/BirdTree/Alignments/AllSites/NoGap/m3/Jarvis_pi_m3_AllSISRS_nogap.phylip-relaxed.contree
Log-likelihood of consensus tree: -38302654.302

Analysis results written to: 
  IQ-TREE report:                /home/erenada/BirdTree/Alignments/AllSites/NoGap/m3/Jarvis_pi_m3_AllSISRS_nogap.phylip-relaxed.iqtree
  Maximum-likelihood tree:       /home/erenada/BirdTree/Alignments/AllSites/NoGap/m3/Jarvis_pi_m3_AllSISRS_nogap.phylip-relaxed.treefile
  Likelihood distances:          /home/erenada/BirdTree/Alignments/AllSites/NoGap/m3/Jarvis_pi_m3_AllSISRS_nogap.phylip-relaxed.mldist

Ultrafast bootstrap approximation results written to:
  Split support values:          /home/erenada/BirdTree/Alignments/AllSites/NoGap/m3/Jarvis_pi_m3_AllSISRS_nogap.phylip-relaxed.splits.nex
  Consensus tree:                /home/erenada/BirdTree/Alignments/AllSites/NoGap/m3/Jarvis_pi_m3_AllSISRS_nogap.phylip-relaxed.contree
  Screen log file:               /home/erenada/BirdTree/Alignments/AllSites/NoGap/m3/Jarvis_pi_m3_AllSISRS_nogap.phylip-relaxed.log

Date and Time: Thu Jun  4 13:02:39 2020
