IQ-TREE multicore version 1.7-beta16 for Linux 64-bit built Sep 24 2019
Developed by Bui Quang Minh, Nguyen Lam Tung, Olga Chernomor,
Heiko Schmidt, Dominik Schrempf, Michael Woodhams.

Host:    n007.cluster.com (AVX, 125 GB RAM)
Command: iqtree -s /home/erenada/BirdTree/Alignments/AllSites/Gap/m2/Jarvis_pi_m2_AllSISRS.phylip-relaxed -m GTR+I+R -B 1000 -nt AUTO
Seed:    991002 (Using SPRNG - Scalable Parallel Random Number Generator)
Time:    Wed Jun  3 03:05:26 2020
Kernel:  AVX - auto-detect threads (20 CPU cores detected)

Reading alignment file /home/erenada/BirdTree/Alignments/AllSites/Gap/m2/Jarvis_pi_m2_AllSISRS.phylip-relaxed ... Phylip format detected
Alignment most likely contains DNA/RNA sequences
Alignment has 48 sequences with 1918820 columns, 1456458 distinct patterns
1910421 parsimony-informative, 4454 singleton sites, 3944 constant sites
        Gap/Ambiguity  Composition  p-value
   1  AcaChl    2.12%    failed      0.00%
   2  AnaPla    3.14%    failed      0.49%
   3  AntCar    2.96%    failed      0.00%
   4  ApaVit    1.92%    failed      0.00%
   5  AptFor    1.38%    failed      0.00%
   6  BalReg    1.18%    failed      0.00%
   7  BucRhi    2.18%    failed      0.00%
   8  CalAnn    2.70%    failed      0.00%
   9  CarCri    1.32%    failed      0.00%
  10  CatAur    3.83%    failed      0.00%
  11  ChaPel    2.16%    failed      0.00%
  12  ChaVoc    1.24%    failed      0.01%
  13  ChlMac    1.29%    failed      3.88%
  14  ColLiv    2.02%    failed      0.00%
  15  ColStr    2.44%    failed      0.00%
  16  CorBra    1.47%    failed      0.00%
  17  CucCan    2.22%    failed      0.00%
  18  EgrGar    1.12%    failed      3.48%
  19  EurHel    1.81%    failed      0.00%
  20  FalPer    1.57%    failed      0.00%
  21  FulGla    0.99%    failed      0.00%
  22  GalGal    4.69%    failed      0.00%
  23  GavSte    1.23%    failed      0.00%
  24  GeoFor    2.27%    failed      0.00%
  25  HalAlb    1.46%    failed      0.00%
  26  HalLeu    0.58%    failed      0.00%
  27  LepDis    1.27%    failed      0.00%
  28  ManVit    1.93%    failed      0.00%
  29  MelGal    4.16%    failed      0.00%
  30  MelUnd    2.42%    failed      0.75%
  31  MerNub    2.31%    failed      0.00%
  32  MesUni    1.80%    failed      0.00%
  33  NesNot    1.74%    passed     88.01%
  34  NipNip    1.38%    failed      0.00%
  35  OpiHoa    1.40%    failed      0.00%
  36  PelCri    0.98%    failed      0.00%
  37  PhaCar    1.48%    failed      0.00%
  38  PhaLep    1.05%    failed      0.00%
  39  PhoRub    1.04%    passed     39.67%
  40  PicPub    6.01%    failed      0.00%
  41  PodCri    1.34%    failed      0.00%
  42  PteGut    1.45%    passed      8.17%
  43  PygAde    1.73%    failed      0.00%
  44  StrCam    2.90%    failed      0.00%
  45  TaeGut    3.01%    failed      0.00%
  46  TauEry    1.02%    failed      0.00%
  47  TinGut   13.86%    failed      0.00%
  48  TytAlb    1.50%    failed      0.00%
****  TOTAL     2.23%  45 sequences failed composition chi2 test (p-value<5%; df=3)
NOTE: minimal branch length is reduced to 0.000000052115 for long alignment

Create initial parsimony tree by phylogenetic likelihood library (PLL)... 7.482 seconds
Generating 1000 samples for ultrafast bootstrap (seed: 991002)...

NOTE: 14623 MB RAM (14 GB) is required!
Measuring multi-threading efficiency up to 20 CPU cores
2 trees examined
Threads: 1 / Time: 102.084 sec / Speedup: 1.000 / Efficiency: 100% / LogL: -36648622
Threads: 2 / Time: 46.664 sec / Speedup: 2.188 / Efficiency: 109% / LogL: -36648622
Threads: 3 / Time: 34.447 sec / Speedup: 2.963 / Efficiency: 99% / LogL: -36648622
Threads: 4 / Time: 26.472 sec / Speedup: 3.856 / Efficiency: 96% / LogL: -36648622
Threads: 5 / Time: 20.627 sec / Speedup: 4.949 / Efficiency: 99% / LogL: -36648622
Threads: 6 / Time: 18.580 sec / Speedup: 5.494 / Efficiency: 92% / LogL: -36648622
Threads: 7 / Time: 18.158 sec / Speedup: 5.622 / Efficiency: 80% / LogL: -36648622
Threads: 8 / Time: 17.300 sec / Speedup: 5.901 / Efficiency: 74% / LogL: -36648622
Threads: 9 / Time: 15.774 sec / Speedup: 6.472 / Efficiency: 72% / LogL: -36648622
Threads: 10 / Time: 14.869 sec / Speedup: 6.866 / Efficiency: 69% / LogL: -36648622
Threads: 11 / Time: 14.779 sec / Speedup: 6.907 / Efficiency: 63% / LogL: -36648622
Threads: 12 / Time: 13.717 sec / Speedup: 7.442 / Efficiency: 62% / LogL: -36648622
Threads: 13 / Time: 13.768 sec / Speedup: 7.415 / Efficiency: 57% / LogL: -36648622
Threads: 14 / Time: 13.837 sec / Speedup: 7.378 / Efficiency: 53% / LogL: -36648622
Threads: 15 / Time: 13.845 sec / Speedup: 7.373 / Efficiency: 49% / LogL: -36648622
BEST NUMBER OF THREADS: 12

Estimate model parameters (epsilon = 0.100)
1. Initial log-likelihood: -32861999.386
2. Current log-likelihood: -30052376.167
3. Current log-likelihood: -30006992.428
4. Current log-likelihood: -29993862.562
5. Current log-likelihood: -29992419.849
6. Current log-likelihood: -29992333.615
7. Current log-likelihood: -29992328.997
8. Current log-likelihood: -29992328.493
Optimal log-likelihood: -29992328.465
Rate parameters:  A-C: 0.99147  A-G: 5.30981  A-T: 0.59193  C-G: 1.24759  C-T: 5.29677  G-T: 1.00000
Base frequencies:  A: 0.280  C: 0.220  G: 0.219  T: 0.281
Proportion of invariable sites: 0.001
Site proportion and rates:  (0.092,0.897) (0.379,0.897) (0.494,0.898) (0.035,3.814)
Parameters optimization took 8 rounds (778.632 sec)
Computing ML distances based on estimated model parameters... 80.513 sec
Computing BIONJ tree...
0.040 seconds
Log-likelihood of BIONJ tree: -29979147.459
--------------------------------------------------------------------
|             INITIALIZING CANDIDATE TREE SET                      |
--------------------------------------------------------------------
Generating 98 parsimony trees... 1072.314 second
Computing log-likelihood of 98 initial trees ... 599.146 seconds
Current best score: -29979147.459

Do NNI search on 20 best initial trees
Estimate model parameters (epsilon = 0.100)
BETTER TREE FOUND at iteration 1: -29974791.421
Estimate model parameters (epsilon = 0.100)
BETTER TREE FOUND at iteration 2: -29974783.761
Iteration 10 / LogL: -29975511.504 / Time: 1h:18m:37s
Iteration 20 / LogL: -29974827.788 / Time: 1h:47m:30s
Finish initializing candidate tree set (15)
Current best tree score: -29974783.761 / CPU time: 5210.779
Number of iterations: 20
--------------------------------------------------------------------
|               OPTIMIZING CANDIDATE TREE SET                      |
--------------------------------------------------------------------
Iteration 30 / LogL: -29974783.770 / Time: 2h:5m:38s (5h:11m:31s left)
Iteration 40 / LogL: -29974804.662 / Time: 2h:24m:43s (3h:49m:49s left)
Iteration 50 / LogL: -29974904.813 / Time: 2h:43m:19s (2h:53m:8s left)
Log-likelihood cutoff on original alignment: -29975031.847
Iteration 60 / LogL: -29974815.496 / Time: 3h:2m:23s (2h:9m:42s left)
Iteration 70 / LogL: -29974809.266 / Time: 3h:20m:19s (1h:32m:49s left)
Iteration 80 / LogL: -29974827.832 / Time: 3h:38m:14s (1h:0m:43s left)
Iteration 90 / LogL: -29974791.620 / Time: 3h:54m:59s (0h:31m:39s left)
Iteration 100 / LogL: -29974796.270 / Time: 4h:12m:40s (0h:5m:6s left)
Log-likelihood cutoff on original alignment: -29975029.136
NOTE: Bootstrap correlation coefficient of split occurrence frequencies: 1.000
TREE SEARCH COMPLETED AFTER 103 ITERATIONS / Time: 4h:17m:26s

--------------------------------------------------------------------
|                    FINALIZING TREE SEARCH                        |
--------------------------------------------------------------------
Performs final model parameters optimization
Estimate model parameters (epsilon = 0.010)
1. Initial log-likelihood: -29974783.761
Optimal log-likelihood: -29974783.756
Rate parameters:  A-C: 0.99081  A-G: 5.31085  A-T: 0.59156  C-G: 1.24681  C-T: 5.29715  G-T: 1.00000
Base frequencies:  A: 0.280  C: 0.220  G: 0.219  T: 0.281
Proportion of invariable sites: 0.001
Site proportion and rates:  (0.092,0.898) (0.379,0.898) (0.494,0.899) (0.035,3.822)
Parameters optimization took 1 rounds (33.781 sec)
BEST SCORE FOUND : -29974783.756
Creating bootstrap support values...
Split supports printed to NEXUS file /home/erenada/BirdTree/Alignments/AllSites/Gap/m2/Jarvis_pi_m2_AllSISRS.phylip-relaxed.splits.nex
Total tree length: 3.532

Total number of iterations: 103
CPU time used for tree search: 144532.160 sec (40h:8m:52s)
Wall-clock time used for tree search: 14206.183 sec (3h:56m:46s)
Total CPU time used: 154300.521 sec (42h:51m:40s)
Total wall-clock time used: 15480.868 sec (4h:18m:0s)

Computing bootstrap consensus tree...
Reading input file /home/erenada/BirdTree/Alignments/AllSites/Gap/m2/Jarvis_pi_m2_AllSISRS.phylip-relaxed.splits.nex...
48 taxa and 122 splits.
Consensus tree written to /home/erenada/BirdTree/Alignments/AllSites/Gap/m2/Jarvis_pi_m2_AllSISRS.phylip-relaxed.contree
Reading input trees file /home/erenada/BirdTree/Alignments/AllSites/Gap/m2/Jarvis_pi_m2_AllSISRS.phylip-relaxed.contree
Log-likelihood of consensus tree: -29975055.698

Analysis results written to: 
  IQ-TREE report:                /home/erenada/BirdTree/Alignments/AllSites/Gap/m2/Jarvis_pi_m2_AllSISRS.phylip-relaxed.iqtree
  Maximum-likelihood tree:       /home/erenada/BirdTree/Alignments/AllSites/Gap/m2/Jarvis_pi_m2_AllSISRS.phylip-relaxed.treefile
  Likelihood distances:          /home/erenada/BirdTree/Alignments/AllSites/Gap/m2/Jarvis_pi_m2_AllSISRS.phylip-relaxed.mldist

Ultrafast bootstrap approximation results written to:
  Split support values:          /home/erenada/BirdTree/Alignments/AllSites/Gap/m2/Jarvis_pi_m2_AllSISRS.phylip-relaxed.splits.nex
  Consensus tree:                /home/erenada/BirdTree/Alignments/AllSites/Gap/m2/Jarvis_pi_m2_AllSISRS.phylip-relaxed.contree
  Screen log file:               /home/erenada/BirdTree/Alignments/AllSites/Gap/m2/Jarvis_pi_m2_AllSISRS.phylip-relaxed.log

Date and Time: Wed Jun  3 07:24:18 2020
