IQ-TREE multicore version 1.7-beta16 for Linux 64-bit built Sep 24 2019
Developed by Bui Quang Minh, Nguyen Lam Tung, Olga Chernomor,
Heiko Schmidt, Dominik Schrempf, Michael Woodhams.

Host:    n023.cluster.com (AVX, 125 GB RAM)
Command: iqtree -s /home/erenada/BirdTree/Alignments/AllSites/NoGap/m1/Jarvis_pi_m1_intergenic_nogap.phylip-relaxed -m GTR+I+R -B 1000 -nt AUTO
Seed:    337202 (Using SPRNG - Scalable Parallel Random Number Generator)
Time:    Wed Jun  3 22:14:15 2020
Kernel:  AVX - auto-detect threads (20 CPU cores detected)

Reading alignment file /home/erenada/BirdTree/Alignments/AllSites/NoGap/m1/Jarvis_pi_m1_intergenic_nogap.phylip-relaxed ... Phylip format detected
Alignment most likely contains DNA/RNA sequences
Alignment has 48 sequences with 478841 columns, 338545 distinct patterns
478841 parsimony-informative, 0 singleton sites, 0 constant sites
        Gap/Ambiguity  Composition  p-value
   1  AcaChl    0.97%    failed      0.00%
   2  AnaPla    1.55%    failed      4.54%
   3  AntCar    1.82%    failed      0.00%
   4  ApaVit    0.93%    passed     99.53%
   5  AptFor    0.70%    failed      0.00%
   6  BalReg    0.68%    failed      0.00%
   7  BucRhi    1.13%    failed      0.00%
   8  CalAnn    1.37%    passed     70.35%
   9  CarCri    0.68%    failed      0.00%
  10  CatAur    2.35%    failed      0.00%
  11  ChaPel    1.10%    failed      0.00%
  12  ChaVoc    0.73%    passed     92.40%
  13  ChlMac    0.67%    failed      1.00%
  14  ColLiv    1.12%    passed     84.60%
  15  ColStr    1.23%    failed      0.00%
  16  CorBra    0.70%    failed      0.00%
  17  CucCan    1.13%    failed      0.00%
  18  EgrGar    0.63%    failed      0.16%
  19  EurHel    0.90%    failed      0.02%
  20  FalPer    0.79%    failed      0.00%
  21  FulGla    0.56%    failed      0.00%
  22  GalGal    1.82%    failed      0.00%
  23  GavSte    0.70%    failed      0.00%
  24  GeoFor    0.87%    failed      0.00%
  25  HalAlb    0.77%    failed      0.47%
  26  HalLeu    0.30%    failed      0.10%
  27  LepDis    0.72%    failed      0.00%
  28  ManVit    0.93%    passed     10.28%
  29  MelGal    1.30%    failed      0.00%
  30  MelUnd    1.22%    passed     68.58%
  31  MerNub    1.14%    failed      0.00%
  32  MesUni    0.94%    passed      6.73%
  33  NesNot    0.83%    passed     75.40%
  34  NipNip    0.87%    failed      0.00%
  35  OpiHoa    0.67%    failed      0.16%
  36  PelCri    0.57%    failed      0.00%
  37  PhaCar    0.82%    failed      0.00%
  38  PhaLep    0.59%    passed     27.57%
  39  PhoRub    0.61%    failed      0.45%
  40  PicPub    3.67%    failed      0.00%
  41  PodCri    0.68%    failed      0.00%
  42  PteGut    0.75%    passed     87.13%
  43  PygAde    1.05%    failed      0.00%
  44  StrCam    1.04%    failed      0.00%
  45  TaeGut    1.44%    failed      0.00%
  46  TauEry    0.54%    failed      0.55%
  47  TinGut    7.19%    failed      0.00%
  48  TytAlb    0.80%    failed      0.00%
****  TOTAL     1.14%  38 sequences failed composition chi2 test (p-value<5%; df=3)
NOTE: minimal branch length is reduced to 0.000000208838 for long alignment

Create initial parsimony tree by phylogenetic likelihood library (PLL)... 1.488 seconds
Generating 1000 samples for ultrafast bootstrap (seed: 337202)...

NOTE: 3399 MB RAM (3 GB) is required!
Measuring multi-threading efficiency up to 20 CPU cores
2 trees examined
Threads: 1 / Time: 20.445 sec / Speedup: 1.000 / Efficiency: 100% / LogL: -8768230
Threads: 2 / Time: 10.057 sec / Speedup: 2.033 / Efficiency: 102% / LogL: -8768230
Threads: 3 / Time: 7.420 sec / Speedup: 2.755 / Efficiency: 92% / LogL: -8768230
Threads: 4 / Time: 5.613 sec / Speedup: 3.643 / Efficiency: 91% / LogL: -8768230
Threads: 5 / Time: 4.846 sec / Speedup: 4.219 / Efficiency: 84% / LogL: -8768230
Threads: 6 / Time: 4.673 sec / Speedup: 4.375 / Efficiency: 73% / LogL: -8768230
Threads: 7 / Time: 4.042 sec / Speedup: 5.058 / Efficiency: 72% / LogL: -8768230
Threads: 8 / Time: 4.059 sec / Speedup: 5.037 / Efficiency: 63% / LogL: -8768230
Threads: 9 / Time: 3.661 sec / Speedup: 5.585 / Efficiency: 62% / LogL: -8768230
Threads: 10 / Time: 3.555 sec / Speedup: 5.751 / Efficiency: 58% / LogL: -8768230
Threads: 11 / Time: 3.280 sec / Speedup: 6.234 / Efficiency: 57% / LogL: -8768230
Threads: 12 / Time: 3.125 sec / Speedup: 6.542 / Efficiency: 55% / LogL: -8768230
Threads: 13 / Time: 2.812 sec / Speedup: 7.271 / Efficiency: 56% / LogL: -8768230
Threads: 14 / Time: 2.685 sec / Speedup: 7.615 / Efficiency: 54% / LogL: -8768230
Threads: 15 / Time: 2.539 sec / Speedup: 8.052 / Efficiency: 54% / LogL: -8768230
Threads: 16 / Time: 2.490 sec / Speedup: 8.211 / Efficiency: 51% / LogL: -8768230
Threads: 17 / Time: 2.467 sec / Speedup: 8.287 / Efficiency: 49% / LogL: -8768230
BEST NUMBER OF THREADS: 15

Estimate model parameters (epsilon = 0.100)
1. Initial log-likelihood: -7825018.297
2. Current log-likelihood: -7160877.590
3. Current log-likelihood: -7153450.135
4. Current log-likelihood: -7146560.583
5. Current log-likelihood: -7144081.366
6. Current log-likelihood: -7143832.171
7. Current log-likelihood: -7143818.758
8. Current log-likelihood: -7143817.918
9. Current log-likelihood: -7143817.759
Optimal log-likelihood: -7143817.708
Rate parameters:  A-C: 0.97282  A-G: 5.26679  A-T: 0.62031  C-G: 1.21788  C-T: 5.25450  G-T: 1.00000
Base frequencies:  A: 0.278  C: 0.223  G: 0.222  T: 0.278
Proportion of invariable sites: 0.000
Site proportion and rates:  (0.091,0.931) (0.376,0.931) (0.511,0.931) (0.022,4.092)
Parameters optimization took 9 rounds (199.060 sec)
Computing ML distances based on estimated model parameters... 19.638 sec
Computing BIONJ tree...
0.031 seconds
Log-likelihood of BIONJ tree: -7142794.091
--------------------------------------------------------------------
|             INITIALIZING CANDIDATE TREE SET                      |
--------------------------------------------------------------------
Generating 98 parsimony trees... 271.934 second
Computing log-likelihood of 98 initial trees ... 120.342 seconds
Current best score: -7142794.091

Do NNI search on 20 best initial trees
Estimate model parameters (epsilon = 0.100)
BETTER TREE FOUND at iteration 1: -7141702.426
Iteration 10 / LogL: -7142155.240 / Time: 0h:15m:57s
Iteration 20 / LogL: -7142104.909 / Time: 0h:20m:56s
Finish initializing candidate tree set (19)
Current best tree score: -7141702.426 / CPU time: 951.222
Number of iterations: 20
--------------------------------------------------------------------
|               OPTIMIZING CANDIDATE TREE SET                      |
--------------------------------------------------------------------
Iteration 30 / LogL: -7141731.753 / Time: 0h:24m:25s (0h:59m:42s left)
Iteration 40 / LogL: -7141702.468 / Time: 0h:28m:9s (0h:43m:59s left)
Iteration 50 / LogL: -7141731.753 / Time: 0h:31m:44s (0h:33m:0s left)
Log-likelihood cutoff on original alignment: -7141942.413
Iteration 60 / LogL: -7141736.452 / Time: 0h:35m:6s (0h:24m:22s left)
Iteration 70 / LogL: -7141903.734 / Time: 0h:38m:17s (0h:17m:10s left)
Iteration 80 / LogL: -7141702.430 / Time: 0h:41m:41s (0h:11m:4s left)
Iteration 90 / LogL: -7141705.459 / Time: 0h:45m:17s (0h:5m:35s left)
Iteration 100 / LogL: -7141702.671 / Time: 0h:48m:45s (0h:0m:29s left)
Log-likelihood cutoff on original alignment: -7141942.413
NOTE: Bootstrap correlation coefficient of split occurrence frequencies: 1.000
TREE SEARCH COMPLETED AFTER 102 ITERATIONS / Time: 0h:49m:32s

--------------------------------------------------------------------
|                    FINALIZING TREE SEARCH                        |
--------------------------------------------------------------------
Performs final model parameters optimization
Estimate model parameters (epsilon = 0.010)
1. Initial log-likelihood: -7141702.426
2. Current log-likelihood: -7141702.383
3. Current log-likelihood: -7141702.348
4. Current log-likelihood: -7141702.308
5. Current log-likelihood: -7141702.275
6. Current log-likelihood: -7141702.238
7. Current log-likelihood: -7141702.208
8. Current log-likelihood: -7141702.173
9. Current log-likelihood: -7141702.144
10. Current log-likelihood: -7141702.111
11. Current log-likelihood: -7141702.084
12. Current log-likelihood: -7141702.052
13. Current log-likelihood: -7141702.027
14. Current log-likelihood: -7141701.997
15. Current log-likelihood: -7141701.973
16. Current log-likelihood: -7141701.945
17. Current log-likelihood: -7141701.923
18. Current log-likelihood: -7141701.896
19. Current log-likelihood: -7141701.875
20. Current log-likelihood: -7141701.850
21. Current log-likelihood: -7141701.831
22. Current log-likelihood: -7141701.807
23. Current log-likelihood: -7141701.789
24. Current log-likelihood: -7141701.767
25. Current log-likelihood: -7141701.750
26. Current log-likelihood: -7141701.729
27. Current log-likelihood: -7141701.713
28. Current log-likelihood: -7141701.694
29. Current log-likelihood: -7141701.680
30. Current log-likelihood: -7141701.661
31. Current log-likelihood: -7141701.647
32. Current log-likelihood: -7141701.630
33. Current log-likelihood: -7141701.617
34. Current log-likelihood: -7141701.601
35. Current log-likelihood: -7141701.589
36. Current log-likelihood: -7141701.574
37. Current log-likelihood: -7141701.563
38. Current log-likelihood: -7141701.548
39. Current log-likelihood: -7141701.537
40. Current log-likelihood: -7141701.524
Optimal log-likelihood: -7141701.515
Rate parameters:  A-C: 0.97539  A-G: 5.28130  A-T: 0.62206  C-G: 1.22053  C-T: 5.26963  G-T: 1.00000
Base frequencies:  A: 0.278  C: 0.223  G: 0.222  T: 0.278
Proportion of invariable sites: 0.000
Site proportion and rates:  (0.091,0.931) (0.376,0.931) (0.511,0.931) (0.022,4.090)
Parameters optimization took 40 rounds (321.415 sec)
BEST SCORE FOUND : -7141701.515
Creating bootstrap support values...
Split supports printed to NEXUS file /home/erenada/BirdTree/Alignments/AllSites/NoGap/m1/Jarvis_pi_m1_intergenic_nogap.phylip-relaxed.splits.nex
Total tree length: 3.206

Total number of iterations: 102
CPU time used for tree search: 33786.596 sec (9h:23m:6s)
Wall-clock time used for tree search: 2667.110 sec (0h:44m:27s)
Total CPU time used: 40542.952 sec (11h:15m:42s)
Total wall-clock time used: 3293.948 sec (0h:54m:53s)

Computing bootstrap consensus tree...
Reading input file /home/erenada/BirdTree/Alignments/AllSites/NoGap/m1/Jarvis_pi_m1_intergenic_nogap.phylip-relaxed.splits.nex...
48 taxa and 161 splits.
Consensus tree written to /home/erenada/BirdTree/Alignments/AllSites/NoGap/m1/Jarvis_pi_m1_intergenic_nogap.phylip-relaxed.contree
Reading input trees file /home/erenada/BirdTree/Alignments/AllSites/NoGap/m1/Jarvis_pi_m1_intergenic_nogap.phylip-relaxed.contree
Log-likelihood of consensus tree: -7141705.359

Analysis results written to: 
  IQ-TREE report:                /home/erenada/BirdTree/Alignments/AllSites/NoGap/m1/Jarvis_pi_m1_intergenic_nogap.phylip-relaxed.iqtree
  Maximum-likelihood tree:       /home/erenada/BirdTree/Alignments/AllSites/NoGap/m1/Jarvis_pi_m1_intergenic_nogap.phylip-relaxed.treefile
  Likelihood distances:          /home/erenada/BirdTree/Alignments/AllSites/NoGap/m1/Jarvis_pi_m1_intergenic_nogap.phylip-relaxed.mldist

Ultrafast bootstrap approximation results written to:
  Split support values:          /home/erenada/BirdTree/Alignments/AllSites/NoGap/m1/Jarvis_pi_m1_intergenic_nogap.phylip-relaxed.splits.nex
  Consensus tree:                /home/erenada/BirdTree/Alignments/AllSites/NoGap/m1/Jarvis_pi_m1_intergenic_nogap.phylip-relaxed.contree
  Screen log file:               /home/erenada/BirdTree/Alignments/AllSites/NoGap/m1/Jarvis_pi_m1_intergenic_nogap.phylip-relaxed.log

Date and Time: Wed Jun  3 23:09:19 2020
