IQ-TREE multicore version 1.7-beta16 for Linux 64-bit built Sep 24 2019
Developed by Bui Quang Minh, Nguyen Lam Tung, Olga Chernomor,
Heiko Schmidt, Dominik Schrempf, Michael Woodhams.

Host:    n020.cluster.com (AVX, 125 GB RAM)
Command: iqtree -s /home/erenada/BirdTree/Alignments/AllSites/NoGap/m3/Jarvis_pi_m3_pseudogene_nogap.phylip-relaxed -m GTR+I+R -B 1000 -nt AUTO
Seed:    840222 (Using SPRNG - Scalable Parallel Random Number Generator)
Time:    Thu Jun  4 17:40:01 2020
Kernel:  AVX - auto-detect threads (20 CPU cores detected)

Reading alignment file /home/erenada/BirdTree/Alignments/AllSites/NoGap/m3/Jarvis_pi_m3_pseudogene_nogap.phylip-relaxed ... Phylip format detected
Alignment most likely contains DNA/RNA sequences
Alignment has 48 sequences with 5546 columns, 5448 distinct patterns
5546 parsimony-informative, 0 singleton sites, 0 constant sites
        Gap/Ambiguity  Composition  p-value
   1  AcaChl    5.57%    failed      0.60%
   2  AnaPla    4.40%    passed     94.29%
   3  AntCar    3.86%    passed     46.90%
   4  ApaVit    2.94%    passed     68.44%
   5  AptFor    2.33%    passed     55.12%
   6  BalReg    1.37%    passed     50.29%
   7  BucRhi    2.42%    failed      3.06%
   8  CalAnn    1.95%    passed     52.19%
   9  CarCri    1.42%    passed     92.04%
  10  CatAur    4.63%    passed     37.09%
  11  ChaPel    3.57%    passed     92.04%
  12  ChaVoc    1.71%    passed     82.51%
  13  ChlMac    1.55%    passed     78.65%
  14  ColLiv    2.87%    passed     45.95%
  15  ColStr    3.44%    passed     84.45%
  16  CorBra    1.82%    failed      0.06%
  17  CucCan    3.61%    passed     46.05%
  18  EgrGar    1.28%    passed     98.42%
  19  EurHel    2.87%    passed     18.83%
  20  FalPer    1.24%    passed     67.16%
  21  FulGla    1.05%    passed     44.39%
  22  GalGal    3.30%    passed     87.59%
  23  GavSte    1.03%    passed     24.96%
  24  GeoFor    3.23%    failed      0.00%
  25  HalAlb    3.01%    passed     43.22%
  26  HalLeu    0.69%    passed     46.07%
  27  LepDis    1.53%    passed     82.55%
  28  ManVit    3.16%    passed     13.36%
  29  MelGal    4.69%    passed     58.23%
  30  MelUnd    3.61%    passed     31.74%
  31  MerNub    3.12%    failed      0.03%
  32  MesUni    1.89%    passed     93.26%
  33  NesNot    1.64%    passed     62.87%
  34  NipNip    1.97%    passed     14.73%
  35  OpiHoa    4.62%    passed     30.69%
  36  PelCri    1.15%    passed     22.01%
  37  PhaCar    1.50%    passed     81.25%
  38  PhaLep    0.96%    passed     81.03%
  39  PhoRub    1.32%    passed     73.32%
  40  PicPub    4.99%    failed      1.43%
  41  PodCri    1.53%    passed     87.41%
  42  PteGut    2.29%    passed     99.62%
  43  PygAde    2.33%    passed     37.57%
  44  StrCam    4.18%    passed     27.58%
  45  TaeGut    2.94%    failed      1.35%
  46  TauEry    1.24%    passed     94.27%
  47  TinGut   18.03%    passed      7.63%
  48  TytAlb    1.60%    passed     19.44%
****  TOTAL     2.86%  7 sequences failed composition chi2 test (p-value<5%; df=3)

Create initial parsimony tree by phylogenetic likelihood library (PLL)... 0.018 seconds
Generating 1000 samples for ultrafast bootstrap (seed: 840222)...

NOTE: 54 MB RAM (0 GB) is required!
Measuring multi-threading efficiency up to 20 CPU cores
Increase to 10 rounds for branch lengths
35 trees examined
Threads: 1 / Time: 20.217 sec / Speedup: 1.000 / Efficiency: 100% / LogL: -112130
Threads: 2 / Time: 15.762 sec / Speedup: 1.283 / Efficiency: 64% / LogL: -112130
Threads: 3 / Time: 11.830 sec / Speedup: 1.709 / Efficiency: 57% / LogL: -112130
Threads: 4 / Time: 8.857 sec / Speedup: 2.283 / Efficiency: 57% / LogL: -112130
Threads: 5 / Time: 7.778 sec / Speedup: 2.599 / Efficiency: 52% / LogL: -112130
Threads: 6 / Time: 7.128 sec / Speedup: 2.836 / Efficiency: 47% / LogL: -112130
BEST NUMBER OF THREADS: 5

Estimate model parameters (epsilon = 0.100)
1. Initial log-likelihood: -101042.342
2. Current log-likelihood: -91757.306
3. Current log-likelihood: -91645.664
4. Current log-likelihood: -91633.710
5. Current log-likelihood: -91632.726
Optimal log-likelihood: -91632.644
Rate parameters:  A-C: 1.02506  A-G: 6.13855  A-T: 0.64897  C-G: 1.32064  C-T: 6.25086  G-T: 1.00000
Base frequencies:  A: 0.281  C: 0.214  G: 0.227  T: 0.278
Proportion of invariable sites: 0.000
Site proportion and rates:  (0.095,0.844) (0.385,0.846) (0.465,0.850) (0.055,3.597)
Parameters optimization took 5 rounds (1.666 sec)
Computing ML distances based on estimated model parameters... 0.133 sec
Computing BIONJ tree...
0.031 seconds
Log-likelihood of BIONJ tree: -91600.841
--------------------------------------------------------------------
|             INITIALIZING CANDIDATE TREE SET                      |
--------------------------------------------------------------------
Generating 98 parsimony trees... 2.246 second
Computing log-likelihood of 98 initial trees ... 2.110 seconds
Current best score: -91571.425

Do NNI search on 20 best initial trees
Estimate model parameters (epsilon = 0.100)
BETTER TREE FOUND at iteration 1: -91538.654
Estimate model parameters (epsilon = 0.100)
BETTER TREE FOUND at iteration 2: -91531.597
Estimate model parameters (epsilon = 0.100)
BETTER TREE FOUND at iteration 4: -91531.378
Iteration 10 / LogL: -91532.995 / Time: 0h:1m:22s
Estimate model parameters (epsilon = 0.100)
BETTER TREE FOUND at iteration 17: -91528.510
Iteration 20 / LogL: -91551.088 / Time: 0h:1m:27s
Finish initializing candidate tree set (18)
Current best tree score: -91528.510 / CPU time: 14.150
Number of iterations: 20
--------------------------------------------------------------------
|               OPTIMIZING CANDIDATE TREE SET                      |
--------------------------------------------------------------------
Estimate model parameters (epsilon = 0.100)
BETTER TREE FOUND at iteration 22: -91527.840
Estimate model parameters (epsilon = 0.100)
BETTER TREE FOUND at iteration 25: -91526.507
Iteration 30 / LogL: -91526.507 / Time: 0h:1m:32s (0h:5m:2s left)
Estimate model parameters (epsilon = 0.100)
BETTER TREE FOUND at iteration 40: -91524.202
Iteration 40 / LogL: -91524.202 / Time: 0h:1m:36s (0h:4m:7s left)
Iteration 50 / LogL: -91538.084 / Time: 0h:1m:40s (0h:3m:5s left)
Log-likelihood cutoff on original alignment: -91573.522
Iteration 60 / LogL: -91526.969 / Time: 0h:1m:45s (0h:2m:22s left)
Iteration 70 / LogL: -91525.571 / Time: 0h:1m:49s (0h:1m:51s left)
Iteration 80 / LogL: -91526.551 / Time: 0h:1m:53s (0h:1m:26s left)
Iteration 90 / LogL: -91524.209 / Time: 0h:1m:58s (0h:1m:6s left)
Iteration 100 / LogL: -91524.297 / Time: 0h:2m:2s (0h:0m:49s left)
Log-likelihood cutoff on original alignment: -91573.522
NOTE: Bootstrap correlation coefficient of split occurrence frequencies: 0.997
Iteration 110 / LogL: -91527.844 / Time: 0h:2m:6s (0h:1m:44s left)
Iteration 120 / LogL: -91525.572 / Time: 0h:2m:10s (0h:1m:27s left)
Iteration 130 / LogL: -91524.208 / Time: 0h:2m:15s (0h:1m:13s left)
UPDATE BEST LOG-LIKELIHOOD: -91524.202
Iteration 140 / LogL: -91555.632 / Time: 0h:2m:19s (0h:1m:0s left)
TREE SEARCH COMPLETED AFTER 141 ITERATIONS / Time: 0h:2m:19s

--------------------------------------------------------------------
|                    FINALIZING TREE SEARCH                        |
--------------------------------------------------------------------
Performs final model parameters optimization
Estimate model parameters (epsilon = 0.010)
1. Initial log-likelihood: -91524.202
Optimal log-likelihood: -91524.196
Rate parameters:  A-C: 1.02407  A-G: 6.15243  A-T: 0.64852  C-G: 1.32374  C-T: 6.24181  G-T: 1.00000
Base frequencies:  A: 0.281  C: 0.214  G: 0.227  T: 0.278
Proportion of invariable sites: 0.000
Site proportion and rates:  (0.095,0.848) (0.385,0.848) (0.465,0.848) (0.055,3.604)
Parameters optimization took 1 rounds (0.174 sec)
BEST SCORE FOUND : -91524.196
Creating bootstrap support values...
Split supports printed to NEXUS file /home/erenada/BirdTree/Alignments/AllSites/NoGap/m3/Jarvis_pi_m3_pseudogene_nogap.phylip-relaxed.splits.nex
Total tree length: 4.001

Total number of iterations: 141
CPU time used for tree search: 316.387 sec (0h:5m:16s)
Wall-clock time used for tree search: 66.169 sec (0h:1m:6s)
Total CPU time used: 530.390 sec (0h:8m:50s)
Total wall-clock time used: 140.096 sec (0h:2m:20s)

Computing bootstrap consensus tree...
Reading input file /home/erenada/BirdTree/Alignments/AllSites/NoGap/m3/Jarvis_pi_m3_pseudogene_nogap.phylip-relaxed.splits.nex...
48 taxa and 529 splits.
Consensus tree written to /home/erenada/BirdTree/Alignments/AllSites/NoGap/m3/Jarvis_pi_m3_pseudogene_nogap.phylip-relaxed.contree
Reading input trees file /home/erenada/BirdTree/Alignments/AllSites/NoGap/m3/Jarvis_pi_m3_pseudogene_nogap.phylip-relaxed.contree
Log-likelihood of consensus tree: -91524.288

Analysis results written to: 
  IQ-TREE report:                /home/erenada/BirdTree/Alignments/AllSites/NoGap/m3/Jarvis_pi_m3_pseudogene_nogap.phylip-relaxed.iqtree
  Maximum-likelihood tree:       /home/erenada/BirdTree/Alignments/AllSites/NoGap/m3/Jarvis_pi_m3_pseudogene_nogap.phylip-relaxed.treefile
  Likelihood distances:          /home/erenada/BirdTree/Alignments/AllSites/NoGap/m3/Jarvis_pi_m3_pseudogene_nogap.phylip-relaxed.mldist

Ultrafast bootstrap approximation results written to:
  Split support values:          /home/erenada/BirdTree/Alignments/AllSites/NoGap/m3/Jarvis_pi_m3_pseudogene_nogap.phylip-relaxed.splits.nex
  Consensus tree:                /home/erenada/BirdTree/Alignments/AllSites/NoGap/m3/Jarvis_pi_m3_pseudogene_nogap.phylip-relaxed.contree
  Screen log file:               /home/erenada/BirdTree/Alignments/AllSites/NoGap/m3/Jarvis_pi_m3_pseudogene_nogap.phylip-relaxed.log

Date and Time: Thu Jun  4 17:42:22 2020
