IQ-TREE multicore version 1.7-beta16 for Linux 64-bit built Sep 24 2019
Developed by Bui Quang Minh, Nguyen Lam Tung, Olga Chernomor,
Heiko Schmidt, Dominik Schrempf, Michael Woodhams.

Host:    n026.cluster.com (AVX, 125 GB RAM)
Command: iqtree -s /home/erenada/BirdTree/Alignments/AllSites/NoGap/m4/Jarvis_pi_m4_gene_nogap.phylip-relaxed -m GTR+I+R -B 1000 -nt AUTO
Seed:    65333 (Using SPRNG - Scalable Parallel Random Number Generator)
Time:    Thu Jun  4 05:33:33 2020
Kernel:  AVX - auto-detect threads (20 CPU cores detected)

Reading alignment file /home/erenada/BirdTree/Alignments/AllSites/NoGap/m4/Jarvis_pi_m4_gene_nogap.phylip-relaxed ... Phylip format detected
Alignment most likely contains DNA/RNA sequences
Alignment has 48 sequences with 1051814 columns, 887265 distinct patterns
1051814 parsimony-informative, 0 singleton sites, 0 constant sites
        Gap/Ambiguity  Composition  p-value
   1  AcaChl    3.74%    failed      0.00%
   2  AnaPla    4.60%    passed     71.68%
   3  AntCar    4.07%    failed      0.00%
   4  ApaVit    3.24%    failed      0.00%
   5  AptFor    2.32%    failed      0.00%
   6  BalReg    1.77%    failed      0.00%
   7  BucRhi    3.55%    failed      0.00%
   8  CalAnn    4.10%    failed      0.00%
   9  CarCri    2.19%    failed      0.00%
  10  CatAur    5.71%    failed      0.00%
  11  ChaPel    3.19%    failed      0.00%
  12  ChaVoc    1.75%    failed      0.00%
  13  ChlMac    2.09%    passed     62.91%
  14  ColLiv    3.02%    failed      0.00%
  15  ColStr    3.98%    failed      0.00%
  16  CorBra    2.91%    failed      0.00%
  17  CucCan    3.15%    failed      0.00%
  18  EgrGar    1.62%    failed      1.33%
  19  EurHel    2.85%    failed      0.00%
  20  FalPer    2.65%    failed      0.00%
  21  FulGla    1.46%    failed      0.00%
  22  GalGal    4.17%    failed      0.00%
  23  GavSte    1.85%    failed      0.00%
  24  GeoFor    4.69%    failed      0.00%
  25  HalAlb    2.48%    failed      0.00%
  26  HalLeu    0.87%    failed      0.00%
  27  LepDis    1.84%    failed      0.00%
  28  ManVit    3.37%    failed      0.00%
  29  MelGal    4.66%    failed      1.35%
  30  MelUnd    3.58%    failed      0.08%
  31  MerNub    3.75%    failed      0.00%
  32  MesUni    2.87%    failed      0.00%
  33  NesNot    2.56%    passed     97.98%
  34  NipNip    1.91%    failed      0.00%
  35  OpiHoa    2.19%    failed      0.00%
  36  PelCri    1.47%    failed      0.00%
  37  PhaCar    2.46%    failed      0.00%
  38  PhaLep    1.52%    failed      0.00%
  39  PhoRub    1.52%    failed      0.00%
  40  PicPub    8.54%    failed      0.00%
  41  PodCri    2.08%    failed      0.00%
  42  PteGut    2.30%    failed      0.20%
  43  PygAde    2.38%    failed      0.00%
  44  StrCam    5.55%    failed      0.00%
  45  TaeGut    5.23%    failed      0.00%
  46  TauEry    1.63%    failed      0.37%
  47  TinGut   20.26%    failed      0.00%
  48  TytAlb    2.58%    failed      0.00%
****  TOTAL     3.38%  45 sequences failed composition chi2 test (p-value<5%; df=3)
NOTE: minimal branch length is reduced to 0.000000095074 for long alignment

Create initial parsimony tree by phylogenetic likelihood library (PLL)... 6.545 seconds
Generating 1000 samples for ultrafast bootstrap (seed: 65333)...

NOTE: 8908 MB RAM (8 GB) is required!
Measuring multi-threading efficiency up to 20 CPU cores
2 trees examined
Threads: 1 / Time: 42.473 sec / Speedup: 1.000 / Efficiency: 100% / LogL: -20756865
Threads: 2 / Time: 26.810 sec / Speedup: 1.584 / Efficiency: 79% / LogL: -20756865
Threads: 3 / Time: 20.504 sec / Speedup: 2.071 / Efficiency: 69% / LogL: -20756865
Threads: 4 / Time: 17.290 sec / Speedup: 2.456 / Efficiency: 61% / LogL: -20756865
Threads: 5 / Time: 14.371 sec / Speedup: 2.956 / Efficiency: 59% / LogL: -20756865
Threads: 6 / Time: 11.655 sec / Speedup: 3.644 / Efficiency: 61% / LogL: -20756865
Threads: 7 / Time: 10.935 sec / Speedup: 3.884 / Efficiency: 55% / LogL: -20756865
Threads: 8 / Time: 9.533 sec / Speedup: 4.455 / Efficiency: 56% / LogL: -20756865
Threads: 9 / Time: 9.911 sec / Speedup: 4.286 / Efficiency: 48% / LogL: -20756865
BEST NUMBER OF THREADS: 8

Estimate model parameters (epsilon = 0.100)
1. Initial log-likelihood: -18623700.915
2. Current log-likelihood: -16971160.662
3. Current log-likelihood: -16948572.531
4. Current log-likelihood: -16945556.062
5. Current log-likelihood: -16945311.814
6. Current log-likelihood: -16945291.701
7. Current log-likelihood: -16945290.845
Optimal log-likelihood: -16945290.754
Rate parameters:  A-C: 0.99945  A-G: 5.41743  A-T: 0.52967  C-G: 1.29067  C-T: 5.37948  G-T: 1.00000
Base frequencies:  A: 0.284  C: 0.214  G: 0.214  T: 0.288
Proportion of invariable sites: 0.000
Site proportion and rates:  (0.094,0.858) (0.381,0.858) (0.473,0.862) (0.052,3.564)
Parameters optimization took 7 rounds (644.104 sec)
Computing ML distances based on estimated model parameters... 53.521 sec
Computing BIONJ tree...
0.061 seconds
Log-likelihood of BIONJ tree: -16938015.239
--------------------------------------------------------------------
|             INITIALIZING CANDIDATE TREE SET                      |
--------------------------------------------------------------------
Generating 98 parsimony trees... 626.509 second
Computing log-likelihood of 98 initial trees ... 452.142 seconds
Current best score: -16938015.239

Do NNI search on 20 best initial trees
Estimate model parameters (epsilon = 0.100)
BETTER TREE FOUND at iteration 1: -16935284.289
Estimate model parameters (epsilon = 0.100)
BETTER TREE FOUND at iteration 3: -16934649.542
Iteration 10 / LogL: -16935136.141 / Time: 0h:55m:14s
Estimate model parameters (epsilon = 0.100)
BETTER TREE FOUND at iteration 11: -16934511.731
Iteration 20 / LogL: -16936672.000 / Time: 1h:16m:16s
Finish initializing candidate tree set (20)
Current best tree score: -16934511.731 / CPU time: 3715.792
Number of iterations: 20
--------------------------------------------------------------------
|               OPTIMIZING CANDIDATE TREE SET                      |
--------------------------------------------------------------------
Iteration 30 / LogL: -16934559.338 / Time: 1h:28m:47s (4h:7m:36s left)
Iteration 40 / LogL: -16934533.004 / Time: 1h:41m:28s (3h:4m:29s left)
Iteration 50 / LogL: -16934558.512 / Time: 1h:55m:52s (2h:24m:5s left)
Log-likelihood cutoff on original alignment: -16934902.541
Iteration 60 / LogL: -16934955.373 / Time: 2h:9m:30s (1h:51m:50s left)
Iteration 70 / LogL: -16934575.228 / Time: 2h:22m:58s (1h:24m:52s left)
Iteration 80 / LogL: -16934558.536 / Time: 2h:35m:59s (1h:1m:9s left)
Iteration 90 / LogL: -16934512.035 / Time: 2h:50m:8s (0h:40m:6s left)
Iteration 100 / LogL: -16934586.872 / Time: 3h:4m:4s (0h:20m:26s left)
Log-likelihood cutoff on original alignment: -16934831.196
NOTE: Bootstrap correlation coefficient of split occurrence frequencies: 0.994
Iteration 110 / LogL: -16934517.555 / Time: 3h:17m:34s (2h:43m:1s left)
TREE SEARCH COMPLETED AFTER 112 ITERATIONS / Time: 3h:20m:8s

--------------------------------------------------------------------
|                    FINALIZING TREE SEARCH                        |
--------------------------------------------------------------------
Performs final model parameters optimization
Estimate model parameters (epsilon = 0.010)
1. Initial log-likelihood: -16934511.731
2. Current log-likelihood: -16934511.713
3. Current log-likelihood: -16934511.698
4. Current log-likelihood: -16934511.682
Optimal log-likelihood: -16934511.672
Rate parameters:  A-C: 1.00003  A-G: 5.42387  A-T: 0.53022  C-G: 1.29155  C-T: 5.38365  G-T: 1.00000
Base frequencies:  A: 0.284  C: 0.214  G: 0.214  T: 0.288
Proportion of invariable sites: 0.000
Site proportion and rates:  (0.381,0.859) (0.094,0.859) (0.473,0.862) (0.052,3.567)
Parameters optimization took 4 rounds (123.727 sec)
BEST SCORE FOUND : -16934511.672
Creating bootstrap support values...
Split supports printed to NEXUS file /home/erenada/BirdTree/Alignments/AllSites/NoGap/m4/Jarvis_pi_m4_gene_nogap.phylip-relaxed.splits.nex
Total tree length: 3.827

Total number of iterations: 112
CPU time used for tree search: 76453.221 sec (21h:14m:13s)
Wall-clock time used for tree search: 11147.365 sec (3h:5m:47s)
Total CPU time used: 82123.998 sec (22h:48m:43s)
Total wall-clock time used: 12133.161 sec (3h:22m:13s)

Computing bootstrap consensus tree...
Reading input file /home/erenada/BirdTree/Alignments/AllSites/NoGap/m4/Jarvis_pi_m4_gene_nogap.phylip-relaxed.splits.nex...
48 taxa and 131 splits.
Consensus tree written to /home/erenada/BirdTree/Alignments/AllSites/NoGap/m4/Jarvis_pi_m4_gene_nogap.phylip-relaxed.contree
Reading input trees file /home/erenada/BirdTree/Alignments/AllSites/NoGap/m4/Jarvis_pi_m4_gene_nogap.phylip-relaxed.contree
Log-likelihood of consensus tree: -16934511.672

Analysis results written to: 
  IQ-TREE report:                /home/erenada/BirdTree/Alignments/AllSites/NoGap/m4/Jarvis_pi_m4_gene_nogap.phylip-relaxed.iqtree
  Maximum-likelihood tree:       /home/erenada/BirdTree/Alignments/AllSites/NoGap/m4/Jarvis_pi_m4_gene_nogap.phylip-relaxed.treefile
  Likelihood distances:          /home/erenada/BirdTree/Alignments/AllSites/NoGap/m4/Jarvis_pi_m4_gene_nogap.phylip-relaxed.mldist

Ultrafast bootstrap approximation results written to:
  Split support values:          /home/erenada/BirdTree/Alignments/AllSites/NoGap/m4/Jarvis_pi_m4_gene_nogap.phylip-relaxed.splits.nex
  Consensus tree:                /home/erenada/BirdTree/Alignments/AllSites/NoGap/m4/Jarvis_pi_m4_gene_nogap.phylip-relaxed.contree
  Screen log file:               /home/erenada/BirdTree/Alignments/AllSites/NoGap/m4/Jarvis_pi_m4_gene_nogap.phylip-relaxed.log

Date and Time: Thu Jun  4 08:56:22 2020
