IQ-TREE multicore version 1.7-beta16 for Linux 64-bit built Sep 24 2019
Developed by Bui Quang Minh, Nguyen Lam Tung, Olga Chernomor,
Heiko Schmidt, Dominik Schrempf, Michael Woodhams.

Host:    n023.cluster.com (AVX, 125 GB RAM)
Command: iqtree -s /home/erenada/BirdTree/Alignments/AllSites/NoGap/m2/Jarvis_pi_m2_intergenic_nogap.phylip-relaxed -m GTR+I+R -B 1000 -nt AUTO
Seed:    943890 (Using SPRNG - Scalable Parallel Random Number Generator)
Time:    Wed Jun  3 23:09:19 2020
Kernel:  AVX - auto-detect threads (20 CPU cores detected)

Reading alignment file /home/erenada/BirdTree/Alignments/AllSites/NoGap/m2/Jarvis_pi_m2_intergenic_nogap.phylip-relaxed ... Phylip format detected
Alignment most likely contains DNA/RNA sequences
Alignment has 48 sequences with 684358 columns, 538857 distinct patterns
684358 parsimony-informative, 0 singleton sites, 0 constant sites
        Gap/Ambiguity  Composition  p-value
   1  AcaChl    1.89%    failed      0.00%
   2  AnaPla    2.84%    failed      0.38%
   3  AntCar    2.96%    failed      0.00%
   4  ApaVit    1.71%    passed     95.54%
   5  AptFor    1.34%    failed      0.00%
   6  BalReg    1.15%    failed      0.00%
   7  BucRhi    2.02%    failed      0.00%
   8  CalAnn    2.61%    failed      0.82%
   9  CarCri    1.26%    failed      0.00%
  10  CatAur    3.95%    failed      0.00%
  11  ChaPel    2.09%    failed      0.00%
  12  ChaVoc    1.20%    passed     59.75%
  13  ChlMac    1.22%    failed      0.01%
  14  ColLiv    1.95%    passed     53.20%
  15  ColStr    2.37%    failed      0.00%
  16  CorBra    1.31%    failed      0.00%
  17  CucCan    2.07%    failed      0.00%
  18  EgrGar    1.07%    failed      0.00%
  19  EurHel    1.62%    failed      0.00%
  20  FalPer    1.47%    failed      0.00%
  21  FulGla    0.97%    failed      0.00%
  22  GalGal    2.97%    failed      0.00%
  23  GavSte    1.23%    failed      0.00%
  24  GeoFor    1.91%    failed      0.00%
  25  HalAlb    1.41%    failed      0.23%
  26  HalLeu    0.53%    failed      0.01%
  27  LepDis    1.21%    failed      0.00%
  28  ManVit    1.75%    failed      1.62%
  29  MelGal    2.65%    failed      0.00%
  30  MelUnd    2.27%    passed     28.65%
  31  MerNub    2.09%    failed      0.00%
  32  MesUni    1.66%    failed      0.57%
  33  NesNot    1.55%    passed     67.51%
  34  NipNip    1.41%    failed      0.00%
  35  OpiHoa    1.16%    failed      0.00%
  36  PelCri    0.97%    failed      0.00%
  37  PhaCar    1.47%    failed      0.01%
  38  PhaLep    1.04%    passed     37.22%
  39  PhoRub    1.07%    failed      0.00%
  40  PicPub    6.43%    failed      0.00%
  41  PodCri    1.25%    failed      0.00%
  42  PteGut    1.39%    passed     88.39%
  43  PygAde    1.75%    failed      0.00%
  44  StrCam    2.51%    failed      0.00%
  45  TaeGut    2.75%    failed      0.00%
  46  TauEry    0.93%    failed      0.00%
  47  TinGut   12.33%    failed      0.00%
  48  TytAlb    1.53%    failed      0.00%
****  TOTAL     2.05%  41 sequences failed composition chi2 test (p-value<5%; df=3)
NOTE: minimal branch length is reduced to 0.000000146122 for long alignment

Create initial parsimony tree by phylogenetic likelihood library (PLL)... 3.460 seconds
Generating 1000 samples for ultrafast bootstrap (seed: 943890)...

NOTE: 5410 MB RAM (5 GB) is required!
Measuring multi-threading efficiency up to 20 CPU cores
2 trees examined
Threads: 1 / Time: 23.484 sec / Speedup: 1.000 / Efficiency: 100% / LogL: -12772043
Threads: 2 / Time: 13.772 sec / Speedup: 1.705 / Efficiency: 85% / LogL: -12772043
Threads: 3 / Time: 9.925 sec / Speedup: 2.366 / Efficiency: 79% / LogL: -12772043
Threads: 4 / Time: 7.682 sec / Speedup: 3.057 / Efficiency: 76% / LogL: -12772043
Threads: 5 / Time: 6.431 sec / Speedup: 3.652 / Efficiency: 73% / LogL: -12772043
Threads: 6 / Time: 5.607 sec / Speedup: 4.188 / Efficiency: 70% / LogL: -12772043
Threads: 7 / Time: 5.136 sec / Speedup: 4.572 / Efficiency: 65% / LogL: -12772043
Threads: 8 / Time: 4.646 sec / Speedup: 5.054 / Efficiency: 63% / LogL: -12772043
Threads: 9 / Time: 4.482 sec / Speedup: 5.240 / Efficiency: 58% / LogL: -12772043
Threads: 10 / Time: 4.267 sec / Speedup: 5.504 / Efficiency: 55% / LogL: -12772043
Threads: 11 / Time: 4.003 sec / Speedup: 5.867 / Efficiency: 53% / LogL: -12772043
Threads: 12 / Time: 3.906 sec / Speedup: 6.012 / Efficiency: 50% / LogL: -12772043
Threads: 13 / Time: 3.841 sec / Speedup: 6.114 / Efficiency: 47% / LogL: -12772043
BEST NUMBER OF THREADS: 11

Estimate model parameters (epsilon = 0.100)
1. Initial log-likelihood: -11424593.517
2. Current log-likelihood: -10454268.303
3. Current log-likelihood: -10440221.993
4. Current log-likelihood: -10431862.598
5. Current log-likelihood: -10430398.846
6. Current log-likelihood: -10430302.436
7. Current log-likelihood: -10430298.116
8. Current log-likelihood: -10430297.791
Optimal log-likelihood: -10430297.755
Rate parameters:  A-C: 0.98309  A-G: 5.25327  A-T: 0.63143  C-G: 1.18726  C-T: 5.23288  G-T: 1.00000
Base frequencies:  A: 0.275  C: 0.224  G: 0.224  T: 0.277
Proportion of invariable sites: 0.000
Site proportion and rates:  (0.091,0.920) (0.377,0.920) (0.506,0.920) (0.026,4.015)
Parameters optimization took 8 rounds (319.756 sec)
Computing ML distances based on estimated model parameters... 28.964 sec
Computing BIONJ tree...
0.030 seconds
Log-likelihood of BIONJ tree: -10426171.352
--------------------------------------------------------------------
|             INITIALIZING CANDIDATE TREE SET                      |
--------------------------------------------------------------------
Generating 98 parsimony trees... 386.612 second
Computing log-likelihood of 98 initial trees ... 187.681 seconds
Current best score: -10426171.352

Do NNI search on 20 best initial trees
Estimate model parameters (epsilon = 0.100)
BETTER TREE FOUND at iteration 1: -10424882.009
Iteration 10 / LogL: -10425431.499 / Time: 0h:23m:59s
Iteration 20 / LogL: -10425117.197 / Time: 0h:31m:27s
Finish initializing candidate tree set (17)
Current best tree score: -10424882.009 / CPU time: 1443.445
Number of iterations: 20
--------------------------------------------------------------------
|               OPTIMIZING CANDIDATE TREE SET                      |
--------------------------------------------------------------------
Iteration 30 / LogL: -10424956.141 / Time: 0h:37m:37s (1h:31m:56s left)
Iteration 40 / LogL: -10424955.950 / Time: 0h:43m:6s (1h:7m:19s left)
Iteration 50 / LogL: -10424890.770 / Time: 0h:48m:39s (0h:50m:34s left)
Log-likelihood cutoff on original alignment: -10425219.003
Iteration 60 / LogL: -10424882.057 / Time: 0h:54m:15s (0h:37m:39s left)
Iteration 70 / LogL: -10424886.078 / Time: 0h:59m:54s (0h:26m:52s left)
Iteration 80 / LogL: -10425020.750 / Time: 1h:5m:36s (0h:17m:25s left)
Iteration 90 / LogL: -10424882.134 / Time: 1h:11m:26s (0h:8m:49s left)
Iteration 100 / LogL: -10424882.015 / Time: 1h:17m:21s (0h:0m:46s left)
Log-likelihood cutoff on original alignment: -10425181.402
NOTE: Bootstrap correlation coefficient of split occurrence frequencies: 1.000
TREE SEARCH COMPLETED AFTER 102 ITERATIONS / Time: 1h:18m:16s

--------------------------------------------------------------------
|                    FINALIZING TREE SEARCH                        |
--------------------------------------------------------------------
Performs final model parameters optimization
Estimate model parameters (epsilon = 0.010)
1. Initial log-likelihood: -10424882.009
Optimal log-likelihood: -10424882.006
Rate parameters:  A-C: 0.98320  A-G: 5.25589  A-T: 0.63110  C-G: 1.18706  C-T: 5.23502  G-T: 1.00000
Base frequencies:  A: 0.275  C: 0.224  G: 0.224  T: 0.277
Proportion of invariable sites: 0.000
Site proportion and rates:  (0.091,0.921) (0.377,0.921) (0.507,0.921) (0.025,4.030)
Parameters optimization took 1 rounds (12.695 sec)
BEST SCORE FOUND : -10424882.006
Creating bootstrap support values...
Split supports printed to NEXUS file /home/erenada/BirdTree/Alignments/AllSites/NoGap/m2/Jarvis_pi_m2_intergenic_nogap.phylip-relaxed.splits.nex
Total tree length: 3.359

Total number of iterations: 102
CPU time used for tree search: 41339.280 sec (11h:28m:59s)
Wall-clock time used for tree search: 4251.975 sec (1h:10m:51s)
Total CPU time used: 45044.873 sec (12h:30m:44s)
Total wall-clock time used: 4709.486 sec (1h:18m:29s)

Computing bootstrap consensus tree...
Reading input file /home/erenada/BirdTree/Alignments/AllSites/NoGap/m2/Jarvis_pi_m2_intergenic_nogap.phylip-relaxed.splits.nex...
48 taxa and 146 splits.
Consensus tree written to /home/erenada/BirdTree/Alignments/AllSites/NoGap/m2/Jarvis_pi_m2_intergenic_nogap.phylip-relaxed.contree
Reading input trees file /home/erenada/BirdTree/Alignments/AllSites/NoGap/m2/Jarvis_pi_m2_intergenic_nogap.phylip-relaxed.contree
Log-likelihood of consensus tree: -10424882.006

Analysis results written to: 
  IQ-TREE report:                /home/erenada/BirdTree/Alignments/AllSites/NoGap/m2/Jarvis_pi_m2_intergenic_nogap.phylip-relaxed.iqtree
  Maximum-likelihood tree:       /home/erenada/BirdTree/Alignments/AllSites/NoGap/m2/Jarvis_pi_m2_intergenic_nogap.phylip-relaxed.treefile
  Likelihood distances:          /home/erenada/BirdTree/Alignments/AllSites/NoGap/m2/Jarvis_pi_m2_intergenic_nogap.phylip-relaxed.mldist

Ultrafast bootstrap approximation results written to:
  Split support values:          /home/erenada/BirdTree/Alignments/AllSites/NoGap/m2/Jarvis_pi_m2_intergenic_nogap.phylip-relaxed.splits.nex
  Consensus tree:                /home/erenada/BirdTree/Alignments/AllSites/NoGap/m2/Jarvis_pi_m2_intergenic_nogap.phylip-relaxed.contree
  Screen log file:               /home/erenada/BirdTree/Alignments/AllSites/NoGap/m2/Jarvis_pi_m2_intergenic_nogap.phylip-relaxed.log

Date and Time: Thu Jun  4 00:28:05 2020
