IQ-TREE multicore version 1.7-beta16 for Linux 64-bit built Sep 24 2019
Developed by Bui Quang Minh, Nguyen Lam Tung, Olga Chernomor,
Heiko Schmidt, Dominik Schrempf, Michael Woodhams.

Host:    n024.cluster.com (AVX, 125 GB RAM)
Command: iqtree -s /home/erenada/BirdTree/Alignments/AllSites/Gap/m0/Jarvis_pi_m0_intron.phylip-relaxed -m GTR+I+R -B 1000 -nt AUTO
Seed:    549890 (Using SPRNG - Scalable Parallel Random Number Generator)
Time:    Tue Jun  2 21:25:29 2020
Kernel:  AVX - auto-detect threads (20 CPU cores detected)

Reading alignment file /home/erenada/BirdTree/Alignments/AllSites/Gap/m0/Jarvis_pi_m0_intron.phylip-relaxed ... Phylip format detected
Alignment most likely contains DNA/RNA sequences
Alignment has 48 sequences with 167044 columns, 95609 distinct patterns
166467 parsimony-informative, 264 singleton sites, 313 constant sites
        Gap/Ambiguity  Composition  p-value
   1  AcaChl    0.10%    failed      0.00%
   2  AnaPla    0.05%    passed     91.53%
   3  AntCar    0.04%    failed      0.00%
   4  ApaVit    0.06%    failed      0.35%
   5  AptFor    0.07%    failed      0.00%
   6  BalReg    0.03%    failed      0.00%
   7  BucRhi    0.09%    failed      0.00%
   8  CalAnn    0.11%    passed     76.80%
   9  CarCri    0.03%    failed      0.00%
  10  CatAur    0.03%    failed      0.00%
  11  ChaPel    0.13%    failed      0.00%
  12  ChaVoc    0.03%    passed      7.85%
  13  ChlMac    0.05%    passed     61.76%
  14  ColLiv    0.07%    failed      0.00%
  15  ColStr    0.07%    failed      0.02%
  16  CorBra    0.11%    failed      0.00%
  17  CucCan    0.08%    passed     11.09%
  18  EgrGar    0.03%    passed     35.90%
  19  EurHel    0.06%    failed      0.00%
  20  FalPer    0.05%    failed      0.00%
  21  FulGla    0.04%    failed      0.00%
  22  GalGal    0.02%    failed      0.00%
  23  GavSte    0.02%    failed      0.00%
  24  GeoFor    0.17%    failed      0.00%
  25  HalAlb    0.05%    failed      0.00%
  26  HalLeu    0.05%    failed      0.00%
  27  LepDis    0.05%    failed      2.01%
  28  ManVit    0.10%    passed      9.41%
  29  MelGal    0.08%    failed      0.00%
  30  MelUnd    0.13%    passed     70.12%
  31  MerNub    0.06%    failed      0.00%
  32  MesUni    0.07%    failed      0.00%
  33  NesNot    0.07%    passed     28.55%
  34  NipNip    0.03%    failed      0.00%
  35  OpiHoa    0.06%    failed      0.06%
  36  PelCri    0.04%    failed      0.00%
  37  PhaCar    0.04%    failed      0.01%
  38  PhaLep    0.04%    failed      0.37%
  39  PhoRub    0.03%    passed      8.05%
  40  PicPub    0.12%    failed      0.00%
  41  PodCri    0.06%    failed      0.00%
  42  PteGut    0.06%    passed     87.54%
  43  PygAde    0.07%    failed      0.00%
  44  StrCam    0.09%    passed     26.71%
  45  TaeGut    0.19%    failed      0.00%
  46  TauEry    0.04%    passed     85.73%
  47  TinGut    0.14%    failed      0.00%
  48  TytAlb    0.03%    failed      0.00%
****  TOTAL     0.07%  35 sequences failed composition chi2 test (p-value<5%; df=3)
NOTE: minimal branch length is reduced to 0.000000598645 for long alignment

Create initial parsimony tree by phylogenetic likelihood library (PLL)... 0.708 seconds
Generating 1000 samples for ultrafast bootstrap (seed: 549890)...

NOTE: 960 MB RAM (0 GB) is required!
Measuring multi-threading efficiency up to 20 CPU cores
7 trees examined
Threads: 1 / Time: 21.652 sec / Speedup: 1.000 / Efficiency: 100% / LogL: -3002562
Threads: 2 / Time: 7.696 sec / Speedup: 2.813 / Efficiency: 141% / LogL: -3002562
Threads: 3 / Time: 5.758 sec / Speedup: 3.760 / Efficiency: 125% / LogL: -3002562
Threads: 4 / Time: 4.441 sec / Speedup: 4.875 / Efficiency: 122% / LogL: -3002562
Threads: 5 / Time: 4.055 sec / Speedup: 5.339 / Efficiency: 107% / LogL: -3002562
Threads: 6 / Time: 3.393 sec / Speedup: 6.381 / Efficiency: 106% / LogL: -3002562
Threads: 7 / Time: 2.995 sec / Speedup: 7.229 / Efficiency: 103% / LogL: -3002562
Threads: 8 / Time: 2.964 sec / Speedup: 7.305 / Efficiency: 91% / LogL: -3002562
Threads: 9 / Time: 2.751 sec / Speedup: 7.872 / Efficiency: 87% / LogL: -3002562
Threads: 10 / Time: 2.666 sec / Speedup: 8.122 / Efficiency: 81% / LogL: -3002562
Threads: 11 / Time: 2.415 sec / Speedup: 8.965 / Efficiency: 82% / LogL: -3002562
Threads: 12 / Time: 2.495 sec / Speedup: 8.679 / Efficiency: 72% / LogL: -3002562
Threads: 13 / Time: 2.290 sec / Speedup: 9.454 / Efficiency: 73% / LogL: -3002562
Threads: 14 / Time: 2.142 sec / Speedup: 10.109 / Efficiency: 72% / LogL: -3002562
Threads: 15 / Time: 2.123 sec / Speedup: 10.200 / Efficiency: 68% / LogL: -3002562
Threads: 16 / Time: 2.190 sec / Speedup: 9.887 / Efficiency: 62% / LogL: -3002562
Threads: 17 / Time: 2.052 sec / Speedup: 10.549 / Efficiency: 62% / LogL: -3002562
Threads: 18 / Time: 2.110 sec / Speedup: 10.260 / Efficiency: 57% / LogL: -3002562
Threads: 19 / Time: 2.331 sec / Speedup: 9.287 / Efficiency: 49% / LogL: -3002562
BEST NUMBER OF THREADS: 14

Estimate model parameters (epsilon = 0.100)
1. Initial log-likelihood: -2669644.549
2. Current log-likelihood: -2443185.829
3. Current log-likelihood: -2440883.308
4. Current log-likelihood: -2438962.221
5. Current log-likelihood: -2437826.948
6. Current log-likelihood: -2437590.563
7. Current log-likelihood: -2437565.294
8. Current log-likelihood: -2437563.324
9. Current log-likelihood: -2437562.991
Optimal log-likelihood: -2437562.901
Rate parameters:  A-C: 0.98093  A-G: 5.24785  A-T: 0.54415  C-G: 1.43292  C-T: 5.24925  G-T: 1.00000
Base frequencies:  A: 0.292  C: 0.214  G: 0.210  T: 0.284
Proportion of invariable sites: 0.001
Site proportion and rates:  (0.096,0.928) (0.375,0.928) (0.505,0.928) (0.024,3.922)
Parameters optimization took 9 rounds (41.948 sec)
Computing ML distances based on estimated model parameters... 5.162 sec
Computing BIONJ tree...
0.030 seconds
Log-likelihood of BIONJ tree: -2436487.969
--------------------------------------------------------------------
|             INITIALIZING CANDIDATE TREE SET                      |
--------------------------------------------------------------------
Generating 98 parsimony trees... 82.648 second
Computing log-likelihood of 98 initial trees ... 27.753 seconds
Current best score: -2436487.969

Do NNI search on 20 best initial trees
Estimate model parameters (epsilon = 0.100)
BETTER TREE FOUND at iteration 1: -2436208.587
Estimate model parameters (epsilon = 0.100)
BETTER TREE FOUND at iteration 4: -2436208.112
Estimate model parameters (epsilon = 0.100)
BETTER TREE FOUND at iteration 5: -2436187.164
Iteration 10 / LogL: -2436245.129 / Time: 0h:5m:10s
Iteration 20 / LogL: -2436265.230 / Time: 0h:6m:15s
Finish initializing candidate tree set (20)
Current best tree score: -2436187.164 / CPU time: 249.756
Number of iterations: 20
--------------------------------------------------------------------
|               OPTIMIZING CANDIDATE TREE SET                      |
--------------------------------------------------------------------
Iteration 30 / LogL: -2436207.782 / Time: 0h:7m:7s (0h:18m:23s left)
Estimate model parameters (epsilon = 0.100)
BETTER TREE FOUND at iteration 39: -2436182.547
Iteration 40 / LogL: -2436202.940 / Time: 0h:7m:58s (0h:20m:11s left)
Estimate model parameters (epsilon = 0.100)
BETTER TREE FOUND at iteration 45: -2436179.392
Estimate model parameters (epsilon = 0.100)
BETTER TREE FOUND at iteration 47: -2436177.500
Iteration 50 / LogL: -2436187.150 / Time: 0h:8m:53s (0h:17m:34s left)
Log-likelihood cutoff on original alignment: -2436295.863
Estimate model parameters (epsilon = 0.100)
UPDATE BEST LOG-LIKELIHOOD: -2436170.202
Iteration 60 / LogL: -2436179.413 / Time: 0h:9m:43s (0h:14m:19s left)
Iteration 70 / LogL: -2436187.150 / Time: 0h:10m:40s (0h:11m:53s left)
Iteration 80 / LogL: -2436179.773 / Time: 0h:11m:29s (0h:9m:43s left)
Iteration 90 / LogL: -2436187.057 / Time: 0h:12m:18s (0h:7m:52s left)
Iteration 100 / LogL: -2436170.613 / Time: 0h:13m:9s (0h:6m:14s left)
Log-likelihood cutoff on original alignment: -2436295.863
NOTE: Bootstrap correlation coefficient of split occurrence frequencies: 0.998
Iteration 110 / LogL: -2436187.277 / Time: 0h:13m:56s (0h:11m:29s left)
Iteration 120 / LogL: -2436179.381 / Time: 0h:14m:48s (0h:9m:56s left)
Iteration 130 / LogL: -2436187.151 / Time: 0h:15m:42s (0h:8m:30s left)
Iteration 140 / LogL: -2436170.208 / Time: 0h:16m:31s (0h:7m:7s left)
TREE SEARCH COMPLETED AFTER 148 ITERATIONS / Time: 0h:17m:11s

--------------------------------------------------------------------
|                    FINALIZING TREE SEARCH                        |
--------------------------------------------------------------------
Performs final model parameters optimization
Estimate model parameters (epsilon = 0.010)
1. Initial log-likelihood: -2436170.202
Optimal log-likelihood: -2436170.200
Rate parameters:  A-C: 0.98151  A-G: 5.25065  A-T: 0.54409  C-G: 1.42912  C-T: 5.25251  G-T: 1.00000
Base frequencies:  A: 0.292  C: 0.214  G: 0.210  T: 0.284
Proportion of invariable sites: 0.001
Site proportion and rates:  (0.096,0.929) (0.375,0.929) (0.506,0.929) (0.024,3.912)
Parameters optimization took 1 rounds (1.764 sec)
BEST SCORE FOUND : -2436170.200
Creating bootstrap support values...
Split supports printed to NEXUS file /home/erenada/BirdTree/Alignments/AllSites/Gap/m0/Jarvis_pi_m0_intron.phylip-relaxed.splits.nex
Total tree length: 3.060

Total number of iterations: 148
CPU time used for tree search: 11465.537 sec (3h:11m:5s)
Wall-clock time used for tree search: 905.989 sec (0h:15m:5s)
Total CPU time used: 12484.524 sec (3h:28m:4s)
Total wall-clock time used: 1033.702 sec (0h:17m:13s)

Computing bootstrap consensus tree...
Reading input file /home/erenada/BirdTree/Alignments/AllSites/Gap/m0/Jarvis_pi_m0_intron.phylip-relaxed.splits.nex...
48 taxa and 259 splits.
Consensus tree written to /home/erenada/BirdTree/Alignments/AllSites/Gap/m0/Jarvis_pi_m0_intron.phylip-relaxed.contree
Reading input trees file /home/erenada/BirdTree/Alignments/AllSites/Gap/m0/Jarvis_pi_m0_intron.phylip-relaxed.contree
Log-likelihood of consensus tree: -2436170.200

Analysis results written to: 
  IQ-TREE report:                /home/erenada/BirdTree/Alignments/AllSites/Gap/m0/Jarvis_pi_m0_intron.phylip-relaxed.iqtree
  Maximum-likelihood tree:       /home/erenada/BirdTree/Alignments/AllSites/Gap/m0/Jarvis_pi_m0_intron.phylip-relaxed.treefile
  Likelihood distances:          /home/erenada/BirdTree/Alignments/AllSites/Gap/m0/Jarvis_pi_m0_intron.phylip-relaxed.mldist

Ultrafast bootstrap approximation results written to:
  Split support values:          /home/erenada/BirdTree/Alignments/AllSites/Gap/m0/Jarvis_pi_m0_intron.phylip-relaxed.splits.nex
  Consensus tree:                /home/erenada/BirdTree/Alignments/AllSites/Gap/m0/Jarvis_pi_m0_intron.phylip-relaxed.contree
  Screen log file:               /home/erenada/BirdTree/Alignments/AllSites/Gap/m0/Jarvis_pi_m0_intron.phylip-relaxed.log

Date and Time: Tue Jun  2 21:42:45 2020
