IQ-TREE multicore version 1.7-beta16 for Linux 64-bit built Sep 24 2019
Developed by Bui Quang Minh, Nguyen Lam Tung, Olga Chernomor,
Heiko Schmidt, Dominik Schrempf, Michael Woodhams.

Host:    n017.cluster.com (AVX, 125 GB RAM)
Command: iqtree -s /home/erenada/BirdTree/Alignments/AllSites/Gap/m4/Jarvis_pi_m4_CDS.phylip-relaxed -m GTR+I+R -B 1000 -nt AUTO
Seed:    340643 (Using SPRNG - Scalable Parallel Random Number Generator)
Time:    Tue Jun  2 23:28:27 2020
Kernel:  AVX - auto-detect threads (20 CPU cores detected)

Reading alignment file /home/erenada/BirdTree/Alignments/AllSites/Gap/m4/Jarvis_pi_m4_CDS.phylip-relaxed ... Phylip format detected
Alignment most likely contains DNA/RNA sequences
Alignment has 48 sequences with 218701 columns, 194059 distinct patterns
218625 parsimony-informative, 32 singleton sites, 44 constant sites
        Gap/Ambiguity  Composition  p-value
   1  AcaChl    3.16%    failed      0.00%
   2  AnaPla    3.36%    passed     94.61%
   3  AntCar    4.06%    failed      0.00%
   4  ApaVit    2.96%    failed      0.00%
   5  AptFor    2.40%    failed      0.00%
   6  BalReg    1.65%    failed      0.00%
   7  BucRhi    2.43%    failed      0.00%
   8  CalAnn    2.03%    passed      7.61%
   9  CarCri    1.97%    failed      0.00%
  10  CatAur    7.38%    failed      0.00%
  11  ChaPel    2.28%    failed      1.17%
  12  ChaVoc    1.87%    failed      0.00%
  13  ChlMac    1.61%    failed      0.00%
  14  ColLiv    2.32%    failed      0.00%
  15  ColStr    2.98%    failed      0.00%
  16  CorBra    2.59%    failed      0.00%
  17  CucCan    2.16%    failed      0.00%
  18  EgrGar    1.35%    failed      0.00%
  19  EurHel    2.54%    failed      0.00%
  20  FalPer    2.44%    failed      0.00%
  21  FulGla    1.30%    failed      0.00%
  22  GalGal    3.96%    failed      3.24%
  23  GavSte    1.68%    failed      0.00%
  24  GeoFor    4.79%    failed      0.00%
  25  HalAlb    3.05%    failed      0.00%
  26  HalLeu    0.76%    failed      0.00%
  27  LepDis    1.54%    failed      0.08%
  28  ManVit    3.95%    failed      0.00%
  29  MelGal    2.02%    failed      0.00%
  30  MelUnd    3.01%    failed      0.00%
  31  MerNub    3.53%    failed      0.00%
  32  MesUni    2.16%    failed      0.00%
  33  NesNot    2.01%    failed      0.00%
  34  NipNip    2.14%    failed      0.00%
  35  OpiHoa    3.11%    passed      7.97%
  36  PelCri    1.36%    failed      0.00%
  37  PhaCar    2.13%    failed      0.00%
  38  PhaLep    1.12%    failed      0.00%
  39  PhoRub    1.49%    failed      0.00%
  40  PicPub    4.58%    failed      0.00%
  41  PodCri    1.68%    failed      0.00%
  42  PteGut    2.01%    failed      0.00%
  43  PygAde    2.28%    failed      0.00%
  44  StrCam    1.99%    failed      0.00%
  45  TaeGut    4.47%    failed      0.00%
  46  TauEry    1.38%    passed      6.62%
  47  TinGut   13.17%    failed      0.00%
  48  TytAlb    2.57%    failed      0.00%
****  TOTAL     2.77%  44 sequences failed composition chi2 test (p-value<5%; df=3)
NOTE: minimal branch length is reduced to 0.000000457245 for long alignment

Create initial parsimony tree by phylogenetic likelihood library (PLL)... 0.852 seconds
Generating 1000 samples for ultrafast bootstrap (seed: 340643)...

NOTE: 1948 MB RAM (1 GB) is required!
Measuring multi-threading efficiency up to 20 CPU cores
5 trees examined
Threads: 1 / Time: 22.018 sec / Speedup: 1.000 / Efficiency: 100% / LogL: -4707054
Threads: 2 / Time: 15.136 sec / Speedup: 1.455 / Efficiency: 73% / LogL: -4707054
Threads: 3 / Time: 10.458 sec / Speedup: 2.105 / Efficiency: 70% / LogL: -4707054
Threads: 4 / Time: 8.723 sec / Speedup: 2.524 / Efficiency: 63% / LogL: -4707054
Threads: 5 / Time: 7.081 sec / Speedup: 3.110 / Efficiency: 62% / LogL: -4707054
Threads: 6 / Time: 6.869 sec / Speedup: 3.205 / Efficiency: 53% / LogL: -4707054
Threads: 7 / Time: 5.978 sec / Speedup: 3.683 / Efficiency: 53% / LogL: -4707054
Threads: 8 / Time: 5.591 sec / Speedup: 3.938 / Efficiency: 49% / LogL: -4707054
BEST NUMBER OF THREADS: 7

Estimate model parameters (epsilon = 0.100)
1. Initial log-likelihood: -4228891.789
2. Current log-likelihood: -3819819.282
3. Current log-likelihood: -3783882.280
4. Current log-likelihood: -3783698.638
5. Current log-likelihood: -3783672.011
6. Current log-likelihood: -3783656.998
7. Current log-likelihood: -3783647.777
8. Current log-likelihood: -3783641.955
9. Current log-likelihood: -3783638.352
10. Current log-likelihood: -3783636.133
11. Current log-likelihood: -3783635.105
12. Current log-likelihood: -3783634.502
Optimal log-likelihood: -3783634.455
Rate parameters:  A-C: 1.00321  A-G: 7.07700  A-T: 0.46594  C-G: 1.38082  C-T: 6.97946  G-T: 1.00000
Base frequencies:  A: 0.287  C: 0.210  G: 0.208  T: 0.295
Proportion of invariable sites: 0.000
Site proportion and rates:  (0.103,0.744) (0.379,0.746) (0.411,0.758) (0.107,3.073)
Parameters optimization took 12 rounds (230.637 sec)
Computing ML distances based on estimated model parameters... 10.279 sec
Computing BIONJ tree...
0.030 seconds
Log-likelihood of BIONJ tree: -3783959.715
--------------------------------------------------------------------
|             INITIALIZING CANDIDATE TREE SET                      |
--------------------------------------------------------------------
Generating 98 parsimony trees... 109.149 second
Computing log-likelihood of 98 initial trees ... 112.637 seconds
Current best score: -3783634.455

Do NNI search on 20 best initial trees
Estimate model parameters (epsilon = 0.100)
BETTER TREE FOUND at iteration 1: -3782983.383
Estimate model parameters (epsilon = 0.100)
BETTER TREE FOUND at iteration 2: -3782349.707
Estimate model parameters (epsilon = 0.100)
BETTER TREE FOUND at iteration 4: -3782337.166
Estimate model parameters (epsilon = 0.100)
BETTER TREE FOUND at iteration 6: -3782222.522
Iteration 10 / LogL: -3782375.522 / Time: 0h:13m:44s
Estimate model parameters (epsilon = 0.100)
BETTER TREE FOUND at iteration 13: -3782170.950
Iteration 20 / LogL: -3782494.142 / Time: 0h:18m:3s
Finish initializing candidate tree set (19)
Current best tree score: -3782170.950 / CPU time: 757.796
Number of iterations: 20
--------------------------------------------------------------------
|               OPTIMIZING CANDIDATE TREE SET                      |
--------------------------------------------------------------------
Estimate model parameters (epsilon = 0.100)
BETTER TREE FOUND at iteration 28: -3782168.891
Estimate model parameters (epsilon = 0.100)
BETTER TREE FOUND at iteration 29: -3782143.364
Iteration 30 / LogL: -3782189.919 / Time: 0h:22m:11s (1h:15m:40s left)
Estimate model parameters (epsilon = 0.100)
BETTER TREE FOUND at iteration 32: -3782129.786
Estimate model parameters (epsilon = 0.100)
BETTER TREE FOUND at iteration 34: -3782116.133
Iteration 40 / LogL: -3782194.713 / Time: 0h:26m:4s (1h:2m:48s left)
Iteration 50 / LogL: -3782223.609 / Time: 0h:29m:25s (0h:50m:24s left)
Log-likelihood cutoff on original alignment: -3782442.534
Iteration 60 / LogL: -3782161.011 / Time: 0h:32m:45s (0h:41m:3s left)
Estimate model parameters (epsilon = 0.100)
BETTER TREE FOUND at iteration 67: -3782113.908
Iteration 70 / LogL: -3782131.015 / Time: 0h:36m:23s (0h:51m:8s left)
Iteration 80 / LogL: -3782118.646 / Time: 0h:39m:40s (0h:43m:40s left)
Iteration 90 / LogL: -3782121.713 / Time: 0h:42m:58s (0h:37m:9s left)
Iteration 100 / LogL: -3782152.374 / Time: 0h:46m:22s (0h:31m:22s left)
Log-likelihood cutoff on original alignment: -3782442.534
NOTE: Bootstrap correlation coefficient of split occurrence frequencies: 0.997
Iteration 110 / LogL: -3782262.182 / Time: 0h:50m:3s (0h:41m:19s left)
Iteration 120 / LogL: -3782113.936 / Time: 0h:53m:22s (0h:35m:52s left)
Iteration 130 / LogL: -3782113.946 / Time: 0h:56m:42s (0h:30m:45s left)
Iteration 140 / LogL: -3782131.378 / Time: 0h:59m:55s (0h:25m:51s left)
Iteration 150 / LogL: -3782123.087 / Time: 1h:3m:21s (0h:21m:15s left)
Log-likelihood cutoff on original alignment: -3782407.288
Iteration 160 / LogL: -3782123.290 / Time: 1h:6m:25s (0h:16m:42s left)
TREE SEARCH COMPLETED AFTER 168 ITERATIONS / Time: 1h:8m:57s

--------------------------------------------------------------------
|                    FINALIZING TREE SEARCH                        |
--------------------------------------------------------------------
Performs final model parameters optimization
Estimate model parameters (epsilon = 0.010)
1. Initial log-likelihood: -3782113.908
Optimal log-likelihood: -3782113.907
Rate parameters:  A-C: 1.00278  A-G: 7.07825  A-T: 0.46561  C-G: 1.38008  C-T: 6.97841  G-T: 1.00000
Base frequencies:  A: 0.287  C: 0.210  G: 0.208  T: 0.295
Proportion of invariable sites: 0.000
Site proportion and rates:  (0.103,0.747) (0.379,0.748) (0.411,0.757) (0.106,3.087)
Parameters optimization took 1 rounds (7.409 sec)
BEST SCORE FOUND : -3782113.907
Creating bootstrap support values...
Split supports printed to NEXUS file /home/erenada/BirdTree/Alignments/AllSites/Gap/m4/Jarvis_pi_m4_CDS.phylip-relaxed.splits.nex
Total tree length: 4.581

Total number of iterations: 168
CPU time used for tree search: 24580.650 sec (6h:49m:40s)
Wall-clock time used for tree search: 3811.837 sec (1h:3m:31s)
Total CPU time used: 26219.513 sec (7h:16m:59s)
Total wall-clock time used: 4145.493 sec (1h:9m:5s)

Computing bootstrap consensus tree...
Reading input file /home/erenada/BirdTree/Alignments/AllSites/Gap/m4/Jarvis_pi_m4_CDS.phylip-relaxed.splits.nex...
48 taxa and 206 splits.
Consensus tree written to /home/erenada/BirdTree/Alignments/AllSites/Gap/m4/Jarvis_pi_m4_CDS.phylip-relaxed.contree
Reading input trees file /home/erenada/BirdTree/Alignments/AllSites/Gap/m4/Jarvis_pi_m4_CDS.phylip-relaxed.contree
Log-likelihood of consensus tree: -3782118.633

Analysis results written to: 
  IQ-TREE report:                /home/erenada/BirdTree/Alignments/AllSites/Gap/m4/Jarvis_pi_m4_CDS.phylip-relaxed.iqtree
  Maximum-likelihood tree:       /home/erenada/BirdTree/Alignments/AllSites/Gap/m4/Jarvis_pi_m4_CDS.phylip-relaxed.treefile
  Likelihood distances:          /home/erenada/BirdTree/Alignments/AllSites/Gap/m4/Jarvis_pi_m4_CDS.phylip-relaxed.mldist

Ultrafast bootstrap approximation results written to:
  Split support values:          /home/erenada/BirdTree/Alignments/AllSites/Gap/m4/Jarvis_pi_m4_CDS.phylip-relaxed.splits.nex
  Consensus tree:                /home/erenada/BirdTree/Alignments/AllSites/Gap/m4/Jarvis_pi_m4_CDS.phylip-relaxed.contree
  Screen log file:               /home/erenada/BirdTree/Alignments/AllSites/Gap/m4/Jarvis_pi_m4_CDS.phylip-relaxed.log

Date and Time: Wed Jun  3 00:37:41 2020
