IQ-TREE multicore version 1.7-beta16 for Linux 64-bit built Sep 24 2019
Developed by Bui Quang Minh, Nguyen Lam Tung, Olga Chernomor,
Heiko Schmidt, Dominik Schrempf, Michael Woodhams.

Host:    n028.cluster.com (AVX, 125 GB RAM)
Command: iqtree -s /home/erenada/BirdTree/Alignments/AllSites/Gap/m1/Jarvis_pi_m1_UTR5.phylip-relaxed -m GTR+I+R -B 1000 -nt AUTO
Seed:    27198 (Using SPRNG - Scalable Parallel Random Number Generator)
Time:    Tue Jun  2 21:29:23 2020
Kernel:  AVX - auto-detect threads (20 CPU cores detected)

Reading alignment file /home/erenada/BirdTree/Alignments/AllSites/Gap/m1/Jarvis_pi_m1_UTR5.phylip-relaxed ... Phylip format detected
Alignment most likely contains DNA/RNA sequences
Alignment has 48 sequences with 4034 columns, 3827 distinct patterns
4019 parsimony-informative, 5 singleton sites, 10 constant sites
        Gap/Ambiguity  Composition  p-value
   1  AcaChl    1.24%    failed      4.34%
   2  AnaPla    1.86%    passed     45.35%
   3  AntCar    1.44%    passed     42.54%
   4  ApaVit    1.29%    passed     90.21%
   5  AptFor    1.56%    passed     29.77%
   6  BalReg    0.59%    passed     29.02%
   7  BucRhi    1.21%    passed     19.52%
   8  CalAnn    0.84%    passed     81.17%
   9  CarCri    0.94%    passed     44.55%
  10  CatAur    2.08%    passed     17.19%
  11  ChaPel    1.04%    passed     65.40%
  12  ChaVoc    0.87%    passed     75.59%
  13  ChlMac    0.77%    passed     71.38%
  14  ColLiv    1.46%    passed     31.66%
  15  ColStr    0.89%    passed     81.23%
  16  CorBra    0.69%    passed     44.25%
  17  CucCan    1.14%    passed     92.25%
  18  EgrGar    0.69%    passed     99.43%
  19  EurHel    1.31%    passed     29.23%
  20  FalPer    0.84%    passed     30.17%
  21  FulGla    0.77%    passed     32.77%
  22  GalGal    1.96%    failed      0.01%
  23  GavSte    0.55%    passed     54.18%
  24  GeoFor    1.19%    failed      0.35%
  25  HalAlb    1.34%    passed     29.11%
  26  HalLeu    0.30%    passed     24.52%
  27  LepDis    0.50%    passed     75.83%
  28  ManVit    0.94%    passed     44.03%
  29  MelGal    1.12%    failed      2.28%
  30  MelUnd    1.29%    passed     81.13%
  31  MerNub    0.79%    failed      4.57%
  32  MesUni    1.04%    passed     30.27%
  33  NesNot    0.64%    passed     91.79%
  34  NipNip    0.89%    passed     45.57%
  35  OpiHoa    0.89%    passed     60.23%
  36  PelCri    0.57%    passed     16.11%
  37  PhaCar    0.89%    passed     57.88%
  38  PhaLep    0.55%    passed     59.48%
  39  PhoRub    0.84%    passed     87.05%
  40  PicPub    3.30%    failed      0.05%
  41  PodCri    0.42%    passed     67.99%
  42  PteGut    0.47%    passed     95.65%
  43  PygAde    1.44%    passed     21.64%
  44  StrCam    0.77%    passed     54.83%
  45  TaeGut    1.69%    passed      5.44%
  46  TauEry    0.55%    passed     83.51%
  47  TinGut    7.16%    passed     26.37%
  48  TytAlb    0.89%    failed      4.62%
****  TOTAL     1.18%  7 sequences failed composition chi2 test (p-value<5%; df=3)

Create initial parsimony tree by phylogenetic likelihood library (PLL)... 0.019 seconds
Generating 1000 samples for ultrafast bootstrap (seed: 27198)...

NOTE: 38 MB RAM (0 GB) is required!
Measuring multi-threading efficiency up to 20 CPU cores
Increase to 10 rounds for branch lengths
52 trees examined
Threads: 1 / Time: 20.202 sec / Speedup: 1.000 / Efficiency: 100% / LogL: -76834
Threads: 2 / Time: 15.745 sec / Speedup: 1.283 / Efficiency: 64% / LogL: -76834
Threads: 3 / Time: 9.894 sec / Speedup: 2.042 / Efficiency: 68% / LogL: -76834
Threads: 4 / Time: 8.065 sec / Speedup: 2.505 / Efficiency: 63% / LogL: -76834
Threads: 5 / Time: 7.362 sec / Speedup: 2.744 / Efficiency: 55% / LogL: -76834
Threads: 6 / Time: 6.971 sec / Speedup: 2.898 / Efficiency: 48% / LogL: -76834
BEST NUMBER OF THREADS: 5

Estimate model parameters (epsilon = 0.100)
1. Initial log-likelihood: -68014.520
2. Current log-likelihood: -62441.076
3. Current log-likelihood: -61971.236
4. Current log-likelihood: -61951.265
5. Current log-likelihood: -61947.012
6. Current log-likelihood: -61946.373
Optimal log-likelihood: -61946.282
Rate parameters:  A-C: 0.86606  A-G: 4.99778  A-T: 0.46164  C-G: 1.33260  C-T: 5.21537  G-T: 1.00000
Base frequencies:  A: 0.306  C: 0.204  G: 0.206  T: 0.284
Proportion of invariable sites: 0.001
Site proportion and rates:  (0.102,0.861) (0.466,0.862) (0.373,0.862) (0.059,3.209)
Parameters optimization took 6 rounds (1.815 sec)
Computing ML distances based on estimated model parameters... 0.096 sec
Computing BIONJ tree...
0.030 seconds
Log-likelihood of BIONJ tree: -61957.118
--------------------------------------------------------------------
|             INITIALIZING CANDIDATE TREE SET                      |
--------------------------------------------------------------------
Generating 98 parsimony trees... 1.547 second
Computing log-likelihood of 98 initial trees ... 1.928 seconds
Current best score: -61930.159

Do NNI search on 20 best initial trees
Estimate model parameters (epsilon = 0.100)
BETTER TREE FOUND at iteration 1: -61897.502
BETTER TREE FOUND at iteration 10: -61897.494
Iteration 10 / LogL: -61897.494 / Time: 0h:1m:17s
Estimate model parameters (epsilon = 0.100)
BETTER TREE FOUND at iteration 17: -61897.437
Estimate model parameters (epsilon = 0.100)
BETTER TREE FOUND at iteration 18: -61891.854
Iteration 20 / LogL: -61926.036 / Time: 0h:1m:20s
Finish initializing candidate tree set (20)
Current best tree score: -61891.854 / CPU time: 10.304
Number of iterations: 20
--------------------------------------------------------------------
|               OPTIMIZING CANDIDATE TREE SET                      |
--------------------------------------------------------------------
Iteration 30 / LogL: -61899.885 / Time: 0h:1m:24s (0h:4m:17s left)
Estimate model parameters (epsilon = 0.100)
BETTER TREE FOUND at iteration 35: -61886.908
Iteration 40 / LogL: -61896.156 / Time: 0h:1m:28s (0h:3m:36s left)
Estimate model parameters (epsilon = 0.100)
BETTER TREE FOUND at iteration 43: -61886.512
Estimate model parameters (epsilon = 0.100)
BETTER TREE FOUND at iteration 48: -61886.152
Iteration 50 / LogL: -61887.680 / Time: 0h:1m:32s (0h:3m:5s left)
Log-likelihood cutoff on original alignment: -61944.558
Estimate model parameters (epsilon = 0.100)
BETTER TREE FOUND at iteration 53: -61885.188
Iteration 60 / LogL: -61886.597 / Time: 0h:1m:36s (0h:2m:31s left)
Estimate model parameters (epsilon = 0.100)
BETTER TREE FOUND at iteration 61: -61885.070
Iteration 70 / LogL: -61886.341 / Time: 0h:1m:39s (0h:2m:11s left)
Iteration 80 / LogL: -61887.550 / Time: 0h:1m:43s (0h:1m:45s left)
Iteration 90 / LogL: -61885.093 / Time: 0h:1m:46s (0h:1m:25s left)
Iteration 100 / LogL: -61885.071 / Time: 0h:1m:50s (0h:1m:7s left)
Log-likelihood cutoff on original alignment: -61944.558
NOTE: Bootstrap correlation coefficient of split occurrence frequencies: 0.995
Iteration 110 / LogL: -61885.072 / Time: 0h:1m:53s (0h:1m:33s left)
Iteration 120 / LogL: -61885.185 / Time: 0h:1m:56s (0h:1m:18s left)
Iteration 130 / LogL: -62064.065 / Time: 0h:1m:59s (0h:1m:4s left)
Iteration 140 / LogL: -61886.913 / Time: 0h:2m:2s (0h:0m:53s left)
Iteration 150 / LogL: -61886.231 / Time: 0h:2m:6s (0h:0m:42s left)
Log-likelihood cutoff on original alignment: -61944.558
Iteration 160 / LogL: -61887.676 / Time: 0h:2m:9s (0h:0m:32s left)
TREE SEARCH COMPLETED AFTER 162 ITERATIONS / Time: 0h:2m:10s

--------------------------------------------------------------------
|                    FINALIZING TREE SEARCH                        |
--------------------------------------------------------------------
Performs final model parameters optimization
Estimate model parameters (epsilon = 0.010)
1. Initial log-likelihood: -61885.070
Optimal log-likelihood: -61885.070
Rate parameters:  A-C: 0.86459  A-G: 5.03534  A-T: 0.46083  C-G: 1.33123  C-T: 5.25486  G-T: 1.00000
Base frequencies:  A: 0.306  C: 0.204  G: 0.206  T: 0.284
Proportion of invariable sites: 0.001
Site proportion and rates:  (0.102,0.862) (0.466,0.863) (0.373,0.863) (0.058,3.216)
Parameters optimization took 1 rounds (0.080 sec)
BEST SCORE FOUND : -61885.070
Creating bootstrap support values...
Split supports printed to NEXUS file /home/erenada/BirdTree/Alignments/AllSites/Gap/m1/Jarvis_pi_m1_UTR5.phylip-relaxed.splits.nex
Total tree length: 3.463

Total number of iterations: 162
CPU time used for tree search: 287.082 sec (0h:4m:47s)
Wall-clock time used for tree search: 60.256 sec (0h:1m:0s)
Total CPU time used: 489.189 sec (0h:8m:9s)
Total wall-clock time used: 130.894 sec (0h:2m:10s)

Computing bootstrap consensus tree...
Reading input file /home/erenada/BirdTree/Alignments/AllSites/Gap/m1/Jarvis_pi_m1_UTR5.phylip-relaxed.splits.nex...
48 taxa and 617 splits.
Consensus tree written to /home/erenada/BirdTree/Alignments/AllSites/Gap/m1/Jarvis_pi_m1_UTR5.phylip-relaxed.contree
Reading input trees file /home/erenada/BirdTree/Alignments/AllSites/Gap/m1/Jarvis_pi_m1_UTR5.phylip-relaxed.contree
Log-likelihood of consensus tree: -61885.180

Analysis results written to: 
  IQ-TREE report:                /home/erenada/BirdTree/Alignments/AllSites/Gap/m1/Jarvis_pi_m1_UTR5.phylip-relaxed.iqtree
  Maximum-likelihood tree:       /home/erenada/BirdTree/Alignments/AllSites/Gap/m1/Jarvis_pi_m1_UTR5.phylip-relaxed.treefile
  Likelihood distances:          /home/erenada/BirdTree/Alignments/AllSites/Gap/m1/Jarvis_pi_m1_UTR5.phylip-relaxed.mldist

Ultrafast bootstrap approximation results written to:
  Split support values:          /home/erenada/BirdTree/Alignments/AllSites/Gap/m1/Jarvis_pi_m1_UTR5.phylip-relaxed.splits.nex
  Consensus tree:                /home/erenada/BirdTree/Alignments/AllSites/Gap/m1/Jarvis_pi_m1_UTR5.phylip-relaxed.contree
  Screen log file:               /home/erenada/BirdTree/Alignments/AllSites/Gap/m1/Jarvis_pi_m1_UTR5.phylip-relaxed.log

Date and Time: Tue Jun  2 21:31:34 2020
