IQ-TREE multicore version 1.7-beta16 for Linux 64-bit built Sep 24 2019
Developed by Bui Quang Minh, Nguyen Lam Tung, Olga Chernomor,
Heiko Schmidt, Dominik Schrempf, Michael Woodhams.

Host:    n026.cluster.com (AVX, 125 GB RAM)
Command: iqtree -s /home/erenada/BirdTree/Alignments/AllSites/NoGap/m3/Jarvis_pi_m3_gene_nogap.phylip-relaxed -m GTR+I+R -B 1000 -nt AUTO
Seed:    351885 (Using SPRNG - Scalable Parallel Random Number Generator)
Time:    Thu Jun  4 03:04:11 2020
Kernel:  AVX - auto-detect threads (20 CPU cores detected)

Reading alignment file /home/erenada/BirdTree/Alignments/AllSites/NoGap/m3/Jarvis_pi_m3_gene_nogap.phylip-relaxed ... Phylip format detected
Alignment most likely contains DNA/RNA sequences
Alignment has 48 sequences with 932200 columns, 767767 distinct patterns
932200 parsimony-informative, 0 singleton sites, 0 constant sites
        Gap/Ambiguity  Composition  p-value
   1  AcaChl    2.87%    failed      0.00%
   2  AnaPla    3.65%    passed     84.34%
   3  AntCar    3.61%    failed      0.00%
   4  ApaVit    2.54%    failed      0.00%
   5  AptFor    1.89%    failed      0.00%
   6  BalReg    1.50%    failed      0.00%
   7  BucRhi    2.81%    failed      0.00%
   8  CalAnn    3.12%    failed      0.01%
   9  CarCri    1.77%    failed      0.00%
  10  CatAur    5.02%    failed      0.00%
  11  ChaPel    2.56%    failed      0.00%
  12  ChaVoc    1.54%    failed      0.00%
  13  ChlMac    1.67%    passed     60.67%
  14  ColLiv    2.52%    failed      0.00%
  15  ColStr    3.07%    failed      0.01%
  16  CorBra    2.02%    failed      0.00%
  17  CucCan    2.58%    failed      0.00%
  18  EgrGar    1.37%    failed      0.21%
  19  EurHel    2.32%    failed      0.00%
  20  FalPer    2.13%    failed      0.00%
  21  FulGla    1.25%    failed      0.00%
  22  GalGal    3.73%    failed      0.00%
  23  GavSte    1.56%    failed      0.00%
  24  GeoFor    3.29%    failed      0.00%
  25  HalAlb    2.04%    failed      0.00%
  26  HalLeu    0.72%    failed      0.00%
  27  LepDis    1.56%    failed      0.00%
  28  ManVit    2.62%    failed      0.00%
  29  MelGal    3.54%    failed      0.02%
  30  MelUnd    2.95%    failed      0.59%
  31  MerNub    3.02%    failed      0.00%
  32  MesUni    2.32%    failed      0.00%
  33  NesNot    2.04%    passed     98.02%
  34  NipNip    1.71%    failed      0.00%
  35  OpiHoa    1.89%    failed      0.00%
  36  PelCri    1.23%    failed      0.00%
  37  PhaCar    1.98%    failed      0.00%
  38  PhaLep    1.27%    failed      0.00%
  39  PhoRub    1.30%    failed      0.00%
  40  PicPub    6.92%    failed      0.00%
  41  PodCri    1.70%    failed      0.00%
  42  PteGut    1.83%    failed      0.14%
  43  PygAde    2.10%    failed      0.00%
  44  StrCam    4.04%    failed      0.00%
  45  TaeGut    3.89%    failed      0.00%
  46  TauEry    1.32%    failed      2.88%
  47  TinGut   17.29%    failed      0.00%
  48  TytAlb    2.06%    failed      0.00%
****  TOTAL     2.75%  45 sequences failed composition chi2 test (p-value<5%; df=3)
NOTE: minimal branch length is reduced to 0.000000107273 for long alignment

Create initial parsimony tree by phylogenetic likelihood library (PLL)... 4.586 seconds
Generating 1000 samples for ultrafast bootstrap (seed: 351885)...

NOTE: 7708 MB RAM (7 GB) is required!
Measuring multi-threading efficiency up to 20 CPU cores
2 trees examined
Threads: 1 / Time: 36.089 sec / Speedup: 1.000 / Efficiency: 100% / LogL: -18240053
Threads: 2 / Time: 22.892 sec / Speedup: 1.576 / Efficiency: 79% / LogL: -18240053
Threads: 3 / Time: 16.896 sec / Speedup: 2.136 / Efficiency: 71% / LogL: -18240053
Threads: 4 / Time: 12.468 sec / Speedup: 2.894 / Efficiency: 72% / LogL: -18240053
Threads: 5 / Time: 10.415 sec / Speedup: 3.465 / Efficiency: 69% / LogL: -18240053
Threads: 6 / Time: 8.892 sec / Speedup: 4.059 / Efficiency: 68% / LogL: -18240053
Threads: 7 / Time: 8.244 sec / Speedup: 4.378 / Efficiency: 63% / LogL: -18240053
Threads: 8 / Time: 7.868 sec / Speedup: 4.587 / Efficiency: 57% / LogL: -18240053
Threads: 9 / Time: 7.627 sec / Speedup: 4.732 / Efficiency: 53% / LogL: -18240053
Threads: 10 / Time: 7.453 sec / Speedup: 4.842 / Efficiency: 48% / LogL: -18240053
BEST NUMBER OF THREADS: 9

Estimate model parameters (epsilon = 0.100)
1. Initial log-likelihood: -16366979.223
2. Current log-likelihood: -14908553.774
3. Current log-likelihood: -14888117.956
4. Current log-likelihood: -14885104.093
5. Current log-likelihood: -14884848.266
6. Current log-likelihood: -14884826.687
7. Current log-likelihood: -14884825.928
Optimal log-likelihood: -14884825.855
Rate parameters:  A-C: 0.99994  A-G: 5.47144  A-T: 0.52808  C-G: 1.30051  C-T: 5.44606  G-T: 1.00000
Base frequencies:  A: 0.285  C: 0.214  G: 0.214  T: 0.288
Proportion of invariable sites: 0.000
Site proportion and rates:  (0.095,0.863) (0.381,0.864) (0.474,0.866) (0.050,3.593)
Parameters optimization took 7 rounds (525.330 sec)
Computing ML distances based on estimated model parameters... 45.811 sec
Computing BIONJ tree...
0.031 seconds
Log-likelihood of BIONJ tree: -14877696.295
--------------------------------------------------------------------
|             INITIALIZING CANDIDATE TREE SET                      |
--------------------------------------------------------------------
Generating 98 parsimony trees... 521.830 second
Computing log-likelihood of 98 initial trees ... 353.298 seconds
Current best score: -14877696.295

Do NNI search on 20 best initial trees
Estimate model parameters (epsilon = 0.100)
BETTER TREE FOUND at iteration 1: -14875125.763
Estimate model parameters (epsilon = 0.100)
BETTER TREE FOUND at iteration 3: -14874293.960
Iteration 10 / LogL: -14875846.174 / Time: 0h:43m:5s
Iteration 20 / LogL: -14874837.886 / Time: 0h:58m:27s
Finish initializing candidate tree set (18)
Current best tree score: -14874293.960 / CPU time: 2799.168
Number of iterations: 20
--------------------------------------------------------------------
|               OPTIMIZING CANDIDATE TREE SET                      |
--------------------------------------------------------------------
Iteration 30 / LogL: -14874538.415 / Time: 1h:7m:59s (2h:50m:53s left)
Iteration 40 / LogL: -14874606.036 / Time: 1h:17m:51s (2h:5m:36s left)
Iteration 50 / LogL: -14874336.457 / Time: 1h:29m:31s (1h:36m:43s left)
Log-likelihood cutoff on original alignment: -14874612.247
Iteration 60 / LogL: -14874336.924 / Time: 1h:39m:29s (1h:12m:26s left)
Iteration 70 / LogL: -14874336.443 / Time: 1h:51m:15s (0h:53m:9s left)
Iteration 80 / LogL: -14874336.442 / Time: 2h:2m:38s (0h:35m:40s left)
Iteration 90 / LogL: -14874360.636 / Time: 2h:14m:15s (0h:19m:35s left)
Iteration 100 / LogL: -14874314.013 / Time: 2h:24m:0s (0h:4m:21s left)
Log-likelihood cutoff on original alignment: -14874612.247
NOTE: Bootstrap correlation coefficient of split occurrence frequencies: 0.999
TREE SEARCH COMPLETED AFTER 104 ITERATIONS / Time: 2h:28m:25s

--------------------------------------------------------------------
|                    FINALIZING TREE SEARCH                        |
--------------------------------------------------------------------
Performs final model parameters optimization
Estimate model parameters (epsilon = 0.010)
1. Initial log-likelihood: -14874293.960
Optimal log-likelihood: -14874293.951
Rate parameters:  A-C: 0.99942  A-G: 5.47274  A-T: 0.52791  C-G: 1.29984  C-T: 5.44699  G-T: 1.00000
Base frequencies:  A: 0.285  C: 0.214  G: 0.214  T: 0.288
Proportion of invariable sites: 0.000
Site proportion and rates:  (0.095,0.863) (0.381,0.864) (0.475,0.866) (0.049,3.599)
Parameters optimization took 1 rounds (26.806 sec)
BEST SCORE FOUND : -14874293.951
Creating bootstrap support values...
Split supports printed to NEXUS file /home/erenada/BirdTree/Alignments/AllSites/NoGap/m3/Jarvis_pi_m3_gene_nogap.phylip-relaxed.splits.nex
Total tree length: 3.739

Total number of iterations: 104
CPU time used for tree search: 63262.036 sec (17h:34m:22s)
Wall-clock time used for tree search: 8197.239 sec (2h:16m:37s)
Total CPU time used: 67987.309 sec (18h:53m:7s)
Total wall-clock time used: 8932.800 sec (2h:28m:52s)

Computing bootstrap consensus tree...
Reading input file /home/erenada/BirdTree/Alignments/AllSites/NoGap/m3/Jarvis_pi_m3_gene_nogap.phylip-relaxed.splits.nex...
48 taxa and 133 splits.
Consensus tree written to /home/erenada/BirdTree/Alignments/AllSites/NoGap/m3/Jarvis_pi_m3_gene_nogap.phylip-relaxed.contree
Reading input trees file /home/erenada/BirdTree/Alignments/AllSites/NoGap/m3/Jarvis_pi_m3_gene_nogap.phylip-relaxed.contree
Log-likelihood of consensus tree: -14874293.951

Analysis results written to: 
  IQ-TREE report:                /home/erenada/BirdTree/Alignments/AllSites/NoGap/m3/Jarvis_pi_m3_gene_nogap.phylip-relaxed.iqtree
  Maximum-likelihood tree:       /home/erenada/BirdTree/Alignments/AllSites/NoGap/m3/Jarvis_pi_m3_gene_nogap.phylip-relaxed.treefile
  Likelihood distances:          /home/erenada/BirdTree/Alignments/AllSites/NoGap/m3/Jarvis_pi_m3_gene_nogap.phylip-relaxed.mldist

Ultrafast bootstrap approximation results written to:
  Split support values:          /home/erenada/BirdTree/Alignments/AllSites/NoGap/m3/Jarvis_pi_m3_gene_nogap.phylip-relaxed.splits.nex
  Consensus tree:                /home/erenada/BirdTree/Alignments/AllSites/NoGap/m3/Jarvis_pi_m3_gene_nogap.phylip-relaxed.contree
  Screen log file:               /home/erenada/BirdTree/Alignments/AllSites/NoGap/m3/Jarvis_pi_m3_gene_nogap.phylip-relaxed.log

Date and Time: Thu Jun  4 05:33:32 2020
