IQ-TREE multicore version 1.7-beta16 for Linux 64-bit built Sep 24 2019
Developed by Bui Quang Minh, Nguyen Lam Tung, Olga Chernomor,
Heiko Schmidt, Dominik Schrempf, Michael Woodhams.

Host:    n022.cluster.com (AVX, 125 GB RAM)
Command: iqtree -s /home/erenada/BirdTree/Alignments/AllSites/Gap/m0/Jarvis_pi_m0_genic-other.phylip-relaxed -m GTR+I+R -B 1000 -nt AUTO
Seed:    445392 (Using SPRNG - Scalable Parallel Random Number Generator)
Time:    Tue Jun  2 21:24:59 2020
Kernel:  AVX - auto-detect threads (20 CPU cores detected)

Reading alignment file /home/erenada/BirdTree/Alignments/AllSites/Gap/m0/Jarvis_pi_m0_genic-other.phylip-relaxed ... Phylip format detected
Alignment most likely contains DNA/RNA sequences
Alignment has 48 sequences with 12530 columns, 9883 distinct patterns
12485 parsimony-informative, 18 singleton sites, 27 constant sites
        Gap/Ambiguity  Composition  p-value
   1  AcaChl    0.17%    passed     39.36%
   2  AnaPla    0.04%    passed     15.39%
   3  AntCar    0.02%    passed      8.98%
   4  ApaVit    0.03%    passed     85.85%
   5  AptFor    0.04%    passed     10.27%
   6  BalReg    0.00%    passed     31.05%
   7  BucRhi    0.09%    failed      0.01%
   8  CalAnn    0.16%    passed     94.42%
   9  CarCri    0.04%    passed     19.74%
  10  CatAur    0.01%    passed     19.16%
  11  ChaPel    0.21%    passed     97.11%
  12  ChaVoc    0.00%    passed     60.19%
  13  ChlMac    0.08%    passed     98.17%
  14  ColLiv    0.06%    passed     99.87%
  15  ColStr    0.07%    passed     82.39%
  16  CorBra    0.13%    passed     61.16%
  17  CucCan    0.15%    passed     90.99%
  18  EgrGar    0.06%    passed     97.37%
  19  EurHel    0.06%    passed     83.00%
  20  FalPer    0.04%    passed     61.73%
  21  FulGla    0.02%    passed      6.32%
  22  GalGal    0.00%    failed      0.00%
  23  GavSte    0.02%    passed     21.78%
  24  GeoFor    0.22%    passed     20.81%
  25  HalAlb    0.06%    passed     44.14%
  26  HalLeu    0.06%    passed     43.67%
  27  LepDis    0.06%    passed     86.18%
  28  ManVit    0.17%    passed     76.92%
  29  MelGal    0.09%    failed      0.23%
  30  MelUnd    0.11%    passed     55.72%
  31  MerNub    0.02%    passed     48.14%
  32  MesUni    0.09%    passed     91.78%
  33  NesNot    0.11%    passed     80.69%
  34  NipNip    0.03%    passed     54.20%
  35  OpiHoa    0.04%    passed     82.77%
  36  PelCri    0.02%    passed     58.32%
  37  PhaCar    0.07%    passed     47.48%
  38  PhaLep    0.05%    passed     71.43%
  39  PhoRub    0.02%    passed     91.22%
  40  PicPub    0.04%    failed      0.00%
  41  PodCri    0.09%    passed     42.99%
  42  PteGut    0.02%    passed     95.52%
  43  PygAde    0.04%    passed     21.90%
  44  StrCam    0.12%    passed     19.86%
  45  TaeGut    0.27%    passed     65.54%
  46  TauEry    0.06%    passed     98.60%
  47  TinGut    0.18%    failed      4.96%
  48  TytAlb    0.02%    failed      3.36%
****  TOTAL     0.07%  6 sequences failed composition chi2 test (p-value<5%; df=3)

Create initial parsimony tree by phylogenetic likelihood library (PLL)... 0.051 seconds
Generating 1000 samples for ultrafast bootstrap (seed: 445392)...

NOTE: 99 MB RAM (0 GB) is required!
Measuring multi-threading efficiency up to 20 CPU cores
Increase to 10 rounds for branch lengths
21 trees examined
Threads: 1 / Time: 20.994 sec / Speedup: 1.000 / Efficiency: 100% / LogL: -225892
Threads: 2 / Time: 15.020 sec / Speedup: 1.398 / Efficiency: 70% / LogL: -225892
Threads: 3 / Time: 9.908 sec / Speedup: 2.119 / Efficiency: 71% / LogL: -225892
Threads: 4 / Time: 7.993 sec / Speedup: 2.627 / Efficiency: 66% / LogL: -225892
Threads: 5 / Time: 7.716 sec / Speedup: 2.721 / Efficiency: 54% / LogL: -225892
Threads: 6 / Time: 6.373 sec / Speedup: 3.294 / Efficiency: 55% / LogL: -225892
Threads: 7 / Time: 6.225 sec / Speedup: 3.373 / Efficiency: 48% / LogL: -225892
BEST NUMBER OF THREADS: 6

Estimate model parameters (epsilon = 0.100)
1. Initial log-likelihood: -201109.955
2. Current log-likelihood: -184125.196
3. Current log-likelihood: -183951.313
4. Current log-likelihood: -183821.029
5. Current log-likelihood: -183742.790
6. Current log-likelihood: -183723.477
7. Current log-likelihood: -183721.131
8. Current log-likelihood: -183720.920
Optimal log-likelihood: -183720.891
Rate parameters:  A-C: 1.02060  A-G: 5.31128  A-T: 0.57687  C-G: 1.45765  C-T: 5.37113  G-T: 1.00000
Base frequencies:  A: 0.289  C: 0.209  G: 0.211  T: 0.292
Proportion of invariable sites: 0.001
Site proportion and rates:  (0.095,0.926) (0.375,0.926) (0.504,0.927) (0.026,3.799)
Parameters optimization took 8 rounds (4.637 sec)
Computing ML distances based on estimated model parameters... 0.228 sec
Computing BIONJ tree...
0.030 seconds
Log-likelihood of BIONJ tree: -183704.558
--------------------------------------------------------------------
|             INITIALIZING CANDIDATE TREE SET                      |
--------------------------------------------------------------------
Generating 98 parsimony trees... 4.413 second
Computing log-likelihood of 98 initial trees ... 4.112 seconds
Current best score: -183674.869

Do NNI search on 20 best initial trees
Estimate model parameters (epsilon = 0.100)
BETTER TREE FOUND at iteration 1: -183610.423
Estimate model parameters (epsilon = 0.100)
BETTER TREE FOUND at iteration 2: -183609.109
Iteration 10 / LogL: -183640.769 / Time: 0h:1m:36s
Iteration 20 / LogL: -183625.989 / Time: 0h:1m:44s
Finish initializing candidate tree set (19)
Current best tree score: -183609.109 / CPU time: 24.911
Number of iterations: 20
--------------------------------------------------------------------
|               OPTIMIZING CANDIDATE TREE SET                      |
--------------------------------------------------------------------
Estimate model parameters (epsilon = 0.100)
BETTER TREE FOUND at iteration 24: -183600.747
Iteration 30 / LogL: -183600.748 / Time: 0h:1m:52s (0h:6m:2s left)
Iteration 40 / LogL: -183615.559 / Time: 0h:1m:59s (0h:4m:16s left)
Iteration 50 / LogL: -183603.090 / Time: 0h:2m:6s (0h:3m:10s left)
Log-likelihood cutoff on original alignment: -183701.217
Iteration 60 / LogL: -183614.402 / Time: 0h:2m:13s (0h:2m:25s left)
Iteration 70 / LogL: -183603.098 / Time: 0h:2m:22s (0h:1m:51s left)
UPDATE BEST LOG-LIKELIHOOD: -183600.747
Iteration 80 / LogL: -183602.849 / Time: 0h:2m:29s (0h:1m:23s left)
Iteration 90 / LogL: -183603.091 / Time: 0h:2m:36s (0h:0m:59s left)
Iteration 100 / LogL: -183602.953 / Time: 0h:2m:43s (0h:0m:39s left)
Log-likelihood cutoff on original alignment: -183675.843
NOTE: Bootstrap correlation coefficient of split occurrence frequencies: 0.994
Iteration 110 / LogL: -183602.849 / Time: 0h:2m:50s (0h:2m:21s left)
Iteration 120 / LogL: -183601.330 / Time: 0h:2m:58s (0h:1m:59s left)
TREE SEARCH COMPLETED AFTER 125 ITERATIONS / Time: 0h:3m:1s

--------------------------------------------------------------------
|                    FINALIZING TREE SEARCH                        |
--------------------------------------------------------------------
Performs final model parameters optimization
Estimate model parameters (epsilon = 0.010)
1. Initial log-likelihood: -183600.747
Optimal log-likelihood: -183600.743
Rate parameters:  A-C: 1.01670  A-G: 5.31822  A-T: 0.57567  C-G: 1.45817  C-T: 5.36980  G-T: 1.00000
Base frequencies:  A: 0.289  C: 0.209  G: 0.211  T: 0.292
Proportion of invariable sites: 0.001
Site proportion and rates:  (0.095,0.927) (0.375,0.927) (0.504,0.927) (0.025,3.818)
Parameters optimization took 1 rounds (0.199 sec)
BEST SCORE FOUND : -183600.743
Creating bootstrap support values...
Split supports printed to NEXUS file /home/erenada/BirdTree/Alignments/AllSites/Gap/m0/Jarvis_pi_m0_genic-other.phylip-relaxed.splits.nex
Total tree length: 3.080

Total number of iterations: 125
CPU time used for tree search: 586.267 sec (0h:9m:46s)
Wall-clock time used for tree search: 101.996 sec (0h:1m:41s)
Total CPU time used: 849.125 sec (0h:14m:9s)
Total wall-clock time used: 181.901 sec (0h:3m:1s)

Computing bootstrap consensus tree...
Reading input file /home/erenada/BirdTree/Alignments/AllSites/Gap/m0/Jarvis_pi_m0_genic-other.phylip-relaxed.splits.nex...
48 taxa and 356 splits.
Consensus tree written to /home/erenada/BirdTree/Alignments/AllSites/Gap/m0/Jarvis_pi_m0_genic-other.phylip-relaxed.contree
Reading input trees file /home/erenada/BirdTree/Alignments/AllSites/Gap/m0/Jarvis_pi_m0_genic-other.phylip-relaxed.contree
Log-likelihood of consensus tree: -183605.924

Analysis results written to: 
  IQ-TREE report:                /home/erenada/BirdTree/Alignments/AllSites/Gap/m0/Jarvis_pi_m0_genic-other.phylip-relaxed.iqtree
  Maximum-likelihood tree:       /home/erenada/BirdTree/Alignments/AllSites/Gap/m0/Jarvis_pi_m0_genic-other.phylip-relaxed.treefile
  Likelihood distances:          /home/erenada/BirdTree/Alignments/AllSites/Gap/m0/Jarvis_pi_m0_genic-other.phylip-relaxed.mldist

Ultrafast bootstrap approximation results written to:
  Split support values:          /home/erenada/BirdTree/Alignments/AllSites/Gap/m0/Jarvis_pi_m0_genic-other.phylip-relaxed.splits.nex
  Consensus tree:                /home/erenada/BirdTree/Alignments/AllSites/Gap/m0/Jarvis_pi_m0_genic-other.phylip-relaxed.contree
  Screen log file:               /home/erenada/BirdTree/Alignments/AllSites/Gap/m0/Jarvis_pi_m0_genic-other.phylip-relaxed.log

Date and Time: Tue Jun  2 21:28:01 2020
