IQ-TREE multicore version 1.7-beta16 for Linux 64-bit built Sep 24 2019
Developed by Bui Quang Minh, Nguyen Lam Tung, Olga Chernomor,
Heiko Schmidt, Dominik Schrempf, Michael Woodhams.

Host:    n027.cluster.com (AVX, 125 GB RAM)
Command: iqtree -s /home/erenada/BirdTree/Alignments/AllSites/Gap/m0/Jarvis_pi_m0_UTR3.phylip-relaxed -m GTR+I+R -B 1000 -nt AUTO
Seed:    555823 (Using SPRNG - Scalable Parallel Random Number Generator)
Time:    Tue Jun  2 21:26:59 2020
Kernel:  AVX - auto-detect threads (20 CPU cores detected)

Reading alignment file /home/erenada/BirdTree/Alignments/AllSites/Gap/m0/Jarvis_pi_m0_UTR3.phylip-relaxed ... Phylip format detected
Alignment most likely contains DNA/RNA sequences
Alignment has 48 sequences with 12443 columns, 9407 distinct patterns
12353 parsimony-informative, 31 singleton sites, 59 constant sites
        Gap/Ambiguity  Composition  p-value
   1  AcaChl    0.17%    failed      0.00%
   2  AnaPla    0.07%    passed     10.56%
   3  AntCar    0.04%    passed     22.15%
   4  ApaVit    0.07%    passed     30.24%
   5  AptFor    0.06%    passed     33.73%
   6  BalReg    0.06%    failed      1.25%
   7  BucRhi    0.07%    failed      0.00%
   8  CalAnn    0.10%    passed     74.53%
   9  CarCri    0.05%    passed     23.05%
  10  CatAur    0.00%    failed      4.00%
  11  ChaPel    0.08%    passed     64.54%
  12  ChaVoc    0.02%    passed     10.76%
  13  ChlMac    0.02%    passed     92.74%
  14  ColLiv    0.07%    passed     65.87%
  15  ColStr    0.07%    failed      0.01%
  16  CorBra    0.12%    passed     92.80%
  17  CucCan    0.14%    passed     90.42%
  18  EgrGar    0.02%    passed     93.61%
  19  EurHel    0.15%    failed      0.00%
  20  FalPer    0.10%    passed     13.88%
  21  FulGla    0.02%    failed      1.31%
  22  GalGal    0.03%    passed     13.49%
  23  GavSte    0.02%    failed      3.50%
  24  GeoFor    0.25%    passed     62.92%
  25  HalAlb    0.16%    failed      1.56%
  26  HalLeu    0.16%    failed      1.40%
  27  LepDis    0.03%    passed     96.06%
  28  ManVit    0.09%    passed     43.00%
  29  MelGal    0.10%    passed     34.46%
  30  MelUnd    0.23%    passed     27.62%
  31  MerNub    0.10%    passed      8.81%
  32  MesUni    0.08%    passed     18.44%
  33  NesNot    0.18%    passed     40.60%
  34  NipNip    0.02%    passed     15.59%
  35  OpiHoa    0.11%    passed     34.65%
  36  PelCri    0.07%    passed     17.40%
  37  PhaCar    0.04%    passed     91.33%
  38  PhaLep    0.06%    passed     11.59%
  39  PhoRub    0.03%    passed     48.97%
  40  PicPub    0.15%    failed      0.00%
  41  PodCri    0.06%    passed     70.57%
  42  PteGut    0.06%    passed     15.54%
  43  PygAde    0.06%    passed     75.30%
  44  StrCam    0.06%    failed      2.52%
  45  TaeGut    0.35%    passed     66.75%
  46  TauEry    0.03%    passed     86.11%
  47  TinGut    0.14%    passed     59.85%
  48  TytAlb    0.02%    failed      1.24%
****  TOTAL     0.09%  13 sequences failed composition chi2 test (p-value<5%; df=3)

Create initial parsimony tree by phylogenetic likelihood library (PLL)... 0.056 seconds
Generating 1000 samples for ultrafast bootstrap (seed: 555823)...

NOTE: 94 MB RAM (0 GB) is required!
Measuring multi-threading efficiency up to 20 CPU cores
Increase to 10 rounds for branch lengths
22 trees examined
Threads: 1 / Time: 20.140 sec / Speedup: 1.000 / Efficiency: 100% / LogL: -220878
Threads: 2 / Time: 16.091 sec / Speedup: 1.252 / Efficiency: 63% / LogL: -220878
Threads: 3 / Time: 7.967 sec / Speedup: 2.528 / Efficiency: 84% / LogL: -220878
Threads: 4 / Time: 8.169 sec / Speedup: 2.466 / Efficiency: 62% / LogL: -220878
Threads: 5 / Time: 7.466 sec / Speedup: 2.698 / Efficiency: 54% / LogL: -220878
Threads: 6 / Time: 7.346 sec / Speedup: 2.742 / Efficiency: 46% / LogL: -220878
BEST NUMBER OF THREADS: 5

Estimate model parameters (epsilon = 0.100)
1. Initial log-likelihood: -195600.105
2. Current log-likelihood: -178776.500
3. Current log-likelihood: -178550.468
4. Current log-likelihood: -178441.018
5. Current log-likelihood: -178398.185
6. Current log-likelihood: -178389.632
7. Current log-likelihood: -178388.591
8. Current log-likelihood: -178388.482
Optimal log-likelihood: -178388.467
Rate parameters:  A-C: 0.95506  A-G: 4.43057  A-T: 0.40320  C-G: 0.99681  C-T: 4.39544  G-T: 1.00000
Base frequencies:  A: 0.316  C: 0.189  G: 0.187  T: 0.307
Proportion of invariable sites: 0.000
Site proportion and rates:  (0.107,0.892) (0.377,0.892) (0.478,0.893) (0.038,3.677)
Parameters optimization took 8 rounds (3.826 sec)
Computing ML distances based on estimated model parameters... 0.178 sec
Computing BIONJ tree...
0.031 seconds
Log-likelihood of BIONJ tree: -178380.992
--------------------------------------------------------------------
|             INITIALIZING CANDIDATE TREE SET                      |
--------------------------------------------------------------------
Generating 98 parsimony trees... 4.195 second
Computing log-likelihood of 98 initial trees ... 3.283 seconds
Current best score: -178286.302

Do NNI search on 20 best initial trees
Estimate model parameters (epsilon = 0.100)
BETTER TREE FOUND at iteration 1: -178223.355
Estimate model parameters (epsilon = 0.100)
BETTER TREE FOUND at iteration 2: -178213.081
Iteration 10 / LogL: -178257.359 / Time: 0h:1m:27s
Iteration 20 / LogL: -178235.745 / Time: 0h:1m:35s
Finish initializing candidate tree set (19)
Current best tree score: -178213.081 / CPU time: 23.583
Number of iterations: 20
--------------------------------------------------------------------
|               OPTIMIZING CANDIDATE TREE SET                      |
--------------------------------------------------------------------
Estimate model parameters (epsilon = 0.100)
BETTER TREE FOUND at iteration 22: -178210.613
Estimate model parameters (epsilon = 0.100)
BETTER TREE FOUND at iteration 24: -178204.766
Estimate model parameters (epsilon = 0.100)
BETTER TREE FOUND at iteration 29: -178204.734
Iteration 30 / LogL: -178204.734 / Time: 0h:1m:43s (0h:5m:52s left)
Iteration 40 / LogL: -178210.611 / Time: 0h:1m:49s (0h:4m:10s left)
Iteration 50 / LogL: -178225.393 / Time: 0h:1m:57s (0h:3m:9s left)
Log-likelihood cutoff on original alignment: -178320.069
Iteration 60 / LogL: -178204.741 / Time: 0h:2m:3s (0h:2m:24s left)
Iteration 70 / LogL: -178204.737 / Time: 0h:2m:10s (0h:1m:51s left)
Iteration 80 / LogL: -178207.537 / Time: 0h:2m:17s (0h:1m:25s left)
Iteration 90 / LogL: -178213.930 / Time: 0h:2m:24s (0h:1m:3s left)
Iteration 100 / LogL: -178204.735 / Time: 0h:2m:30s (0h:0m:43s left)
Log-likelihood cutoff on original alignment: -178320.069
NOTE: Bootstrap correlation coefficient of split occurrence frequencies: 0.996
Iteration 110 / LogL: -178204.767 / Time: 0h:2m:37s (0h:2m:9s left)
UPDATE BEST LOG-LIKELIHOOD: -178204.734
Iteration 120 / LogL: -178213.994 / Time: 0h:2m:43s (0h:1m:50s left)
Iteration 130 / LogL: -178208.537 / Time: 0h:2m:50s (0h:1m:32s left)
TREE SEARCH COMPLETED AFTER 130 ITERATIONS / Time: 0h:2m:50s

--------------------------------------------------------------------
|                    FINALIZING TREE SEARCH                        |
--------------------------------------------------------------------
Performs final model parameters optimization
Estimate model parameters (epsilon = 0.010)
1. Initial log-likelihood: -178204.734
Optimal log-likelihood: -178204.732
Rate parameters:  A-C: 0.95375  A-G: 4.43581  A-T: 0.40366  C-G: 0.99194  C-T: 4.39932  G-T: 1.00000
Base frequencies:  A: 0.316  C: 0.189  G: 0.187  T: 0.307
Proportion of invariable sites: 0.000
Site proportion and rates:  (0.107,0.892) (0.377,0.892) (0.478,0.893) (0.038,3.692)
Parameters optimization took 1 rounds (0.219 sec)
BEST SCORE FOUND : -178204.732
Creating bootstrap support values...
Split supports printed to NEXUS file /home/erenada/BirdTree/Alignments/AllSites/Gap/m0/Jarvis_pi_m0_UTR3.phylip-relaxed.splits.nex
Total tree length: 3.030

Total number of iterations: 130
CPU time used for tree search: 471.914 sec (0h:7m:51s)
Wall-clock time used for tree search: 98.558 sec (0h:1m:38s)
Total CPU time used: 683.282 sec (0h:11m:23s)
Total wall-clock time used: 170.542 sec (0h:2m:50s)

Computing bootstrap consensus tree...
Reading input file /home/erenada/BirdTree/Alignments/AllSites/Gap/m0/Jarvis_pi_m0_UTR3.phylip-relaxed.splits.nex...
48 taxa and 411 splits.
Consensus tree written to /home/erenada/BirdTree/Alignments/AllSites/Gap/m0/Jarvis_pi_m0_UTR3.phylip-relaxed.contree
Reading input trees file /home/erenada/BirdTree/Alignments/AllSites/Gap/m0/Jarvis_pi_m0_UTR3.phylip-relaxed.contree
Log-likelihood of consensus tree: -178206.216

Analysis results written to: 
  IQ-TREE report:                /home/erenada/BirdTree/Alignments/AllSites/Gap/m0/Jarvis_pi_m0_UTR3.phylip-relaxed.iqtree
  Maximum-likelihood tree:       /home/erenada/BirdTree/Alignments/AllSites/Gap/m0/Jarvis_pi_m0_UTR3.phylip-relaxed.treefile
  Likelihood distances:          /home/erenada/BirdTree/Alignments/AllSites/Gap/m0/Jarvis_pi_m0_UTR3.phylip-relaxed.mldist

Ultrafast bootstrap approximation results written to:
  Split support values:          /home/erenada/BirdTree/Alignments/AllSites/Gap/m0/Jarvis_pi_m0_UTR3.phylip-relaxed.splits.nex
  Consensus tree:                /home/erenada/BirdTree/Alignments/AllSites/Gap/m0/Jarvis_pi_m0_UTR3.phylip-relaxed.contree
  Screen log file:               /home/erenada/BirdTree/Alignments/AllSites/Gap/m0/Jarvis_pi_m0_UTR3.phylip-relaxed.log

Date and Time: Tue Jun  2 21:29:50 2020
