IQ-TREE multicore version 1.7-beta16 for Linux 64-bit built Sep 24 2019
Developed by Bui Quang Minh, Nguyen Lam Tung, Olga Chernomor,
Heiko Schmidt, Dominik Schrempf, Michael Woodhams.

Host:    n018.cluster.com (AVX, 125 GB RAM)
Command: iqtree -s /home/erenada/BirdTree/Alignments/AllSites/NoGap/m5/Jarvis_pi_m5_AllSISRS_nogap.phylip-relaxed -m GTR+I+R -B 1000 -nt AUTO
Seed:    234225 (Using SPRNG - Scalable Parallel Random Number Generator)
Time:    Thu Jun  4 21:47:04 2020
Kernel:  AVX - auto-detect threads (20 CPU cores detected)

Reading alignment file /home/erenada/BirdTree/Alignments/AllSites/NoGap/m5/Jarvis_pi_m5_AllSISRS_nogap.phylip-relaxed ... Phylip format detected
Alignment most likely contains DNA/RNA sequences
Alignment has 48 sequences with 3350344 columns, 2881349 distinct patterns
3344754 parsimony-informative, 5590 singleton sites, 0 constant sites
        Gap/Ambiguity  Composition  p-value
   1  AcaChl    4.93%    failed      0.00%
   2  AnaPla    8.22%    failed      0.00%
   3  AntCar    4.60%    failed      0.00%
   4  ApaVit    4.34%    failed      0.00%
   5  AptFor    2.54%    failed      0.00%
   6  BalReg    2.07%    failed      0.00%
   7  BucRhi    4.77%    failed      0.00%
   8  CalAnn    6.84%    failed      0.00%
   9  CarCri    2.55%    failed      0.00%
  10  CatAur    5.84%    failed      0.00%
  11  ChaPel    4.73%    failed      0.00%
  12  ChaVoc    1.92%    passed     55.53%
  13  ChlMac    2.69%    failed      0.07%
  14  ColLiv    3.85%    failed      0.00%
  15  ColStr    5.80%    failed      0.00%
  16  CorBra    4.10%    failed      0.00%
  17  CucCan    4.58%    failed      0.00%
  18  EgrGar    1.96%    failed      0.00%
  19  EurHel    3.64%    failed      0.00%
  20  FalPer    3.18%    failed      0.00%
  21  FulGla    1.69%    failed      0.00%
  22  GalGal   13.06%    failed      0.00%
  23  GavSte    2.11%    failed      0.00%
  24  GeoFor    6.64%    failed      0.00%
  25  HalAlb    2.60%    failed      0.00%
  26  HalLeu    1.01%    failed      0.00%
  27  LepDis    2.29%    failed      0.00%
  28  ManVit    4.24%    failed      0.00%
  29  MelGal   14.69%    passed     16.67%
  30  MelUnd    4.70%    failed      0.00%
  31  MerNub    4.89%    failed      0.00%
  32  MesUni    3.71%    failed      0.00%
  33  NesNot    3.64%    passed     47.31%
  34  NipNip    2.04%    failed      0.00%
  35  OpiHoa    2.45%    failed      0.00%
  36  PelCri    1.70%    failed      0.00%
  37  PhaCar    2.87%    failed      0.00%
  38  PhaLep    1.97%    failed      0.00%
  39  PhoRub    1.74%    failed      0.00%
  40  PicPub   12.43%    failed      0.00%
  41  PodCri    2.61%    failed      0.00%
  42  PteGut    3.09%    passed     55.51%
  43  PygAde    2.62%    failed      0.00%
  44  StrCam    9.56%    failed      0.00%
  45  TaeGut    7.49%    failed      0.00%
  46  TauEry    2.04%    failed      0.00%
  47  TinGut   27.06%    failed      0.00%
  48  TytAlb    3.03%    failed      0.00%
****  TOTAL     4.81%  44 sequences failed composition chi2 test (p-value<5%; df=3)
NOTE: minimal branch length is reduced to 0.000000029848 for long alignment

Create initial parsimony tree by phylogenetic likelihood library (PLL)... 22.700 seconds
Generating 1000 samples for ultrafast bootstrap (seed: 234225)...

NOTE: 28929 MB RAM (28 GB) is required!
Measuring multi-threading efficiency up to 20 CPU cores
2 trees examined
Threads: 1 / Time: 176.929 sec / Speedup: 1.000 / Efficiency: 100% / LogL: -65717299
Threads: 2 / Time: 87.074 sec / Speedup: 2.032 / Efficiency: 102% / LogL: -65717299
Threads: 3 / Time: 62.136 sec / Speedup: 2.847 / Efficiency: 95% / LogL: -65717299
Threads: 4 / Time: 49.353 sec / Speedup: 3.585 / Efficiency: 90% / LogL: -65717299
Threads: 5 / Time: 41.205 sec / Speedup: 4.294 / Efficiency: 86% / LogL: -65717299
Threads: 6 / Time: 36.925 sec / Speedup: 4.792 / Efficiency: 80% / LogL: -65717299
Threads: 7 / Time: 35.087 sec / Speedup: 5.043 / Efficiency: 72% / LogL: -65717299
Threads: 8 / Time: 37.073 sec / Speedup: 4.772 / Efficiency: 60% / LogL: -65717299
Threads: 9 / Time: 34.334 sec / Speedup: 5.153 / Efficiency: 57% / LogL: -65717299
Threads: 10 / Time: 33.989 sec / Speedup: 5.205 / Efficiency: 52% / LogL: -65717299
Threads: 11 / Time: 32.323 sec / Speedup: 5.474 / Efficiency: 50% / LogL: -65717299
BEST NUMBER OF THREADS: 9

Estimate model parameters (epsilon = 0.100)
1. Initial log-likelihood: -59697343.911
2. Current log-likelihood: -54624932.055
3. Current log-likelihood: -54546996.195
4. Current log-likelihood: -54531030.586
5. Current log-likelihood: -54529642.205
6. Current log-likelihood: -54529561.588
7. Current log-likelihood: -54529558.031
8. Current log-likelihood: -54529557.789
9. Current log-likelihood: -54529557.688
Optimal log-likelihood: -54529557.635
Rate parameters:  A-C: 0.99885  A-G: 5.08632  A-T: 0.60939  C-G: 1.19954  C-T: 5.04479  G-T: 1.00000
Base frequencies:  A: 0.275  C: 0.222  G: 0.222  T: 0.280
Proportion of invariable sites: 0.000
Site proportion and rates:  (0.087,0.887) (0.379,0.887) (0.494,0.887) (0.040,3.687)
Parameters optimization took 9 rounds (2196.173 sec)
Computing ML distances based on estimated model parameters... 168.522 sec
Computing BIONJ tree...
0.030 seconds
Log-likelihood of BIONJ tree: -54502197.827
--------------------------------------------------------------------
|             INITIALIZING CANDIDATE TREE SET                      |
--------------------------------------------------------------------
Generating 98 parsimony trees... 2685.177 second
Computing log-likelihood of 98 initial trees ... 1619.854 seconds
Current best score: -54502197.827

Do NNI search on 20 best initial trees
Estimate model parameters (epsilon = 0.100)
BETTER TREE FOUND at iteration 1: -54494604.267
Iteration 10 / LogL: -54494944.685 / Time: 3h:1m:55s
Iteration 20 / LogL: -54495324.692 / Time: 4h:2m:10s
Finish initializing candidate tree set (11)
Current best tree score: -54494604.267 / CPU time: 11526.423
Number of iterations: 20
--------------------------------------------------------------------
|               OPTIMIZING CANDIDATE TREE SET                      |
--------------------------------------------------------------------
Iteration 30 / LogL: -54494804.942 / Time: 4h:45m:54s (11h:38m:52s left)
Iteration 40 / LogL: -54494896.485 / Time: 5h:30m:17s (8h:35m:54s left)
Iteration 50 / LogL: -54494746.664 / Time: 6h:13m:57s (6h:28m:44s left)
Log-likelihood cutoff on original alignment: -54495040.923
Iteration 60 / LogL: -54494896.417 / Time: 6h:58m:57s (4h:50m:49s left)
Iteration 70 / LogL: -54494801.441 / Time: 7h:40m:22s (3h:26m:37s left)
Iteration 80 / LogL: -54494746.798 / Time: 8h:24m:31s (2h:13m:59s left)
Iteration 90 / LogL: -54494896.381 / Time: 9h:5m:30s (1h:7m:22s left)
Iteration 100 / LogL: -54494798.671 / Time: 9h:51m:13s (0h:5m:58s left)
Log-likelihood cutoff on original alignment: -54495040.923
NOTE: Bootstrap correlation coefficient of split occurrence frequencies: 0.999
TREE SEARCH COMPLETED AFTER 102 ITERATIONS / Time: 9h:59m:20s

--------------------------------------------------------------------
|                    FINALIZING TREE SEARCH                        |
--------------------------------------------------------------------
Performs final model parameters optimization
Estimate model parameters (epsilon = 0.010)
1. Initial log-likelihood: -54494604.267
2. Current log-likelihood: -54494604.193
3. Current log-likelihood: -54494604.145
4. Current log-likelihood: -54494604.075
5. Current log-likelihood: -54494604.030
6. Current log-likelihood: -54494603.960
7. Current log-likelihood: -54494603.915
8. Current log-likelihood: -54494603.840
9. Current log-likelihood: -54494603.790
10. Current log-likelihood: -54494603.725
11. Current log-likelihood: -54494603.682
12. Current log-likelihood: -54494603.617
13. Current log-likelihood: -54494603.574
14. Current log-likelihood: -54494603.519
15. Current log-likelihood: -54494603.484
16. Current log-likelihood: -54494603.426
17. Current log-likelihood: -54494603.390
18. Current log-likelihood: -54494603.343
19. Current log-likelihood: -54494603.315
20. Current log-likelihood: -54494603.263
21. Current log-likelihood: -54494603.231
22. Current log-likelihood: -54494603.192
23. Current log-likelihood: -54494603.170
24. Current log-likelihood: -54494603.123
25. Current log-likelihood: -54494603.096
26. Current log-likelihood: -54494603.063
27. Current log-likelihood: -54494603.045
28. Current log-likelihood: -54494603.005
29. Current log-likelihood: -54494602.983
30. Current log-likelihood: -54494602.954
31. Current log-likelihood: -54494602.939
32. Current log-likelihood: -54494602.902
33. Current log-likelihood: -54494602.882
34. Current log-likelihood: -54494602.858
35. Current log-likelihood: -54494602.846
36. Current log-likelihood: -54494602.817
37. Current log-likelihood: -54494602.802
38. Current log-likelihood: -54494602.779
39. Current log-likelihood: -54494602.769
40. Current log-likelihood: -54494602.741
41. Current log-likelihood: -54494602.726
42. Current log-likelihood: -54494602.708
Optimal log-likelihood: -54494602.700
Rate parameters:  A-C: 0.99970  A-G: 5.09354  A-T: 0.60965  C-G: 1.20074  C-T: 5.05137  G-T: 1.00000
Base frequencies:  A: 0.275  C: 0.222  G: 0.222  T: 0.280
Proportion of invariable sites: 0.000
Site proportion and rates:  (0.087,0.887) (0.379,0.887) (0.494,0.888) (0.040,3.694)
Parameters optimization took 42 rounds (4093.002 sec)
BEST SCORE FOUND : -54494602.700
Creating bootstrap support values...
Split supports printed to NEXUS file /home/erenada/BirdTree/Alignments/AllSites/NoGap/m5/Jarvis_pi_m5_AllSISRS_nogap.phylip-relaxed.splits.nex
Total tree length: 3.903

Total number of iterations: 102
CPU time used for tree search: 238773.245 sec (66h:19m:33s)
Wall-clock time used for tree search: 32956.046 sec (9h:9m:16s)
Total CPU time used: 282718.481 sec (78h:31m:58s)
Total wall-clock time used: 40055.925 sec (11h:7m:35s)

Computing bootstrap consensus tree...
Reading input file /home/erenada/BirdTree/Alignments/AllSites/NoGap/m5/Jarvis_pi_m5_AllSISRS_nogap.phylip-relaxed.splits.nex...
48 taxa and 117 splits.
Consensus tree written to /home/erenada/BirdTree/Alignments/AllSites/NoGap/m5/Jarvis_pi_m5_AllSISRS_nogap.phylip-relaxed.contree
Reading input trees file /home/erenada/BirdTree/Alignments/AllSites/NoGap/m5/Jarvis_pi_m5_AllSISRS_nogap.phylip-relaxed.contree
Log-likelihood of consensus tree: -54494602.700

Analysis results written to: 
  IQ-TREE report:                /home/erenada/BirdTree/Alignments/AllSites/NoGap/m5/Jarvis_pi_m5_AllSISRS_nogap.phylip-relaxed.iqtree
  Maximum-likelihood tree:       /home/erenada/BirdTree/Alignments/AllSites/NoGap/m5/Jarvis_pi_m5_AllSISRS_nogap.phylip-relaxed.treefile
  Likelihood distances:          /home/erenada/BirdTree/Alignments/AllSites/NoGap/m5/Jarvis_pi_m5_AllSISRS_nogap.phylip-relaxed.mldist

Ultrafast bootstrap approximation results written to:
  Split support values:          /home/erenada/BirdTree/Alignments/AllSites/NoGap/m5/Jarvis_pi_m5_AllSISRS_nogap.phylip-relaxed.splits.nex
  Consensus tree:                /home/erenada/BirdTree/Alignments/AllSites/NoGap/m5/Jarvis_pi_m5_AllSISRS_nogap.phylip-relaxed.contree
  Screen log file:               /home/erenada/BirdTree/Alignments/AllSites/NoGap/m5/Jarvis_pi_m5_AllSISRS_nogap.phylip-relaxed.log

Date and Time: Fri Jun  5 08:56:39 2020
