IQ-TREE multicore version 1.7-beta16 for Linux 64-bit built Sep 24 2019
Developed by Bui Quang Minh, Nguyen Lam Tung, Olga Chernomor,
Heiko Schmidt, Dominik Schrempf, Michael Woodhams.

Host:    n026.cluster.com (AVX, 125 GB RAM)
Command: iqtree -s /home/erenada/BirdTree/Alignments/AllSites/Gap/m5/Jarvis_pi_m5_pseudogene.phylip-relaxed -m GTR+I+R -B 1000 -nt AUTO
Seed:    462985 (Using SPRNG - Scalable Parallel Random Number Generator)
Time:    Tue Jun  2 21:38:11 2020
Kernel:  AVX - auto-detect threads (20 CPU cores detected)

Reading alignment file /home/erenada/BirdTree/Alignments/AllSites/Gap/m5/Jarvis_pi_m5_pseudogene.phylip-relaxed ... Phylip format detected
Alignment most likely contains DNA/RNA sequences
Alignment has 48 sequences with 7153 columns, 7054 distinct patterns
7136 parsimony-informative, 10 singleton sites, 6 constant sites
        Gap/Ambiguity  Composition  p-value
   1  AcaChl    7.72%    failed      1.23%
   2  AnaPla    6.26%    passed     92.13%
   3  AntCar    5.34%    passed     42.12%
   4  ApaVit    4.42%    passed     80.29%
   5  AptFor    2.94%    passed     49.35%
   6  BalReg    1.57%    passed     34.24%
   7  BucRhi    4.28%    passed      7.42%
   8  CalAnn    3.86%    passed     44.54%
   9  CarCri    2.24%    passed     72.13%
  10  CatAur    6.15%    passed     32.74%
  11  ChaPel    5.68%    passed     86.14%
  12  ChaVoc    2.14%    passed     83.19%
  13  ChlMac    2.17%    passed     84.76%
  14  ColLiv    3.65%    passed     41.16%
  15  ColStr    6.01%    passed     73.98%
  16  CorBra    3.83%    failed      0.15%
  17  CucCan    4.52%    passed     22.79%
  18  EgrGar    1.76%    passed     85.51%
  19  EurHel    4.22%    failed      0.65%
  20  FalPer    2.31%    passed     61.64%
  21  FulGla    1.36%    passed     24.87%
  22  GalGal    4.28%    passed     37.77%
  23  GavSte    1.47%    passed     20.60%
  24  GeoFor    6.64%    failed      0.01%
  25  HalAlb    5.05%    passed     30.68%
  26  HalLeu    1.23%    passed     44.23%
  27  LepDis    2.01%    passed     87.04%
  28  ManVit    4.15%    passed     21.97%
  29  MelGal    7.81%    passed     66.54%
  30  MelUnd    5.30%    passed     25.02%
  31  MerNub    5.14%    failed      0.02%
  32  MesUni    2.68%    passed     78.29%
  33  NesNot    2.95%    passed     56.63%
  34  NipNip    2.32%    passed      8.87%
  35  OpiHoa    5.55%    passed     19.46%
  36  PelCri    1.48%    passed     33.30%
  37  PhaCar    2.50%    passed     92.10%
  38  PhaLep    1.40%    passed     81.63%
  39  PhoRub    1.79%    passed     93.54%
  40  PicPub    8.04%    failed      1.30%
  41  PodCri    2.00%    passed     90.39%
  42  PteGut    3.82%    passed     96.37%
  43  PygAde    2.77%    passed     28.14%
  44  StrCam    7.68%    passed     23.88%
  45  TaeGut    5.52%    failed      2.76%
  46  TauEry    2.06%    passed     89.73%
  47  TinGut   24.09%    passed      5.28%
  48  TytAlb    2.38%    passed      9.24%
****  TOTAL     4.26%  7 sequences failed composition chi2 test (p-value<5%; df=3)

Create initial parsimony tree by phylogenetic likelihood library (PLL)... 0.030 seconds
Generating 1000 samples for ultrafast bootstrap (seed: 462985)...

NOTE: 70 MB RAM (0 GB) is required!
Measuring multi-threading efficiency up to 20 CPU cores
Increase to 10 rounds for branch lengths
27 trees examined
Threads: 1 / Time: 20.426 sec / Speedup: 1.000 / Efficiency: 100% / LogL: -146228
Threads: 2 / Time: 11.193 sec / Speedup: 1.825 / Efficiency: 91% / LogL: -146228
Threads: 3 / Time: 8.340 sec / Speedup: 2.449 / Efficiency: 82% / LogL: -146228
Threads: 4 / Time: 6.386 sec / Speedup: 3.199 / Efficiency: 80% / LogL: -146228
Threads: 5 / Time: 5.749 sec / Speedup: 3.553 / Efficiency: 71% / LogL: -146228
Threads: 6 / Time: 4.797 sec / Speedup: 4.258 / Efficiency: 71% / LogL: -146228
Threads: 7 / Time: 4.286 sec / Speedup: 4.766 / Efficiency: 68% / LogL: -146228
Threads: 8 / Time: 3.870 sec / Speedup: 5.278 / Efficiency: 66% / LogL: -146228
Threads: 9 / Time: 3.591 sec / Speedup: 5.688 / Efficiency: 63% / LogL: -146228
Threads: 10 / Time: 3.639 sec / Speedup: 5.614 / Efficiency: 56% / LogL: -146228
Threads: 11 / Time: 3.546 sec / Speedup: 5.760 / Efficiency: 52% / LogL: -146228
Threads: 12 / Time: 3.206 sec / Speedup: 6.371 / Efficiency: 53% / LogL: -146228
Threads: 13 / Time: 3.080 sec / Speedup: 6.632 / Efficiency: 51% / LogL: -146228
Threads: 14 / Time: 3.233 sec / Speedup: 6.319 / Efficiency: 45% / LogL: -146228
BEST NUMBER OF THREADS: 12

Estimate model parameters (epsilon = 0.100)
1. Initial log-likelihood: -132062.503
2. Current log-likelihood: -120273.316
3. Current log-likelihood: -120142.102
4. Current log-likelihood: -120128.299
5. Current log-likelihood: -120126.931
6. Current log-likelihood: -120126.780
Optimal log-likelihood: -120126.748
Rate parameters:  A-C: 1.05893  A-G: 5.99902  A-T: 0.66638  C-G: 1.34868  C-T: 6.10288  G-T: 1.00000
Base frequencies:  A: 0.277  C: 0.216  G: 0.227  T: 0.280
Proportion of invariable sites: 0.000
Site proportion and rates:  (0.094,0.834) (0.383,0.836) (0.461,0.840) (0.063,3.427)
Parameters optimization took 6 rounds (1.930 sec)
Computing ML distances based on estimated model parameters... 0.255 sec
Computing BIONJ tree...
0.031 seconds
Log-likelihood of BIONJ tree: -120159.368
--------------------------------------------------------------------
|             INITIALIZING CANDIDATE TREE SET                      |
--------------------------------------------------------------------
Generating 98 parsimony trees... 2.841 second
Computing log-likelihood of 98 initial trees ... 1.647 seconds
Current best score: -120083.070

Do NNI search on 20 best initial trees
Estimate model parameters (epsilon = 0.100)
BETTER TREE FOUND at iteration 1: -120036.133
Estimate model parameters (epsilon = 0.100)
BETTER TREE FOUND at iteration 2: -120031.840
Estimate model parameters (epsilon = 0.100)
BETTER TREE FOUND at iteration 7: -120030.935
Estimate model parameters (epsilon = 0.100)
BETTER TREE FOUND at iteration 10: -120025.753
Iteration 10 / LogL: -120025.753 / Time: 0h:1m:35s
Estimate model parameters (epsilon = 0.100)
BETTER TREE FOUND at iteration 12: -120020.448
Iteration 20 / LogL: -120044.810 / Time: 0h:1m:39s
Finish initializing candidate tree set (16)
Current best tree score: -120020.448 / CPU time: 11.417
Number of iterations: 20
--------------------------------------------------------------------
|               OPTIMIZING CANDIDATE TREE SET                      |
--------------------------------------------------------------------
Estimate model parameters (epsilon = 0.100)
BETTER TREE FOUND at iteration 30: -120020.327
Iteration 30 / LogL: -120020.327 / Time: 0h:1m:42s (0h:5m:52s left)
Estimate model parameters (epsilon = 0.100)
BETTER TREE FOUND at iteration 34: -120014.775
Iteration 40 / LogL: -120020.572 / Time: 0h:1m:45s (0h:4m:13s left)
Iteration 50 / LogL: -120022.262 / Time: 0h:1m:48s (0h:3m:6s left)
Log-likelihood cutoff on original alignment: -120084.850
Iteration 60 / LogL: -120015.290 / Time: 0h:1m:52s (0h:2m:20s left)
Iteration 70 / LogL: -120015.777 / Time: 0h:1m:55s (0h:1m:47s left)
UPDATE BEST LOG-LIKELIHOOD: -120014.775
Estimate model parameters (epsilon = 0.100)
BETTER TREE FOUND at iteration 79: -120011.923
Iteration 80 / LogL: -120015.109 / Time: 0h:1m:59s (0h:2m:29s left)
Estimate model parameters (epsilon = 0.100)
BETTER TREE FOUND at iteration 86: -120011.107
Iteration 90 / LogL: -120014.904 / Time: 0h:2m:2s (0h:2m:12s left)
Estimate model parameters (epsilon = 0.100)
BETTER TREE FOUND at iteration 100: -120009.986
Iteration 100 / LogL: -120009.986 / Time: 0h:2m:6s (0h:2m:7s left)
Log-likelihood cutoff on original alignment: -120065.018
NOTE: Bootstrap correlation coefficient of split occurrence frequencies: 0.989
NOTE: UFBoot does not converge, continue at least 100 more iterations
Iteration 110 / LogL: -120015.782 / Time: 0h:2m:9s (0h:1m:46s left)
Iteration 120 / LogL: -120015.476 / Time: 0h:2m:12s (0h:1m:29s left)
Iteration 130 / LogL: -120011.114 / Time: 0h:2m:15s (0h:1m:13s left)
Iteration 140 / LogL: -120015.360 / Time: 0h:2m:18s (0h:0m:59s left)
Iteration 150 / LogL: -120014.782 / Time: 0h:2m:22s (0h:0m:47s left)
Log-likelihood cutoff on original alignment: -120065.018
Iteration 160 / LogL: -120019.320 / Time: 0h:2m:25s (0h:0m:36s left)
Iteration 170 / LogL: -120009.997 / Time: 0h:2m:28s (0h:0m:26s left)
Iteration 180 / LogL: -120011.952 / Time: 0h:2m:31s (0h:0m:16s left)
Iteration 190 / LogL: -120019.450 / Time: 0h:2m:34s (0h:0m:8s left)
Iteration 200 / LogL: -120011.113 / Time: 0h:2m:37s (0h:0m:0s left)
Log-likelihood cutoff on original alignment: -120065.018
NOTE: Bootstrap correlation coefficient of split occurrence frequencies: 0.998
TREE SEARCH COMPLETED AFTER 201 ITERATIONS / Time: 0h:2m:38s

--------------------------------------------------------------------
|                    FINALIZING TREE SEARCH                        |
--------------------------------------------------------------------
Performs final model parameters optimization
Estimate model parameters (epsilon = 0.010)
1. Initial log-likelihood: -120009.986
Optimal log-likelihood: -120009.984
Rate parameters:  A-C: 1.06183  A-G: 6.01661  A-T: 0.66262  C-G: 1.34988  C-T: 6.09771  G-T: 1.00000
Base frequencies:  A: 0.277  C: 0.216  G: 0.227  T: 0.280
Proportion of invariable sites: 0.000
Site proportion and rates:  (0.094,0.840) (0.383,0.840) (0.462,0.841) (0.060,3.482)
Parameters optimization took 1 rounds (0.085 sec)
BEST SCORE FOUND : -120009.984
Creating bootstrap support values...
Split supports printed to NEXUS file /home/erenada/BirdTree/Alignments/AllSites/Gap/m5/Jarvis_pi_m5_pseudogene.phylip-relaxed.splits.nex
Total tree length: 4.173

Total number of iterations: 201
CPU time used for tree search: 795.353 sec (0h:13m:15s)
Wall-clock time used for tree search: 70.346 sec (0h:1m:10s)
Total CPU time used: 1263.482 sec (0h:21m:3s)
Total wall-clock time used: 158.309 sec (0h:2m:38s)

Computing bootstrap consensus tree...
Reading input file /home/erenada/BirdTree/Alignments/AllSites/Gap/m5/Jarvis_pi_m5_pseudogene.phylip-relaxed.splits.nex...
48 taxa and 358 splits.
Consensus tree written to /home/erenada/BirdTree/Alignments/AllSites/Gap/m5/Jarvis_pi_m5_pseudogene.phylip-relaxed.contree
Reading input trees file /home/erenada/BirdTree/Alignments/AllSites/Gap/m5/Jarvis_pi_m5_pseudogene.phylip-relaxed.contree
Log-likelihood of consensus tree: -120011.107

Analysis results written to: 
  IQ-TREE report:                /home/erenada/BirdTree/Alignments/AllSites/Gap/m5/Jarvis_pi_m5_pseudogene.phylip-relaxed.iqtree
  Maximum-likelihood tree:       /home/erenada/BirdTree/Alignments/AllSites/Gap/m5/Jarvis_pi_m5_pseudogene.phylip-relaxed.treefile
  Likelihood distances:          /home/erenada/BirdTree/Alignments/AllSites/Gap/m5/Jarvis_pi_m5_pseudogene.phylip-relaxed.mldist

Ultrafast bootstrap approximation results written to:
  Split support values:          /home/erenada/BirdTree/Alignments/AllSites/Gap/m5/Jarvis_pi_m5_pseudogene.phylip-relaxed.splits.nex
  Consensus tree:                /home/erenada/BirdTree/Alignments/AllSites/Gap/m5/Jarvis_pi_m5_pseudogene.phylip-relaxed.contree
  Screen log file:               /home/erenada/BirdTree/Alignments/AllSites/Gap/m5/Jarvis_pi_m5_pseudogene.phylip-relaxed.log

Date and Time: Tue Jun  2 21:40:50 2020
