IQ-TREE multicore version 1.7-beta16 for Linux 64-bit built Sep 24 2019
Developed by Bui Quang Minh, Nguyen Lam Tung, Olga Chernomor,
Heiko Schmidt, Dominik Schrempf, Michael Woodhams.

Host:    n028.cluster.com (AVX, 125 GB RAM)
Command: iqtree -s /home/erenada/BirdTree/Alignments/AllSites/Gap/m0/Jarvis_pi_m0_UTR5.phylip-relaxed -m GTR+I+R -B 1000 -nt AUTO
Seed:    572108 (Using SPRNG - Scalable Parallel Random Number Generator)
Time:    Tue Jun  2 21:26:59 2020
Kernel:  AVX - auto-detect threads (20 CPU cores detected)

Reading alignment file /home/erenada/BirdTree/Alignments/AllSites/Gap/m0/Jarvis_pi_m0_UTR5.phylip-relaxed ... Phylip format detected
Alignment most likely contains DNA/RNA sequences
Alignment has 48 sequences with 1870 columns, 1677 distinct patterns
1861 parsimony-informative, 1 singleton sites, 8 constant sites
        Gap/Ambiguity  Composition  p-value
   1  AcaChl    0.00%    passed     34.23%
   2  AnaPla    0.00%    passed     66.98%
   3  AntCar    0.00%    passed     80.65%
   4  ApaVit    0.05%    passed     90.18%
   5  AptFor    0.53%    passed     65.98%
   6  BalReg    0.00%    passed     76.84%
   7  BucRhi    0.05%    passed     54.45%
   8  CalAnn    0.05%    passed     68.62%
   9  CarCri    0.00%    passed     99.32%
  10  CatAur    0.00%    passed     53.18%
  11  ChaPel    0.05%    passed     54.48%
  12  ChaVoc    0.00%    passed     79.97%
  13  ChlMac    0.05%    passed     90.31%
  14  ColLiv    0.16%    passed     39.02%
  15  ColStr    0.05%    passed     95.19%
  16  CorBra    0.00%    passed     77.32%
  17  CucCan    0.16%    passed     92.25%
  18  EgrGar    0.00%    passed     89.63%
  19  EurHel    0.05%    passed     82.64%
  20  FalPer    0.05%    passed     59.62%
  21  FulGla    0.00%    passed     77.92%
  22  GalGal    0.05%    failed      0.99%
  23  GavSte    0.00%    passed     81.94%
  24  GeoFor    0.11%    passed     33.59%
  25  HalAlb    0.00%    passed     77.25%
  26  HalLeu    0.00%    passed     77.25%
  27  LepDis    0.00%    passed     87.49%
  28  ManVit    0.00%    passed     82.11%
  29  MelGal    0.00%    passed     25.84%
  30  MelUnd    0.16%    passed     87.82%
  31  MerNub    0.05%    passed     24.95%
  32  MesUni    0.05%    passed     79.34%
  33  NesNot    0.05%    passed     84.19%
  34  NipNip    0.00%    passed     89.46%
  35  OpiHoa    0.05%    passed     85.66%
  36  PelCri    0.00%    passed     63.72%
  37  PhaCar    0.00%    passed     61.74%
  38  PhaLep    0.00%    passed     89.97%
  39  PhoRub    0.00%    passed     92.62%
  40  PicPub    0.16%    passed     15.10%
  41  PodCri    0.00%    passed     62.54%
  42  PteGut    0.05%    passed     96.43%
  43  PygAde    0.53%    passed     57.95%
  44  StrCam    0.00%    passed     46.80%
  45  TaeGut    0.11%    passed     40.78%
  46  TauEry    0.05%    passed     97.78%
  47  TinGut    0.00%    passed     61.36%
  48  TytAlb    0.00%    passed     72.84%
****  TOTAL     0.06%  1 sequences failed composition chi2 test (p-value<5%; df=3)
NOTE: HalLeu is identical to HalAlb but kept for subsequent analysis

Create initial parsimony tree by phylogenetic likelihood library (PLL)... 0.009 seconds
Generating 1000 samples for ultrafast bootstrap (seed: 572108)...

NOTE: 16 MB RAM (0 GB) is required!
Measuring multi-threading efficiency up to 20 CPU cores
Increase to 10 rounds for branch lengths
125 trees examined
Threads: 1 / Time: 20.056 sec / Speedup: 1.000 / Efficiency: 100% / LogL: -34758
Threads: 2 / Time: 17.403 sec / Speedup: 1.152 / Efficiency: 58% / LogL: -34758
Threads: 3 / Time: 8.888 sec / Speedup: 2.256 / Efficiency: 75% / LogL: -34758
Threads: 4 / Time: 7.752 sec / Speedup: 2.587 / Efficiency: 65% / LogL: -34758
Threads: 5 / Time: 8.790 sec / Speedup: 2.282 / Efficiency: 46% / LogL: -34758
BEST NUMBER OF THREADS: 4

Estimate model parameters (epsilon = 0.100)
1. Initial log-likelihood: -30683.009
2. Current log-likelihood: -27972.594
3. Current log-likelihood: -27949.399
4. Current log-likelihood: -27939.395
5. Current log-likelihood: -27933.693
6. Current log-likelihood: -27931.387
7. Current log-likelihood: -27930.714
8. Current log-likelihood: -27930.547
Optimal log-likelihood: -27930.512
Rate parameters:  A-C: 0.80332  A-G: 4.66677  A-T: 0.44605  C-G: 1.18227  C-T: 5.03327  G-T: 1.00000
Base frequencies:  A: 0.315  C: 0.208  G: 0.201  T: 0.275
Proportion of invariable sites: 0.000
Site proportion and rates:  (0.370,0.896) (0.099,0.896) (0.484,0.897) (0.047,3.091)
Parameters optimization took 8 rounds (1.660 sec)
Computing ML distances based on estimated model parameters... 0.058 sec
Computing BIONJ tree...
0.060 seconds
Log-likelihood of BIONJ tree: -27948.627
--------------------------------------------------------------------
|             INITIALIZING CANDIDATE TREE SET                      |
--------------------------------------------------------------------
Generating 98 parsimony trees... 0.856 second
Computing log-likelihood of 98 initial trees ... 1.093 seconds
Current best score: -27897.365

Do NNI search on 20 best initial trees
Estimate model parameters (epsilon = 0.100)
BETTER TREE FOUND at iteration 1: -27880.071
Iteration 10 / LogL: -27890.344 / Time: 0h:1m:8s
Iteration 20 / LogL: -27899.933 / Time: 0h:1m:11s
Finish initializing candidate tree set (20)
Current best tree score: -27880.071 / CPU time: 6.323
Number of iterations: 20
--------------------------------------------------------------------
|               OPTIMIZING CANDIDATE TREE SET                      |
--------------------------------------------------------------------
Estimate model parameters (epsilon = 0.100)
BETTER TREE FOUND at iteration 23: -27879.655
Estimate model parameters (epsilon = 0.100)
BETTER TREE FOUND at iteration 27: -27879.051
Estimate model parameters (epsilon = 0.100)
BETTER TREE FOUND at iteration 28: -27878.073
Iteration 30 / LogL: -27888.370 / Time: 0h:1m:13s (0h:4m:9s left)
Iteration 40 / LogL: -27880.549 / Time: 0h:1m:15s (0h:2m:51s left)
Estimate model parameters (epsilon = 0.100)
BETTER TREE FOUND at iteration 48: -27877.263
Iteration 50 / LogL: -27878.430 / Time: 0h:1m:18s (0h:2m:36s left)
Log-likelihood cutoff on original alignment: -27922.060
Estimate model parameters (epsilon = 0.100)
BETTER TREE FOUND at iteration 51: -27877.169
UPDATE BEST LOG-LIKELIHOOD: -27877.168
UPDATE BEST LOG-LIKELIHOOD: -27877.168
Iteration 60 / LogL: -27879.064 / Time: 0h:1m:20s (0h:2m:4s left)
Iteration 70 / LogL: -27877.803 / Time: 0h:1m:23s (0h:1m:37s left)
Estimate model parameters (epsilon = 0.100)
BETTER TREE FOUND at iteration 77: -27876.269
Estimate model parameters (epsilon = 0.100)
BETTER TREE FOUND at iteration 78: -27875.608
Iteration 80 / LogL: -27877.330 / Time: 0h:1m:25s (0h:1m:46s left)
Iteration 90 / LogL: -27876.237 / Time: 0h:1m:28s (0h:1m:27s left)
Iteration 100 / LogL: -27875.609 / Time: 0h:1m:30s (0h:1m:11s left)
Log-likelihood cutoff on original alignment: -27922.060
NOTE: Bootstrap correlation coefficient of split occurrence frequencies: 0.994
Estimate model parameters (epsilon = 0.100)
BETTER TREE FOUND at iteration 108: -27874.624
Iteration 110 / LogL: -27883.525 / Time: 0h:1m:33s (0h:1m:23s left)
Estimate model parameters (epsilon = 0.100)
BETTER TREE FOUND at iteration 113: -27874.570
UPDATE BEST LOG-LIKELIHOOD: -27874.569
Iteration 120 / LogL: -27875.914 / Time: 0h:1m:35s (0h:1m:14s left)
UPDATE BEST LOG-LIKELIHOOD: -27874.569
Estimate model parameters (epsilon = 0.100)
BETTER TREE FOUND at iteration 128: -27874.434
Iteration 130 / LogL: -27876.273 / Time: 0h:1m:38s (0h:1m:14s left)
Estimate model parameters (epsilon = 0.100)
BETTER TREE FOUND at iteration 133: -27874.388
UPDATE BEST LOG-LIKELIHOOD: -27874.388
Iteration 140 / LogL: -27879.942 / Time: 0h:1m:40s (0h:1m:7s left)
UPDATE BEST LOG-LIKELIHOOD: -27874.388
Iteration 150 / LogL: -27874.388 / Time: 0h:1m:42s (0h:0m:57s left)
Log-likelihood cutoff on original alignment: -27922.060
UPDATE BEST LOG-LIKELIHOOD: -27874.388
Iteration 160 / LogL: -27875.801 / Time: 0h:1m:45s (0h:0m:48s left)
UPDATE BEST LOG-LIKELIHOOD: -27874.387
Iteration 170 / LogL: -27874.403 / Time: 0h:1m:47s (0h:0m:40s left)
Iteration 180 / LogL: -27876.555 / Time: 0h:1m:49s (0h:0m:32s left)
UPDATE BEST LOG-LIKELIHOOD: -27874.387
UPDATE BEST LOG-LIKELIHOOD: -27874.387
Estimate model parameters (epsilon = 0.100)
BETTER TREE FOUND at iteration 190: -27873.201
Iteration 190 / LogL: -27873.201 / Time: 0h:1m:52s (0h:0m:59s left)
Iteration 200 / LogL: -27876.082 / Time: 0h:1m:54s (0h:0m:51s left)
Log-likelihood cutoff on original alignment: -27920.813
NOTE: Bootstrap correlation coefficient of split occurrence frequencies: 0.992
Iteration 210 / LogL: -27874.437 / Time: 0h:1m:56s (0h:0m:50s left)
Estimate model parameters (epsilon = 0.100)
BETTER TREE FOUND at iteration 217: -27873.150
Iteration 220 / LogL: -27878.955 / Time: 0h:1m:59s (0h:0m:52s left)
Iteration 230 / LogL: -27874.392 / Time: 0h:2m:1s (0h:0m:46s left)
UPDATE BEST LOG-LIKELIHOOD: -27873.148
UPDATE BEST LOG-LIKELIHOOD: -27873.148
Iteration 240 / LogL: -27875.637 / Time: 0h:2m:3s (0h:0m:39s left)
UPDATE BEST LOG-LIKELIHOOD: -27873.147
Iteration 250 / LogL: -27873.148 / Time: 0h:2m:6s (0h:0m:33s left)
Log-likelihood cutoff on original alignment: -27920.813
Iteration 260 / LogL: -27882.393 / Time: 0h:2m:8s (0h:0m:28s left)
Iteration 270 / LogL: -27875.966 / Time: 0h:2m:11s (0h:0m:22s left)
UPDATE BEST LOG-LIKELIHOOD: -27873.147
Iteration 280 / LogL: -27876.561 / Time: 0h:2m:13s (0h:0m:17s left)
Iteration 290 / LogL: -27873.331 / Time: 0h:2m:16s (0h:0m:12s left)
Iteration 300 / LogL: -27874.439 / Time: 0h:2m:18s (0h:0m:7s left)
Log-likelihood cutoff on original alignment: -27920.813
NOTE: Bootstrap correlation coefficient of split occurrence frequencies: 0.990
Iteration 310 / LogL: -27873.148 / Time: 0h:2m:21s (0h:0m:41s left)
TREE SEARCH COMPLETED AFTER 318 ITERATIONS / Time: 0h:2m:22s

--------------------------------------------------------------------
|                    FINALIZING TREE SEARCH                        |
--------------------------------------------------------------------
Performs final model parameters optimization
Estimate model parameters (epsilon = 0.010)
1. Initial log-likelihood: -27873.147
Optimal log-likelihood: -27873.146
Rate parameters:  A-C: 0.79959  A-G: 4.71908  A-T: 0.44070  C-G: 1.17898  C-T: 5.05758  G-T: 1.00000
Base frequencies:  A: 0.315  C: 0.208  G: 0.201  T: 0.275
Proportion of invariable sites: 0.000
Site proportion and rates:  (0.100,0.899) (0.486,0.900) (0.372,0.900) (0.042,3.310)
Parameters optimization took 1 rounds (0.061 sec)
BEST SCORE FOUND : -27873.146
Creating bootstrap support values...
Split supports printed to NEXUS file /home/erenada/BirdTree/Alignments/AllSites/Gap/m0/Jarvis_pi_m0_UTR5.phylip-relaxed.splits.nex
Total tree length: 3.247

Total number of iterations: 318
CPU time used for tree search: 287.132 sec (0h:4m:47s)
Wall-clock time used for tree search: 77.903 sec (0h:1m:17s)
Total CPU time used: 450.202 sec (0h:7m:30s)
Total wall-clock time used: 143.013 sec (0h:2m:23s)

Computing bootstrap consensus tree...
Reading input file /home/erenada/BirdTree/Alignments/AllSites/Gap/m0/Jarvis_pi_m0_UTR5.phylip-relaxed.splits.nex...
48 taxa and 909 splits.
Consensus tree written to /home/erenada/BirdTree/Alignments/AllSites/Gap/m0/Jarvis_pi_m0_UTR5.phylip-relaxed.contree
Reading input trees file /home/erenada/BirdTree/Alignments/AllSites/Gap/m0/Jarvis_pi_m0_UTR5.phylip-relaxed.contree
Log-likelihood of consensus tree: -27873.333

Analysis results written to: 
  IQ-TREE report:                /home/erenada/BirdTree/Alignments/AllSites/Gap/m0/Jarvis_pi_m0_UTR5.phylip-relaxed.iqtree
  Maximum-likelihood tree:       /home/erenada/BirdTree/Alignments/AllSites/Gap/m0/Jarvis_pi_m0_UTR5.phylip-relaxed.treefile
  Likelihood distances:          /home/erenada/BirdTree/Alignments/AllSites/Gap/m0/Jarvis_pi_m0_UTR5.phylip-relaxed.mldist

Ultrafast bootstrap approximation results written to:
  Split support values:          /home/erenada/BirdTree/Alignments/AllSites/Gap/m0/Jarvis_pi_m0_UTR5.phylip-relaxed.splits.nex
  Consensus tree:                /home/erenada/BirdTree/Alignments/AllSites/Gap/m0/Jarvis_pi_m0_UTR5.phylip-relaxed.contree
  Screen log file:               /home/erenada/BirdTree/Alignments/AllSites/Gap/m0/Jarvis_pi_m0_UTR5.phylip-relaxed.log

Date and Time: Tue Jun  2 21:29:22 2020
