IQ-TREE multicore version 1.7-beta16 for Linux 64-bit built Sep 24 2019
Developed by Bui Quang Minh, Nguyen Lam Tung, Olga Chernomor,
Heiko Schmidt, Dominik Schrempf, Michael Woodhams.

Host:    n041.cluster.com (AVX, 125 GB RAM)
Command: iqtree -s /home/erenada/BirdTree/Alignments/AllSites/NoGap/m4/Jarvis_pi_m4_smRNA_nogap.phylip-relaxed -m GTR+I+R -B 1000 -nt AUTO
Seed:    608027 (Using SPRNG - Scalable Parallel Random Number Generator)
Time:    Wed Jun  3 21:59:21 2020
Kernel:  AVX - auto-detect threads (20 CPU cores detected)

Reading alignment file /home/erenada/BirdTree/Alignments/AllSites/NoGap/m4/Jarvis_pi_m4_smRNA_nogap.phylip-relaxed ... Phylip format detected
Alignment most likely contains DNA/RNA sequences
Alignment has 48 sequences with 623 columns, 616 distinct patterns
623 parsimony-informative, 0 singleton sites, 0 constant sites
        Gap/Ambiguity  Composition  p-value
   1  AcaChl    2.25%    passed     18.55%
   2  AnaPla    4.82%    passed     88.15%
   3  AntCar    3.69%    passed     87.73%
   4  ApaVit    1.61%    passed     75.90%
   5  AptFor    3.37%    passed     86.10%
   6  BalReg    1.28%    passed     98.85%
   7  BucRhi    5.46%    passed     91.73%
   8  CalAnn    4.17%    passed     92.86%
   9  CarCri    1.12%    passed     94.63%
  10  CatAur    3.53%    passed     85.29%
  11  ChaPel    1.77%    passed     97.19%
  12  ChaVoc    2.09%    passed     96.87%
  13  ChlMac    1.12%    passed     73.03%
  14  ColLiv    3.53%    passed     92.75%
  15  ColStr    1.93%    passed     55.19%
  16  CorBra    4.17%    passed     20.15%
  17  CucCan    3.69%    passed     88.62%
  18  EgrGar    1.61%    passed     76.74%
  19  EurHel    2.73%    passed     88.66%
  20  FalPer    1.93%    passed     89.22%
  21  FulGla    1.28%    passed     83.07%
  22  GalGal    2.73%    passed     92.84%
  23  GavSte    2.41%    passed     85.73%
  24  GeoFor    4.82%    passed      7.36%
  25  HalAlb    4.17%    passed     95.51%
  26  HalLeu    0.64%    passed     93.52%
  27  LepDis    2.25%    passed     71.35%
  28  ManVit    2.57%    passed     79.97%
  29  MelGal    1.12%    passed     98.87%
  30  MelUnd    4.98%    passed     60.30%
  31  MerNub    2.73%    passed     97.79%
  32  MesUni    0.48%    passed     93.06%
  33  NesNot    2.09%    passed     93.11%
  34  NipNip    1.77%    passed     92.54%
  35  OpiHoa    1.28%    passed     99.83%
  36  PelCri    1.61%    passed     91.70%
  37  PhaCar    2.57%    passed     88.28%
  38  PhaLep    1.44%    passed     78.60%
  39  PhoRub    1.77%    passed     99.99%
  40  PicPub    6.26%    passed     91.79%
  41  PodCri    0.48%    passed     99.41%
  42  PteGut    2.25%    passed     96.01%
  43  PygAde    2.41%    passed     89.51%
  44  StrCam    5.94%    passed     88.71%
  45  TaeGut    6.42%    passed     70.90%
  46  TauEry    1.28%    passed     93.11%
  47  TinGut   17.66%    passed     93.83%
  48  TytAlb    4.17%    passed     85.31%
****  TOTAL     3.03%  0 sequences failed composition chi2 test (p-value<5%; df=3)

Create initial parsimony tree by phylogenetic likelihood library (PLL)... 0.007 seconds
Generating 1000 samples for ultrafast bootstrap (seed: 608027)...

NOTE: 6 MB RAM (0 GB) is required!
Measuring multi-threading efficiency up to 20 CPU cores
Increase to 10 rounds for branch lengths
295 trees examined
Threads: 1 / Time: 20.046 sec / Speedup: 1.000 / Efficiency: 100% / LogL: -12113
Threads: 2 / Time: 17.574 sec / Speedup: 1.141 / Efficiency: 57% / LogL: -12113
Threads: 3 / Time: 11.942 sec / Speedup: 1.679 / Efficiency: 56% / LogL: -12113
Threads: 4 / Time: 13.952 sec / Speedup: 1.437 / Efficiency: 36% / LogL: -12113
BEST NUMBER OF THREADS: 3

Estimate model parameters (epsilon = 0.100)
1. Initial log-likelihood: -10708.122
2. Current log-likelihood: -9805.264
3. Current log-likelihood: -9796.589
4. Current log-likelihood: -9795.588
5. Current log-likelihood: -9795.465
Optimal log-likelihood: -9795.446
Rate parameters:  A-C: 1.24928  A-G: 6.02112  A-T: 0.49895  C-G: 1.32622  C-T: 5.20466  G-T: 1.00000
Base frequencies:  A: 0.280  C: 0.229  G: 0.200  T: 0.291
Proportion of invariable sites: 0.000
Site proportion and rates:  (0.104,0.812) (0.373,0.813) (0.435,0.813) (0.088,2.932)
Parameters optimization took 5 rounds (0.571 sec)
Computing ML distances based on estimated model parameters... 0.044 sec
Computing BIONJ tree...
0.031 seconds
Log-likelihood of BIONJ tree: -9799.806
--------------------------------------------------------------------
|             INITIALIZING CANDIDATE TREE SET                      |
--------------------------------------------------------------------
Generating 98 parsimony trees... 0.439 second
Computing log-likelihood of 98 initial trees ... 0.692 seconds
Current best score: -9782.653

Do NNI search on 20 best initial trees
Estimate model parameters (epsilon = 0.100)
BETTER TREE FOUND at iteration 1: -9775.158
Estimate model parameters (epsilon = 0.100)
BETTER TREE FOUND at iteration 2: -9767.125
Iteration 10 / LogL: -9773.926 / Time: 0h:1m:7s
Iteration 20 / LogL: -9779.746 / Time: 0h:1m:8s
Finish initializing candidate tree set (20)
Current best tree score: -9767.125 / CPU time: 4.364
Number of iterations: 20
--------------------------------------------------------------------
|               OPTIMIZING CANDIDATE TREE SET                      |
--------------------------------------------------------------------
Estimate model parameters (epsilon = 0.100)
BETTER TREE FOUND at iteration 28: -9766.316
Iteration 30 / LogL: -9774.619 / Time: 0h:1m:10s (0h:3m:57s left)
Estimate model parameters (epsilon = 0.100)
BETTER TREE FOUND at iteration 31: -9762.653
Iteration 40 / LogL: -9768.102 / Time: 0h:1m:12s (0h:2m:48s left)
Estimate model parameters (epsilon = 0.100)
BETTER TREE FOUND at iteration 43: -9761.604
UPDATE BEST LOG-LIKELIHOOD: -9761.604
Estimate model parameters (epsilon = 0.100)
BETTER TREE FOUND at iteration 50: -9761.171
Iteration 50 / LogL: -9761.171 / Time: 0h:1m:14s (0h:2m:31s left)
Log-likelihood cutoff on original alignment: -9821.152
Iteration 60 / LogL: -9761.620 / Time: 0h:1m:15s (0h:1m:55s left)
BETTER TREE FOUND at iteration 63: -9761.170
Iteration 70 / LogL: -9761.202 / Time: 0h:1m:17s (0h:1m:44s left)
Estimate model parameters (epsilon = 0.100)
BETTER TREE FOUND at iteration 71: -9760.178
Estimate model parameters (epsilon = 0.100)
BETTER TREE FOUND at iteration 80: -9759.801
Iteration 80 / LogL: -9759.801 / Time: 0h:1m:19s (0h:1m:40s left)
Estimate model parameters (epsilon = 0.100)
BETTER TREE FOUND at iteration 87: -9757.015
Iteration 90 / LogL: -9760.254 / Time: 0h:1m:21s (0h:1m:28s left)
Iteration 100 / LogL: -9769.970 / Time: 0h:1m:23s (0h:1m:13s left)
Log-likelihood cutoff on original alignment: -9821.152
NOTE: Bootstrap correlation coefficient of split occurrence frequencies: 0.958
NOTE: UFBoot does not converge, continue at least 100 more iterations
UPDATE BEST LOG-LIKELIHOOD: -9757.014
Iteration 110 / LogL: -9758.111 / Time: 0h:1m:25s (0h:1m:10s left)
Iteration 120 / LogL: -9759.440 / Time: 0h:1m:26s (0h:0m:58s left)
Iteration 130 / LogL: -9759.838 / Time: 0h:1m:28s (0h:0m:47s left)
Iteration 140 / LogL: -9757.197 / Time: 0h:1m:30s (0h:0m:38s left)
Iteration 150 / LogL: -9757.366 / Time: 0h:1m:31s (0h:0m:30s left)
Log-likelihood cutoff on original alignment: -9821.152
Iteration 160 / LogL: -9757.252 / Time: 0h:1m:33s (0h:0m:23s left)
Iteration 170 / LogL: -9766.946 / Time: 0h:1m:34s (0h:0m:16s left)
Iteration 180 / LogL: -9759.307 / Time: 0h:1m:36s (0h:0m:10s left)
Iteration 190 / LogL: -9757.197 / Time: 0h:1m:38s (0h:0m:5s left)
Iteration 200 / LogL: -9759.071 / Time: 0h:1m:39s (0h:0m:0s left)
Log-likelihood cutoff on original alignment: -9821.152
NOTE: Bootstrap correlation coefficient of split occurrence frequencies: 0.993
TREE SEARCH COMPLETED AFTER 200 ITERATIONS / Time: 0h:1m:39s

--------------------------------------------------------------------
|                    FINALIZING TREE SEARCH                        |
--------------------------------------------------------------------
Performs final model parameters optimization
Estimate model parameters (epsilon = 0.010)
1. Initial log-likelihood: -9757.014
Optimal log-likelihood: -9757.014
Rate parameters:  A-C: 1.27361  A-G: 6.32423  A-T: 0.51497  C-G: 1.32534  C-T: 5.42067  G-T: 1.00000
Base frequencies:  A: 0.280  C: 0.229  G: 0.200  T: 0.291
Proportion of invariable sites: 0.000
Site proportion and rates:  (0.434,0.795) (0.372,0.795) (0.104,0.795) (0.091,3.046)
Parameters optimization took 1 rounds (0.031 sec)
BEST SCORE FOUND : -9757.014
Creating bootstrap support values...
Split supports printed to NEXUS file /home/erenada/BirdTree/Alignments/AllSites/NoGap/m4/Jarvis_pi_m4_smRNA_nogap.phylip-relaxed.splits.nex
Total tree length: 3.661

Total number of iterations: 200
CPU time used for tree search: 97.560 sec (0h:1m:37s)
Wall-clock time used for tree search: 35.550 sec (0h:0m:35s)
Total CPU time used: 245.116 sec (0h:4m:5s)
Total wall-clock time used: 100.037 sec (0h:1m:40s)

Computing bootstrap consensus tree...
Reading input file /home/erenada/BirdTree/Alignments/AllSites/NoGap/m4/Jarvis_pi_m4_smRNA_nogap.phylip-relaxed.splits.nex...
48 taxa and 911 splits.
Consensus tree written to /home/erenada/BirdTree/Alignments/AllSites/NoGap/m4/Jarvis_pi_m4_smRNA_nogap.phylip-relaxed.contree
Reading input trees file /home/erenada/BirdTree/Alignments/AllSites/NoGap/m4/Jarvis_pi_m4_smRNA_nogap.phylip-relaxed.contree
Log-likelihood of consensus tree: -9758.193

Analysis results written to: 
  IQ-TREE report:                /home/erenada/BirdTree/Alignments/AllSites/NoGap/m4/Jarvis_pi_m4_smRNA_nogap.phylip-relaxed.iqtree
  Maximum-likelihood tree:       /home/erenada/BirdTree/Alignments/AllSites/NoGap/m4/Jarvis_pi_m4_smRNA_nogap.phylip-relaxed.treefile
  Likelihood distances:          /home/erenada/BirdTree/Alignments/AllSites/NoGap/m4/Jarvis_pi_m4_smRNA_nogap.phylip-relaxed.mldist

Ultrafast bootstrap approximation results written to:
  Split support values:          /home/erenada/BirdTree/Alignments/AllSites/NoGap/m4/Jarvis_pi_m4_smRNA_nogap.phylip-relaxed.splits.nex
  Consensus tree:                /home/erenada/BirdTree/Alignments/AllSites/NoGap/m4/Jarvis_pi_m4_smRNA_nogap.phylip-relaxed.contree
  Screen log file:               /home/erenada/BirdTree/Alignments/AllSites/NoGap/m4/Jarvis_pi_m4_smRNA_nogap.phylip-relaxed.log

Date and Time: Wed Jun  3 22:01:02 2020
