IQ-TREE multicore version 1.7-beta16 for Linux 64-bit built Sep 24 2019
Developed by Bui Quang Minh, Nguyen Lam Tung, Olga Chernomor,
Heiko Schmidt, Dominik Schrempf, Michael Woodhams.

Host:    n007.cluster.com (AVX, 125 GB RAM)
Command: iqtree -s /home/erenada/BirdTree/Alignments/AllSites/Gap/m1/Jarvis_pi_m1_AllSISRS.phylip-relaxed -m GTR+I+R -B 1000 -nt AUTO
Seed:    847508 (Using SPRNG - Scalable Parallel Random Number Generator)
Time:    Tue Jun  2 23:10:31 2020
Kernel:  AVX - auto-detect threads (20 CPU cores detected)

Reading alignment file /home/erenada/BirdTree/Alignments/AllSites/Gap/m1/Jarvis_pi_m1_AllSISRS.phylip-relaxed ... Phylip format detected
Alignment most likely contains DNA/RNA sequences
Alignment has 48 sequences with 1294407 columns, 861517 distinct patterns
1289077 parsimony-informative, 2711 singleton sites, 2619 constant sites
        Gap/Ambiguity  Composition  p-value
   1  AcaChl    1.11%    failed      0.00%
   2  AnaPla    1.71%    passed     14.47%
   3  AntCar    1.80%    failed      0.00%
   4  ApaVit    1.06%    failed      0.00%
   5  AptFor    0.76%    failed      0.00%
   6  BalReg    0.70%    failed      0.00%
   7  BucRhi    1.21%    failed      0.00%
   8  CalAnn    1.38%    passed     12.67%
   9  CarCri    0.73%    failed      0.00%
  10  CatAur    2.36%    failed      0.00%
  11  ChaPel    1.19%    failed      0.00%
  12  ChaVoc    0.76%    failed      0.00%
  13  ChlMac    0.73%    passed     36.46%
  14  ColLiv    1.19%    failed      0.00%
  15  ColStr    1.29%    failed      0.00%
  16  CorBra    0.82%    failed      0.00%
  17  CucCan    1.24%    failed      0.00%
  18  EgrGar    0.68%    passed     97.61%
  19  EurHel    1.03%    failed      0.00%
  20  FalPer    0.87%    failed      0.00%
  21  FulGla    0.60%    failed      0.00%
  22  GalGal    2.43%    failed      0.00%
  23  GavSte    0.72%    failed      0.00%
  24  GeoFor    1.11%    failed      0.00%
  25  HalAlb    0.84%    failed      0.00%
  26  HalLeu    0.35%    failed      0.00%
  27  LepDis    0.76%    failed      0.00%
  28  ManVit    1.07%    failed      0.00%
  29  MelGal    1.76%    failed      0.00%
  30  MelUnd    1.37%    passed     23.29%
  31  MerNub    1.27%    failed      0.00%
  32  MesUni    1.01%    failed      0.00%
  33  NesNot    0.95%    passed     99.68%
  34  NipNip    0.88%    failed      0.00%
  35  OpiHoa    0.82%    failed      0.00%
  36  PelCri    0.59%    failed      0.00%
  37  PhaCar    0.83%    failed      0.00%
  38  PhaLep    0.62%    failed      0.00%
  39  PhoRub    0.61%    passed     30.45%
  40  PicPub    3.37%    failed      0.00%
  41  PodCri    0.77%    failed      0.00%
  42  PteGut    0.80%    failed      2.67%
  43  PygAde    1.08%    failed      0.00%
  44  StrCam    1.19%    failed      0.00%
  45  TaeGut    1.62%    failed      0.00%
  46  TauEry    0.59%    failed      1.51%
  47  TinGut    7.95%    failed      0.00%
  48  TytAlb    0.82%    failed      0.00%
****  TOTAL     1.24%  41 sequences failed composition chi2 test (p-value<5%; df=3)
NOTE: minimal branch length is reduced to 0.000000077255 for long alignment

Create initial parsimony tree by phylogenetic likelihood library (PLL)... 6.793 seconds
Generating 1000 samples for ultrafast bootstrap (seed: 847508)...

NOTE: 8649 MB RAM (8 GB) is required!
Measuring multi-threading efficiency up to 20 CPU cores
2 trees examined
Threads: 1 / Time: 52.731 sec / Speedup: 1.000 / Efficiency: 100% / LogL: -24006010
Threads: 2 / Time: 25.399 sec / Speedup: 2.076 / Efficiency: 104% / LogL: -24006010
Threads: 3 / Time: 17.871 sec / Speedup: 2.951 / Efficiency: 98% / LogL: -24006010
Threads: 4 / Time: 14.053 sec / Speedup: 3.752 / Efficiency: 94% / LogL: -24006010
Threads: 5 / Time: 14.333 sec / Speedup: 3.679 / Efficiency: 74% / LogL: -24006010
Threads: 6 / Time: 10.965 sec / Speedup: 4.809 / Efficiency: 80% / LogL: -24006010
Threads: 7 / Time: 10.912 sec / Speedup: 4.833 / Efficiency: 69% / LogL: -24006010
Threads: 8 / Time: 9.757 sec / Speedup: 5.405 / Efficiency: 68% / LogL: -24006010
Threads: 9 / Time: 9.331 sec / Speedup: 5.651 / Efficiency: 63% / LogL: -24006010
Threads: 10 / Time: 9.438 sec / Speedup: 5.587 / Efficiency: 56% / LogL: -24006010
Threads: 11 / Time: 9.858 sec / Speedup: 5.349 / Efficiency: 49% / LogL: -24006010
BEST NUMBER OF THREADS: 8

Estimate model parameters (epsilon = 0.100)
1. Initial log-likelihood: -21683686.103
2. Current log-likelihood: -19805576.525
3. Current log-likelihood: -19776711.835
4. Current log-likelihood: -19764418.212
5. Current log-likelihood: -19762509.195
6. Current log-likelihood: -19762376.773
7. Current log-likelihood: -19762369.822
8. Current log-likelihood: -19762369.099
9. Current log-likelihood: -19762368.806
10. Current log-likelihood: -19762368.620
11. Current log-likelihood: -19762368.440
12. Current log-likelihood: -19762368.305
13. Current log-likelihood: -19762368.119
14. Current log-likelihood: -19762367.976
15. Current log-likelihood: -19762367.826
16. Current log-likelihood: -19762367.714
17. Current log-likelihood: -19762367.559
18. Current log-likelihood: -19762367.441
19. Current log-likelihood: -19762367.314
Optimal log-likelihood: -19762367.221
Rate parameters:  A-C: 0.98270  A-G: 5.37579  A-T: 0.58246  C-G: 1.27399  C-T: 5.36989  G-T: 1.00000
Base frequencies:  A: 0.283  C: 0.218  G: 0.217  T: 0.281
Proportion of invariable sites: 0.001
Site proportion and rates:  (0.378,0.907) (0.093,0.907) (0.498,0.908) (0.031,3.894)
Parameters optimization took 19 rounds (886.973 sec)
Computing ML distances based on estimated model parameters... 49.200 sec
Computing BIONJ tree...
0.030 seconds
Log-likelihood of BIONJ tree: -19751824.355
--------------------------------------------------------------------
|             INITIALIZING CANDIDATE TREE SET                      |
--------------------------------------------------------------------
Generating 98 parsimony trees... 848.858 second
Computing log-likelihood of 98 initial trees ... 510.290 seconds
Current best score: -19751824.355

Do NNI search on 20 best initial trees
Estimate model parameters (epsilon = 0.100)
BETTER TREE FOUND at iteration 1: -19749075.230
Iteration 10 / LogL: -19749708.471 / Time: 1h:1m:20s
Iteration 20 / LogL: -19749787.079 / Time: 1h:26m:47s
Finish initializing candidate tree set (18)
Current best tree score: -19749075.230 / CPU time: 4076.635
Number of iterations: 20
--------------------------------------------------------------------
|               OPTIMIZING CANDIDATE TREE SET                      |
--------------------------------------------------------------------
Iteration 30 / LogL: -19749075.270 / Time: 1h:41m:49s (4h:8m:58s left)
Iteration 40 / LogL: -19749151.159 / Time: 1h:58m:48s (3h:5m:36s left)
NOTE: 3.922 seconds to dump checkpoint file, increase to 79.000
Iteration 50 / LogL: -19749150.070 / Time: 2h:14m:57s (2h:20m:19s left)
Log-likelihood cutoff on original alignment: -19749280.473
Iteration 60 / LogL: -19749079.116 / Time: 2h:30m:44s (1h:44m:39s left)
Iteration 70 / LogL: -19749128.348 / Time: 2h:46m:2s (1h:14m:32s left)
Iteration 80 / LogL: -19749099.554 / Time: 3h:2m:10s (0h:48m:23s left)
Iteration 90 / LogL: -19749099.525 / Time: 3h:17m:14s (0h:24m:21s left)
Iteration 100 / LogL: -19749075.235 / Time: 3h:32m:23s (0h:2m:8s left)
Log-likelihood cutoff on original alignment: -19749280.473
NOTE: Bootstrap correlation coefficient of split occurrence frequencies: 0.999
TREE SEARCH COMPLETED AFTER 102 ITERATIONS / Time: 3h:34m:55s

--------------------------------------------------------------------
|                    FINALIZING TREE SEARCH                        |
--------------------------------------------------------------------
Performs final model parameters optimization
Estimate model parameters (epsilon = 0.010)
1. Initial log-likelihood: -19749075.230
2. Current log-likelihood: -19749075.040
3. Current log-likelihood: -19749074.925
4. Current log-likelihood: -19749074.848
5. Current log-likelihood: -19749074.756
6. Current log-likelihood: -19749074.691
7. Current log-likelihood: -19749074.599
8. Current log-likelihood: -19749074.534
9. Current log-likelihood: -19749074.438
10. Current log-likelihood: -19749074.374
11. Current log-likelihood: -19749074.272
12. Current log-likelihood: -19749074.202
13. Current log-likelihood: -19749074.098
14. Current log-likelihood: -19749074.032
15. Current log-likelihood: -19749073.960
16. Current log-likelihood: -19749073.915
17. Current log-likelihood: -19749073.869
18. Current log-likelihood: -19749073.834
19. Current log-likelihood: -19749073.784
20. Current log-likelihood: -19749073.753
21. Current log-likelihood: -19749073.707
22. Current log-likelihood: -19749073.681
23. Current log-likelihood: -19749073.635
24. Current log-likelihood: -19749073.608
25. Current log-likelihood: -19749073.560
26. Current log-likelihood: -19749073.534
27. Current log-likelihood: -19749073.491
28. Current log-likelihood: -19749073.465
29. Current log-likelihood: -19749073.435
30. Current log-likelihood: -19749073.422
31. Current log-likelihood: -19749073.398
32. Current log-likelihood: -19749073.385
33. Current log-likelihood: -19749073.357
34. Current log-likelihood: -19749073.344
35. Current log-likelihood: -19749073.310
36. Current log-likelihood: -19749073.291
37. Current log-likelihood: -19749073.252
38. Current log-likelihood: -19749073.235
39. Current log-likelihood: -19749073.221
Optimal log-likelihood: -19749073.213
Rate parameters:  A-C: 0.98554  A-G: 5.39356  A-T: 0.58440  C-G: 1.27775  C-T: 5.38642  G-T: 1.00000
Base frequencies:  A: 0.283  C: 0.218  G: 0.217  T: 0.281
Proportion of invariable sites: 0.001
Site proportion and rates:  (0.378,0.908) (0.093,0.908) (0.498,0.909) (0.031,3.896)
Parameters optimization took 39 rounds (1158.508 sec)
BEST SCORE FOUND : -19749073.213
Creating bootstrap support values...
Split supports printed to NEXUS file /home/erenada/BirdTree/Alignments/AllSites/Gap/m1/Jarvis_pi_m1_AllSISRS.phylip-relaxed.splits.nex
Total tree length: 3.359

Total number of iterations: 102
CPU time used for tree search: 76278.452 sec (21h:11m:18s)
Wall-clock time used for tree search: 11764.829 sec (3h:16m:4s)
Total CPU time used: 89627.892 sec (24h:53m:47s)
Total wall-clock time used: 14055.099 sec (3h:54m:15s)

Computing bootstrap consensus tree...
Reading input file /home/erenada/BirdTree/Alignments/AllSites/Gap/m1/Jarvis_pi_m1_AllSISRS.phylip-relaxed.splits.nex...
48 taxa and 123 splits.
Consensus tree written to /home/erenada/BirdTree/Alignments/AllSites/Gap/m1/Jarvis_pi_m1_AllSISRS.phylip-relaxed.contree
Reading input trees file /home/erenada/BirdTree/Alignments/AllSites/Gap/m1/Jarvis_pi_m1_AllSISRS.phylip-relaxed.contree
Log-likelihood of consensus tree: -19749073.213

Analysis results written to: 
  IQ-TREE report:                /home/erenada/BirdTree/Alignments/AllSites/Gap/m1/Jarvis_pi_m1_AllSISRS.phylip-relaxed.iqtree
  Maximum-likelihood tree:       /home/erenada/BirdTree/Alignments/AllSites/Gap/m1/Jarvis_pi_m1_AllSISRS.phylip-relaxed.treefile
  Likelihood distances:          /home/erenada/BirdTree/Alignments/AllSites/Gap/m1/Jarvis_pi_m1_AllSISRS.phylip-relaxed.mldist

Ultrafast bootstrap approximation results written to:
  Split support values:          /home/erenada/BirdTree/Alignments/AllSites/Gap/m1/Jarvis_pi_m1_AllSISRS.phylip-relaxed.splits.nex
  Consensus tree:                /home/erenada/BirdTree/Alignments/AllSites/Gap/m1/Jarvis_pi_m1_AllSISRS.phylip-relaxed.contree
  Screen log file:               /home/erenada/BirdTree/Alignments/AllSites/Gap/m1/Jarvis_pi_m1_AllSISRS.phylip-relaxed.log

Date and Time: Wed Jun  3 03:05:26 2020
