IQ-TREE multicore version 1.7-beta16 for Linux 64-bit built Sep 24 2019
Developed by Bui Quang Minh, Nguyen Lam Tung, Olga Chernomor,
Heiko Schmidt, Dominik Schrempf, Michael Woodhams.

Host:    n023.cluster.com (AVX, 125 GB RAM)
Command: iqtree -s /home/erenada/BirdTree/Alignments/AllSites/Gap/m0/Jarvis_pi_m0_intergenic.phylip-relaxed -m GTR+I+R -B 1000 -nt AUTO
Seed:    568460 (Using SPRNG - Scalable Parallel Random Number Generator)
Time:    Tue Jun  2 21:24:59 2020
Kernel:  AVX - auto-detect threads (20 CPU cores detected)

Reading alignment file /home/erenada/BirdTree/Alignments/AllSites/Gap/m0/Jarvis_pi_m0_intergenic.phylip-relaxed ... Phylip format detected
Alignment most likely contains DNA/RNA sequences
Alignment has 48 sequences with 222632 columns, 122108 distinct patterns
221895 parsimony-informative, 336 singleton sites, 401 constant sites
        Gap/Ambiguity  Composition  p-value
   1  AcaChl    0.09%    failed      0.90%
   2  AnaPla    0.06%    passed     82.57%
   3  AntCar    0.04%    failed      0.00%
   4  ApaVit    0.06%    passed     71.88%
   5  AptFor    0.06%    failed      1.01%
   6  BalReg    0.04%    failed      0.01%
   7  BucRhi    0.09%    failed      0.00%
   8  CalAnn    0.11%    passed     85.83%
   9  CarCri    0.02%    failed      0.00%
  10  CatAur    0.02%    failed      0.00%
  11  ChaPel    0.11%    failed      3.28%
  12  ChaVoc    0.02%    passed     74.06%
  13  ChlMac    0.04%    passed     16.77%
  14  ColLiv    0.06%    passed     99.40%
  15  ColStr    0.08%    failed      0.01%
  16  CorBra    0.11%    failed      0.00%
  17  CucCan    0.08%    failed      0.00%
  18  EgrGar    0.03%    passed     27.64%
  19  EurHel    0.05%    passed     45.94%
  20  FalPer    0.05%    failed      0.00%
  21  FulGla    0.04%    failed      0.00%
  22  GalGal    0.01%    failed      0.00%
  23  GavSte    0.03%    failed      0.00%
  24  GeoFor    0.15%    failed      0.00%
  25  HalAlb    0.06%    passed      9.07%
  26  HalLeu    0.06%    passed      9.56%
  27  LepDis    0.05%    failed      0.32%
  28  ManVit    0.08%    passed     85.08%
  29  MelGal    0.07%    failed      0.00%
  30  MelUnd    0.13%    passed     95.06%
  31  MerNub    0.06%    failed      0.06%
  32  MesUni    0.05%    passed     31.36%
  33  NesNot    0.09%    passed     98.36%
  34  NipNip    0.03%    failed      0.00%
  35  OpiHoa    0.04%    passed     16.01%
  36  PelCri    0.04%    failed      0.01%
  37  PhaCar    0.03%    failed      0.51%
  38  PhaLep    0.05%    passed     10.15%
  39  PhoRub    0.02%    passed     72.34%
  40  PicPub    0.11%    failed      0.00%
  41  PodCri    0.06%    failed      0.18%
  42  PteGut    0.06%    passed     87.95%
  43  PygAde    0.06%    failed      1.25%
  44  StrCam    0.07%    failed      2.29%
  45  TaeGut    0.15%    failed      0.01%
  46  TauEry    0.04%    passed     35.24%
  47  TinGut    0.12%    failed      0.00%
  48  TytAlb    0.04%    failed      0.00%
****  TOTAL     0.06%  29 sequences failed composition chi2 test (p-value<5%; df=3)
NOTE: minimal branch length is reduced to 0.000000449172 for long alignment

Create initial parsimony tree by phylogenetic likelihood library (PLL)... 1.061 seconds
Generating 1000 samples for ultrafast bootstrap (seed: 568460)...

NOTE: 1226 MB RAM (1 GB) is required!
Measuring multi-threading efficiency up to 20 CPU cores
7 trees examined
Threads: 1 / Time: 20.833 sec / Speedup: 1.000 / Efficiency: 100% / LogL: -3954081
Threads: 2 / Time: 12.442 sec / Speedup: 1.674 / Efficiency: 84% / LogL: -3954081
Threads: 3 / Time: 9.230 sec / Speedup: 2.257 / Efficiency: 75% / LogL: -3954081
Threads: 4 / Time: 7.071 sec / Speedup: 2.946 / Efficiency: 74% / LogL: -3954081
Threads: 5 / Time: 6.248 sec / Speedup: 3.334 / Efficiency: 67% / LogL: -3954081
Threads: 6 / Time: 5.607 sec / Speedup: 3.715 / Efficiency: 62% / LogL: -3954081
Threads: 7 / Time: 5.337 sec / Speedup: 3.904 / Efficiency: 56% / LogL: -3954081
Threads: 8 / Time: 4.895 sec / Speedup: 4.256 / Efficiency: 53% / LogL: -3954081
Threads: 9 / Time: 4.412 sec / Speedup: 4.722 / Efficiency: 52% / LogL: -3954081
Threads: 10 / Time: 4.001 sec / Speedup: 5.206 / Efficiency: 52% / LogL: -3954081
Threads: 11 / Time: 3.722 sec / Speedup: 5.598 / Efficiency: 51% / LogL: -3954081
Threads: 12 / Time: 3.716 sec / Speedup: 5.606 / Efficiency: 47% / LogL: -3954081
BEST NUMBER OF THREADS: 11

Estimate model parameters (epsilon = 0.100)
1. Initial log-likelihood: -3532001.993
2. Current log-likelihood: -3232075.344
3. Current log-likelihood: -3230276.314
4. Current log-likelihood: -3228305.771
5. Current log-likelihood: -3225903.744
6. Current log-likelihood: -3224796.890
7. Current log-likelihood: -3224644.668
8. Current log-likelihood: -3224634.078
9. Current log-likelihood: -3224633.333
10. Current log-likelihood: -3224633.223
Optimal log-likelihood: -3224633.194
Rate parameters:  A-C: 0.95071  A-G: 5.24137  A-T: 0.60779  C-G: 1.27233  C-T: 5.22431  G-T: 1.00000
Base frequencies:  A: 0.283  C: 0.221  G: 0.217  T: 0.279
Proportion of invariable sites: 0.001
Site proportion and rates:  (0.092,0.945) (0.373,0.945) (0.517,0.945) (0.017,4.170)
Parameters optimization took 10 rounds (69.433 sec)
Computing ML distances based on estimated model parameters... 8.354 sec
Computing BIONJ tree...
0.030 seconds
Log-likelihood of BIONJ tree: -3223448.368
--------------------------------------------------------------------
|             INITIALIZING CANDIDATE TREE SET                      |
--------------------------------------------------------------------
Generating 98 parsimony trees... 118.158 second
Computing log-likelihood of 98 initial trees ... 52.805 seconds
Current best score: -3223448.368

Do NNI search on 20 best initial trees
Estimate model parameters (epsilon = 0.100)
BETTER TREE FOUND at iteration 1: -3223227.926
Estimate model parameters (epsilon = 0.100)
BETTER TREE FOUND at iteration 2: -3223168.899
Estimate model parameters (epsilon = 0.100)
BETTER TREE FOUND at iteration 3: -3223104.881
Estimate model parameters (epsilon = 0.100)
BETTER TREE FOUND at iteration 4: -3223093.197
Iteration 10 / LogL: -3223205.868 / Time: 0h:7m:16s
Iteration 20 / LogL: -3223240.320 / Time: 0h:8m:47s
Finish initializing candidate tree set (20)
Current best tree score: -3223093.197 / CPU time: 362.975
Number of iterations: 20
--------------------------------------------------------------------
|               OPTIMIZING CANDIDATE TREE SET                      |
--------------------------------------------------------------------
Iteration 30 / LogL: -3223093.198 / Time: 0h:10m:17s (0h:26m:13s left)
Iteration 40 / LogL: -3223177.136 / Time: 0h:11m:50s (0h:19m:23s left)
Estimate model parameters (epsilon = 0.100)
BETTER TREE FOUND at iteration 47: -3223089.531
Estimate model parameters (epsilon = 0.100)
BETTER TREE FOUND at iteration 50: -3223083.852
Iteration 50 / LogL: -3223083.852 / Time: 0h:13m:24s (0h:27m:18s left)
Log-likelihood cutoff on original alignment: -3223266.004
Iteration 60 / LogL: -3223087.341 / Time: 0h:14m:54s (0h:22m:42s left)
Iteration 70 / LogL: -3223093.162 / Time: 0h:16m:28s (0h:19m:4s left)
Iteration 80 / LogL: -3223091.352 / Time: 0h:17m:58s (0h:15m:54s left)
Iteration 90 / LogL: -3223091.500 / Time: 0h:19m:25s (0h:13m:4s left)
Iteration 100 / LogL: -3223091.421 / Time: 0h:20m:52s (0h:10m:31s left)
Log-likelihood cutoff on original alignment: -3223266.004
NOTE: Bootstrap correlation coefficient of split occurrence frequencies: 0.996
Iteration 110 / LogL: -3223091.352 / Time: 0h:22m:17s (0h:18m:23s left)
Iteration 120 / LogL: -3223115.408 / Time: 0h:23m:48s (0h:15m:59s left)
Iteration 130 / LogL: -3223087.397 / Time: 0h:25m:28s (0h:13m:48s left)
Iteration 140 / LogL: -3223083.853 / Time: 0h:27m:4s (0h:11m:40s left)
Estimate model parameters (epsilon = 0.100)
BETTER TREE FOUND at iteration 142: -3223079.684
Iteration 150 / LogL: -3223086.026 / Time: 0h:28m:36s (0h:17m:39s left)
Log-likelihood cutoff on original alignment: -3223257.191
Iteration 160 / LogL: -3223093.616 / Time: 0h:30m:8s (0h:15m:32s left)
Iteration 170 / LogL: -3223158.642 / Time: 0h:31m:45s (0h:13m:31s left)
Iteration 180 / LogL: -3223087.360 / Time: 0h:33m:12s (0h:11m:29s left)
Iteration 190 / LogL: -3223083.829 / Time: 0h:34m:49s (0h:9m:34s left)
Iteration 200 / LogL: -3223086.027 / Time: 0h:36m:15s (0h:7m:38s left)
Log-likelihood cutoff on original alignment: -3223257.191
NOTE: Bootstrap correlation coefficient of split occurrence frequencies: 0.997
Iteration 210 / LogL: -3223087.429 / Time: 0h:37m:45s (0h:16m:15s left)
Iteration 220 / LogL: -3223083.837 / Time: 0h:39m:6s (0h:14m:16s left)
Iteration 230 / LogL: -3223161.072 / Time: 0h:40m:33s (0h:12m:23s left)
Iteration 240 / LogL: -3223107.044 / Time: 0h:42m:3s (0h:10m:33s left)
TREE SEARCH COMPLETED AFTER 243 ITERATIONS / Time: 0h:42m:33s

--------------------------------------------------------------------
|                    FINALIZING TREE SEARCH                        |
--------------------------------------------------------------------
Performs final model parameters optimization
Estimate model parameters (epsilon = 0.010)
1. Initial log-likelihood: -3223079.684
2. Current log-likelihood: -3223079.660
3. Current log-likelihood: -3223079.641
4. Current log-likelihood: -3223079.620
5. Current log-likelihood: -3223079.602
6. Current log-likelihood: -3223079.582
7. Current log-likelihood: -3223079.566
8. Current log-likelihood: -3223079.547
9. Current log-likelihood: -3223079.532
10. Current log-likelihood: -3223079.513
11. Current log-likelihood: -3223079.498
12. Current log-likelihood: -3223079.480
13. Current log-likelihood: -3223079.465
14. Current log-likelihood: -3223079.446
15. Current log-likelihood: -3223079.429
16. Current log-likelihood: -3223079.418
17. Current log-likelihood: -3223079.371
18. Current log-likelihood: -3223079.306
19. Current log-likelihood: -3223079.252
20. Current log-likelihood: -3223079.192
21. Current log-likelihood: -3223079.150
22. Current log-likelihood: -3223079.111
23. Current log-likelihood: -3223079.090
Optimal log-likelihood: -3223079.083
Rate parameters:  A-C: 0.95379  A-G: 5.26366  A-T: 0.60999  C-G: 1.27612  C-T: 5.24941  G-T: 1.00000
Base frequencies:  A: 0.283  C: 0.221  G: 0.217  T: 0.279
Proportion of invariable sites: 0.001
Site proportion and rates:  (0.092,0.945) (0.373,0.945) (0.517,0.945) (0.017,4.186)
Parameters optimization took 23 rounds (62.531 sec)
BEST SCORE FOUND : -3223079.083
Creating bootstrap support values...
Split supports printed to NEXUS file /home/erenada/BirdTree/Alignments/AllSites/Gap/m0/Jarvis_pi_m0_intergenic.phylip-relaxed.splits.nex
Total tree length: 3.011

Total number of iterations: 243
CPU time used for tree search: 24182.237 sec (6h:43m:2s)
Wall-clock time used for tree search: 2388.823 sec (0h:39m:48s)
Total CPU time used: 25755.338 sec (7h:9m:15s)
Total wall-clock time used: 2616.330 sec (0h:43m:36s)

Computing bootstrap consensus tree...
Reading input file /home/erenada/BirdTree/Alignments/AllSites/Gap/m0/Jarvis_pi_m0_intergenic.phylip-relaxed.splits.nex...
48 taxa and 309 splits.
Consensus tree written to /home/erenada/BirdTree/Alignments/AllSites/Gap/m0/Jarvis_pi_m0_intergenic.phylip-relaxed.contree
Reading input trees file /home/erenada/BirdTree/Alignments/AllSites/Gap/m0/Jarvis_pi_m0_intergenic.phylip-relaxed.contree
Log-likelihood of consensus tree: -3223086.723

Analysis results written to: 
  IQ-TREE report:                /home/erenada/BirdTree/Alignments/AllSites/Gap/m0/Jarvis_pi_m0_intergenic.phylip-relaxed.iqtree
  Maximum-likelihood tree:       /home/erenada/BirdTree/Alignments/AllSites/Gap/m0/Jarvis_pi_m0_intergenic.phylip-relaxed.treefile
  Likelihood distances:          /home/erenada/BirdTree/Alignments/AllSites/Gap/m0/Jarvis_pi_m0_intergenic.phylip-relaxed.mldist

Ultrafast bootstrap approximation results written to:
  Split support values:          /home/erenada/BirdTree/Alignments/AllSites/Gap/m0/Jarvis_pi_m0_intergenic.phylip-relaxed.splits.nex
  Consensus tree:                /home/erenada/BirdTree/Alignments/AllSites/Gap/m0/Jarvis_pi_m0_intergenic.phylip-relaxed.contree
  Screen log file:               /home/erenada/BirdTree/Alignments/AllSites/Gap/m0/Jarvis_pi_m0_intergenic.phylip-relaxed.log

Date and Time: Tue Jun  2 22:08:40 2020
