IQ-TREE multicore version 1.7-beta16 for Linux 64-bit built Sep 24 2019
Developed by Bui Quang Minh, Nguyen Lam Tung, Olga Chernomor,
Heiko Schmidt, Dominik Schrempf, Michael Woodhams.

Host:    n024.cluster.com (AVX, 125 GB RAM)
Command: iqtree -s /home/erenada/BirdTree/Alignments/AllSites/NoGap/m2/Jarvis_pi_m2_UTR3_nogap.phylip-relaxed -m GTR+I+R -B 1000 -nt AUTO
Seed:    349555 (Using SPRNG - Scalable Parallel Random Number Generator)
Time:    Wed Jun  3 22:02:21 2020
Kernel:  AVX - auto-detect threads (20 CPU cores detected)

Reading alignment file /home/erenada/BirdTree/Alignments/AllSites/NoGap/m2/Jarvis_pi_m2_UTR3_nogap.phylip-relaxed ... Phylip format detected
Alignment most likely contains DNA/RNA sequences
Alignment has 48 sequences with 35605 columns, 31988 distinct patterns
35605 parsimony-informative, 0 singleton sites, 0 constant sites
        Gap/Ambiguity  Composition  p-value
   1  AcaChl    2.24%    failed      0.00%
   2  AnaPla    2.81%    failed      0.00%
   3  AntCar    2.93%    failed      0.03%
   4  ApaVit    1.83%    failed      2.64%
   5  AptFor    1.20%    failed      0.81%
   6  BalReg    1.32%    failed      0.00%
   7  BucRhi    2.22%    failed      0.00%
   8  CalAnn    1.77%    passed     45.03%
   9  CarCri    1.12%    failed      0.04%
  10  CatAur    2.44%    failed      0.00%
  11  ChaPel    1.55%    passed     25.14%
  12  ChaVoc    1.21%    failed      0.13%
  13  ChlMac    1.05%    passed     67.76%
  14  ColLiv    1.77%    passed     16.95%
  15  ColStr    2.78%    failed      0.00%
  16  CorBra    1.23%    failed      2.68%
  17  CucCan    1.72%    passed     87.74%
  18  EgrGar    1.18%    passed     94.09%
  19  EurHel    2.72%    failed      0.00%
  20  FalPer    1.57%    failed      0.06%
  21  FulGla    0.99%    failed      0.00%
  22  GalGal    2.94%    failed      1.65%
  23  GavSte    1.17%    failed      0.00%
  24  GeoFor    1.66%    failed      0.00%
  25  HalAlb    1.26%    failed      0.00%
  26  HalLeu    0.58%    failed      0.00%
  27  LepDis    1.28%    passed     84.21%
  28  ManVit    1.72%    failed      1.07%
  29  MelGal    2.07%    passed     61.13%
  30  MelUnd    2.10%    failed      0.13%
  31  MerNub    2.52%    failed      0.00%
  32  MesUni    1.70%    failed      0.36%
  33  NesNot    1.54%    passed      6.05%
  34  NipNip    1.51%    failed      0.05%
  35  OpiHoa    1.46%    failed      2.51%
  36  PelCri    0.97%    failed      0.17%
  37  PhaCar    1.24%    passed     35.68%
  38  PhaLep    0.90%    failed      0.00%
  39  PhoRub    0.92%    passed      5.66%
  40  PicPub    7.92%    failed      0.00%
  41  PodCri    1.42%    passed      9.59%
  42  PteGut    1.21%    failed      0.02%
  43  PygAde    2.00%    failed      0.12%
  44  StrCam    1.97%    failed      0.00%
  45  TaeGut    2.13%    failed      0.49%
  46  TauEry    0.87%    passed     84.92%
  47  TinGut   10.13%    failed      0.23%
  48  TytAlb    1.40%    failed      0.00%
****  TOTAL     1.96%  35 sequences failed composition chi2 test (p-value<5%; df=3)

Create initial parsimony tree by phylogenetic likelihood library (PLL)... 0.149 seconds
Generating 1000 samples for ultrafast bootstrap (seed: 349555)...

NOTE: 321 MB RAM (0 GB) is required!
Measuring multi-threading efficiency up to 20 CPU cores
Increase to 10 rounds for branch lengths
6 trees examined
Threads: 1 / Time: 22.431 sec / Speedup: 1.000 / Efficiency: 100% / LogL: -664575
Threads: 2 / Time: 13.928 sec / Speedup: 1.610 / Efficiency: 81% / LogL: -664575
Threads: 3 / Time: 8.102 sec / Speedup: 2.769 / Efficiency: 92% / LogL: -664575
Threads: 4 / Time: 6.195 sec / Speedup: 3.621 / Efficiency: 91% / LogL: -664575
Threads: 5 / Time: 5.268 sec / Speedup: 4.258 / Efficiency: 85% / LogL: -664575
Threads: 6 / Time: 4.592 sec / Speedup: 4.884 / Efficiency: 81% / LogL: -664575
Threads: 7 / Time: 4.000 sec / Speedup: 5.608 / Efficiency: 80% / LogL: -664575
Threads: 8 / Time: 3.692 sec / Speedup: 6.076 / Efficiency: 76% / LogL: -664575
Threads: 9 / Time: 3.308 sec / Speedup: 6.781 / Efficiency: 75% / LogL: -664575
Threads: 10 / Time: 3.075 sec / Speedup: 7.294 / Efficiency: 73% / LogL: -664575
Threads: 11 / Time: 2.973 sec / Speedup: 7.545 / Efficiency: 69% / LogL: -664575
Threads: 12 / Time: 2.694 sec / Speedup: 8.325 / Efficiency: 69% / LogL: -664575
Threads: 13 / Time: 2.528 sec / Speedup: 8.872 / Efficiency: 68% / LogL: -664575
Threads: 14 / Time: 2.430 sec / Speedup: 9.230 / Efficiency: 66% / LogL: -664575
Threads: 15 / Time: 2.379 sec / Speedup: 9.429 / Efficiency: 63% / LogL: -664575
Threads: 16 / Time: 2.284 sec / Speedup: 9.820 / Efficiency: 61% / LogL: -664575
Threads: 17 / Time: 3.885 sec / Speedup: 5.774 / Efficiency: 34% / LogL: -664575
BEST NUMBER OF THREADS: 15

Estimate model parameters (epsilon = 0.100)
1. Initial log-likelihood: -587874.899
2. Current log-likelihood: -535957.243
3. Current log-likelihood: -535358.191
4. Current log-likelihood: -535183.436
5. Current log-likelihood: -535134.751
6. Current log-likelihood: -535125.266
7. Current log-likelihood: -535123.488
8. Current log-likelihood: -535123.260
Optimal log-likelihood: -535123.222
Rate parameters:  A-C: 0.97230  A-G: 4.48802  A-T: 0.37196  C-G: 1.03472  C-T: 4.42411  G-T: 1.00000
Base frequencies:  A: 0.312  C: 0.188  G: 0.186  T: 0.314
Proportion of invariable sites: 0.000
Site proportion and rates:  (0.466,0.862) (0.102,0.863) (0.373,0.863) (0.059,3.185)
Parameters optimization took 8 rounds (10.536 sec)
Computing ML distances based on estimated model parameters... 0.852 sec
Computing BIONJ tree...
0.031 seconds
Log-likelihood of BIONJ tree: -535148.250
--------------------------------------------------------------------
|             INITIALIZING CANDIDATE TREE SET                      |
--------------------------------------------------------------------
Generating 98 parsimony trees... 13.801 second
Computing log-likelihood of 98 initial trees ... 5.325 seconds
Current best score: -535084.126

Do NNI search on 20 best initial trees
Estimate model parameters (epsilon = 0.100)
BETTER TREE FOUND at iteration 1: -534851.957
Estimate model parameters (epsilon = 0.100)
BETTER TREE FOUND at iteration 2: -534851.227
Estimate model parameters (epsilon = 0.100)
BETTER TREE FOUND at iteration 3: -534850.803
Estimate model parameters (epsilon = 0.100)
BETTER TREE FOUND at iteration 5: -534840.957
Iteration 10 / LogL: -534840.959 / Time: 0h:2m:23s
Iteration 20 / LogL: -534910.086 / Time: 0h:2m:40s
Finish initializing candidate tree set (15)
Current best tree score: -534840.957 / CPU time: 54.746
Number of iterations: 20
--------------------------------------------------------------------
|               OPTIMIZING CANDIDATE TREE SET                      |
--------------------------------------------------------------------
Iteration 30 / LogL: -534853.854 / Time: 0h:2m:51s (0h:7m:22s left)
Iteration 40 / LogL: -534860.609 / Time: 0h:3m:1s (0h:5m:2s left)
Estimate model parameters (epsilon = 0.100)
BETTER TREE FOUND at iteration 45: -534833.129
Iteration 50 / LogL: -534866.120 / Time: 0h:3m:13s (0h:6m:13s left)
Log-likelihood cutoff on original alignment: -534930.561
Iteration 60 / LogL: -534840.955 / Time: 0h:3m:23s (0h:4m:53s left)
Iteration 70 / LogL: -534864.537 / Time: 0h:3m:34s (0h:3m:52s left)
Iteration 80 / LogL: -534834.206 / Time: 0h:3m:45s (0h:3m:5s left)
Iteration 90 / LogL: -534843.163 / Time: 0h:3m:56s (0h:2m:25s left)
Iteration 100 / LogL: -534838.285 / Time: 0h:4m:6s (0h:1m:51s left)
Log-likelihood cutoff on original alignment: -534930.559
NOTE: Bootstrap correlation coefficient of split occurrence frequencies: 0.993
Iteration 110 / LogL: -534834.833 / Time: 0h:4m:16s (0h:3m:32s left)
Iteration 120 / LogL: -534842.363 / Time: 0h:4m:27s (0h:2m:59s left)
Iteration 130 / LogL: -534859.258 / Time: 0h:4m:36s (0h:2m:30s left)
Iteration 140 / LogL: -534835.726 / Time: 0h:4m:47s (0h:2m:3s left)
TREE SEARCH COMPLETED AFTER 146 ITERATIONS / Time: 0h:4m:53s

--------------------------------------------------------------------
|                    FINALIZING TREE SEARCH                        |
--------------------------------------------------------------------
Performs final model parameters optimization
Estimate model parameters (epsilon = 0.010)
1. Initial log-likelihood: -534833.129
Optimal log-likelihood: -534833.126
Rate parameters:  A-C: 0.97146  A-G: 4.48948  A-T: 0.37120  C-G: 1.03297  C-T: 4.42670  G-T: 1.00000
Base frequencies:  A: 0.312  C: 0.188  G: 0.186  T: 0.314
Proportion of invariable sites: 0.000
Site proportion and rates:  (0.466,0.862) (0.102,0.863) (0.374,0.863) (0.059,3.197)
Parameters optimization took 1 rounds (0.405 sec)
BEST SCORE FOUND : -534833.126
Creating bootstrap support values...
Split supports printed to NEXUS file /home/erenada/BirdTree/Alignments/AllSites/NoGap/m2/Jarvis_pi_m2_UTR3_nogap.phylip-relaxed.splits.nex
Total tree length: 3.367

Total number of iterations: 146
CPU time used for tree search: 2619.236 sec (0h:43m:39s)
Wall-clock time used for tree search: 188.117 sec (0h:3m:8s)
Total CPU time used: 3315.214 sec (0h:55m:15s)
Total wall-clock time used: 294.237 sec (0h:4m:54s)

Computing bootstrap consensus tree...
Reading input file /home/erenada/BirdTree/Alignments/AllSites/NoGap/m2/Jarvis_pi_m2_UTR3_nogap.phylip-relaxed.splits.nex...
48 taxa and 261 splits.
Consensus tree written to /home/erenada/BirdTree/Alignments/AllSites/NoGap/m2/Jarvis_pi_m2_UTR3_nogap.phylip-relaxed.contree
Reading input trees file /home/erenada/BirdTree/Alignments/AllSites/NoGap/m2/Jarvis_pi_m2_UTR3_nogap.phylip-relaxed.contree
Log-likelihood of consensus tree: -534833.127

Analysis results written to: 
  IQ-TREE report:                /home/erenada/BirdTree/Alignments/AllSites/NoGap/m2/Jarvis_pi_m2_UTR3_nogap.phylip-relaxed.iqtree
  Maximum-likelihood tree:       /home/erenada/BirdTree/Alignments/AllSites/NoGap/m2/Jarvis_pi_m2_UTR3_nogap.phylip-relaxed.treefile
  Likelihood distances:          /home/erenada/BirdTree/Alignments/AllSites/NoGap/m2/Jarvis_pi_m2_UTR3_nogap.phylip-relaxed.mldist

Ultrafast bootstrap approximation results written to:
  Split support values:          /home/erenada/BirdTree/Alignments/AllSites/NoGap/m2/Jarvis_pi_m2_UTR3_nogap.phylip-relaxed.splits.nex
  Consensus tree:                /home/erenada/BirdTree/Alignments/AllSites/NoGap/m2/Jarvis_pi_m2_UTR3_nogap.phylip-relaxed.contree
  Screen log file:               /home/erenada/BirdTree/Alignments/AllSites/NoGap/m2/Jarvis_pi_m2_UTR3_nogap.phylip-relaxed.log

Date and Time: Wed Jun  3 22:07:16 2020
