IQ-TREE multicore version 1.7-beta16 for Linux 64-bit built Sep 24 2019
Developed by Bui Quang Minh, Nguyen Lam Tung, Olga Chernomor,
Heiko Schmidt, Dominik Schrempf, Michael Woodhams.

Host:    n016.cluster.com (AVX, 125 GB RAM)
Command: iqtree -s /home/erenada/BirdTree/Alignments/AllSites/Gap/m1/Jarvis_pi_m1_AllUniquelyMapped.phylip-relaxed -m GTR+I+R -B 1000 -nt AUTO
Seed:    782720 (Using SPRNG - Scalable Parallel Random Number Generator)
Time:    Tue Jun  2 22:12:51 2020
Kernel:  AVX - auto-detect threads (20 CPU cores detected)

Reading alignment file /home/erenada/BirdTree/Alignments/AllSites/Gap/m1/Jarvis_pi_m1_AllUniquelyMapped.phylip-relaxed ... Phylip format detected
Alignment most likely contains DNA/RNA sequences
Alignment has 48 sequences with 1187980 columns, 785939 distinct patterns
1184182 parsimony-informative, 1894 singleton sites, 1904 constant sites
        Gap/Ambiguity  Composition  p-value
   1  AcaChl    1.10%    failed      0.00%
   2  AnaPla    1.59%    passed      7.09%
   3  AntCar    1.82%    failed      0.00%
   4  ApaVit    1.02%    failed      0.00%
   5  AptFor    0.76%    failed      0.00%
   6  BalReg    0.71%    failed      0.00%
   7  BucRhi    1.20%    failed      0.00%
   8  CalAnn    1.34%    passed     37.96%
   9  CarCri    0.72%    failed      0.00%
  10  CatAur    2.43%    failed      0.00%
  11  ChaPel    1.17%    failed      0.00%
  12  ChaVoc    0.77%    failed      0.00%
  13  ChlMac    0.72%    passed     22.06%
  14  ColLiv    1.19%    failed      0.00%
  15  ColStr    1.25%    failed      0.00%
  16  CorBra    0.81%    failed      0.00%
  17  CucCan    1.22%    failed      0.00%
  18  EgrGar    0.68%    passed     97.07%
  19  EurHel    1.01%    failed      0.00%
  20  FalPer    0.86%    failed      0.00%
  21  FulGla    0.61%    failed      0.00%
  22  GalGal    1.88%    failed      0.00%
  23  GavSte    0.72%    failed      0.00%
  24  GeoFor    1.09%    failed      0.00%
  25  HalAlb    0.85%    failed      0.00%
  26  HalLeu    0.36%    failed      0.00%
  27  LepDis    0.75%    failed      0.00%
  28  ManVit    1.07%    failed      0.00%
  29  MelGal    1.31%    failed      0.00%
  30  MelUnd    1.36%    passed     31.39%
  31  MerNub    1.26%    failed      0.00%
  32  MesUni    1.00%    failed      0.00%
  33  NesNot    0.90%    passed     97.25%
  34  NipNip    0.89%    failed      0.00%
  35  OpiHoa    0.81%    failed      0.00%
  36  PelCri    0.60%    failed      0.00%
  37  PhaCar    0.84%    failed      0.00%
  38  PhaLep    0.62%    failed      0.00%
  39  PhoRub    0.62%    passed     26.41%
  40  PicPub    3.31%    failed      0.00%
  41  PodCri    0.75%    failed      0.00%
  42  PteGut    0.78%    failed      3.40%
  43  PygAde    1.10%    failed      0.00%
  44  StrCam    1.14%    failed      0.00%
  45  TaeGut    1.60%    failed      0.00%
  46  TauEry    0.58%    failed      1.43%
  47  TinGut    7.69%    failed      0.00%
  48  TytAlb    0.83%    failed      0.00%
****  TOTAL     1.20%  41 sequences failed composition chi2 test (p-value<5%; df=3)
NOTE: minimal branch length is reduced to 0.000000084177 for long alignment

Create initial parsimony tree by phylogenetic likelihood library (PLL)... 4.746 seconds
Generating 1000 samples for ultrafast bootstrap (seed: 782720)...

NOTE: 7891 MB RAM (7 GB) is required!
Measuring multi-threading efficiency up to 20 CPU cores
2 trees examined
Threads: 1 / Time: 44.664 sec / Speedup: 1.000 / Efficiency: 100% / LogL: -22000846
Threads: 2 / Time: 24.803 sec / Speedup: 1.801 / Efficiency: 90% / LogL: -22000846
Threads: 3 / Time: 18.268 sec / Speedup: 2.445 / Efficiency: 81% / LogL: -22000846
Threads: 4 / Time: 12.941 sec / Speedup: 3.451 / Efficiency: 86% / LogL: -22000846
Threads: 5 / Time: 11.380 sec / Speedup: 3.925 / Efficiency: 78% / LogL: -22000846
Threads: 6 / Time: 10.391 sec / Speedup: 4.298 / Efficiency: 72% / LogL: -22000846
Threads: 7 / Time: 9.798 sec / Speedup: 4.559 / Efficiency: 65% / LogL: -22000846
Threads: 8 / Time: 8.645 sec / Speedup: 5.167 / Efficiency: 65% / LogL: -22000846
Threads: 9 / Time: 8.479 sec / Speedup: 5.268 / Efficiency: 59% / LogL: -22000846
Threads: 10 / Time: 8.226 sec / Speedup: 5.429 / Efficiency: 54% / LogL: -22000846
Threads: 11 / Time: 7.957 sec / Speedup: 5.614 / Efficiency: 51% / LogL: -22000846
Threads: 12 / Time: 7.776 sec / Speedup: 5.744 / Efficiency: 48% / LogL: -22000846
BEST NUMBER OF THREADS: 11

Estimate model parameters (epsilon = 0.100)
1. Initial log-likelihood: -19762994.002
2. Current log-likelihood: -18051260.172
3. Current log-likelihood: -18025084.874
4. Current log-likelihood: -18013455.094
5. Current log-likelihood: -18011616.804
6. Current log-likelihood: -18011490.257
7. Current log-likelihood: -18011483.682
8. Current log-likelihood: -18011482.974
9. Current log-likelihood: -18011482.781
10. Current log-likelihood: -18011482.650
11. Current log-likelihood: -18011482.518
Optimal log-likelihood: -18011482.419
Rate parameters:  A-C: 0.98304  A-G: 5.42011  A-T: 0.57765  C-G: 1.27761  C-T: 5.41691  G-T: 1.00000
Base frequencies:  A: 0.283  C: 0.218  G: 0.217  T: 0.282
Proportion of invariable sites: 0.001
Site proportion and rates:  (0.378,0.908) (0.094,0.908) (0.497,0.909) (0.030,3.915)
Parameters optimization took 11 rounds (563.944 sec)
Computing ML distances based on estimated model parameters... 43.441 sec
Computing BIONJ tree...
0.030 seconds
Log-likelihood of BIONJ tree: -18010411.768
--------------------------------------------------------------------
|             INITIALIZING CANDIDATE TREE SET                      |
--------------------------------------------------------------------
Generating 98 parsimony trees... 735.888 second
Computing log-likelihood of 98 initial trees ... 404.890 seconds
Current best score: -18010411.768

Do NNI search on 20 best initial trees
Estimate model parameters (epsilon = 0.100)
BETTER TREE FOUND at iteration 1: -18006854.038
Iteration 10 / LogL: -18007820.191 / Time: 0h:45m:52s
Iteration 20 / LogL: -18007383.762 / Time: 1h:1m:59s
Finish initializing candidate tree set (16)
Current best tree score: -18006854.038 / CPU time: 2934.309
Number of iterations: 20
--------------------------------------------------------------------
|               OPTIMIZING CANDIDATE TREE SET                      |
--------------------------------------------------------------------
Iteration 30 / LogL: -18006934.857 / Time: 1h:13m:31s (2h:59m:45s left)
Iteration 40 / LogL: -18006886.965 / Time: 1h:24m:29s (2h:11m:59s left)
Iteration 50 / LogL: -18006875.314 / Time: 1h:34m:59s (1h:38m:45s left)
Log-likelihood cutoff on original alignment: -18007133.554
Iteration 60 / LogL: -18006875.265 / Time: 1h:45m:59s (1h:13m:35s left)
Iteration 70 / LogL: -18006916.480 / Time: 1h:57m:51s (0h:52m:54s left)
Iteration 80 / LogL: -18006855.450 / Time: 2h:8m:22s (0h:34m:5s left)
Iteration 90 / LogL: -18006886.177 / Time: 2h:18m:50s (0h:17m:8s left)
Iteration 100 / LogL: -18006871.480 / Time: 2h:30m:6s (0h:1m:30s left)
Log-likelihood cutoff on original alignment: -18007065.212
NOTE: Bootstrap correlation coefficient of split occurrence frequencies: 0.984
NOTE: UFBoot does not converge, continue at least 100 more iterations
Iteration 110 / LogL: -18006875.416 / Time: 2h:40m:50s (2h:12m:43s left)
Iteration 120 / LogL: -18006903.722 / Time: 2h:50m:57s (1h:54m:51s left)
Iteration 130 / LogL: -18006875.262 / Time: 3h:1m:13s (1h:38m:16s left)
Iteration 140 / LogL: -18006886.954 / Time: 3h:11m:21s (1h:22m:33s left)
Iteration 150 / LogL: -18006854.039 / Time: 3h:22m:26s (1h:7m:54s left)
Log-likelihood cutoff on original alignment: -18007065.212
Iteration 160 / LogL: -18006895.415 / Time: 3h:33m:3s (0h:53m:34s left)
Iteration 170 / LogL: -18006859.363 / Time: 3h:43m:45s (0h:39m:42s left)
Iteration 180 / LogL: -18006886.712 / Time: 3h:54m:17s (0h:26m:9s left)
Iteration 190 / LogL: -18006870.737 / Time: 4h:4m:16s (0h:12m:55s left)
Iteration 200 / LogL: -18006870.762 / Time: 4h:14m:56s (0h:0m:0s left)
Log-likelihood cutoff on original alignment: -18007065.212
NOTE: Bootstrap correlation coefficient of split occurrence frequencies: 1.000
TREE SEARCH COMPLETED AFTER 200 ITERATIONS / Time: 4h:14m:56s

--------------------------------------------------------------------
|                    FINALIZING TREE SEARCH                        |
--------------------------------------------------------------------
Performs final model parameters optimization
Estimate model parameters (epsilon = 0.010)
1. Initial log-likelihood: -18006854.038
2. Current log-likelihood: -18006853.839
3. Current log-likelihood: -18006853.693
4. Current log-likelihood: -18006853.552
5. Current log-likelihood: -18006853.448
6. Current log-likelihood: -18006853.342
7. Current log-likelihood: -18006853.265
8. Current log-likelihood: -18006853.167
9. Current log-likelihood: -18006853.096
10. Current log-likelihood: -18006853.006
11. Current log-likelihood: -18006852.941
12. Current log-likelihood: -18006852.857
13. Current log-likelihood: -18006852.797
14. Current log-likelihood: -18006852.720
15. Current log-likelihood: -18006852.665
16. Current log-likelihood: -18006852.593
17. Current log-likelihood: -18006852.543
18. Current log-likelihood: -18006852.476
19. Current log-likelihood: -18006852.430
20. Current log-likelihood: -18006852.367
21. Current log-likelihood: -18006852.325
22. Current log-likelihood: -18006852.267
23. Current log-likelihood: -18006852.229
24. Current log-likelihood: -18006852.175
25. Current log-likelihood: -18006852.140
26. Current log-likelihood: -18006852.090
27. Current log-likelihood: -18006852.058
28. Current log-likelihood: -18006852.011
29. Current log-likelihood: -18006851.981
30. Current log-likelihood: -18006851.938
31. Current log-likelihood: -18006851.911
32. Current log-likelihood: -18006851.870
33. Current log-likelihood: -18006851.846
34. Current log-likelihood: -18006851.808
35. Current log-likelihood: -18006851.786
36. Current log-likelihood: -18006851.750
37. Current log-likelihood: -18006851.729
38. Current log-likelihood: -18006851.696
39. Current log-likelihood: -18006851.678
40. Current log-likelihood: -18006851.647
41. Current log-likelihood: -18006851.630
42. Current log-likelihood: -18006851.601
43. Current log-likelihood: -18006851.586
44. Current log-likelihood: -18006851.558
45. Current log-likelihood: -18006851.544
46. Current log-likelihood: -18006851.519
47. Current log-likelihood: -18006851.506
48. Current log-likelihood: -18006851.482
49. Current log-likelihood: -18006851.471
50. Current log-likelihood: -18006851.448
51. Current log-likelihood: -18006851.438
52. Current log-likelihood: -18006851.417
Optimal log-likelihood: -18006851.407
Rate parameters:  A-C: 0.98608  A-G: 5.43917  A-T: 0.57986  C-G: 1.28171  C-T: 5.43609  G-T: 1.00000
Base frequencies:  A: 0.283  C: 0.218  G: 0.217  T: 0.282
Proportion of invariable sites: 0.001
Site proportion and rates:  (0.378,0.908) (0.094,0.908) (0.497,0.909) (0.030,3.912)
Parameters optimization took 52 rounds (953.964 sec)
BEST SCORE FOUND : -18006851.407
Creating bootstrap support values...
Split supports printed to NEXUS file /home/erenada/BirdTree/Alignments/AllSites/Gap/m1/Jarvis_pi_m1_AllUniquelyMapped.phylip-relaxed.splits.nex
Total tree length: 3.326

Total number of iterations: 200
CPU time used for tree search: 136122.103 sec (37h:48m:42s)
Wall-clock time used for tree search: 14511.146 sec (4h:1m:51s)
Total CPU time used: 149671.294 sec (41h:34m:31s)
Total wall-clock time used: 16251.434 sec (4h:30m:51s)

Computing bootstrap consensus tree...
Reading input file /home/erenada/BirdTree/Alignments/AllSites/Gap/m1/Jarvis_pi_m1_AllUniquelyMapped.phylip-relaxed.splits.nex...
48 taxa and 128 splits.
Consensus tree written to /home/erenada/BirdTree/Alignments/AllSites/Gap/m1/Jarvis_pi_m1_AllUniquelyMapped.phylip-relaxed.contree
Reading input trees file /home/erenada/BirdTree/Alignments/AllSites/Gap/m1/Jarvis_pi_m1_AllUniquelyMapped.phylip-relaxed.contree
Log-likelihood of consensus tree: -18006963.176

Analysis results written to: 
  IQ-TREE report:                /home/erenada/BirdTree/Alignments/AllSites/Gap/m1/Jarvis_pi_m1_AllUniquelyMapped.phylip-relaxed.iqtree
  Maximum-likelihood tree:       /home/erenada/BirdTree/Alignments/AllSites/Gap/m1/Jarvis_pi_m1_AllUniquelyMapped.phylip-relaxed.treefile
  Likelihood distances:          /home/erenada/BirdTree/Alignments/AllSites/Gap/m1/Jarvis_pi_m1_AllUniquelyMapped.phylip-relaxed.mldist

Ultrafast bootstrap approximation results written to:
  Split support values:          /home/erenada/BirdTree/Alignments/AllSites/Gap/m1/Jarvis_pi_m1_AllUniquelyMapped.phylip-relaxed.splits.nex
  Consensus tree:                /home/erenada/BirdTree/Alignments/AllSites/Gap/m1/Jarvis_pi_m1_AllUniquelyMapped.phylip-relaxed.contree
  Screen log file:               /home/erenada/BirdTree/Alignments/AllSites/Gap/m1/Jarvis_pi_m1_AllUniquelyMapped.phylip-relaxed.log

Date and Time: Wed Jun  3 02:44:11 2020
