IQ-TREE multicore version 1.7-beta16 for Linux 64-bit built Sep 24 2019
Developed by Bui Quang Minh, Nguyen Lam Tung, Olga Chernomor,
Heiko Schmidt, Dominik Schrempf, Michael Woodhams.

Host:    n022.cluster.com (AVX, 125 GB RAM)
Command: iqtree -s /home/erenada/BirdTree/Alignments/AllSites/NoGap/m0/Jarvis_pi_m0_genic-other_nogap.phylip-relaxed -m GTR+I+R -B 1000 -nt AUTO
Seed:    744075 (Using SPRNG - Scalable Parallel Random Number Generator)
Time:    Wed Jun  3 21:51:31 2020
Kernel:  AVX - auto-detect threads (20 CPU cores detected)

Reading alignment file /home/erenada/BirdTree/Alignments/AllSites/NoGap/m0/Jarvis_pi_m0_genic-other_nogap.phylip-relaxed ... Phylip format detected
Alignment most likely contains DNA/RNA sequences
Alignment has 48 sequences with 12196 columns, 9553 distinct patterns
12196 parsimony-informative, 0 singleton sites, 0 constant sites
        Gap/Ambiguity  Composition  p-value
   1  AcaChl    0.00%    passed     33.08%
   2  AnaPla    0.00%    passed     20.59%
   3  AntCar    0.00%    passed      9.79%
   4  ApaVit    0.00%    passed     84.44%
   5  AptFor    0.00%    passed     11.01%
   6  BalReg    0.00%    passed     28.79%
   7  BucRhi    0.00%    failed      0.01%
   8  CalAnn    0.00%    passed     90.01%
   9  CarCri    0.00%    passed     21.19%
  10  CatAur    0.00%    passed     21.01%
  11  ChaPel    0.00%    passed     96.91%
  12  ChaVoc    0.00%    passed     60.72%
  13  ChlMac    0.00%    passed     98.43%
  14  ColLiv    0.00%    passed     99.39%
  15  ColStr    0.00%    passed     88.81%
  16  CorBra    0.00%    passed     57.46%
  17  CucCan    0.00%    passed     94.72%
  18  EgrGar    0.00%    passed     98.19%
  19  EurHel    0.00%    passed     85.65%
  20  FalPer    0.00%    passed     57.22%
  21  FulGla    0.00%    passed      6.19%
  22  GalGal    0.00%    failed      0.00%
  23  GavSte    0.00%    passed     22.56%
  24  GeoFor    0.00%    passed     27.58%
  25  HalAlb    0.00%    passed     46.66%
  26  HalLeu    0.00%    passed     45.45%
  27  LepDis    0.00%    passed     89.88%
  28  ManVit    0.00%    passed     81.05%
  29  MelGal    0.00%    failed      0.36%
  30  MelUnd    0.00%    passed     56.06%
  31  MerNub    0.00%    passed     45.98%
  32  MesUni    0.00%    passed     93.41%
  33  NesNot    0.00%    passed     80.17%
  34  NipNip    0.00%    passed     58.28%
  35  OpiHoa    0.00%    passed     84.01%
  36  PelCri    0.00%    passed     57.20%
  37  PhaCar    0.00%    passed     54.57%
  38  PhaLep    0.00%    passed     67.18%
  39  PhoRub    0.00%    passed     91.83%
  40  PicPub    0.00%    failed      0.00%
  41  PodCri    0.00%    passed     46.23%
  42  PteGut    0.00%    passed     93.73%
  43  PygAde    0.00%    passed     21.31%
  44  StrCam    0.00%    passed     19.61%
  45  TaeGut    0.00%    passed     65.93%
  46  TauEry    0.00%    passed     98.54%
  47  TinGut    0.00%    failed      3.71%
  48  TytAlb    0.00%    failed      4.46%
****  TOTAL     0.00%  6 sequences failed composition chi2 test (p-value<5%; df=3)

Create initial parsimony tree by phylogenetic likelihood library (PLL)... 0.035 seconds
Generating 1000 samples for ultrafast bootstrap (seed: 744075)...

NOTE: 95 MB RAM (0 GB) is required!
Measuring multi-threading efficiency up to 20 CPU cores
Increase to 10 rounds for branch lengths
21 trees examined
Threads: 1 / Time: 20.029 sec / Speedup: 1.000 / Efficiency: 100% / LogL: -219935
Threads: 2 / Time: 16.743 sec / Speedup: 1.196 / Efficiency: 60% / LogL: -219935
Threads: 3 / Time: 10.250 sec / Speedup: 1.954 / Efficiency: 65% / LogL: -219935
Threads: 4 / Time: 8.184 sec / Speedup: 2.447 / Efficiency: 61% / LogL: -219935
Threads: 5 / Time: 7.813 sec / Speedup: 2.564 / Efficiency: 51% / LogL: -219935
Threads: 6 / Time: 6.107 sec / Speedup: 3.280 / Efficiency: 55% / LogL: -219935
Threads: 7 / Time: 6.320 sec / Speedup: 3.169 / Efficiency: 45% / LogL: -219935
BEST NUMBER OF THREADS: 6

Estimate model parameters (epsilon = 0.100)
1. Initial log-likelihood: -195801.198
2. Current log-likelihood: -179181.426
3. Current log-likelihood: -179012.973
4. Current log-likelihood: -178883.819
5. Current log-likelihood: -178803.047
6. Current log-likelihood: -178783.210
7. Current log-likelihood: -178780.866
8. Current log-likelihood: -178780.682
Optimal log-likelihood: -178780.659
Rate parameters:  A-C: 1.01621  A-G: 5.32873  A-T: 0.57785  C-G: 1.47541  C-T: 5.40641  G-T: 1.00000
Base frequencies:  A: 0.288  C: 0.208  G: 0.211  T: 0.293
Proportion of invariable sites: 0.000
Site proportion and rates:  (0.506,0.928) (0.094,0.929) (0.376,0.929) (0.025,3.834)
Parameters optimization took 8 rounds (4.310 sec)
Computing ML distances based on estimated model parameters... 0.221 sec
Computing BIONJ tree...
0.030 seconds
Log-likelihood of BIONJ tree: -178708.734
--------------------------------------------------------------------
|             INITIALIZING CANDIDATE TREE SET                      |
--------------------------------------------------------------------
Generating 98 parsimony trees... 4.234 second
Computing log-likelihood of 98 initial trees ... 3.802 seconds
Current best score: -178682.869

Do NNI search on 20 best initial trees
Estimate model parameters (epsilon = 0.100)
BETTER TREE FOUND at iteration 1: -178625.065
Iteration 10 / LogL: -178654.652 / Time: 0h:1m:34s
Iteration 20 / LogL: -178641.700 / Time: 0h:1m:42s
Finish initializing candidate tree set (20)
Current best tree score: -178625.065 / CPU time: 22.199
Number of iterations: 20
--------------------------------------------------------------------
|               OPTIMIZING CANDIDATE TREE SET                      |
--------------------------------------------------------------------
Iteration 30 / LogL: -178626.267 / Time: 0h:1m:50s (0h:4m:30s left)
Estimate model parameters (epsilon = 0.100)
BETTER TREE FOUND at iteration 40: -178622.572
Iteration 40 / LogL: -178622.572 / Time: 0h:1m:58s (0h:5m:2s left)
Estimate model parameters (epsilon = 0.100)
BETTER TREE FOUND at iteration 43: -178620.270
Iteration 50 / LogL: -178620.271 / Time: 0h:2m:5s (0h:3m:57s left)
Log-likelihood cutoff on original alignment: -178694.522
Iteration 60 / LogL: -178622.575 / Time: 0h:2m:11s (0h:3m:4s left)
UPDATE BEST LOG-LIKELIHOOD: -178620.268
Iteration 70 / LogL: -178622.572 / Time: 0h:2m:18s (0h:2m:26s left)
Iteration 80 / LogL: -178635.125 / Time: 0h:2m:25s (0h:1m:55s left)
UPDATE BEST LOG-LIKELIHOOD: -178620.266
Iteration 90 / LogL: -178632.673 / Time: 0h:2m:32s (0h:1m:30s left)
Iteration 100 / LogL: -178620.270 / Time: 0h:2m:38s (0h:1m:8s left)
Log-likelihood cutoff on original alignment: -178694.522
NOTE: Bootstrap correlation coefficient of split occurrence frequencies: 0.997
Iteration 110 / LogL: -178627.453 / Time: 0h:2m:45s (0h:2m:16s left)
Iteration 120 / LogL: -178620.266 / Time: 0h:2m:52s (0h:1m:55s left)
Iteration 130 / LogL: -178632.630 / Time: 0h:2m:59s (0h:1m:37s left)
Iteration 140 / LogL: -178636.249 / Time: 0h:3m:5s (0h:1m:20s left)
TREE SEARCH COMPLETED AFTER 144 ITERATIONS / Time: 0h:3m:8s

--------------------------------------------------------------------
|                    FINALIZING TREE SEARCH                        |
--------------------------------------------------------------------
Performs final model parameters optimization
Estimate model parameters (epsilon = 0.010)
1. Initial log-likelihood: -178620.266
Optimal log-likelihood: -178620.261
Rate parameters:  A-C: 1.01247  A-G: 5.33320  A-T: 0.57431  C-G: 1.47490  C-T: 5.40620  G-T: 1.00000
Base frequencies:  A: 0.288  C: 0.208  G: 0.211  T: 0.293
Proportion of invariable sites: 0.000
Site proportion and rates:  (0.506,0.929) (0.094,0.929) (0.376,0.929) (0.024,3.837)
Parameters optimization took 1 rounds (0.224 sec)
BEST SCORE FOUND : -178620.261
Creating bootstrap support values...
Split supports printed to NEXUS file /home/erenada/BirdTree/Alignments/AllSites/NoGap/m0/Jarvis_pi_m0_genic-other_nogap.phylip-relaxed.splits.nex
Total tree length: 3.076

Total number of iterations: 144
CPU time used for tree search: 624.554 sec (0h:10m:24s)
Wall-clock time used for tree search: 108.341 sec (0h:1m:48s)
Total CPU time used: 889.471 sec (0h:14m:49s)
Total wall-clock time used: 189.250 sec (0h:3m:9s)

Computing bootstrap consensus tree...
Reading input file /home/erenada/BirdTree/Alignments/AllSites/NoGap/m0/Jarvis_pi_m0_genic-other_nogap.phylip-relaxed.splits.nex...
48 taxa and 444 splits.
Consensus tree written to /home/erenada/BirdTree/Alignments/AllSites/NoGap/m0/Jarvis_pi_m0_genic-other_nogap.phylip-relaxed.contree
Reading input trees file /home/erenada/BirdTree/Alignments/AllSites/NoGap/m0/Jarvis_pi_m0_genic-other_nogap.phylip-relaxed.contree
Log-likelihood of consensus tree: -178620.258

Analysis results written to: 
  IQ-TREE report:                /home/erenada/BirdTree/Alignments/AllSites/NoGap/m0/Jarvis_pi_m0_genic-other_nogap.phylip-relaxed.iqtree
  Maximum-likelihood tree:       /home/erenada/BirdTree/Alignments/AllSites/NoGap/m0/Jarvis_pi_m0_genic-other_nogap.phylip-relaxed.treefile
  Likelihood distances:          /home/erenada/BirdTree/Alignments/AllSites/NoGap/m0/Jarvis_pi_m0_genic-other_nogap.phylip-relaxed.mldist

Ultrafast bootstrap approximation results written to:
  Split support values:          /home/erenada/BirdTree/Alignments/AllSites/NoGap/m0/Jarvis_pi_m0_genic-other_nogap.phylip-relaxed.splits.nex
  Consensus tree:                /home/erenada/BirdTree/Alignments/AllSites/NoGap/m0/Jarvis_pi_m0_genic-other_nogap.phylip-relaxed.contree
  Screen log file:               /home/erenada/BirdTree/Alignments/AllSites/NoGap/m0/Jarvis_pi_m0_genic-other_nogap.phylip-relaxed.log

Date and Time: Wed Jun  3 21:54:41 2020
