IQ-TREE multicore version 1.7-beta16 for Linux 64-bit built Sep 24 2019
Developed by Bui Quang Minh, Nguyen Lam Tung, Olga Chernomor,
Heiko Schmidt, Dominik Schrempf, Michael Woodhams.

Host:    n017.cluster.com (AVX, 125 GB RAM)
Command: iqtree -s /home/erenada/BirdTree/Alignments/AllSites/Gap/m0/Jarvis_pi_m0_CDS.phylip-relaxed -m GTR+I+R -B 1000 -nt AUTO
Seed:    601977 (Using SPRNG - Scalable Parallel Random Number Generator)
Time:    Tue Jun  2 21:24:59 2020
Kernel:  AVX - auto-detect threads (20 CPU cores detected)

Reading alignment file /home/erenada/BirdTree/Alignments/AllSites/Gap/m0/Jarvis_pi_m0_CDS.phylip-relaxed ... Phylip format detected
Alignment most likely contains DNA/RNA sequences
Alignment has 48 sequences with 66665 columns, 46534 distinct patterns
66656 parsimony-informative, 1 singleton sites, 8 constant sites
        Gap/Ambiguity  Composition  p-value
   1  AcaChl    0.00%    failed      0.00%
   2  AnaPla    0.00%    passed     97.48%
   3  AntCar    0.00%    failed      0.00%
   4  ApaVit    0.02%    failed      0.00%
   5  AptFor    0.00%    failed      0.00%
   6  BalReg    0.01%    failed      0.00%
   7  BucRhi    0.00%    failed      0.00%
   8  CalAnn    0.03%    passed     11.99%
   9  CarCri    0.01%    failed      0.00%
  10  CatAur    0.00%    failed      0.00%
  11  ChaPel    0.01%    passed     95.93%
  12  ChaVoc    0.00%    failed      0.00%
  13  ChlMac    0.00%    failed      0.01%
  14  ColLiv    0.00%    failed      0.00%
  15  ColStr    0.02%    failed      1.83%
  16  CorBra    0.01%    failed      0.00%
  17  CucCan    0.02%    passed      6.29%
  18  EgrGar    0.00%    failed      0.00%
  19  EurHel    0.00%    failed      0.00%
  20  FalPer    0.00%    failed      0.00%
  21  FulGla    0.00%    failed      0.00%
  22  GalGal    0.01%    passed     83.34%
  23  GavSte    0.00%    failed      0.00%
  24  GeoFor    0.02%    failed      0.00%
  25  HalAlb    0.00%    failed      0.00%
  26  HalLeu    0.00%    failed      0.00%
  27  LepDis    0.00%    passed      9.12%
  28  ManVit    0.00%    failed      0.00%
  29  MelGal    0.00%    failed      3.31%
  30  MelUnd    0.01%    passed      7.94%
  31  MerNub    0.00%    failed      0.00%
  32  MesUni    0.01%    failed      0.00%
  33  NesNot    0.00%    passed     30.00%
  34  NipNip    0.00%    failed      0.00%
  35  OpiHoa    0.00%    passed     34.97%
  36  PelCri    0.00%    failed      0.00%
  37  PhaCar    0.00%    failed      0.00%
  38  PhaLep    0.01%    failed      0.00%
  39  PhoRub    0.00%    failed      0.00%
  40  PicPub    0.01%    failed      0.00%
  41  PodCri    0.01%    failed      0.00%
  42  PteGut    0.01%    failed      0.00%
  43  PygAde    0.00%    failed      0.00%
  44  StrCam    0.01%    failed      0.00%
  45  TaeGut    0.02%    failed      0.00%
  46  TauEry    0.00%    passed     22.68%
  47  TinGut    0.02%    failed      0.00%
  48  TytAlb    0.00%    failed      0.00%
****  TOTAL     0.01%  38 sequences failed composition chi2 test (p-value<5%; df=3)

Create initial parsimony tree by phylogenetic likelihood library (PLL)... 0.402 seconds
Generating 1000 samples for ultrafast bootstrap (seed: 601977)...

NOTE: 467 MB RAM (0 GB) is required!
Measuring multi-threading efficiency up to 20 CPU cores
Increase to 10 rounds for branch lengths
4 trees examined
Threads: 1 / Time: 24.663 sec / Speedup: 1.000 / Efficiency: 100% / LogL: -1318217
Threads: 2 / Time: 14.751 sec / Speedup: 1.672 / Efficiency: 84% / LogL: -1318217
Threads: 3 / Time: 9.259 sec / Speedup: 2.664 / Efficiency: 89% / LogL: -1318217
Threads: 4 / Time: 6.565 sec / Speedup: 3.757 / Efficiency: 94% / LogL: -1318217
Threads: 5 / Time: 5.471 sec / Speedup: 4.508 / Efficiency: 90% / LogL: -1318217
Threads: 6 / Time: 4.547 sec / Speedup: 5.424 / Efficiency: 90% / LogL: -1318217
Threads: 7 / Time: 6.196 sec / Speedup: 3.980 / Efficiency: 57% / LogL: -1318217
BEST NUMBER OF THREADS: 6

Estimate model parameters (epsilon = 0.100)
1. Initial log-likelihood: -1201946.857
2. Current log-likelihood: -1077388.649
3. Current log-likelihood: -1076197.830
4. Current log-likelihood: -1076056.951
5. Current log-likelihood: -1076039.747
6. Current log-likelihood: -1076037.223
7. Current log-likelihood: -1076036.911
Optimal log-likelihood: -1076036.893
Rate parameters:  A-C: 0.99101  A-G: 7.04744  A-T: 0.49307  C-G: 1.32264  C-T: 6.99721  G-T: 1.00000
Base frequencies:  A: 0.295  C: 0.209  G: 0.206  T: 0.291
Proportion of invariable sites: 0.000
Site proportion and rates:  (0.098,0.820) (0.379,0.821) (0.451,0.825) (0.072,3.278)
Parameters optimization took 7 rounds (28.742 sec)
Computing ML distances based on estimated model parameters... 1.041 sec
Computing BIONJ tree...
0.030 seconds
Log-likelihood of BIONJ tree: -1076030.290
--------------------------------------------------------------------
|             INITIALIZING CANDIDATE TREE SET                      |
--------------------------------------------------------------------
Generating 98 parsimony trees... 27.258 second
Computing log-likelihood of 98 initial trees ... 21.079 seconds
Current best score: -1075540.180

Do NNI search on 20 best initial trees
Estimate model parameters (epsilon = 0.100)
BETTER TREE FOUND at iteration 1: -1075191.392
Estimate model parameters (epsilon = 0.100)
BETTER TREE FOUND at iteration 5: -1075168.484
Iteration 10 / LogL: -1075182.616 / Time: 0h:3m:35s
Iteration 20 / LogL: -1075285.715 / Time: 0h:4m:24s
Finish initializing candidate tree set (20)
Current best tree score: -1075168.484 / CPU time: 161.676
Number of iterations: 20
--------------------------------------------------------------------
|               OPTIMIZING CANDIDATE TREE SET                      |
--------------------------------------------------------------------
Estimate model parameters (epsilon = 0.100)
BETTER TREE FOUND at iteration 22: -1075162.414
Estimate model parameters (epsilon = 0.100)
BETTER TREE FOUND at iteration 27: -1075156.146
Iteration 30 / LogL: -1075162.387 / Time: 0h:5m:8s (0h:17m:8s left)
Iteration 40 / LogL: -1075174.022 / Time: 0h:5m:40s (0h:12m:37s left)
Iteration 50 / LogL: -1075156.149 / Time: 0h:6m:14s (0h:9m:47s left)
Log-likelihood cutoff on original alignment: -1075321.863
Iteration 60 / LogL: -1075156.155 / Time: 0h:6m:47s (0h:7m:42s left)
Iteration 70 / LogL: -1075169.575 / Time: 0h:7m:22s (0h:6m:5s left)
Iteration 80 / LogL: -1075156.147 / Time: 0h:7m:58s (0h:4m:44s left)
Iteration 90 / LogL: -1075162.380 / Time: 0h:8m:32s (0h:3m:32s left)
Iteration 100 / LogL: -1075171.929 / Time: 0h:9m:11s (0h:2m:30s left)
Log-likelihood cutoff on original alignment: -1075321.863
NOTE: Bootstrap correlation coefficient of split occurrence frequencies: 0.996
Iteration 110 / LogL: -1075156.158 / Time: 0h:9m:46s (0h:8m:4s left)
Iteration 120 / LogL: -1075168.692 / Time: 0h:10m:19s (0h:6m:56s left)
TREE SEARCH COMPLETED AFTER 128 ITERATIONS / Time: 0h:10m:45s

--------------------------------------------------------------------
|                    FINALIZING TREE SEARCH                        |
--------------------------------------------------------------------
Performs final model parameters optimization
Estimate model parameters (epsilon = 0.010)
1. Initial log-likelihood: -1075156.146
Optimal log-likelihood: -1075156.140
Rate parameters:  A-C: 0.98902  A-G: 7.05702  A-T: 0.49254  C-G: 1.31767  C-T: 7.00409  G-T: 1.00000
Base frequencies:  A: 0.295  C: 0.209  G: 0.206  T: 0.291
Proportion of invariable sites: 0.000
Site proportion and rates:  (0.098,0.825) (0.381,0.825) (0.452,0.826) (0.069,3.347)
Parameters optimization took 1 rounds (1.349 sec)
BEST SCORE FOUND : -1075156.140
Creating bootstrap support values...
Split supports printed to NEXUS file /home/erenada/BirdTree/Alignments/AllSites/Gap/m0/Jarvis_pi_m0_CDS.phylip-relaxed.splits.nex
Total tree length: 3.863

Total number of iterations: 128
CPU time used for tree search: 3103.888 sec (0h:51m:43s)
Wall-clock time used for tree search: 542.755 sec (0h:9m:2s)
Total CPU time used: 3485.152 sec (0h:58m:5s)
Total wall-clock time used: 647.297 sec (0h:10m:47s)

Computing bootstrap consensus tree...
Reading input file /home/erenada/BirdTree/Alignments/AllSites/Gap/m0/Jarvis_pi_m0_CDS.phylip-relaxed.splits.nex...
48 taxa and 269 splits.
Consensus tree written to /home/erenada/BirdTree/Alignments/AllSites/Gap/m0/Jarvis_pi_m0_CDS.phylip-relaxed.contree
Reading input trees file /home/erenada/BirdTree/Alignments/AllSites/Gap/m0/Jarvis_pi_m0_CDS.phylip-relaxed.contree
Log-likelihood of consensus tree: -1075156.139

Analysis results written to: 
  IQ-TREE report:                /home/erenada/BirdTree/Alignments/AllSites/Gap/m0/Jarvis_pi_m0_CDS.phylip-relaxed.iqtree
  Maximum-likelihood tree:       /home/erenada/BirdTree/Alignments/AllSites/Gap/m0/Jarvis_pi_m0_CDS.phylip-relaxed.treefile
  Likelihood distances:          /home/erenada/BirdTree/Alignments/AllSites/Gap/m0/Jarvis_pi_m0_CDS.phylip-relaxed.mldist

Ultrafast bootstrap approximation results written to:
  Split support values:          /home/erenada/BirdTree/Alignments/AllSites/Gap/m0/Jarvis_pi_m0_CDS.phylip-relaxed.splits.nex
  Consensus tree:                /home/erenada/BirdTree/Alignments/AllSites/Gap/m0/Jarvis_pi_m0_CDS.phylip-relaxed.contree
  Screen log file:               /home/erenada/BirdTree/Alignments/AllSites/Gap/m0/Jarvis_pi_m0_CDS.phylip-relaxed.log

Date and Time: Tue Jun  2 21:35:48 2020
