IQ-TREE multicore version 1.7-beta16 for Linux 64-bit built Sep 24 2019
Developed by Bui Quang Minh, Nguyen Lam Tung, Olga Chernomor,
Heiko Schmidt, Dominik Schrempf, Michael Woodhams.

Host:    n023.cluster.com (AVX, 125 GB RAM)
Command: iqtree -s /home/erenada/BirdTree/Alignments/AllSites/NoGap/m5/Jarvis_pi_m5_intergenic_nogap.phylip-relaxed -m GTR+I+R -B 1000 -nt AUTO
Seed:    948300 (Using SPRNG - Scalable Parallel Random Number Generator)
Time:    Thu Jun  4 05:04:19 2020
Kernel:  AVX - auto-detect threads (20 CPU cores detected)

Reading alignment file /home/erenada/BirdTree/Alignments/AllSites/NoGap/m5/Jarvis_pi_m5_intergenic_nogap.phylip-relaxed ... Phylip format detected
Alignment most likely contains DNA/RNA sequences
Alignment has 48 sequences with 1031488 columns, 885310 distinct patterns
1031488 parsimony-informative, 0 singleton sites, 0 constant sites
        Gap/Ambiguity  Composition  p-value
   1  AcaChl    4.34%    failed      0.00%
   2  AnaPla    5.80%    failed      0.00%
   3  AntCar    4.57%    failed      0.00%
   4  ApaVit    3.72%    passed     65.92%
   5  AptFor    2.63%    failed      0.01%
   6  BalReg    2.00%    failed      0.00%
   7  BucRhi    4.20%    failed      0.00%
   8  CalAnn    6.05%    failed      0.00%
   9  CarCri    2.48%    failed      0.00%
  10  CatAur    6.49%    failed      0.00%
  11  ChaPel    4.41%    failed      0.00%
  12  ChaVoc    1.81%    failed      1.26%
  13  ChlMac    2.53%    failed      0.00%
  14  ColLiv    3.52%    passed     51.94%
  15  ColStr    5.28%    failed      0.00%
  16  CorBra    3.93%    failed      0.00%
  17  CucCan    4.15%    failed      0.00%
  18  EgrGar    1.87%    failed      0.00%
  19  EurHel    3.07%    failed      0.00%
  20  FalPer    2.98%    failed      0.00%
  21  FulGla    1.68%    failed      0.00%
  22  GalGal    4.36%    failed      0.00%
  23  GavSte    2.13%    failed      0.02%
  24  GeoFor    6.02%    failed      0.00%
  25  HalAlb    2.66%    failed      3.85%
  26  HalLeu    0.97%    failed      0.03%
  27  LepDis    2.10%    failed      0.00%
  28  ManVit    3.88%    failed      0.01%
  29  MelGal    6.29%    failed      0.02%
  30  MelUnd    4.45%    failed      0.15%
  31  MerNub    4.28%    failed      0.00%
  32  MesUni    3.31%    failed      0.32%
  33  NesNot    3.21%    passed     34.97%
  34  NipNip    2.09%    failed      0.00%
  35  OpiHoa    2.12%    failed      0.00%
  36  PelCri    1.68%    failed      0.00%
  37  PhaCar    2.92%    failed      0.00%
  38  PhaLep    1.94%    passed     97.42%
  39  PhoRub    1.82%    failed      0.00%
  40  PicPub   12.05%    failed      0.00%
  41  PodCri    2.46%    failed      0.00%
  42  PteGut    2.92%    passed     62.23%
  43  PygAde    2.71%    failed      0.00%
  44  StrCam    6.85%    failed      0.00%
  45  TaeGut    6.99%    failed      0.00%
  46  TauEry    1.84%    failed      0.00%
  47  TinGut   21.16%    passed     73.51%
  48  TytAlb    3.11%    failed      0.00%
****  TOTAL     4.04%  42 sequences failed composition chi2 test (p-value<5%; df=3)
NOTE: minimal branch length is reduced to 0.000000096947 for long alignment

Create initial parsimony tree by phylogenetic likelihood library (PLL)... 6.085 seconds
Generating 1000 samples for ultrafast bootstrap (seed: 948300)...

NOTE: 8888 MB RAM (8 GB) is required!
Measuring multi-threading efficiency up to 20 CPU cores
2 trees examined
Threads: 1 / Time: 64.410 sec / Speedup: 1.000 / Efficiency: 100% / LogL: -19721289
Threads: 2 / Time: 25.033 sec / Speedup: 2.573 / Efficiency: 129% / LogL: -19721289
Threads: 3 / Time: 20.969 sec / Speedup: 3.072 / Efficiency: 102% / LogL: -19721289
Threads: 4 / Time: 16.575 sec / Speedup: 3.886 / Efficiency: 97% / LogL: -19721289
Threads: 5 / Time: 14.973 sec / Speedup: 4.302 / Efficiency: 86% / LogL: -19721289
Threads: 6 / Time: 13.457 sec / Speedup: 4.786 / Efficiency: 80% / LogL: -19721289
Threads: 7 / Time: 11.387 sec / Speedup: 5.656 / Efficiency: 81% / LogL: -19721289
Threads: 8 / Time: 10.224 sec / Speedup: 6.300 / Efficiency: 79% / LogL: -19721289
Threads: 9 / Time: 10.554 sec / Speedup: 6.103 / Efficiency: 68% / LogL: -19721289
Threads: 10 / Time: 8.218 sec / Speedup: 7.838 / Efficiency: 78% / LogL: -19721289
Threads: 11 / Time: 8.053 sec / Speedup: 7.998 / Efficiency: 73% / LogL: -19721289
Threads: 12 / Time: 7.168 sec / Speedup: 8.985 / Efficiency: 75% / LogL: -19721289
Threads: 13 / Time: 6.971 sec / Speedup: 9.240 / Efficiency: 71% / LogL: -19721289
Threads: 14 / Time: 8.413 sec / Speedup: 7.656 / Efficiency: 55% / LogL: -19721289
BEST NUMBER OF THREADS: 12

Estimate model parameters (epsilon = 0.100)
1. Initial log-likelihood: -17779161.623
2. Current log-likelihood: -16276322.299
3. Current log-likelihood: -16250882.480
4. Current log-likelihood: -16242818.195
5. Current log-likelihood: -16242069.385
6. Current log-likelihood: -16242033.931
7. Current log-likelihood: -16242032.519
8. Current log-likelihood: -16242032.227
9. Current log-likelihood: -16242032.049
10. Current log-likelihood: -16242031.860
11. Current log-likelihood: -16242031.719
12. Current log-likelihood: -16242031.561
13. Current log-likelihood: -16242031.444
14. Current log-likelihood: -16242031.303
15. Current log-likelihood: -16242031.198
16. Current log-likelihood: -16242031.069
Optimal log-likelihood: -16242030.976
Rate parameters:  A-C: 0.99662  A-G: 5.15185  A-T: 0.64319  C-G: 1.14744  C-T: 5.10350  G-T: 1.00000
Base frequencies:  A: 0.272  C: 0.225  G: 0.226  T: 0.277
Proportion of invariable sites: 0.000
Site proportion and rates:  (0.088,0.903) (0.378,0.904) (0.502,0.905) (0.032,3.904)
Parameters optimization took 16 rounds (734.254 sec)
Computing ML distances based on estimated model parameters... 52.770 sec
Computing BIONJ tree...
0.031 seconds
Log-likelihood of BIONJ tree: -16250164.892
--------------------------------------------------------------------
|             INITIALIZING CANDIDATE TREE SET                      |
--------------------------------------------------------------------
Generating 98 parsimony trees... 670.507 second
Computing log-likelihood of 98 initial trees ... 392.621 seconds
Current best score: -16242030.976

Do NNI search on 20 best initial trees
Estimate model parameters (epsilon = 0.100)
BETTER TREE FOUND at iteration 1: -16237405.078
Estimate model parameters (epsilon = 0.100)
BETTER TREE FOUND at iteration 2: -16237044.459
Estimate model parameters (epsilon = 0.100)
BETTER TREE FOUND at iteration 5: -16237013.151
Estimate model parameters (epsilon = 0.100)
BETTER TREE FOUND at iteration 6: -16237011.115
Iteration 10 / LogL: -16238101.938 / Time: 0h:54m:42s
Iteration 20 / LogL: -16238531.112 / Time: 1h:12m:26s
Finish initializing candidate tree set (11)
Current best tree score: -16237011.115 / CPU time: 3333.785
Number of iterations: 20
--------------------------------------------------------------------
|               OPTIMIZING CANDIDATE TREE SET                      |
--------------------------------------------------------------------
Iteration 30 / LogL: -16237649.767 / Time: 1h:25m:33s (3h:43m:51s left)
Estimate model parameters (epsilon = 0.100)
BETTER TREE FOUND at iteration 32: -16236977.987
Iteration 40 / LogL: -16237082.793 / Time: 1h:39m:54s (3h:55m:20s left)
Iteration 50 / LogL: -16237155.423 / Time: 1h:53m:7s (3h:9m:4s left)
Log-likelihood cutoff on original alignment: -16237403.525
Iteration 60 / LogL: -16236978.113 / Time: 2h:6m:11s (2h:33m:49s left)
Iteration 70 / LogL: -16237076.986 / Time: 2h:17m:52s (2h:3m:45s left)
Estimate model parameters (epsilon = 0.100)
UPDATE BEST LOG-LIKELIHOOD: -16236966.345
Iteration 80 / LogL: -16236966.455 / Time: 2h:31m:46s (1h:39m:48s left)
Iteration 90 / LogL: -16237011.081 / Time: 2h:46m:15s (1h:18m:23s left)
Iteration 100 / LogL: -16237012.965 / Time: 2h:58m:54s (0h:57m:47s left)
Log-likelihood cutoff on original alignment: -16237243.121
NOTE: Bootstrap correlation coefficient of split occurrence frequencies: 0.985
NOTE: UFBoot does not converge, continue at least 100 more iterations
Iteration 110 / LogL: -16236982.234 / Time: 3h:11m:14s (2h:37m:47s left)
Iteration 120 / LogL: -16237010.932 / Time: 3h:23m:18s (2h:16m:35s left)
Iteration 130 / LogL: -16236977.930 / Time: 3h:36m:25s (1h:57m:21s left)
Iteration 140 / LogL: -16237010.949 / Time: 3h:50m:11s (1h:39m:18s left)
Iteration 150 / LogL: -16236966.359 / Time: 4h:3m:56s (1h:21m:48s left)
Log-likelihood cutoff on original alignment: -16237241.455
Iteration 160 / LogL: -16236977.972 / Time: 4h:16m:37s (1h:4m:31s left)
Iteration 170 / LogL: -16236966.371 / Time: 4h:29m:34s (0h:47m:49s left)
Iteration 180 / LogL: -16237070.081 / Time: 4h:42m:10s (0h:31m:30s left)
Iteration 190 / LogL: -16236966.354 / Time: 4h:55m:11s (0h:15m:36s left)
Iteration 200 / LogL: -16236978.003 / Time: 5h:7m:46s (0h:0m:0s left)
Log-likelihood cutoff on original alignment: -16237241.455
NOTE: Bootstrap correlation coefficient of split occurrence frequencies: 1.000
TREE SEARCH COMPLETED AFTER 200 ITERATIONS / Time: 5h:7m:46s

--------------------------------------------------------------------
|                    FINALIZING TREE SEARCH                        |
--------------------------------------------------------------------
Performs final model parameters optimization
Estimate model parameters (epsilon = 0.010)
1. Initial log-likelihood: -16236966.345
2. Current log-likelihood: -16236966.273
3. Current log-likelihood: -16236966.222
4. Current log-likelihood: -16236966.166
5. Current log-likelihood: -16236966.133
6. Current log-likelihood: -16236966.086
7. Current log-likelihood: -16236966.054
8. Current log-likelihood: -16236966.009
9. Current log-likelihood: -16236965.982
10. Current log-likelihood: -16236965.935
11. Current log-likelihood: -16236965.903
12. Current log-likelihood: -16236965.860
13. Current log-likelihood: -16236965.836
14. Current log-likelihood: -16236965.809
15. Current log-likelihood: -16236965.792
16. Current log-likelihood: -16236965.774
Optimal log-likelihood: -16236965.764
Rate parameters:  A-C: 0.99842  A-G: 5.16322  A-T: 0.64446  C-G: 1.14968  C-T: 5.11522  G-T: 1.00000
Base frequencies:  A: 0.272  C: 0.225  G: 0.226  T: 0.277
Proportion of invariable sites: 0.000
Site proportion and rates:  (0.088,0.903) (0.378,0.904) (0.502,0.905) (0.032,3.908)
Parameters optimization took 16 rounds (374.921 sec)
BEST SCORE FOUND : -16236965.764
Creating bootstrap support values...
Split supports printed to NEXUS file /home/erenada/BirdTree/Alignments/AllSites/NoGap/m5/Jarvis_pi_m5_intergenic_nogap.phylip-relaxed.splits.nex
Total tree length: 3.644

Total number of iterations: 200
CPU time used for tree search: 182068.448 sec (50h:34m:28s)
Wall-clock time used for tree search: 17454.045 sec (4h:50m:54s)
Total CPU time used: 193500.733 sec (53h:45m:0s)
Total wall-clock time used: 18842.507 sec (5h:14m:2s)

Computing bootstrap consensus tree...
Reading input file /home/erenada/BirdTree/Alignments/AllSites/NoGap/m5/Jarvis_pi_m5_intergenic_nogap.phylip-relaxed.splits.nex...
48 taxa and 136 splits.
Consensus tree written to /home/erenada/BirdTree/Alignments/AllSites/NoGap/m5/Jarvis_pi_m5_intergenic_nogap.phylip-relaxed.contree
Reading input trees file /home/erenada/BirdTree/Alignments/AllSites/NoGap/m5/Jarvis_pi_m5_intergenic_nogap.phylip-relaxed.contree
Log-likelihood of consensus tree: -16237163.585

Analysis results written to: 
  IQ-TREE report:                /home/erenada/BirdTree/Alignments/AllSites/NoGap/m5/Jarvis_pi_m5_intergenic_nogap.phylip-relaxed.iqtree
  Maximum-likelihood tree:       /home/erenada/BirdTree/Alignments/AllSites/NoGap/m5/Jarvis_pi_m5_intergenic_nogap.phylip-relaxed.treefile
  Likelihood distances:          /home/erenada/BirdTree/Alignments/AllSites/NoGap/m5/Jarvis_pi_m5_intergenic_nogap.phylip-relaxed.mldist

Ultrafast bootstrap approximation results written to:
  Split support values:          /home/erenada/BirdTree/Alignments/AllSites/NoGap/m5/Jarvis_pi_m5_intergenic_nogap.phylip-relaxed.splits.nex
  Consensus tree:                /home/erenada/BirdTree/Alignments/AllSites/NoGap/m5/Jarvis_pi_m5_intergenic_nogap.phylip-relaxed.contree
  Screen log file:               /home/erenada/BirdTree/Alignments/AllSites/NoGap/m5/Jarvis_pi_m5_intergenic_nogap.phylip-relaxed.log

Date and Time: Thu Jun  4 10:18:52 2020
