IQ-TREE multicore version 1.7-beta16 for Linux 64-bit built Sep 24 2019
Developed by Bui Quang Minh, Nguyen Lam Tung, Olga Chernomor,
Heiko Schmidt, Dominik Schrempf, Michael Woodhams.

Host:    n022.cluster.com (AVX, 125 GB RAM)
Command: iqtree -s /home/erenada/BirdTree/Alignments/AllSites/Gap/m2/Jarvis_pi_m2_genic-other.phylip-relaxed -m GTR+I+R -B 1000 -nt AUTO
Seed:    471443 (Using SPRNG - Scalable Parallel Random Number Generator)
Time:    Tue Jun  2 21:33:49 2020
Kernel:  AVX - auto-detect threads (20 CPU cores detected)

Reading alignment file /home/erenada/BirdTree/Alignments/AllSites/Gap/m2/Jarvis_pi_m2_genic-other.phylip-relaxed ... Phylip format detected
Alignment most likely contains DNA/RNA sequences
Alignment has 48 sequences with 42662 columns, 39336 distinct patterns
42501 parsimony-informative, 80 singleton sites, 81 constant sites
        Gap/Ambiguity  Composition  p-value
   1  AcaChl    2.31%    failed      0.24%
   2  AnaPla    2.48%    failed      1.23%
   3  AntCar    2.80%    failed      0.01%
   4  ApaVit    1.90%    passed     33.05%
   5  AptFor    1.39%    failed      2.02%
   6  BalReg    1.31%    failed      1.37%
   7  BucRhi    2.16%    failed      0.00%
   8  CalAnn    2.66%    passed     55.81%
   9  CarCri    1.46%    passed      7.53%
  10  CatAur    3.84%    failed      0.02%
  11  ChaPel    2.21%    passed      7.79%
  12  ChaVoc    1.09%    passed     69.05%
  13  ChlMac    1.28%    passed     54.57%
  14  ColLiv    1.87%    passed     74.69%
  15  ColStr    2.44%    failed      0.94%
  16  CorBra    1.49%    failed      2.35%
  17  CucCan    2.17%    passed     97.38%
  18  EgrGar    1.34%    passed     95.96%
  19  EurHel    1.67%    passed      6.09%
  20  FalPer    1.41%    failed      2.84%
  21  FulGla    1.00%    failed      0.29%
  22  GalGal    3.03%    failed      0.00%
  23  GavSte    1.20%    failed      3.30%
  24  GeoFor    2.31%    failed      0.00%
  25  HalAlb    1.49%    passed      7.73%
  26  HalLeu    0.58%    failed      3.03%
  27  LepDis    1.30%    passed     46.89%
  28  ManVit    1.89%    passed      5.97%
  29  MelGal    2.78%    failed      0.00%
  30  MelUnd    2.32%    passed     87.58%
  31  MerNub    2.67%    passed      5.70%
  32  MesUni    2.00%    passed     25.37%
  33  NesNot    1.48%    passed     32.94%
  34  NipNip    1.24%    failed      2.26%
  35  OpiHoa    1.28%    passed     12.17%
  36  PelCri    0.95%    passed      8.12%
  37  PhaCar    1.54%    failed      4.82%
  38  PhaLep    1.05%    passed     35.97%
  39  PhoRub    1.01%    passed     91.35%
  40  PicPub    6.91%    failed      0.00%
  41  PodCri    1.38%    failed      3.01%
  42  PteGut    1.37%    passed     82.53%
  43  PygAde    1.54%    failed      0.01%
  44  StrCam    3.46%    failed      2.63%
  45  TaeGut    3.05%    failed      1.49%
  46  TauEry    1.19%    passed     95.29%
  47  TinGut   16.83%    failed      0.82%
  48  TytAlb    1.42%    failed      0.00%
****  TOTAL     2.24%  25 sequences failed composition chi2 test (p-value<5%; df=3)

Create initial parsimony tree by phylogenetic likelihood library (PLL)... 0.199 seconds
Generating 1000 samples for ultrafast bootstrap (seed: 471443)...

NOTE: 394 MB RAM (0 GB) is required!
Measuring multi-threading efficiency up to 20 CPU cores
Increase to 10 rounds for branch lengths
5 trees examined
Threads: 1 / Time: 24.125 sec / Speedup: 1.000 / Efficiency: 100% / LogL: -808899
Threads: 2 / Time: 15.063 sec / Speedup: 1.602 / Efficiency: 80% / LogL: -808899
Threads: 3 / Time: 10.681 sec / Speedup: 2.259 / Efficiency: 75% / LogL: -808899
Threads: 4 / Time: 8.357 sec / Speedup: 2.887 / Efficiency: 72% / LogL: -808899
Threads: 5 / Time: 8.092 sec / Speedup: 2.981 / Efficiency: 60% / LogL: -808899
Threads: 6 / Time: 7.452 sec / Speedup: 3.238 / Efficiency: 54% / LogL: -808899
Threads: 7 / Time: 6.564 sec / Speedup: 3.675 / Efficiency: 53% / LogL: -808899
Threads: 8 / Time: 6.274 sec / Speedup: 3.845 / Efficiency: 48% / LogL: -808899
BEST NUMBER OF THREADS: 7

Estimate model parameters (epsilon = 0.100)
1. Initial log-likelihood: -723973.104
2. Current log-likelihood: -662692.509
3. Current log-likelihood: -661802.109
4. Current log-likelihood: -661438.364
5. Current log-likelihood: -661370.927
6. Current log-likelihood: -661364.781
7. Current log-likelihood: -661364.347
Optimal log-likelihood: -661364.308
Rate parameters:  A-C: 1.00912  A-G: 5.16244  A-T: 0.55256  C-G: 1.35642  C-T: 5.23813  G-T: 1.00000
Base frequencies:  A: 0.282  C: 0.215  G: 0.217  T: 0.287
Proportion of invariable sites: 0.001
Site proportion and rates:  (0.092,0.903) (0.497,0.903) (0.377,0.904) (0.035,3.702)
Parameters optimization took 7 rounds (28.995 sec)
Computing ML distances based on estimated model parameters... 0.865 sec
Computing BIONJ tree...
0.031 seconds
Log-likelihood of BIONJ tree: -660795.927
--------------------------------------------------------------------
|             INITIALIZING CANDIDATE TREE SET                      |
--------------------------------------------------------------------
Generating 98 parsimony trees... 17.655 second
Computing log-likelihood of 98 initial trees ... 16.356 seconds
Current best score: -660795.927

Do NNI search on 20 best initial trees
Estimate model parameters (epsilon = 0.100)
BETTER TREE FOUND at iteration 1: -660707.700
Estimate model parameters (epsilon = 0.100)
BETTER TREE FOUND at iteration 3: -660700.463
Estimate model parameters (epsilon = 0.100)
BETTER TREE FOUND at iteration 5: -660690.040
Estimate model parameters (epsilon = 0.100)
BETTER TREE FOUND at iteration 6: -660689.482
Estimate model parameters (epsilon = 0.100)
BETTER TREE FOUND at iteration 9: -660689.161
Iteration 10 / LogL: -660725.219 / Time: 0h:3m:10s
Estimate model parameters (epsilon = 0.100)
BETTER TREE FOUND at iteration 18: -660688.000
Iteration 20 / LogL: -660779.206 / Time: 0h:3m:42s
Finish initializing candidate tree set (17)
Current best tree score: -660688.000 / CPU time: 105.019
Number of iterations: 20
--------------------------------------------------------------------
|               OPTIMIZING CANDIDATE TREE SET                      |
--------------------------------------------------------------------
Iteration 30 / LogL: -660729.264 / Time: 0h:4m:9s (0h:12m:35s left)
Iteration 40 / LogL: -660688.002 / Time: 0h:4m:35s (0h:9m:9s left)
Iteration 50 / LogL: -660690.042 / Time: 0h:5m:1s (0h:6m:57s left)
Log-likelihood cutoff on original alignment: -660789.633
Iteration 60 / LogL: -660689.163 / Time: 0h:5m:31s (0h:5m:25s left)
Iteration 70 / LogL: -660698.279 / Time: 0h:5m:54s (0h:4m:6s left)
Iteration 80 / LogL: -660689.163 / Time: 0h:6m:20s (0h:3m:3s left)
Iteration 90 / LogL: -660716.706 / Time: 0h:6m:46s (0h:2m:7s left)
Iteration 100 / LogL: -660689.163 / Time: 0h:7m:11s (0h:1m:18s left)
Log-likelihood cutoff on original alignment: -660771.650
NOTE: Bootstrap correlation coefficient of split occurrence frequencies: 0.999
Iteration 110 / LogL: -660689.163 / Time: 0h:7m:38s (0h:6m:18s left)
TREE SEARCH COMPLETED AFTER 119 ITERATIONS / Time: 0h:8m:1s

--------------------------------------------------------------------
|                    FINALIZING TREE SEARCH                        |
--------------------------------------------------------------------
Performs final model parameters optimization
Estimate model parameters (epsilon = 0.010)
1. Initial log-likelihood: -660688.000
Optimal log-likelihood: -660687.999
Rate parameters:  A-C: 1.00900  A-G: 5.16438  A-T: 0.55360  C-G: 1.35261  C-T: 5.23698  G-T: 1.00000
Base frequencies:  A: 0.282  C: 0.215  G: 0.217  T: 0.287
Proportion of invariable sites: 0.001
Site proportion and rates:  (0.092,0.905) (0.497,0.906) (0.377,0.906) (0.033,3.722)
Parameters optimization took 1 rounds (0.969 sec)
BEST SCORE FOUND : -660687.999
Creating bootstrap support values...
Split supports printed to NEXUS file /home/erenada/BirdTree/Alignments/AllSites/Gap/m2/Jarvis_pi_m2_genic-other.phylip-relaxed.splits.nex
Total tree length: 3.469

Total number of iterations: 119
CPU time used for tree search: 2430.035 sec (0h:40m:30s)
Wall-clock time used for tree search: 364.320 sec (0h:6m:4s)
Total CPU time used: 2911.320 sec (0h:48m:31s)
Total wall-clock time used: 482.865 sec (0h:8m:2s)

Computing bootstrap consensus tree...
Reading input file /home/erenada/BirdTree/Alignments/AllSites/Gap/m2/Jarvis_pi_m2_genic-other.phylip-relaxed.splits.nex...
48 taxa and 263 splits.
Consensus tree written to /home/erenada/BirdTree/Alignments/AllSites/Gap/m2/Jarvis_pi_m2_genic-other.phylip-relaxed.contree
Reading input trees file /home/erenada/BirdTree/Alignments/AllSites/Gap/m2/Jarvis_pi_m2_genic-other.phylip-relaxed.contree
Log-likelihood of consensus tree: -660689.160

Analysis results written to: 
  IQ-TREE report:                /home/erenada/BirdTree/Alignments/AllSites/Gap/m2/Jarvis_pi_m2_genic-other.phylip-relaxed.iqtree
  Maximum-likelihood tree:       /home/erenada/BirdTree/Alignments/AllSites/Gap/m2/Jarvis_pi_m2_genic-other.phylip-relaxed.treefile
  Likelihood distances:          /home/erenada/BirdTree/Alignments/AllSites/Gap/m2/Jarvis_pi_m2_genic-other.phylip-relaxed.mldist

Ultrafast bootstrap approximation results written to:
  Split support values:          /home/erenada/BirdTree/Alignments/AllSites/Gap/m2/Jarvis_pi_m2_genic-other.phylip-relaxed.splits.nex
  Consensus tree:                /home/erenada/BirdTree/Alignments/AllSites/Gap/m2/Jarvis_pi_m2_genic-other.phylip-relaxed.contree
  Screen log file:               /home/erenada/BirdTree/Alignments/AllSites/Gap/m2/Jarvis_pi_m2_genic-other.phylip-relaxed.log

Date and Time: Tue Jun  2 21:41:53 2020
