IQ-TREE multicore version 1.7-beta16 for Linux 64-bit built Sep 24 2019
Developed by Bui Quang Minh, Nguyen Lam Tung, Olga Chernomor,
Heiko Schmidt, Dominik Schrempf, Michael Woodhams.

Host:    n026.cluster.com (AVX, 125 GB RAM)
Command: iqtree -s /home/erenada/BirdTree/Alignments/AllSites/Gap/m3/Jarvis_pi_m3_pseudogene.phylip-relaxed -m GTR+I+R -B 1000 -nt AUTO
Seed:    978687 (Using SPRNG - Scalable Parallel Random Number Generator)
Time:    Tue Jun  2 21:33:17 2020
Kernel:  AVX - auto-detect threads (20 CPU cores detected)

Reading alignment file /home/erenada/BirdTree/Alignments/AllSites/Gap/m3/Jarvis_pi_m3_pseudogene.phylip-relaxed ... Phylip format detected
Alignment most likely contains DNA/RNA sequences
Alignment has 48 sequences with 5690 columns, 5592 distinct patterns
5676 parsimony-informative, 9 singleton sites, 5 constant sites
        Gap/Ambiguity  Composition  p-value
   1  AcaChl    5.73%    failed      0.70%
   2  AnaPla    4.45%    passed     87.10%
   3  AntCar    3.94%    passed     42.65%
   4  ApaVit    3.04%    passed     71.27%
   5  AptFor    2.30%    passed     58.79%
   6  BalReg    1.39%    passed     52.12%
   7  BucRhi    2.62%    failed      3.94%
   8  CalAnn    2.16%    passed     63.34%
   9  CarCri    1.53%    passed     91.28%
  10  CatAur    4.60%    passed     36.07%
  11  ChaPel    3.85%    passed     89.83%
  12  ChaVoc    1.72%    passed     80.08%
  13  ChlMac    1.51%    passed     79.07%
  14  ColLiv    2.93%    passed     47.58%
  15  ColStr    3.57%    passed     89.73%
  16  CorBra    2.00%    failed      0.07%
  17  CucCan    3.81%    passed     41.45%
  18  EgrGar    1.25%    passed     98.40%
  19  EurHel    2.97%    passed     15.03%
  20  FalPer    1.37%    passed     64.83%
  21  FulGla    1.05%    passed     47.02%
  22  GalGal    3.25%    passed     82.13%
  23  GavSte    1.04%    passed     23.50%
  24  GeoFor    3.48%    failed      0.00%
  25  HalAlb    3.02%    passed     41.26%
  26  HalLeu    0.74%    passed     45.00%
  27  LepDis    1.60%    passed     79.12%
  28  ManVit    3.25%    passed     14.90%
  29  MelGal    4.96%    passed     68.47%
  30  MelUnd    3.66%    passed     26.78%
  31  MerNub    3.30%    failed      0.03%
  32  MesUni    1.92%    passed     90.84%
  33  NesNot    1.72%    passed     58.01%
  34  NipNip    2.06%    passed     12.83%
  35  OpiHoa    4.67%    passed     33.64%
  36  PelCri    1.18%    passed     25.99%
  37  PhaCar    1.49%    passed     85.60%
  38  PhaLep    1.04%    passed     81.33%
  39  PhoRub    1.39%    passed     69.61%
  40  PicPub    5.43%    failed      1.57%
  41  PodCri    1.55%    passed     86.06%
  42  PteGut    2.34%    passed     99.73%
  43  PygAde    2.34%    passed     41.87%
  44  StrCam    4.31%    passed     29.18%
  45  TaeGut    3.27%    failed      2.05%
  46  TauEry    1.27%    passed     93.06%
  47  TinGut   18.12%    passed      8.68%
  48  TytAlb    1.65%    passed     16.96%
****  TOTAL     2.95%  7 sequences failed composition chi2 test (p-value<5%; df=3)

Create initial parsimony tree by phylogenetic likelihood library (PLL)... 0.022 seconds
Generating 1000 samples for ultrafast bootstrap (seed: 978687)...

NOTE: 56 MB RAM (0 GB) is required!
Measuring multi-threading efficiency up to 20 CPU cores
Increase to 10 rounds for branch lengths
34 trees examined
Threads: 1 / Time: 20.240 sec / Speedup: 1.000 / Efficiency: 100% / LogL: -114870
Threads: 2 / Time: 15.415 sec / Speedup: 1.313 / Efficiency: 66% / LogL: -114870
Threads: 3 / Time: 10.640 sec / Speedup: 1.902 / Efficiency: 63% / LogL: -114870
Threads: 4 / Time: 8.349 sec / Speedup: 2.424 / Efficiency: 61% / LogL: -114870
Threads: 5 / Time: 5.435 sec / Speedup: 3.724 / Efficiency: 74% / LogL: -114870
Threads: 6 / Time: 5.294 sec / Speedup: 3.823 / Efficiency: 64% / LogL: -114870
Threads: 7 / Time: 6.335 sec / Speedup: 3.195 / Efficiency: 46% / LogL: -114870
BEST NUMBER OF THREADS: 5

Estimate model parameters (epsilon = 0.100)
1. Initial log-likelihood: -103647.249
2. Current log-likelihood: -94220.776
3. Current log-likelihood: -94104.571
4. Current log-likelihood: -94090.580
5. Current log-likelihood: -94089.331
6. Current log-likelihood: -94089.214
Optimal log-likelihood: -94089.201
Rate parameters:  A-C: 1.02084  A-G: 6.13330  A-T: 0.65148  C-G: 1.31864  C-T: 6.21057  G-T: 1.00000
Base frequencies:  A: 0.281  C: 0.215  G: 0.226  T: 0.278
Proportion of invariable sites: 0.000
Site proportion and rates:  (0.094,0.845) (0.383,0.846) (0.467,0.850) (0.056,3.571)
Parameters optimization took 6 rounds (3.734 sec)
Computing ML distances based on estimated model parameters... 0.136 sec
Computing BIONJ tree...
0.092 seconds
Log-likelihood of BIONJ tree: -94024.649
--------------------------------------------------------------------
|             INITIALIZING CANDIDATE TREE SET                      |
--------------------------------------------------------------------
Generating 98 parsimony trees... 2.266 second
Computing log-likelihood of 98 initial trees ... 2.826 seconds
Current best score: -93999.499

Do NNI search on 20 best initial trees
Estimate model parameters (epsilon = 0.100)
BETTER TREE FOUND at iteration 1: -93955.666
Iteration 10 / LogL: -93982.982 / Time: 0h:1m:26s
Estimate model parameters (epsilon = 0.100)
BETTER TREE FOUND at iteration 15: -93953.553
Estimate model parameters (epsilon = 0.100)
BETTER TREE FOUND at iteration 18: -93953.231
Iteration 20 / LogL: -93963.037 / Time: 0h:1m:32s
Finish initializing candidate tree set (19)
Current best tree score: -93953.231 / CPU time: 16.629
Number of iterations: 20
--------------------------------------------------------------------
|               OPTIMIZING CANDIDATE TREE SET                      |
--------------------------------------------------------------------
Estimate model parameters (epsilon = 0.100)
BETTER TREE FOUND at iteration 22: -93949.261
Estimate model parameters (epsilon = 0.100)
BETTER TREE FOUND at iteration 26: -93945.758
Iteration 30 / LogL: -93948.217 / Time: 0h:1m:38s (0h:5m:25s left)
Estimate model parameters (epsilon = 0.100)
BETTER TREE FOUND at iteration 31: -93941.455
Estimate model parameters (epsilon = 0.100)
BETTER TREE FOUND at iteration 38: -93941.047
Iteration 40 / LogL: -93945.757 / Time: 0h:1m:43s (0h:4m:21s left)
Estimate model parameters (epsilon = 0.100)
BETTER TREE FOUND at iteration 42: -93939.230
UPDATE BEST LOG-LIKELIHOOD: -93939.229
Iteration 50 / LogL: -93941.549 / Time: 0h:1m:49s (0h:3m:24s left)
Log-likelihood cutoff on original alignment: -93999.656
Iteration 60 / LogL: -93941.478 / Time: 0h:1m:54s (0h:2m:38s left)
Iteration 70 / LogL: -93939.323 / Time: 0h:1m:59s (0h:2m:4s left)
UPDATE BEST LOG-LIKELIHOOD: -93939.229
Iteration 80 / LogL: -93939.230 / Time: 0h:2m:4s (0h:1m:37s left)
Iteration 90 / LogL: -93940.981 / Time: 0h:2m:8s (0h:1m:15s left)
Iteration 100 / LogL: -93941.473 / Time: 0h:2m:14s (0h:0m:56s left)
Log-likelihood cutoff on original alignment: -93999.656
NOTE: Bootstrap correlation coefficient of split occurrence frequencies: 0.995
Iteration 110 / LogL: -93941.474 / Time: 0h:2m:19s (0h:1m:54s left)
Iteration 120 / LogL: -93941.069 / Time: 0h:2m:24s (0h:1m:37s left)
Iteration 130 / LogL: -93942.755 / Time: 0h:2m:29s (0h:1m:21s left)
Iteration 140 / LogL: -93941.070 / Time: 0h:2m:34s (0h:1m:6s left)
TREE SEARCH COMPLETED AFTER 143 ITERATIONS / Time: 0h:2m:36s

--------------------------------------------------------------------
|                    FINALIZING TREE SEARCH                        |
--------------------------------------------------------------------
Performs final model parameters optimization
Estimate model parameters (epsilon = 0.010)
1. Initial log-likelihood: -93939.229
Optimal log-likelihood: -93939.226
Rate parameters:  A-C: 1.02462  A-G: 6.13203  A-T: 0.64865  C-G: 1.31919  C-T: 6.21725  G-T: 1.00000
Base frequencies:  A: 0.281  C: 0.215  G: 0.226  T: 0.278
Proportion of invariable sites: 0.000
Site proportion and rates:  (0.094,0.847) (0.384,0.847) (0.467,0.850) (0.055,3.605)
Parameters optimization took 1 rounds (0.124 sec)
BEST SCORE FOUND : -93939.226
Creating bootstrap support values...
Split supports printed to NEXUS file /home/erenada/BirdTree/Alignments/AllSites/Gap/m3/Jarvis_pi_m3_pseudogene.phylip-relaxed.splits.nex
Total tree length: 4.004

Total number of iterations: 143
CPU time used for tree search: 384.952 sec (0h:6m:24s)
Wall-clock time used for tree search: 80.172 sec (0h:1m:20s)
Total CPU time used: 624.334 sec (0h:10m:24s)
Total wall-clock time used: 156.387 sec (0h:2m:36s)

Computing bootstrap consensus tree...
Reading input file /home/erenada/BirdTree/Alignments/AllSites/Gap/m3/Jarvis_pi_m3_pseudogene.phylip-relaxed.splits.nex...
48 taxa and 449 splits.
Consensus tree written to /home/erenada/BirdTree/Alignments/AllSites/Gap/m3/Jarvis_pi_m3_pseudogene.phylip-relaxed.contree
Reading input trees file /home/erenada/BirdTree/Alignments/AllSites/Gap/m3/Jarvis_pi_m3_pseudogene.phylip-relaxed.contree
Log-likelihood of consensus tree: -93941.352

Analysis results written to: 
  IQ-TREE report:                /home/erenada/BirdTree/Alignments/AllSites/Gap/m3/Jarvis_pi_m3_pseudogene.phylip-relaxed.iqtree
  Maximum-likelihood tree:       /home/erenada/BirdTree/Alignments/AllSites/Gap/m3/Jarvis_pi_m3_pseudogene.phylip-relaxed.treefile
  Likelihood distances:          /home/erenada/BirdTree/Alignments/AllSites/Gap/m3/Jarvis_pi_m3_pseudogene.phylip-relaxed.mldist

Ultrafast bootstrap approximation results written to:
  Split support values:          /home/erenada/BirdTree/Alignments/AllSites/Gap/m3/Jarvis_pi_m3_pseudogene.phylip-relaxed.splits.nex
  Consensus tree:                /home/erenada/BirdTree/Alignments/AllSites/Gap/m3/Jarvis_pi_m3_pseudogene.phylip-relaxed.contree
  Screen log file:               /home/erenada/BirdTree/Alignments/AllSites/Gap/m3/Jarvis_pi_m3_pseudogene.phylip-relaxed.log

Date and Time: Tue Jun  2 21:35:54 2020
